Log file open, 02/26/23 21:08:57
LogWindows: Failed to load 'aqProf.dll' (GetLastError=126)
LogWindows: File 'aqProf.dll' does not exist
LogWindows: Failed to load 'VtuneApi.dll' (GetLastError=126)
LogWindows: File 'VtuneApi.dll' does not exist
LogWindows: Failed to load 'VtuneApi32e.dll' (GetLastError=126)
LogWindows: File 'VtuneApi32e.dll' does not exist
LogConsoleResponse: Display: Failed to find resolution value strings in scalability ini. Falling back to default.
LogConsoleResponse: Display: Failed to find resolution value strings in scalability ini. Falling back to default.
LogInit: Display: Running engine for game: ArenaBattle
LogPlatformFile: Not using cached read wrapper
LogTaskGraph: Started task graph with 5 named threads and 47 total threads with 3 sets of task threads.
LogStats: Stats thread started at 0.245754
LogICUInternationalization: ICU TimeZone Detection - Raw Offset: +9:00, Platform Override: ''
LogInit: Display: Loading text-based GConfig....
LogPluginManager: Mounting plugin MeshPainting
LogPluginManager: Mounting plugin XGEController
LogPluginManager: Mounting plugin Paper2D
LogPluginManager: Mounting plugin LiveLink
LogPluginManager: Mounting plugin CameraShakePreviewer
LogPluginManager: Mounting plugin GameplayCameras
LogPluginManager: Mounting plugin AnimationSharing
LogPluginManager: Mounting plugin CLionSourceCodeAccess
LogPluginManager: Mounting plugin CodeLiteSourceCodeAccess
LogPluginManager: Mounting plugin GitSourceControl
LogPluginManager: Mounting plugin KDevelopSourceCodeAccess
LogPluginManager: Mounting plugin NullSourceCodeAccess
LogPluginManager: Mounting plugin PerforceSourceControl
LogPluginManager: Mounting plugin PixWinPlugin
LogPluginManager: Mounting plugin PluginUtils
LogPluginManager: Mounting plugin PropertyAccessNode
LogPluginManager: Mounting plugin PlasticSourceControl
LogPluginManager: Mounting plugin RiderSourceCodeAccess
LogPluginManager: Mounting plugin SubversionSourceControl
LogPluginManager: Mounting plugin TextureFormatOodle
LogPluginManager: Mounting plugin UObjectPlugin
LogPluginManager: Mounting plugin VisualStudioCodeSourceCodeAccess
LogPluginManager: Mounting plugin VisualStudioSourceCodeAccess
LogPluginManager: Mounting plugin XCodeSourceCodeAccess
LogPluginManager: Mounting plugin OodleData
LogPluginManager: Mounting plugin OodleNetwork
LogPluginManager: Mounting plugin AssetManagerEditor
LogPluginManager: Mounting plugin CryptoKeys
LogPluginManager: Mounting plugin CurveEditorTools
LogPluginManager: Mounting plugin DataValidation
LogPluginManager: Mounting plugin FacialAnimation
LogPluginManager: Mounting plugin GameplayTagsEditor
LogPluginManager: Mounting plugin GeometryMode
LogPluginManager: Mounting plugin MacGraphicsSwitching
LogPluginManager: Mounting plugin MaterialAnalyzer
LogPluginManager: Mounting plugin MobileLauncherProfileWizard
LogPluginManager: Mounting plugin PluginBrowser
LogPluginManager: Mounting plugin SpeedTreeImporter
LogPluginManager: Mounting plugin DatasmithContent
LogPluginManager: Mounting plugin VariantManagerContent
LogPluginManager: Mounting plugin AlembicImporter
LogPluginManager: Mounting plugin AutomationUtils
LogPluginManager: Mounting plugin BackChannel
LogPluginManager: Mounting plugin ChaosCloth
LogPluginManager: Mounting plugin ChaosClothEditor
LogPluginManager: Mounting plugin ChaosEditor
LogPluginManager: Mounting plugin ChaosNiagara
LogPluginManager: Mounting plugin ChaosSolverPlugin
LogPluginManager: Mounting plugin CharacterAI
LogPluginManager: Mounting plugin Niagara
LogPluginManager: Mounting plugin GeometryCache
LogPluginManager: Mounting plugin GeometryCollectionPlugin
LogPluginManager: Mounting plugin GeometryProcessing
LogPluginManager: Mounting plugin OpenImageDenoise
LogPluginManager: Mounting plugin MotoSynth
LogPluginManager: Mounting plugin PlanarCut
LogPluginManager: Mounting plugin PlatformCrypto
LogPluginManager: Mounting plugin ProxyLODPlugin
LogPluginManager: Mounting plugin PythonScriptPlugin
LogPluginManager: Mounting plugin SkeletalReduction
LogPluginManager: Mounting plugin LuminPlatformFeatures
LogPluginManager: Mounting plugin MagicLeap
LogPluginManager: Mounting plugin MagicLeapLightEstimation
LogPluginManager: Mounting plugin MagicLeapMedia
LogPluginManager: Mounting plugin MagicLeapPassableWorld
LogPluginManager: Mounting plugin MLSDK
LogPluginManager: Mounting plugin AndroidMedia
LogPluginManager: Mounting plugin AvfMedia
LogPluginManager: Mounting plugin ImgMedia
LogPluginManager: Mounting plugin MediaCompositing
LogPluginManager: Mounting plugin MediaPlayerEditor
LogPluginManager: Mounting plugin WebMMedia
LogPluginManager: Mounting plugin WmfMedia
LogPluginManager: Mounting plugin TcpMessaging
LogPluginManager: Mounting plugin UdpMessaging
LogPluginManager: Mounting plugin ActorSequence
LogPluginManager: Mounting plugin LevelSequenceEditor
LogPluginManager: Mounting plugin MatineeToLevelSequence
LogPluginManager: Mounting plugin TemplateSequence
LogPluginManager: Mounting plugin OnlineSubsystem
LogPluginManager: Mounting plugin OnlineSubsystemNull
LogPluginManager: Mounting plugin OnlineSubsystemUtils
LogPluginManager: Mounting plugin LauncherChunkInstaller
LogPluginManager: Mounting plugin ActorLayerUtilities
LogPluginManager: Mounting plugin AndroidMoviePlayer
LogPluginManager: Mounting plugin AndroidDeviceProfileSelector
LogPluginManager: Mounting plugin AndroidPermission
LogPluginManager: Mounting plugin AppleImageUtils
LogPluginManager: Mounting plugin AppleMoviePlayer
LogPluginManager: Mounting plugin ArchVisCharacter
LogPluginManager: Mounting plugin AssetTags
LogPluginManager: Mounting plugin AudioCapture
LogPluginManager: Mounting plugin AudioSynesthesia
LogPluginManager: Mounting plugin CableComponent
LogPluginManager: Mounting plugin ChunkDownloader
LogPluginManager: Mounting plugin CustomMeshComponent
LogPluginManager: Mounting plugin EditableMesh
LogPluginManager: Mounting plugin ExampleDeviceProfileSelector
LogPluginManager: Mounting plugin ScreenshotTools
LogPluginManager: Mounting plugin GooglePAD
LogPluginManager: Mounting plugin GoogleCloudMessaging
LogPluginManager: Mounting plugin IOSDeviceProfileSelector
LogPluginManager: Mounting plugin LinuxDeviceProfileSelector
LogPluginManager: Mounting plugin LocationServicesBPLibrary
LogPluginManager: Mounting plugin MobilePatchingUtils
LogPluginManager: Mounting plugin OpenXR
LogPluginManager: Mounting plugin OpenXREyeTracker
LogPluginManager: Mounting plugin Takes
LogPluginManager: Mounting plugin OpenXRHandTracking
LogPluginManager: Mounting plugin PhysXVehicles
LogPluginManager: Mounting plugin PostSplashScreen
LogPluginManager: Mounting plugin ProceduralMeshComponent
LogPluginManager: Mounting plugin PropertyAccessEditor
LogPluginManager: Mounting plugin RuntimePhysXCooking
LogPluginManager: Mounting plugin SignificanceManager
LogPluginManager: Mounting plugin SoundFields
LogPluginManager: Mounting plugin Synthesis
LogPluginManager: Mounting plugin WebMMoviePlayer
LogPluginManager: Mounting plugin WindowsMoviePlayer
LogPluginManager: Mounting plugin AISupport
LogPluginManager: Mounting plugin EnvironmentQueryEditor
LogPluginManager: Mounting plugin LightPropagationVolume
LogPluginManager: Mounting plugin ContentBrowserAssetDataSource
LogPluginManager: Mounting plugin ContentBrowserClassDataSource
LogPluginManager: Mounting plugin ContentBrowserFileDataSource
LogPluginManager: Mounting plugin OnlineSubsystemGooglePlay
LogPluginManager: Mounting plugin OnlineSubsystemIOS
LogPluginManager: Mounting plugin OculusVR
LogPluginManager: Mounting plugin SteamVR
PixWinPlugin: PIX capture plugin failed to initialize! Check that the process is launched from PIX.
LogInit: Using libcurl 7.55.1-DEV
LogInit:  - built for x86_64-pc-win32
LogInit:  - supports SSL with OpenSSL/1.1.1
LogInit:  - supports HTTP deflate (compression) using libz 1.2.8
LogInit:  - other features:
LogInit:      CURL_VERSION_SSL
LogInit:      CURL_VERSION_LIBZ
LogInit:      CURL_VERSION_IPV6
LogInit:      CURL_VERSION_ASYNCHDNS
LogInit:      CURL_VERSION_LARGEFILE
LogInit:      CURL_VERSION_IDN
LogInit:  CurlRequestOptions (configurable via config and command line):
LogInit:  - bVerifyPeer = true  - Libcurl will verify peer certificate
LogInit:  - bUseHttpProxy = false  - Libcurl will NOT use HTTP proxy
LogInit:  - bDontReuseConnections = false  - Libcurl will reuse connections
LogInit:  - MaxHostConnections = 16  - Libcurl will limit the number of connections to a host
LogInit:  - LocalHostAddr = Default
LogInit:  - BufferSize = 65536
LogOnline: OSS: Creating online subsystem instance for: NULL
LogInit: WinSock: version 1.1 (2.2), MaxSocks=32767, MaxUdp=65467
LogOnline: OSS: TryLoadSubsystemAndSetDefault: Loaded subsystem for module [NULL]
LogOculusPluginWrapper: OculusPlugin initialized successfully
LogHMD: Failed initializing OVRPlugin 1.59.0
LogInit: Build: ++UE4+Release-4.27-CL-18319896
LogInit: Engine Version: 4.27.2-18319896+++UE4+Release-4.27
LogInit: Compatible Engine Version: 4.27.0-17155196+++UE4+Release-4.27
LogInit: Net CL: 17155196
LogInit: OS: Windows 10 (Release 2009) (), CPU: AMD Ryzen 7 5800H with Radeon Graphics         , GPU: NVIDIA GeForce RTX 3070 Laptop GPU
LogInit: Compiled (64-bit): Nov 30 2021 07:12:08
LogInit: Compiled with Visual C++: 19.24.28315.00
LogInit: Build Configuration: Development
LogInit: Branch Name: ++UE4+Release-4.27
LogInit: Command Line: 
LogInit: Base Directory: C:/Program Files/Epic Games/UE_4.27/Engine/Binaries/Win64/
LogInit: Allocator: TBB
LogInit: Installed Engine Build: 1
LogDevObjectVersion: Number of dev versions registered: 29
LogDevObjectVersion:   Dev-Blueprints (B0D832E4-1F89-4F0D-ACCF-7EB736FD4AA2): 10
LogDevObjectVersion:   Dev-Build (E1C64328-A22C-4D53-A36C-8E866417BD8C): 0
LogDevObjectVersion:   Dev-Core (375EC13C-06E4-48FB-B500-84F0262A717E): 4
LogDevObjectVersion:   Dev-Editor (E4B068ED-F494-42E9-A231-DA0B2E46BB41): 40
LogDevObjectVersion:   Dev-Framework (CFFC743F-43B0-4480-9391-14DF171D2073): 37
LogDevObjectVersion:   Dev-Mobile (B02B49B5-BB20-44E9-A304-32B752E40360): 3
LogDevObjectVersion:   Dev-Networking (A4E4105C-59A1-49B5-A7C5-40C4547EDFEE): 0
LogDevObjectVersion:   Dev-Online (39C831C9-5AE6-47DC-9A44-9C173E1C8E7C): 0
LogDevObjectVersion:   Dev-Physics (78F01B33-EBEA-4F98-B9B4-84EACCB95AA2): 14
LogDevObjectVersion:   Dev-Platform (6631380F-2D4D-43E0-8009-CF276956A95A): 0
LogDevObjectVersion:   Dev-Rendering (12F88B9F-8875-4AFC-A67C-D90C383ABD29): 45
LogDevObjectVersion:   Dev-Sequencer (7B5AE74C-D270-4C10-A958-57980B212A5A): 13
LogDevObjectVersion:   Dev-VR (D7296918-1DD6-4BDD-9DE2-64A83CC13884): 3
LogDevObjectVersion:   Dev-LoadTimes (C2A15278-BFE7-4AFE-6C17-90FF531DF755): 1
LogDevObjectVersion:   Private-Geometry (6EACA3D4-40EC-4CC1-B786-8BED09428FC5): 3
LogDevObjectVersion:   Dev-AnimPhys (29E575DD-E0A3-4627-9D10-D276232CDCEA): 17
LogDevObjectVersion:   Dev-Anim (AF43A65D-7FD3-4947-9873-3E8ED9C1BB05): 15
LogDevObjectVersion:   Dev-ReflectionCapture (6B266CEC-1EC7-4B8F-A30B-E4D90942FC07): 1
LogDevObjectVersion:   Dev-Automation (0DF73D61-A23F-47EA-B727-89E90C41499A): 1
LogDevObjectVersion:   FortniteMain (601D1886-AC64-4F84-AA16-D3DE0DEAC7D6): 47
LogDevObjectVersion:   FortniteRelease (E7086368-6B23-4C58-8439-1B7016265E91): 1
LogDevObjectVersion:   Dev-Enterprise (9DFFBCD6-494F-0158-E221-12823C92A888): 10
LogDevObjectVersion:   Dev-Niagara (F2AED0AC-9AFE-416F-8664-AA7FFA26D6FC): 1
LogDevObjectVersion:   Dev-Destruction (174F1F0B-B4C6-45A5-B13F-2EE8D0FB917D): 10
LogDevObjectVersion:   Dev-Physics-Ext (35F94A83-E258-406C-A318-09F59610247C): 41
LogDevObjectVersion:   Dev-PhysicsMaterial-Chaos (B68FC16E-8B1B-42E2-B453-215C058844FE): 1
LogDevObjectVersion:   Dev-CineCamera (B2E18506-4273-CFC2-A54E-F4BB758BBA07): 1
LogDevObjectVersion:   Dev-VirtualProduction (64F58936-FD1B-42BA-BA96-7289D5D0FA4E): 1
LogDevObjectVersion:   Dev-MediaFramework (6F0ED827-A609-4895-9C91-998D90180EA4): 2
LogInit: Presizing for max 25165824 objects, including 0 objects not considered by GC, pre-allocating 0 bytes for permanent pool.
LogConfig: Applying CVar settings from Section [/Script/Engine.StreamingSettings] File [D:/Github/UnrealPractice/ArenaBattle/Saved/Config/Windows/Engine.ini]
LogConfig: Setting CVar [[s.MinBulkDataSizeForAsyncLoading:131072]]
LogConfig: Setting CVar [[s.AsyncLoadingThreadEnabled:0]]
LogConfig: Setting CVar [[s.EventDrivenLoaderEnabled:1]]
LogConfig: Setting CVar [[s.WarnIfTimeLimitExceeded:0]]
LogConfig: Setting CVar [[s.TimeLimitExceededMultiplier:1.5]]
LogConfig: Setting CVar [[s.TimeLimitExceededMinTime:0.005]]
LogConfig: Setting CVar [[s.UseBackgroundLevelStreaming:1]]
LogConfig: Setting CVar [[s.PriorityAsyncLoadingExtraTime:15.0]]
LogConfig: Setting CVar [[s.LevelStreamingActorsUpdateTimeLimit:5.0]]
LogConfig: Setting CVar [[s.PriorityLevelStreamingActorsUpdateExtraTime:5.0]]
LogConfig: Setting CVar [[s.LevelStreamingComponentsRegistrationGranularity:10]]
LogConfig: Setting CVar [[s.UnregisterComponentsTimeLimit:1.0]]
LogConfig: Setting CVar [[s.LevelStreamingComponentsUnregistrationGranularity:5]]
LogConfig: Setting CVar [[s.FlushStreamingOnExit:1]]
LogInit: Object subsystem initialized
LogConfig: Setting CVar [[con.DebugEarlyDefault:1]]
LogConfig: Setting CVar [[r.setres:1280x720]]
[2023.02.26-12.08.58:464][  0]LogConfig: Setting CVar [[r.VSync:0]]
[2023.02.26-12.08.58:464][  0]LogConfig: Setting CVar [[r.RHICmdBypass:0]]
[2023.02.26-12.08.58:464][  0]LogConfig: Applying CVar settings from Section [/Script/Engine.RendererSettings] File [D:/Github/UnrealPractice/ArenaBattle/Saved/Config/Windows/Engine.ini]
[2023.02.26-12.08.58:464][  0]LogConfig: Setting CVar [[r.GPUCrashDebugging:0]]
[2023.02.26-12.08.58:464][  0]LogConfig: Applying CVar settings from Section [/Script/Engine.RendererOverrideSettings] File [D:/Github/UnrealPractice/ArenaBattle/Saved/Config/Windows/Engine.ini]
[2023.02.26-12.08.58:464][  0]LogConfig: Applying CVar settings from Section [/Script/Engine.StreamingSettings] File [D:/Github/UnrealPractice/ArenaBattle/Saved/Config/Windows/Engine.ini]
[2023.02.26-12.08.58:464][  0]LogConfig: Setting CVar [[s.MinBulkDataSizeForAsyncLoading:131072]]
[2023.02.26-12.08.58:464][  0]LogConfig: Setting CVar [[s.AsyncLoadingThreadEnabled:0]]
[2023.02.26-12.08.58:464][  0]LogConfig: Setting CVar [[s.EventDrivenLoaderEnabled:1]]
[2023.02.26-12.08.58:464][  0]LogConfig: Setting CVar [[s.WarnIfTimeLimitExceeded:0]]
[2023.02.26-12.08.58:464][  0]LogConfig: Setting CVar [[s.TimeLimitExceededMultiplier:1.5]]
[2023.02.26-12.08.58:464][  0]LogConfig: Setting CVar [[s.TimeLimitExceededMinTime:0.005]]
[2023.02.26-12.08.58:464][  0]LogConfig: Setting CVar [[s.UseBackgroundLevelStreaming:1]]
[2023.02.26-12.08.58:464][  0]LogConfig: Setting CVar [[s.PriorityAsyncLoadingExtraTime:15.0]]
[2023.02.26-12.08.58:464][  0]LogConfig: Setting CVar [[s.LevelStreamingActorsUpdateTimeLimit:5.0]]
[2023.02.26-12.08.58:464][  0]LogConfig: Setting CVar [[s.PriorityLevelStreamingActorsUpdateExtraTime:5.0]]
[2023.02.26-12.08.58:464][  0]LogConfig: Setting CVar [[s.LevelStreamingComponentsRegistrationGranularity:10]]
[2023.02.26-12.08.58:464][  0]LogConfig: Setting CVar [[s.UnregisterComponentsTimeLimit:1.0]]
[2023.02.26-12.08.58:464][  0]LogConfig: Setting CVar [[s.LevelStreamingComponentsUnregistrationGranularity:5]]
[2023.02.26-12.08.58:464][  0]LogConfig: Setting CVar [[s.FlushStreamingOnExit:1]]
[2023.02.26-12.08.58:464][  0]LogConfig: Applying CVar settings from Section [/Script/Engine.GarbageCollectionSettings] File [D:/Github/UnrealPractice/ArenaBattle/Saved/Config/Windows/Engine.ini]
[2023.02.26-12.08.58:464][  0]LogConfig: Setting CVar [[gc.MaxObjectsNotConsideredByGC:1]]
[2023.02.26-12.08.58:464][  0]LogConfig: Setting CVar [[gc.SizeOfPermanentObjectPool:0]]
[2023.02.26-12.08.58:464][  0]LogConfig: Setting CVar [[gc.FlushStreamingOnGC:0]]
[2023.02.26-12.08.58:464][  0]LogConfig: Setting CVar [[gc.NumRetriesBeforeForcingGC:10]]
[2023.02.26-12.08.58:464][  0]LogConfig: Setting CVar [[gc.AllowParallelGC:1]]
[2023.02.26-12.08.58:464][  0]LogConfig: Setting CVar [[gc.TimeBetweenPurgingPendingKillObjects:61.1]]
[2023.02.26-12.08.58:464][  0]LogConfig: Setting CVar [[gc.MaxObjectsInEditor:25165824]]
[2023.02.26-12.08.58:464][  0]LogConfig: Setting CVar [[gc.IncrementalBeginDestroyEnabled:1]]
[2023.02.26-12.08.58:464][  0]LogConfig: Setting CVar [[gc.CreateGCClusters:1]]
[2023.02.26-12.08.58:464][  0]LogConfig: Setting CVar [[gc.MinGCClusterSize:5]]
[2023.02.26-12.08.58:464][  0]LogConfig: Setting CVar [[gc.ActorClusteringEnabled:0]]
[2023.02.26-12.08.58:464][  0]LogConfig: Setting CVar [[gc.BlueprintClusteringEnabled:0]]
[2023.02.26-12.08.58:464][  0]LogConfig: Setting CVar [[gc.UseDisregardForGCOnDedicatedServers:0]]
[2023.02.26-12.08.58:464][  0]LogConfig: Setting CVar [[gc.MultithreadedDestructionEnabled:1]]
[2023.02.26-12.08.58:464][  0]LogConfig: Applying CVar settings from Section [/Script/Engine.NetworkSettings] File [D:/Github/UnrealPractice/ArenaBattle/Saved/Config/Windows/Engine.ini]
[2023.02.26-12.08.58:464][  0]LogConfig: Applying CVar settings from Section [/Script/UnrealEd.CookerSettings] File [D:/Github/UnrealPractice/ArenaBattle/Saved/Config/Windows/Engine.ini]
[2023.02.26-12.08.58:514][  0]LogConfig: Applying CVar settings from Section [ViewDistanceQuality@3] File [D:/Github/UnrealPractice/ArenaBattle/Saved/Config/Windows/Scalability.ini]
[2023.02.26-12.08.58:514][  0]LogConfig: Setting CVar [[r.SkeletalMeshLODBias:0]]
[2023.02.26-12.08.58:514][  0]LogConfig: Setting CVar [[r.ViewDistanceScale:1.0]]
[2023.02.26-12.08.58:514][  0]LogConfig: Applying CVar settings from Section [AntiAliasingQuality@3] File [D:/Github/UnrealPractice/ArenaBattle/Saved/Config/Windows/Scalability.ini]
[2023.02.26-12.08.58:514][  0]LogConfig: Setting CVar [[r.PostProcessAAQuality:4]]
[2023.02.26-12.08.58:514][  0]LogConfig: Applying CVar settings from Section [ShadowQuality@3] File [D:/Github/UnrealPractice/ArenaBattle/Saved/Config/Windows/Scalability.ini]
[2023.02.26-12.08.58:514][  0]LogConfig: Setting CVar [[r.LightFunctionQuality:1]]
[2023.02.26-12.08.58:514][  0]LogConfig: Setting CVar [[r.ShadowQuality:5]]
[2023.02.26-12.08.58:514][  0]LogConfig: Setting CVar [[r.Shadow.CSM.MaxCascades:10]]
[2023.02.26-12.08.58:514][  0]LogConfig: Setting CVar [[r.Shadow.MaxResolution:2048]]
[2023.02.26-12.08.58:514][  0]LogConfig: Setting CVar [[r.Shadow.MaxCSMResolution:2048]]
[2023.02.26-12.08.58:514][  0]LogConfig: Setting CVar [[r.Shadow.RadiusThreshold:0.01]]
[2023.02.26-12.08.58:514][  0]LogConfig: Setting CVar [[r.Shadow.DistanceScale:1.0]]
[2023.02.26-12.08.58:514][  0]LogConfig: Setting CVar [[r.Shadow.CSM.TransitionScale:1.0]]
[2023.02.26-12.08.58:514][  0]LogConfig: Setting CVar [[r.Shadow.PreShadowResolutionFactor:1.0]]
[2023.02.26-12.08.58:514][  0]LogConfig: Setting CVar [[r.DistanceFieldShadowing:1]]
[2023.02.26-12.08.58:514][  0]LogConfig: Setting CVar [[r.DistanceFieldAO:1]]
[2023.02.26-12.08.58:514][  0]LogConfig: Setting CVar [[r.AOQuality:2]]
[2023.02.26-12.08.58:514][  0]LogConfig: Setting CVar [[r.VolumetricFog:1]]
[2023.02.26-12.08.58:514][  0]LogConfig: Setting CVar [[r.VolumetricFog.GridPixelSize:8]]
[2023.02.26-12.08.58:514][  0]LogConfig: Setting CVar [[r.VolumetricFog.GridSizeZ:128]]
[2023.02.26-12.08.58:514][  0]LogConfig: Setting CVar [[r.VolumetricFog.HistoryMissSupersampleCount:4]]
[2023.02.26-12.08.58:514][  0]LogConfig: Setting CVar [[r.LightMaxDrawDistanceScale:1]]
[2023.02.26-12.08.58:514][  0]LogConfig: Setting CVar [[r.CapsuleShadows:1]]
[2023.02.26-12.08.58:514][  0]LogConfig: Applying CVar settings from Section [PostProcessQuality@3] File [D:/Github/UnrealPractice/ArenaBattle/Saved/Config/Windows/Scalability.ini]
[2023.02.26-12.08.58:514][  0]LogConfig: Setting CVar [[r.MotionBlurQuality:4]]
[2023.02.26-12.08.58:515][  0]LogConfig: Setting CVar [[r.AmbientOcclusionMipLevelFactor:0.4]]
[2023.02.26-12.08.58:515][  0]LogConfig: Setting CVar [[r.AmbientOcclusionMaxQuality:100]]
[2023.02.26-12.08.58:515][  0]LogConfig: Setting CVar [[r.AmbientOcclusionLevels:-1]]
[2023.02.26-12.08.58:515][  0]LogConfig: Setting CVar [[r.AmbientOcclusionRadiusScale:1.0]]
[2023.02.26-12.08.58:515][  0]LogConfig: Setting CVar [[r.DepthOfFieldQuality:2]]
[2023.02.26-12.08.58:515][  0]LogConfig: Setting CVar [[r.RenderTargetPoolMin:400]]
[2023.02.26-12.08.58:515][  0]LogConfig: Setting CVar [[r.LensFlareQuality:2]]
[2023.02.26-12.08.58:515][  0]LogConfig: Setting CVar [[r.SceneColorFringeQuality:1]]
[2023.02.26-12.08.58:515][  0]LogConfig: Setting CVar [[r.EyeAdaptationQuality:2]]
[2023.02.26-12.08.58:515][  0]LogConfig: Setting CVar [[r.BloomQuality:5]]
[2023.02.26-12.08.58:515][  0]LogConfig: Setting CVar [[r.FastBlurThreshold:100]]
[2023.02.26-12.08.58:515][  0]LogConfig: Setting CVar [[r.Upscale.Quality:3]]
[2023.02.26-12.08.58:515][  0]LogConfig: Setting CVar [[r.Tonemapper.GrainQuantization:1]]
[2023.02.26-12.08.58:515][  0]LogConfig: Setting CVar [[r.LightShaftQuality:1]]
[2023.02.26-12.08.58:515][  0]LogConfig: Setting CVar [[r.Filter.SizeScale:1]]
[2023.02.26-12.08.58:515][  0]LogConfig: Setting CVar [[r.Tonemapper.Quality:5]]
[2023.02.26-12.08.58:515][  0]LogConfig: Setting CVar [[r.DOF.Gather.AccumulatorQuality:1        ; higher gathering accumulator quality]]
[2023.02.26-12.08.58:515][  0]LogConfig: Setting CVar [[r.DOF.Gather.PostfilterMethod:1          ; Median3x3 postfilering method]]
[2023.02.26-12.08.58:515][  0]LogConfig: Setting CVar [[r.DOF.Gather.EnableBokehSettings:0       ; no bokeh simulation when gathering]]
[2023.02.26-12.08.58:515][  0]LogConfig: Setting CVar [[r.DOF.Gather.RingCount:4                 ; medium number of samples when gathering]]
[2023.02.26-12.08.58:515][  0]LogConfig: Setting CVar [[r.DOF.Scatter.ForegroundCompositing:1    ; additive foreground scattering]]
[2023.02.26-12.08.58:515][  0]LogConfig: Setting CVar [[r.DOF.Scatter.BackgroundCompositing:2    ; additive background scattering]]
[2023.02.26-12.08.58:515][  0]LogConfig: Setting CVar [[r.DOF.Scatter.EnableBokehSettings:1      ; bokeh simulation when scattering]]
[2023.02.26-12.08.58:515][  0]LogConfig: Setting CVar [[r.DOF.Scatter.MaxSpriteRatio:0.1         ; only a maximum of 10% of scattered bokeh]]
[2023.02.26-12.08.58:515][  0]LogConfig: Setting CVar [[r.DOF.Recombine.Quality:1                ; cheap slight out of focus]]
[2023.02.26-12.08.58:515][  0]LogConfig: Setting CVar [[r.DOF.Recombine.EnableBokehSettings:0    ; no bokeh simulation on slight out of focus]]
[2023.02.26-12.08.58:515][  0]LogConfig: Setting CVar [[r.DOF.TemporalAAQuality:1                ; more stable temporal accumulation]]
[2023.02.26-12.08.58:515][  0]LogConfig: Setting CVar [[r.DOF.Kernel.MaxForegroundRadius:0.025]]
[2023.02.26-12.08.58:515][  0]LogConfig: Setting CVar [[r.DOF.Kernel.MaxBackgroundRadius:0.025]]
[2023.02.26-12.08.58:515][  0]LogConfig: Applying CVar settings from Section [TextureQuality@3] File [D:/Github/UnrealPractice/ArenaBattle/Saved/Config/Windows/Scalability.ini]
[2023.02.26-12.08.58:515][  0]LogConfig: Setting CVar [[r.Streaming.MipBias:0]]
[2023.02.26-12.08.58:515][  0]LogConfig: Setting CVar [[r.Streaming.AmortizeCPUToGPUCopy:0]]
[2023.02.26-12.08.58:515][  0]LogConfig: Setting CVar [[r.Streaming.MaxNumTexturesToStreamPerFrame:0]]
[2023.02.26-12.08.58:515][  0]LogConfig: Setting CVar [[r.Streaming.Boost:1]]
[2023.02.26-12.08.58:515][  0]LogConfig: Setting CVar [[r.MaxAnisotropy:8]]
[2023.02.26-12.08.58:515][  0]LogConfig: Setting CVar [[r.VT.MaxAnisotropy:8]]
[2023.02.26-12.08.58:515][  0]LogConfig: Setting CVar [[r.Streaming.LimitPoolSizeToVRAM:0]]
[2023.02.26-12.08.58:515][  0]LogConfig: Setting CVar [[r.Streaming.PoolSize:1000]]
[2023.02.26-12.08.58:515][  0]LogConfig: Setting CVar [[r.Streaming.MaxEffectiveScreenSize:0]]
[2023.02.26-12.08.58:515][  0]LogConfig: Applying CVar settings from Section [EffectsQuality@3] File [D:/Github/UnrealPractice/ArenaBattle/Saved/Config/Windows/Scalability.ini]
[2023.02.26-12.08.58:515][  0]LogConfig: Setting CVar [[r.TranslucencyLightingVolumeDim:64]]
[2023.02.26-12.08.58:515][  0]LogConfig: Setting CVar [[r.RefractionQuality:2]]
[2023.02.26-12.08.58:515][  0]LogConfig: Setting CVar [[r.SSR.Quality:3]]
[2023.02.26-12.08.58:515][  0]LogConfig: Setting CVar [[r.SSR.HalfResSceneColor:0]]
[2023.02.26-12.08.58:515][  0]LogConfig: Setting CVar [[r.SceneColorFormat:4]]
[2023.02.26-12.08.58:515][  0]LogConfig: Setting CVar [[r.DetailMode:2]]
[2023.02.26-12.08.58:515][  0]LogConfig: Setting CVar [[r.TranslucencyVolumeBlur:1]]
[2023.02.26-12.08.58:515][  0]LogConfig: Setting CVar [[r.MaterialQualityLevel:1 ; High quality]]
[2023.02.26-12.08.58:515][  0]LogConfig: Setting CVar [[r.AnisotropicMaterials:1]]
[2023.02.26-12.08.58:515][  0]LogConfig: Setting CVar [[r.SSS.Scale:1]]
[2023.02.26-12.08.58:515][  0]LogConfig: Setting CVar [[r.SSS.SampleSet:2]]
[2023.02.26-12.08.58:515][  0]LogConfig: Setting CVar [[r.SSS.Quality:1]]
[2023.02.26-12.08.58:515][  0]LogConfig: Setting CVar [[r.SSS.HalfRes:0]]
[2023.02.26-12.08.58:515][  0]LogConfig: Setting CVar [[r.SSGI.Quality:3]]
[2023.02.26-12.08.58:515][  0]LogConfig: Setting CVar [[r.EmitterSpawnRateScale:1.0]]
[2023.02.26-12.08.58:515][  0]LogConfig: Setting CVar [[r.ParticleLightQuality:2]]
[2023.02.26-12.08.58:515][  0]LogConfig: Setting CVar [[r.SkyAtmosphere.AerialPerspectiveLUT.FastApplyOnOpaque:1 ; Always have FastSkyLUT 1 in this case to avoid wrong sky]]
[2023.02.26-12.08.58:515][  0]LogConfig: Setting CVar [[r.SkyAtmosphere.AerialPerspectiveLUT.SampleCountMaxPerSlice:4]]
[2023.02.26-12.08.58:515][  0]LogConfig: Setting CVar [[r.SkyAtmosphere.AerialPerspectiveLUT.DepthResolution:16.0]]
[2023.02.26-12.08.58:515][  0]LogConfig: Setting CVar [[r.SkyAtmosphere.FastSkyLUT:1]]
[2023.02.26-12.08.58:515][  0]LogConfig: Setting CVar [[r.SkyAtmosphere.FastSkyLUT.SampleCountMin:4.0]]
[2023.02.26-12.08.58:515][  0]LogConfig: Setting CVar [[r.SkyAtmosphere.FastSkyLUT.SampleCountMax:128.0]]
[2023.02.26-12.08.58:515][  0]LogConfig: Setting CVar [[r.SkyAtmosphere.SampleCountMin:4.0]]
[2023.02.26-12.08.58:515][  0]LogConfig: Setting CVar [[r.SkyAtmosphere.SampleCountMax:128.0]]
[2023.02.26-12.08.58:515][  0]LogConfig: Setting CVar [[r.SkyAtmosphere.TransmittanceLUT.UseSmallFormat:0]]
[2023.02.26-12.08.58:515][  0]LogConfig: Setting CVar [[r.SkyAtmosphere.TransmittanceLUT.SampleCount:10.0]]
[2023.02.26-12.08.58:515][  0]LogConfig: Setting CVar [[r.SkyAtmosphere.MultiScatteringLUT.SampleCount:15.0]]
[2023.02.26-12.08.58:515][  0]LogConfig: Setting CVar [[r.SkyLight.RealTimeReflectionCapture:1]]
[2023.02.26-12.08.58:515][  0]LogConfig: Applying CVar settings from Section [FoliageQuality@3] File [D:/Github/UnrealPractice/ArenaBattle/Saved/Config/Windows/Scalability.ini]
[2023.02.26-12.08.58:515][  0]LogConfig: Setting CVar [[foliage.DensityScale:1.0]]
[2023.02.26-12.08.58:515][  0]LogConfig: Setting CVar [[grass.DensityScale:1.0]]
[2023.02.26-12.08.58:515][  0]LogConfig: Applying CVar settings from Section [ShadingQuality@3] File [D:/Github/UnrealPractice/ArenaBattle/Saved/Config/Windows/Scalability.ini]
[2023.02.26-12.08.58:515][  0]LogConfig: Setting CVar [[r.HairStrands.SkyLighting.IntegrationType:2]]
[2023.02.26-12.08.58:515][  0]LogConfig: Setting CVar [[r.HairStrands.SkyAO.SampleCount:4]]
[2023.02.26-12.08.58:515][  0]LogConfig: Setting CVar [[r.HairStrands.Visibility.MSAA.SamplePerPixel:4]]
[2023.02.26-12.08.58:515][  0]LogInit: Selected Device Profile: [Windows]
[2023.02.26-12.08.58:515][  0]LogInit: Applying CVar settings loaded from the selected device profile: [Windows]
[2023.02.26-12.08.58:515][  0]LogHAL: Display: Platform has ~ 32 GB [34204610560 / 34359738368 / 32], which maps to Largest [LargestMinGB=32, LargerMinGB=12, DefaultMinGB=8, SmallerMinGB=6, SmallestMinGB=0)
[2023.02.26-12.08.58:515][  0]LogInit: Going up to parent DeviceProfile []
[2023.02.26-12.08.58:515][  0]LogConfig: Applying CVar settings from Section [ViewDistanceQuality@3] File [D:/Github/UnrealPractice/ArenaBattle/Saved/Config/Windows/Scalability.ini]
[2023.02.26-12.08.58:515][  0]LogConfig: Setting CVar [[r.SkeletalMeshLODBias:0]]
[2023.02.26-12.08.58:515][  0]LogConfig: Setting CVar [[r.ViewDistanceScale:1.0]]
[2023.02.26-12.08.58:515][  0]LogConfig: Applying CVar settings from Section [AntiAliasingQuality@3] File [D:/Github/UnrealPractice/ArenaBattle/Saved/Config/Windows/Scalability.ini]
[2023.02.26-12.08.58:515][  0]LogConfig: Setting CVar [[r.PostProcessAAQuality:4]]
[2023.02.26-12.08.58:515][  0]LogConfig: Applying CVar settings from Section [ShadowQuality@3] File [D:/Github/UnrealPractice/ArenaBattle/Saved/Config/Windows/Scalability.ini]
[2023.02.26-12.08.58:515][  0]LogConfig: Setting CVar [[r.LightFunctionQuality:1]]
[2023.02.26-12.08.58:515][  0]LogConfig: Setting CVar [[r.ShadowQuality:5]]
[2023.02.26-12.08.58:515][  0]LogConfig: Setting CVar [[r.Shadow.CSM.MaxCascades:10]]
[2023.02.26-12.08.58:515][  0]LogConfig: Setting CVar [[r.Shadow.MaxResolution:2048]]
[2023.02.26-12.08.58:515][  0]LogConfig: Setting CVar [[r.Shadow.MaxCSMResolution:2048]]
[2023.02.26-12.08.58:515][  0]LogConfig: Setting CVar [[r.Shadow.RadiusThreshold:0.01]]
[2023.02.26-12.08.58:515][  0]LogConfig: Setting CVar [[r.Shadow.DistanceScale:1.0]]
[2023.02.26-12.08.58:515][  0]LogConfig: Setting CVar [[r.Shadow.CSM.TransitionScale:1.0]]
[2023.02.26-12.08.58:515][  0]LogConfig: Setting CVar [[r.Shadow.PreShadowResolutionFactor:1.0]]
[2023.02.26-12.08.58:515][  0]LogConfig: Setting CVar [[r.DistanceFieldShadowing:1]]
[2023.02.26-12.08.58:515][  0]LogConfig: Setting CVar [[r.DistanceFieldAO:1]]
[2023.02.26-12.08.58:515][  0]LogConfig: Setting CVar [[r.AOQuality:2]]
[2023.02.26-12.08.58:515][  0]LogConfig: Setting CVar [[r.VolumetricFog:1]]
[2023.02.26-12.08.58:515][  0]LogConfig: Setting CVar [[r.VolumetricFog.GridPixelSize:8]]
[2023.02.26-12.08.58:515][  0]LogConfig: Setting CVar [[r.VolumetricFog.GridSizeZ:128]]
[2023.02.26-12.08.58:515][  0]LogConfig: Setting CVar [[r.VolumetricFog.HistoryMissSupersampleCount:4]]
[2023.02.26-12.08.58:515][  0]LogConfig: Setting CVar [[r.LightMaxDrawDistanceScale:1]]
[2023.02.26-12.08.58:515][  0]LogConfig: Setting CVar [[r.CapsuleShadows:1]]
[2023.02.26-12.08.58:515][  0]LogConfig: Applying CVar settings from Section [PostProcessQuality@3] File [D:/Github/UnrealPractice/ArenaBattle/Saved/Config/Windows/Scalability.ini]
[2023.02.26-12.08.58:515][  0]LogConfig: Setting CVar [[r.MotionBlurQuality:4]]
[2023.02.26-12.08.58:515][  0]LogConfig: Setting CVar [[r.AmbientOcclusionMipLevelFactor:0.4]]
[2023.02.26-12.08.58:515][  0]LogConfig: Setting CVar [[r.AmbientOcclusionMaxQuality:100]]
[2023.02.26-12.08.58:515][  0]LogConfig: Setting CVar [[r.AmbientOcclusionLevels:-1]]
[2023.02.26-12.08.58:515][  0]LogConfig: Setting CVar [[r.AmbientOcclusionRadiusScale:1.0]]
[2023.02.26-12.08.58:515][  0]LogConfig: Setting CVar [[r.DepthOfFieldQuality:2]]
[2023.02.26-12.08.58:515][  0]LogConfig: Setting CVar [[r.RenderTargetPoolMin:400]]
[2023.02.26-12.08.58:515][  0]LogConfig: Setting CVar [[r.LensFlareQuality:2]]
[2023.02.26-12.08.58:515][  0]LogConfig: Setting CVar [[r.SceneColorFringeQuality:1]]
[2023.02.26-12.08.58:515][  0]LogConfig: Setting CVar [[r.EyeAdaptationQuality:2]]
[2023.02.26-12.08.58:515][  0]LogConfig: Setting CVar [[r.BloomQuality:5]]
[2023.02.26-12.08.58:516][  0]LogConfig: Setting CVar [[r.FastBlurThreshold:100]]
[2023.02.26-12.08.58:516][  0]LogConfig: Setting CVar [[r.Upscale.Quality:3]]
[2023.02.26-12.08.58:516][  0]LogConfig: Setting CVar [[r.Tonemapper.GrainQuantization:1]]
[2023.02.26-12.08.58:516][  0]LogConfig: Setting CVar [[r.LightShaftQuality:1]]
[2023.02.26-12.08.58:516][  0]LogConfig: Setting CVar [[r.Filter.SizeScale:1]]
[2023.02.26-12.08.58:516][  0]LogConfig: Setting CVar [[r.Tonemapper.Quality:5]]
[2023.02.26-12.08.58:516][  0]LogConfig: Setting CVar [[r.DOF.Gather.AccumulatorQuality:1        ; higher gathering accumulator quality]]
[2023.02.26-12.08.58:516][  0]LogConfig: Setting CVar [[r.DOF.Gather.PostfilterMethod:1          ; Median3x3 postfilering method]]
[2023.02.26-12.08.58:516][  0]LogConfig: Setting CVar [[r.DOF.Gather.EnableBokehSettings:0       ; no bokeh simulation when gathering]]
[2023.02.26-12.08.58:516][  0]LogConfig: Setting CVar [[r.DOF.Gather.RingCount:4                 ; medium number of samples when gathering]]
[2023.02.26-12.08.58:516][  0]LogConfig: Setting CVar [[r.DOF.Scatter.ForegroundCompositing:1    ; additive foreground scattering]]
[2023.02.26-12.08.58:516][  0]LogConfig: Setting CVar [[r.DOF.Scatter.BackgroundCompositing:2    ; additive background scattering]]
[2023.02.26-12.08.58:516][  0]LogConfig: Setting CVar [[r.DOF.Scatter.EnableBokehSettings:1      ; bokeh simulation when scattering]]
[2023.02.26-12.08.58:516][  0]LogConfig: Setting CVar [[r.DOF.Scatter.MaxSpriteRatio:0.1         ; only a maximum of 10% of scattered bokeh]]
[2023.02.26-12.08.58:516][  0]LogConfig: Setting CVar [[r.DOF.Recombine.Quality:1                ; cheap slight out of focus]]
[2023.02.26-12.08.58:516][  0]LogConfig: Setting CVar [[r.DOF.Recombine.EnableBokehSettings:0    ; no bokeh simulation on slight out of focus]]
[2023.02.26-12.08.58:516][  0]LogConfig: Setting CVar [[r.DOF.TemporalAAQuality:1                ; more stable temporal accumulation]]
[2023.02.26-12.08.58:516][  0]LogConfig: Setting CVar [[r.DOF.Kernel.MaxForegroundRadius:0.025]]
[2023.02.26-12.08.58:516][  0]LogConfig: Setting CVar [[r.DOF.Kernel.MaxBackgroundRadius:0.025]]
[2023.02.26-12.08.58:516][  0]LogConfig: Applying CVar settings from Section [TextureQuality@3] File [D:/Github/UnrealPractice/ArenaBattle/Saved/Config/Windows/Scalability.ini]
[2023.02.26-12.08.58:516][  0]LogConfig: Setting CVar [[r.Streaming.MipBias:0]]
[2023.02.26-12.08.58:516][  0]LogConfig: Setting CVar [[r.Streaming.AmortizeCPUToGPUCopy:0]]
[2023.02.26-12.08.58:516][  0]LogConfig: Setting CVar [[r.Streaming.MaxNumTexturesToStreamPerFrame:0]]
[2023.02.26-12.08.58:516][  0]LogConfig: Setting CVar [[r.Streaming.Boost:1]]
[2023.02.26-12.08.58:516][  0]LogConfig: Setting CVar [[r.MaxAnisotropy:8]]
[2023.02.26-12.08.58:516][  0]LogConfig: Setting CVar [[r.VT.MaxAnisotropy:8]]
[2023.02.26-12.08.58:516][  0]LogConfig: Setting CVar [[r.Streaming.LimitPoolSizeToVRAM:0]]
[2023.02.26-12.08.58:516][  0]LogConfig: Setting CVar [[r.Streaming.PoolSize:1000]]
[2023.02.26-12.08.58:516][  0]LogConfig: Setting CVar [[r.Streaming.MaxEffectiveScreenSize:0]]
[2023.02.26-12.08.58:516][  0]LogConfig: Applying CVar settings from Section [EffectsQuality@3] File [D:/Github/UnrealPractice/ArenaBattle/Saved/Config/Windows/Scalability.ini]
[2023.02.26-12.08.58:516][  0]LogConfig: Setting CVar [[r.TranslucencyLightingVolumeDim:64]]
[2023.02.26-12.08.58:516][  0]LogConfig: Setting CVar [[r.RefractionQuality:2]]
[2023.02.26-12.08.58:516][  0]LogConfig: Setting CVar [[r.SSR.Quality:3]]
[2023.02.26-12.08.58:516][  0]LogConfig: Setting CVar [[r.SSR.HalfResSceneColor:0]]
[2023.02.26-12.08.58:516][  0]LogConfig: Setting CVar [[r.SceneColorFormat:4]]
[2023.02.26-12.08.58:516][  0]LogConfig: Setting CVar [[r.DetailMode:2]]
[2023.02.26-12.08.58:516][  0]LogConfig: Setting CVar [[r.TranslucencyVolumeBlur:1]]
[2023.02.26-12.08.58:516][  0]LogConfig: Setting CVar [[r.MaterialQualityLevel:1 ; High quality]]
[2023.02.26-12.08.58:516][  0]LogConfig: Setting CVar [[r.AnisotropicMaterials:1]]
[2023.02.26-12.08.58:516][  0]LogConfig: Setting CVar [[r.SSS.Scale:1]]
[2023.02.26-12.08.58:516][  0]LogConfig: Setting CVar [[r.SSS.SampleSet:2]]
[2023.02.26-12.08.58:516][  0]LogConfig: Setting CVar [[r.SSS.Quality:1]]
[2023.02.26-12.08.58:516][  0]LogConfig: Setting CVar [[r.SSS.HalfRes:0]]
[2023.02.26-12.08.58:516][  0]LogConfig: Setting CVar [[r.SSGI.Quality:3]]
[2023.02.26-12.08.58:516][  0]LogConfig: Setting CVar [[r.EmitterSpawnRateScale:1.0]]
[2023.02.26-12.08.58:516][  0]LogConfig: Setting CVar [[r.ParticleLightQuality:2]]
[2023.02.26-12.08.58:516][  0]LogConfig: Setting CVar [[r.SkyAtmosphere.AerialPerspectiveLUT.FastApplyOnOpaque:1 ; Always have FastSkyLUT 1 in this case to avoid wrong sky]]
[2023.02.26-12.08.58:516][  0]LogConfig: Setting CVar [[r.SkyAtmosphere.AerialPerspectiveLUT.SampleCountMaxPerSlice:4]]
[2023.02.26-12.08.58:516][  0]LogConfig: Setting CVar [[r.SkyAtmosphere.AerialPerspectiveLUT.DepthResolution:16.0]]
[2023.02.26-12.08.58:516][  0]LogConfig: Setting CVar [[r.SkyAtmosphere.FastSkyLUT:1]]
[2023.02.26-12.08.58:516][  0]LogConfig: Setting CVar [[r.SkyAtmosphere.FastSkyLUT.SampleCountMin:4.0]]
[2023.02.26-12.08.58:516][  0]LogConfig: Setting CVar [[r.SkyAtmosphere.FastSkyLUT.SampleCountMax:128.0]]
[2023.02.26-12.08.58:516][  0]LogConfig: Setting CVar [[r.SkyAtmosphere.SampleCountMin:4.0]]
[2023.02.26-12.08.58:516][  0]LogConfig: Setting CVar [[r.SkyAtmosphere.SampleCountMax:128.0]]
[2023.02.26-12.08.58:516][  0]LogConfig: Setting CVar [[r.SkyAtmosphere.TransmittanceLUT.UseSmallFormat:0]]
[2023.02.26-12.08.58:516][  0]LogConfig: Setting CVar [[r.SkyAtmosphere.TransmittanceLUT.SampleCount:10.0]]
[2023.02.26-12.08.58:516][  0]LogConfig: Setting CVar [[r.SkyAtmosphere.MultiScatteringLUT.SampleCount:15.0]]
[2023.02.26-12.08.58:516][  0]LogConfig: Setting CVar [[r.SkyLight.RealTimeReflectionCapture:1]]
[2023.02.26-12.08.58:516][  0]LogConfig: Applying CVar settings from Section [FoliageQuality@3] File [D:/Github/UnrealPractice/ArenaBattle/Saved/Config/Windows/Scalability.ini]
[2023.02.26-12.08.58:516][  0]LogConfig: Setting CVar [[foliage.DensityScale:1.0]]
[2023.02.26-12.08.58:516][  0]LogConfig: Setting CVar [[grass.DensityScale:1.0]]
[2023.02.26-12.08.58:516][  0]LogConfig: Applying CVar settings from Section [ShadingQuality@3] File [D:/Github/UnrealPractice/ArenaBattle/Saved/Config/Windows/Scalability.ini]
[2023.02.26-12.08.58:516][  0]LogConfig: Setting CVar [[r.HairStrands.SkyLighting.IntegrationType:2]]
[2023.02.26-12.08.58:516][  0]LogConfig: Setting CVar [[r.HairStrands.SkyAO.SampleCount:4]]
[2023.02.26-12.08.58:516][  0]LogConfig: Setting CVar [[r.HairStrands.Visibility.MSAA.SamplePerPixel:4]]
[2023.02.26-12.08.58:516][  0]LogConfig: Applying CVar settings from Section [Startup] File [../../../Engine/Config/ConsoleVariables.ini]
[2023.02.26-12.08.58:516][  0]LogConfig: Setting CVar [[net.UseAdaptiveNetUpdateFrequency:0]]
[2023.02.26-12.08.58:516][  0]LogConfig: Setting CVar [[p.chaos.AllowCreatePhysxBodies:1]]
[2023.02.26-12.08.58:516][  0]LogConfig: Setting CVar [[fx.SkipVectorVMBackendOptimizations:1]]
[2023.02.26-12.08.58:516][  0]LogConfig: Applying CVar settings from Section [ConsoleVariables] File [D:/Github/UnrealPractice/ArenaBattle/Saved/Config/Windows/Engine.ini]
[2023.02.26-12.08.58:516][  0]LogConfig: Applying CVar settings from Section [ConsoleVariables] File [D:/Github/UnrealPractice/ArenaBattle/Saved/Config/Windows/Editor.ini]
[2023.02.26-12.08.58:516][  0]LogInit: Computer: TRANSFERSCHOLAR
[2023.02.26-12.08.58:516][  0]LogInit: User: r283
[2023.02.26-12.08.58:516][  0]LogInit: CPU Page size=4096, Cores=8
[2023.02.26-12.08.58:516][  0]LogInit: High frequency timer resolution =10.000000 MHz
[2023.02.26-12.08.58:516][  0]LogMemory: Memory total: Physical=31.9GB (32GB approx)
[2023.02.26-12.08.58:516][  0]LogMemory: Platform Memory Stats for Windows
[2023.02.26-12.08.58:516][  0]LogMemory: Process Physical Memory: 144.32 MB used, 144.32 MB peak
[2023.02.26-12.08.58:516][  0]LogMemory: Process Virtual Memory: 117.14 MB used, 117.14 MB peak
[2023.02.26-12.08.58:516][  0]LogMemory: Physical Memory: 12212.62 MB used,  20407.44 MB free, 32620.06 MB total
[2023.02.26-12.08.58:516][  0]LogMemory: Virtual Memory: 134197664.00 MB used,  20061.38 MB free, 134217728.00 MB total
[2023.02.26-12.08.58:557][  0]LogWindows: WindowsPlatformFeatures enabled
[2023.02.26-12.08.58:646][  0]LogInit: Physics initialised using underlying interface: PhysX
[2023.02.26-12.08.58:647][  0]LogInit: Overriding language with editor language configuration option (ko).
[2023.02.26-12.08.58:647][  0]LogInit: Using OS detected locale (ko-KR).
[2023.02.26-12.08.58:749][  0]LogInit: Setting process to per monitor DPI aware
[2023.02.26-12.08.58:764][  0]LogWindowsTextInputMethodSystem: Display: IME system deactivated.
[2023.02.26-12.08.58:779][  0]LogSlate: New Slate User Created.  User Index 0, Is Virtual User: 0
[2023.02.26-12.08.58:779][  0]LogSlate: Slate User Registered.  User Index 0, Is Virtual User: 0
[2023.02.26-12.08.58:946][  0]LogD3D11RHI: Loaded GFSDK_Aftermath_Lib.x64.dll
[2023.02.26-12.08.58:955][  0]LogHMD: Failed to initialize OpenVR with code 110
[2023.02.26-12.08.58:955][  0]LogD3D11RHI: D3D11 min allowed feature level: 11_0
[2023.02.26-12.08.58:955][  0]LogD3D11RHI: D3D11 max allowed feature level: 11_0
[2023.02.26-12.08.58:955][  0]LogD3D11RHI: D3D11 adapters:
[2023.02.26-12.08.59:108][  0]LogD3D11RHI:    0. 'NVIDIA GeForce RTX 3070 Laptop GPU' (Feature Level 11_0)
[2023.02.26-12.08.59:108][  0]LogD3D11RHI:       8033/0/16310 MB DedicatedVideo/DedicatedSystem/SharedSystem, Outputs:1, VendorId:0x10de
[2023.02.26-12.08.59:111][  0]LogD3D11RHI:    1. 'Microsoft Basic Render Driver' (Feature Level 11_0)
[2023.02.26-12.08.59:111][  0]LogD3D11RHI:       0/0/16310 MB DedicatedVideo/DedicatedSystem/SharedSystem, Outputs:0, VendorId:0x1414
[2023.02.26-12.08.59:111][  0]LogD3D11RHI: Chosen D3D11 Adapter:
[2023.02.26-12.08.59:111][  0]LogD3D11RHI:     Description : NVIDIA GeForce RTX 3070 Laptop GPU
[2023.02.26-12.08.59:111][  0]LogD3D11RHI:     VendorId    : 10de
[2023.02.26-12.08.59:111][  0]LogD3D11RHI:     DeviceId    : 24dd
[2023.02.26-12.08.59:111][  0]LogD3D11RHI:     SubSysId    : 3a4f17aa
[2023.02.26-12.08.59:111][  0]LogD3D11RHI:     Revision    : 00a1
[2023.02.26-12.08.59:111][  0]LogD3D11RHI:     DedicatedVideoMemory : 8423211008 bytes
[2023.02.26-12.08.59:111][  0]LogD3D11RHI:     DedicatedSystemMemory : 0 bytes
[2023.02.26-12.08.59:111][  0]LogD3D11RHI:     SharedSystemMemory : 17102305280 bytes
[2023.02.26-12.08.59:111][  0]LogD3D11RHI:     AdapterLuid : 0 63946
[2023.02.26-12.08.59:118][  0]LogD3D11RHI: Creating new Direct3DDevice
[2023.02.26-12.08.59:118][  0]LogD3D11RHI:     GPU DeviceId: 0x24dd (for the marketing name, search the web for "GPU Device Id")
[2023.02.26-12.08.59:118][  0]LogWindows: EnumDisplayDevices:
[2023.02.26-12.08.59:119][  0]LogWindows:    0. 'NVIDIA GeForce RTX 3070 Laptop GPU' (P:1 D:1)
[2023.02.26-12.08.59:119][  0]LogWindows:    1. 'NVIDIA GeForce RTX 3070 Laptop GPU' (P:0 D:0)
[2023.02.26-12.08.59:120][  0]LogWindows:    2. 'NVIDIA GeForce RTX 3070 Laptop GPU' (P:0 D:0)
[2023.02.26-12.08.59:121][  0]LogWindows:    3. 'NVIDIA GeForce RTX 3070 Laptop GPU' (P:0 D:0)
[2023.02.26-12.08.59:121][  0]LogWindows: DebugString: FoundDriverCount:4 
[2023.02.26-12.08.59:121][  0]LogD3D11RHI:     Adapter Name: NVIDIA GeForce RTX 3070 Laptop GPU
[2023.02.26-12.08.59:121][  0]LogD3D11RHI:   Driver Version: 528.49 (internal:31.0.15.2849, unified:528.49)
[2023.02.26-12.08.59:121][  0]LogD3D11RHI:      Driver Date: 2-2-2023
[2023.02.26-12.08.59:121][  0]LogRHI: Texture pool is 5623 MB (70% of 8033 MB)
[2023.02.26-12.08.59:121][  0]LogD3D11RHI: Creating D3DDevice using adapter:
[2023.02.26-12.08.59:121][  0]LogD3D11RHI:     Description : NVIDIA GeForce RTX 3070 Laptop GPU
[2023.02.26-12.08.59:121][  0]LogD3D11RHI:     VendorId    : 10de
[2023.02.26-12.08.59:121][  0]LogD3D11RHI:     DeviceId    : 24dd
[2023.02.26-12.08.59:121][  0]LogD3D11RHI:     SubSysId    : 3a4f17aa
[2023.02.26-12.08.59:121][  0]LogD3D11RHI:     Revision    : 00a1
[2023.02.26-12.08.59:121][  0]LogD3D11RHI:     DedicatedVideoMemory : 8423211008 bytes
[2023.02.26-12.08.59:121][  0]LogD3D11RHI:     DedicatedSystemMemory : 0 bytes
[2023.02.26-12.08.59:121][  0]LogD3D11RHI:     SharedSystemMemory : 17102305280 bytes
[2023.02.26-12.08.59:121][  0]LogD3D11RHI:     AdapterLuid : 0 63946
[2023.02.26-12.08.59:177][  0]LogD3D11RHI: RHI has support for 64 bit atomics
[2023.02.26-12.08.59:177][  0]LogD3D11RHI: Async texture creation enabled
[2023.02.26-12.08.59:177][  0]LogD3D11RHI: Array index from any shader is supported
[2023.02.26-12.08.59:180][  0]LogD3D11RHI: HDR output is supported on display 0 (NvId: 0x80061086).
[2023.02.26-12.08.59:202][  0]LogD3D11RHI: GPU Timing Frequency: 1000.000000 (Debug: 2 2)
[2023.02.26-12.08.59:263][  0]LogRHI: GeForceNow SDK initialized: 1
[2023.02.26-12.08.59:607][  0]LogTargetPlatformManager: Display: Loaded TargetPlatform 'AllDesktop'
[2023.02.26-12.08.59:628][  0]LogTargetPlatformManager: Display: Loaded TargetPlatform 'Android'
[2023.02.26-12.08.59:628][  0]LogTargetPlatformManager: Display: Loaded TargetPlatform 'Android_ASTC'
[2023.02.26-12.08.59:628][  0]LogTargetPlatformManager: Display: Loaded TargetPlatform 'Android_DXT'
[2023.02.26-12.08.59:628][  0]LogTargetPlatformManager: Display: Loaded TargetPlatform 'Android_ETC2'
[2023.02.26-12.08.59:628][  0]LogTargetPlatformManager: Display: Loaded TargetPlatform 'AndroidClient'
[2023.02.26-12.08.59:628][  0]LogTargetPlatformManager: Display: Loaded TargetPlatform 'Android_ASTCClient'
[2023.02.26-12.08.59:628][  0]LogTargetPlatformManager: Display: Loaded TargetPlatform 'Android_DXTClient'
[2023.02.26-12.08.59:628][  0]LogTargetPlatformManager: Display: Loaded TargetPlatform 'Android_ETC2Client'
[2023.02.26-12.08.59:628][  0]LogTargetPlatformManager: Display: Loaded TargetPlatform 'Android_Multi'
[2023.02.26-12.08.59:628][  0]LogTargetPlatformManager: Display: Loaded TargetPlatform 'Android_MultiClient'
[2023.02.26-12.08.59:653][  0]LogTargetPlatformManager: Display: Loaded TargetPlatform 'IOSClient'
[2023.02.26-12.08.59:653][  0]LogTargetPlatformManager: Display: Loaded TargetPlatform 'IOS'
[2023.02.26-12.08.59:666][  0]LogTargetPlatformManager: Display: Loaded TargetPlatform 'Linux'
[2023.02.26-12.08.59:671][  0]LogTargetPlatformManager: Display: Loaded TargetPlatform 'LinuxNoEditor'
[2023.02.26-12.08.59:678][  0]LogTargetPlatformManager: Display: Loaded TargetPlatform 'LinuxClient'
[2023.02.26-12.08.59:683][  0]LogTargetPlatformManager: Display: Loaded TargetPlatform 'LinuxServer'
[2023.02.26-12.08.59:695][  0]LogTargetPlatformManager: Display: Loaded TargetPlatform 'LinuxAArch64NoEditor'
[2023.02.26-12.08.59:701][  0]LogTargetPlatformManager: Display: Loaded TargetPlatform 'LinuxAArch64Client'
[2023.02.26-12.08.59:707][  0]LogTargetPlatformManager: Display: Loaded TargetPlatform 'LinuxAArch64Server'
[2023.02.26-12.08.59:735][  0]LogTargetPlatformManager: Display: Loaded TargetPlatform 'Lumin'
[2023.02.26-12.08.59:735][  0]LogTargetPlatformManager: Display: Loaded TargetPlatform 'LuminClient'
[2023.02.26-12.08.59:745][  0]LogTargetPlatformManager: Display: Loaded TargetPlatform 'MacNoEditor'
[2023.02.26-12.08.59:751][  0]LogTargetPlatformManager: Display: Loaded TargetPlatform 'Mac'
[2023.02.26-12.08.59:757][  0]LogTargetPlatformManager: Display: Loaded TargetPlatform 'MacClient'
[2023.02.26-12.08.59:762][  0]LogTargetPlatformManager: Display: Loaded TargetPlatform 'MacServer'
[2023.02.26-12.08.59:775][  0]LogTargetPlatformManager: Display: Loaded TargetPlatform 'TVOSClient'
[2023.02.26-12.08.59:775][  0]LogTargetPlatformManager: Display: Loaded TargetPlatform 'TVOS'
[2023.02.26-12.08.59:787][  0]LogTargetPlatformManager: Display: Loaded TargetPlatform 'WindowsNoEditor'
[2023.02.26-12.08.59:794][  0]LogTargetPlatformManager: Display: Loaded TargetPlatform 'Windows'
[2023.02.26-12.08.59:800][  0]LogTargetPlatformManager: Display: Loaded TargetPlatform 'WindowsClient'
[2023.02.26-12.08.59:807][  0]LogTargetPlatformManager: Display: Loaded TargetPlatform 'WindowsServer'
[2023.02.26-12.08.59:807][  0]LogTargetPlatformManager: Display: Building Assets For Windows
[2023.02.26-12.08.59:819][  0]LogAudioDebug: Display: Lib vorbis DLL was dynamically loaded.
[2023.02.26-12.08.59:870][  0]LogTextureFormatOodle: Display: Oodle Texture 2.9.0 init RDO Off
[2023.02.26-12.08.59:919][  0]LogRendererCore: Ray tracing is disabled. Reason: r.RayTracing=0.
[2023.02.26-12.08.59:919][  0]LogShaderCompilers: Guid format shader working directory is 8 characters bigger than the processId version (D:/Github/UnrealPractice/ArenaBattle/Intermediate/Shaders/WorkingDirectory/15820/).
[2023.02.26-12.08.59:919][  0]LogShaderCompilers: Cleaned the shader compiler working directory 'C:/Users/r283/AppData/Local/Temp/UnrealShaderWorkingDir/0523AAF44D0B1C84FCF66B9CD3EEFB39/'.
[2023.02.26-12.08.59:920][  0]LogXGEController: Cannot use XGE Controller as Incredibuild is not installed on this machine.
[2023.02.26-12.08.59:920][  0]LogShaderCompilers: Cannot use XGE Shader Compiler as Incredibuild is not installed on this machine.
[2023.02.26-12.08.59:920][  0]LogShaderCompilers: Display: Using Local Shader Compiler.
[2023.02.26-12.09.00:522][  0]LogDerivedDataCache: Display: Max Cache Size: 512 MB
[2023.02.26-12.09.00:565][  0]LogDerivedDataCache: Loaded boot cache 0.04s 103MB C:/Users/r283/AppData/Local/UnrealEngine/4.27/DerivedDataCache/Boot.ddc.
[2023.02.26-12.09.00:566][  0]LogDerivedDataCache: Display: Loaded Boot cache: C:/Users/r283/AppData/Local/UnrealEngine/4.27/DerivedDataCache/Boot.ddc
[2023.02.26-12.09.00:566][  0]LogDerivedDataCache: FDerivedDataBackendGraph:  Pak pak cache file D:/Github/UnrealPractice/ArenaBattle/DerivedDataCache/DDC.ddp not found, will not use a pak cache.
[2023.02.26-12.09.00:566][  0]LogDerivedDataCache: Unable to find inner node Pak for hierarchical cache Hierarchy.
[2023.02.26-12.09.00:566][  0]LogDerivedDataCache: FDerivedDataBackendGraph:  CompressedPak pak cache file D:/Github/UnrealPractice/ArenaBattle/DerivedDataCache/Compressed.ddp not found, will not use a pak cache.
[2023.02.26-12.09.00:566][  0]LogDerivedDataCache: Unable to find inner node CompressedPak for hierarchical cache Hierarchy.
[2023.02.26-12.09.00:580][  0]LogDerivedDataCache: Display: Pak cache opened for reading ../../../Engine/DerivedDataCache/Compressed.ddp.
[2023.02.26-12.09.00:580][  0]LogDerivedDataCache: FDerivedDataBackendGraph:  EnterprisePak pak cache file ../../../Enterprise/DerivedDataCache/Compressed.ddp not found, will not use a pak cache.
[2023.02.26-12.09.00:580][  0]LogDerivedDataCache: Unable to find inner node EnterprisePak for hierarchical cache Hierarchy.
[2023.02.26-12.09.00:590][  0]LogDerivedDataCache: Speed tests for C:/Users/r283/AppData/Local/UnrealEngine/Common/DerivedDataCache took 0.01 seconds
[2023.02.26-12.09.00:590][  0]LogDerivedDataCache: Display: Performance to C:/Users/r283/AppData/Local/UnrealEngine/Common/DerivedDataCache: Latency=0.06ms. RandomReadSpeed=277.41MBs, RandomWriteSpeed=176.82MBs. Assigned SpeedClass 'Local'
[2023.02.26-12.09.00:591][  0]LogDerivedDataCache: Using Local data cache path C:/Users/r283/AppData/Local/UnrealEngine/Common/DerivedDataCache: Writable
[2023.02.26-12.09.00:591][  0]LogDerivedDataCache: Shared data cache path not found in *engine.ini, will not use an Shared cache.
[2023.02.26-12.09.00:591][  0]LogDerivedDataCache: Unable to find inner node Shared for hierarchical cache Hierarchy.
[2023.02.26-12.09.00:625][  0]LogSlate: Using FreeType 2.10.0
[2023.02.26-12.09.00:626][  0]LogSlate: SlateFontServices - WITH_FREETYPE: 1, WITH_HARFBUZZ: 1
[2023.02.26-12.09.00:649][  0]LogAssetRegistry: FAssetRegistry took 0.0030 seconds to start up
[2023.02.26-12.09.00:849][  0]LogInit: Selected Device Profile: [Windows]
[2023.02.26-12.09.00:849][  0]LogInit: Active device profile: [0000024A2EDDA700][0000024A2E2AD940 49] Windows
[2023.02.26-12.09.00:849][  0]LogInit: Profiles: [0000024A2EDDA700][0000024A2E2AD940 49] Windows, [0000024A2ED7DB00][0000024A2A0D7AC0 49] WindowsNoEditor, [0000024A2EDD9B00][0000024A2A0DE0C0 49] WindowsServer, [0000024A2ED7E600][0000024A2A0E2240 49] WindowsClient, [0000024A2EDD9600][0000024A2B0DC380 49] IOS, [0000024A2ED7FD00][0000024A2D6224C0 49] iPadAir, [0000024A2EDDBF00][0000024A2D632600 49] iPadAir2, [0000024A2ED12A00][0000024A2A0F8880 49] IPadPro, [0000024A2ED12B00][0000024A2A0F08C0 49] iPadAir3, [0000024A2EDD9C00][0000024A2DE5AA40 49] iPadAir4, [0000024A2ED13300][0000024A2DE5EBC0 49] iPadMini2, [0000024A2EDDA200][0000024A2DE62D40 49] iPadMini3, [0000024A2ED13200][0000024A2DE66EC0 49] iPadMini4, [0000024A2EDD9E00][0000024A2DE6B040 49] iPadMini5, [0000024A2EDBA300][0000024A2DE73300 49] iPhone6, [0000024A2EDBA400][0000024A2DE6F340 49] iPodTouch6, [0000024A2ED11500][0000024A2DE97600 49] iPhone7, [0000024A2ED11400][0000024A2DE8B640 49] iPodTouch7, [0000024A2EDBAB00][0000024A2DE9B7C0 49] iPhone5S, [0000024A2ED10C00][0000024A28B2D940 49] iPhone6Plus, [0000024A2EDBAE00][0000024A28B31AC0 49] iPhone6S, [0000024A2ED10D00][0000024A28B380C0 49] iPhone6SPlus, [0000024A2EDB9800][0000024A28B3C240 49] iPhone7Plus, [0000024A2ED12000][0000024A28B443C0 49] iPhoneSE, [0000024A2EDBA200][0000024A28B48540 49] iPhone8, [0000024A2ED13100][0000024A2A0F4680 49] iPhone8Plus, [0000024A2EDBBE00][0000024A28B407C0 49] iPhoneX, [0000024A2ED11300][0000024A28B34900 49] iPhoneXS, [0000024A2EDB8600][0000024A2D4BCA80 49] iPhoneXSMax, [0000024A2ED13800][0000024A2D4C0C00 49] iPhoneXR, [0000024A2EDBB200][0000024A2D4C4D80 49] iPhone11, [0000024A2ED10800][0000024A2D4C8F00 49] iPhone11Pro, [0000024A2EDB8E00][0000024A28E2D080 49] iPhone11ProMax, [0000024A2ED12800][0000024A2E2A9200 49] iPhoneSE2, [0000024A2EDBB500][0000024A28E31380 49] iPhone12Mini, [0000024A2ED10300][0000024A28E35500 49] iPhone12, [0000024A2EDBA500][0000024A28E39680 49] iPhone12Pro, [0000024A2ED13400][0000024A28E3D800 49] iPhone12ProMax, [0000024A2EDBB900][0000024A28E41980 49] iPadPro105, [0000024A2ED13000][0000024A28E45B00 49] iPadPro129, [0000024A2EDBB400][0000024A28E48100 49] iPadPro97, [0000024A2ED10900][0000024A2B0A4280 49] iPadPro2_129, [0000024A2EDB9F00][0000024A2B0A8400 49] iPad5, [0000024A2ED13A00][0000024A2B0AC580 49] iPad6, [0000024A2EDB9600][0000024A2B0B0700 49] iPad7, [0000024A2ED10E00][0000024A2D4B8840 49] iPad8, [0000024A2EDBB100][0000024A2B0B4980 49] iPadPro11, [0000024A2ED7EA00][0000024A2B0B8AC0 49] iPadPro2_11, [0000024A2EE31400][0000024A2B0C0C40 49] iPadPro3_129, [0000024A2ED7F000][0000024A2B0C4DC0 49] iPadPro4_129, [0000024A2EE30800][0000024A2B0C8F40 49] AppleTV, [0000024A2ED7F700][0000024A2A0690C0 49] AppleTV4K, [0000024A2EE30A00][0000024A2A06D240 49] TVOS, [0000024A2ED7C900][0000024A2A0713C0 49] Mac, [0000024A2EE31700][0000024A2A075540 49] MacClient, [0000024A2ED7D000][0000024A2A0796C0 49] MacNoEditor, [0000024A2EE31A00][0000024A2A07D840 49] MacServer, [0000024A2EDBA900][0000024A2A0819C0 49] Linux, [0000024A2ED13B00][0000024A2A085B40 49] LinuxAArch64, [0000024A2EDB9100][0000024A2A088140 49] LinuxNoEditor, [0000024A2ED10B00][0000024A2A08C2C0 49] LinuxAArch64NoEditor, [0000024A2EDBB800][0000024A2A090440 49] LinuxClient, [0000024A2ED11A00][0000024A2A0945C0 49] LinuxAArch64Client, [0000024A2EDB8300][0000024A2A098740 49] LinuxServer, [0000024A2ED11100][0000024A2A09C8C0 49] LinuxAArch64Server, [0000024A2EDB8F00][0000024A2B0BCA00 49] Android, [0000024A2ED11F00][0000024A2A0A0B40 49] Android_Low, [0000024A2EDBAD00][0000024A2A0A4C80 49] Android_Mid, [0000024A2ED12500][0000024A2A0A8DC0 49] Android_High, [0000024A2EDBBA00][0000024A2A0B0F40 49] Android_Default, [0000024A2ED10200][0000024A2A0B50C0 49] Android_Adreno4xx, [0000024A2EDBBD00][0000024A2A0B9240 49] Android_Adreno5xx_Low, [0000024A2ED11E00][0000024A2A0BD3C0 49] Android_Adreno5xx, [0000024A2EDBAF00][0000024A2A0C1540 49] Android_Adreno6xx, [0000024A2ED10100][0000024A2A0C56C0 49] Android_Adreno6xx_Vulkan, [0000024A2EDBA000][0000024A2A0C9840 49] Android_Mali_T6xx, [0000024A2ED11200][0000024A2A0CD9C0 49] Android_Mali_T7xx, [0000024A2EDBBB00][0000024A2A0D1B40 49] Android_Mali_T8xx, [0000024A2ED12900][0000024A289F2140 49] Android_Mali_G71, [0000024A2EDB9700][0000024A289F62C0 49] Android_Mali_G72, [0000024A2ED12E00][0000024A289FA440 49] Android_Mali_G72_Vulkan, [0000024A2EDBB000][0000024A289FE5C0 49] Android_Mali_G76, [0000024A2ED10F00][0000024A28A02740 49] Android_Mali_G76_Vulkan, [0000024A2EDBA100][0000024A28A068C0 49] Android_Mali_G77, [0000024A2ED11600][0000024A28A0AA40 49] Android_Mali_G77_Vulkan, [0000024A2EE31200][0000024A2A0ACB80 49] Android_Mali_G78, [0000024A2ED12F00][0000024A28A0ECC0 49] Android_Mali_G78_Vulkan, [0000024A2EDBAC00][0000024A28A12E00 49] Android_Mali_G710, [0000024A2ED10A00][0000024A28A16F40 49] Android_Mali_G710_Vulkan, [0000024A2EDB9300][0000024A28A1F0C0 49] Android_Vulkan_SM5, [0000024A2ED12400][0000024A28A23240 49] Android_PowerVR_G6xxx, [0000024A2EDBBC00][0000024A28A273C0 49] Android_PowerVR_GT7xxx, [0000024A2ED13900][0000024A28A2B540 49] Android_PowerVR_GE8xxx, [0000024A2EDB8200][0000024A28A2F6C0 49] Android_PowerVR_GM9xxx, [0000024A2ED13F00][0000024A28A33840 49] Android_PowerVR_GM9xxx_Vulkan, [0000024A2EDB9A00][0000024A28A379C0 49] Android_TegraK1, [0000024A2ED10500][0000024A28A3BB40 49] Android_Unknown_Vulkan, [0000024A2EDBA800][0000024A28A3E140 49] Lumin, [0000024A2ED11700][0000024A28A422C0 49] Lumin_Desktop, [0000024A2EDD9A00][0000024A28A46440 49] HoloLens, 
[2023.02.26-12.09.00:972][  0]LogMeshReduction: Using QuadricMeshReduction for automatic static mesh reduction
[2023.02.26-12.09.00:972][  0]LogMeshReduction: Using SimplygonMeshReduction for automatic skeletal mesh reduction
[2023.02.26-12.09.00:972][  0]LogMeshReduction: Using ProxyLODMeshReduction for automatic mesh merging
[2023.02.26-12.09.00:972][  0]LogMeshReduction: No distributed automatic mesh merging module available
[2023.02.26-12.09.00:972][  0]LogMeshMerging: No distributed automatic mesh merging module available
[2023.02.26-12.09.00:989][  0]LogNetVersion: ArenaBattle 1.0.0, NetCL: 17155196, EngineNetVer: 17, GameNetVer: 0 (Checksum: 2964408555)
[2023.02.26-12.09.01:329][  0]LogTexture: Default maximum texture size for cubemaps generated from long-lat sources has been changed from 512 to unlimited. In order to preserve old behaiour for '/Engine/MapTemplates/Sky/DaylightAmbientCubemap.DaylightAmbientCubemap', its maximum texture size has been explicitly set to 512.
[2023.02.26-12.09.01:375][  0]LogHMD: PokeAHoleMaterial loaded successfully
[2023.02.26-12.09.01:380][  0]LogUObjectArray: 17178 objects as part of root set at end of initial load.
[2023.02.26-12.09.01:380][  0]LogUObjectAllocator: 4302048 out of 0 bytes used by permanent object pool.
[2023.02.26-12.09.01:380][  0]LogUObjectArray: CloseDisregardForGC: 0/0 objects in disregard for GC pool
[2023.02.26-12.09.01:718][  0]LogNiagaraDebuggerClient: Niagara Debugger Client Initialized | Session: AC9067D44BF5B8A98A62F99233EDA2D3 | Instance: C8CD81894D1DAFB45A1BA596B10FF484 (TRANSFERSCHOLAR-15820).
[2023.02.26-12.09.01:760][  0]LogPython: Using Python 3.7.7
[2023.02.26-12.09.02:286][  0]LogTcpMessaging: Initializing TcpMessaging bridge
[2023.02.26-12.09.02:292][  0]LogUdpMessaging: Initializing bridge on interface 0.0.0.0:0 to multicast group 230.0.0.1:6666.
[2023.02.26-12.09.03:523][  0]LogWindows: Error: === Critical error: ===
[2023.02.26-12.09.03:523][  0]LogWindows: Error: 
[2023.02.26-12.09.03:523][  0]LogWindows: Error: Fatal error!
[2023.02.26-12.09.03:523][  0]LogWindows: Error: 
[2023.02.26-12.09.03:523][  0]LogWindows: Error: Unhandled Exception: EXCEPTION_ACCESS_VIOLATION reading address 0x0000000000000098
[2023.02.26-12.09.03:523][  0]LogWindows: Error: 
[2023.02.26-12.09.03:523][  0]LogWindows: Error: [Callstack] 0x00007ff96d935ae0 UE4Editor-Engine.dll!UnknownFunction []
[2023.02.26-12.09.03:523][  0]LogWindows: Error: [Callstack] 0x00007ff93cdd2058 UE4Editor-ArenaBattle-0001.dll!AFountain::AFountain() [D:\Github\UnrealPractice\ArenaBattle\Source\ArenaBattle\Private\Fountain.cpp:18]
[2023.02.26-12.09.03:523][  0]LogWindows: Error: [Callstack] 0x00007ff972f261d3 UE4Editor-CoreUObject.dll!UnknownFunction []
[2023.02.26-12.09.03:523][  0]LogWindows: Error: [Callstack] 0x00007ff973248faf UE4Editor-CoreUObject.dll!UnknownFunction []
[2023.02.26-12.09.03:523][  0]LogWindows: Error: [Callstack] 0x00007ff973225411 UE4Editor-CoreUObject.dll!UnknownFunction []
[2023.02.26-12.09.03:523][  0]LogWindows: Error: [Callstack] 0x00007ff9730eddc5 UE4Editor-CoreUObject.dll!UnknownFunction []
[2023.02.26-12.09.03:523][  0]LogWindows: Error: [Callstack] 0x00007ff972301bea UE4Editor-Core.dll!UnknownFunction []
[2023.02.26-12.09.03:523][  0]LogWindows: Error: [Callstack] 0x00007ff9723215a3 UE4Editor-Core.dll!UnknownFunction []
[2023.02.26-12.09.03:523][  0]LogWindows: Error: [Callstack] 0x00007ff9cad76433 UE4Editor-Projects.dll!UnknownFunction []
[2023.02.26-12.09.03:523][  0]LogWindows: Error: [Callstack] 0x00007ff9cad7674f UE4Editor-Projects.dll!UnknownFunction []
[2023.02.26-12.09.03:523][  0]LogWindows: Error: [Callstack] 0x00007ff766a75642 UE4Editor.exe!UnknownFunction []
[2023.02.26-12.09.03:523][  0]LogWindows: Error: [Callstack] 0x00007ff766a79000 UE4Editor.exe!UnknownFunction []
[2023.02.26-12.09.03:523][  0]LogWindows: Error: [Callstack] 0x00007ff766a70d2c UE4Editor.exe!UnknownFunction []
[2023.02.26-12.09.03:523][  0]LogWindows: Error: [Callstack] 0x00007ff766a710ba UE4Editor.exe!UnknownFunction []
[2023.02.26-12.09.03:523][  0]LogWindows: Error: [Callstack] 0x00007ff766a740dd UE4Editor.exe!UnknownFunction []
[2023.02.26-12.09.03:523][  0]LogWindows: Error: [Callstack] 0x00007ff766a85984 UE4Editor.exe!UnknownFunction []
[2023.02.26-12.09.03:523][  0]LogWindows: Error: [Callstack] 0x00007ff766a8853a UE4Editor.exe!UnknownFunction []
[2023.02.26-12.09.03:523][  0]LogWindows: Error: [Callstack] 0x00007ff9f29226bd KERNEL32.DLL!UnknownFunction []
[2023.02.26-12.09.03:523][  0]LogWindows: Error: [Callstack] 0x00007ff9f354dfb8 ntdll.dll!UnknownFunction []
[2023.02.26-12.09.03:523][  0]LogWindows: Error: 
[2023.02.26-12.09.03:536][  0]LogExit: Executing StaticShutdownAfterError
[2023.02.26-12.09.03:538][  0]LogWindows: FPlatformMisc::RequestExit(1)
[2023.02.26-12.09.03:538][  0]LogWindows: FPlatformMisc::RequestExitWithStatus(1, 3)
[2023.02.26-12.09.03:538][  0]LogCore: Engine exit requested (reason: Win RequestExit)
[2023.02.26-12.09.03:545][  0]Log file closed, 02/26/23 21:09:03
