Log file open, 02/26/23 21:08:23
LogWindows: Failed to load 'aqProf.dll' (GetLastError=126)
LogWindows: File 'aqProf.dll' does not exist
LogWindows: Failed to load 'VtuneApi.dll' (GetLastError=126)
LogWindows: File 'VtuneApi.dll' does not exist
LogWindows: Failed to load 'VtuneApi32e.dll' (GetLastError=126)
LogWindows: File 'VtuneApi32e.dll' does not exist
LogConsoleResponse: Display: Failed to find resolution value strings in scalability ini. Falling back to default.
LogConsoleResponse: Display: Failed to find resolution value strings in scalability ini. Falling back to default.
LogInit: Display: Running engine for game: ArenaBattle
LogPlatformFile: Not using cached read wrapper
LogTaskGraph: Started task graph with 5 named threads and 47 total threads with 3 sets of task threads.
LogStats: Stats thread started at 0.258817
LogICUInternationalization: ICU TimeZone Detection - Raw Offset: +9:00, Platform Override: ''
LogInit: Display: Loading text-based GConfig....
LogPluginManager: Mounting plugin MeshPainting
LogPluginManager: Mounting plugin XGEController
LogPluginManager: Mounting plugin Paper2D
LogPluginManager: Mounting plugin LiveLink
LogPluginManager: Mounting plugin AISupport
LogPluginManager: Mounting plugin EnvironmentQueryEditor
LogPluginManager: Mounting plugin LightPropagationVolume
LogPluginManager: Mounting plugin CameraShakePreviewer
LogPluginManager: Mounting plugin GameplayCameras
LogPluginManager: Mounting plugin OodleData
LogPluginManager: Mounting plugin OodleNetwork
LogPluginManager: Mounting plugin AnimationSharing
LogPluginManager: Mounting plugin CLionSourceCodeAccess
LogPluginManager: Mounting plugin CodeLiteSourceCodeAccess
LogPluginManager: Mounting plugin GitSourceControl
LogPluginManager: Mounting plugin KDevelopSourceCodeAccess
LogPluginManager: Mounting plugin NullSourceCodeAccess
LogPluginManager: Mounting plugin PerforceSourceControl
LogPluginManager: Mounting plugin PixWinPlugin
LogPluginManager: Mounting plugin PlasticSourceControl
LogPluginManager: Mounting plugin PluginUtils
LogPluginManager: Mounting plugin PropertyAccessNode
LogPluginManager: Mounting plugin RiderSourceCodeAccess
LogPluginManager: Mounting plugin SubversionSourceControl
LogPluginManager: Mounting plugin TextureFormatOodle
LogPluginManager: Mounting plugin UObjectPlugin
LogPluginManager: Mounting plugin AssetManagerEditor
LogPluginManager: Mounting plugin CryptoKeys
LogPluginManager: Mounting plugin CurveEditorTools
LogPluginManager: Mounting plugin DataValidation
LogPluginManager: Mounting plugin FacialAnimation
LogPluginManager: Mounting plugin GameplayTagsEditor
LogPluginManager: Mounting plugin GeometryMode
LogPluginManager: Mounting plugin MacGraphicsSwitching
LogPluginManager: Mounting plugin MaterialAnalyzer
LogPluginManager: Mounting plugin MobileLauncherProfileWizard
LogPluginManager: Mounting plugin VisualStudioCodeSourceCodeAccess
LogPluginManager: Mounting plugin VisualStudioSourceCodeAccess
LogPluginManager: Mounting plugin XCodeSourceCodeAccess
LogPluginManager: Mounting plugin PluginBrowser
LogPluginManager: Mounting plugin SpeedTreeImporter
LogPluginManager: Mounting plugin DatasmithContent
LogPluginManager: Mounting plugin VariantManagerContent
LogPluginManager: Mounting plugin Niagara
LogPluginManager: Mounting plugin AlembicImporter
LogPluginManager: Mounting plugin AutomationUtils
LogPluginManager: Mounting plugin BackChannel
LogPluginManager: Mounting plugin ChaosCloth
LogPluginManager: Mounting plugin ChaosClothEditor
LogPluginManager: Mounting plugin ChaosEditor
LogPluginManager: Mounting plugin ChaosNiagara
LogPluginManager: Mounting plugin ChaosSolverPlugin
LogPluginManager: Mounting plugin CharacterAI
LogPluginManager: Mounting plugin GeometryCache
LogPluginManager: Mounting plugin GeometryCollectionPlugin
LogPluginManager: Mounting plugin GeometryProcessing
LogPluginManager: Mounting plugin OpenImageDenoise
LogPluginManager: Mounting plugin MotoSynth
LogPluginManager: Mounting plugin PlanarCut
LogPluginManager: Mounting plugin PlatformCrypto
LogPluginManager: Mounting plugin ProxyLODPlugin
LogPluginManager: Mounting plugin PythonScriptPlugin
LogPluginManager: Mounting plugin SkeletalReduction
LogPluginManager: Mounting plugin LuminPlatformFeatures
LogPluginManager: Mounting plugin MagicLeap
LogPluginManager: Mounting plugin MagicLeapLightEstimation
LogPluginManager: Mounting plugin MagicLeapMedia
LogPluginManager: Mounting plugin MagicLeapPassableWorld
LogPluginManager: Mounting plugin MLSDK
LogPluginManager: Mounting plugin AndroidMedia
LogPluginManager: Mounting plugin AvfMedia
LogPluginManager: Mounting plugin ImgMedia
LogPluginManager: Mounting plugin MediaCompositing
LogPluginManager: Mounting plugin MediaPlayerEditor
LogPluginManager: Mounting plugin WebMMedia
LogPluginManager: Mounting plugin WmfMedia
LogPluginManager: Mounting plugin TcpMessaging
LogPluginManager: Mounting plugin LevelSequenceEditor
LogPluginManager: Mounting plugin UdpMessaging
LogPluginManager: Mounting plugin ActorSequence
LogPluginManager: Mounting plugin MatineeToLevelSequence
LogPluginManager: Mounting plugin TemplateSequence
LogPluginManager: Mounting plugin OnlineSubsystem
LogPluginManager: Mounting plugin OnlineSubsystemNull
LogPluginManager: Mounting plugin OnlineSubsystemUtils
LogPluginManager: Mounting plugin LauncherChunkInstaller
LogPluginManager: Mounting plugin ActorLayerUtilities
LogPluginManager: Mounting plugin AndroidMoviePlayer
LogPluginManager: Mounting plugin AndroidDeviceProfileSelector
LogPluginManager: Mounting plugin AndroidPermission
LogPluginManager: Mounting plugin AppleImageUtils
LogPluginManager: Mounting plugin AppleMoviePlayer
LogPluginManager: Mounting plugin ArchVisCharacter
LogPluginManager: Mounting plugin AssetTags
LogPluginManager: Mounting plugin AudioCapture
LogPluginManager: Mounting plugin AudioSynesthesia
LogPluginManager: Mounting plugin CableComponent
LogPluginManager: Mounting plugin CustomMeshComponent
LogPluginManager: Mounting plugin ChunkDownloader
LogPluginManager: Mounting plugin EditableMesh
LogPluginManager: Mounting plugin ExampleDeviceProfileSelector
LogPluginManager: Mounting plugin GoogleCloudMessaging
LogPluginManager: Mounting plugin GooglePAD
LogPluginManager: Mounting plugin IOSDeviceProfileSelector
LogPluginManager: Mounting plugin LinuxDeviceProfileSelector
LogPluginManager: Mounting plugin LocationServicesBPLibrary
LogPluginManager: Mounting plugin MobilePatchingUtils
LogPluginManager: Mounting plugin OpenXR
LogPluginManager: Mounting plugin OpenXREyeTracker
LogPluginManager: Mounting plugin OpenXRHandTracking
LogPluginManager: Mounting plugin PhysXVehicles
LogPluginManager: Mounting plugin PostSplashScreen
LogPluginManager: Mounting plugin ProceduralMeshComponent
LogPluginManager: Mounting plugin PropertyAccessEditor
LogPluginManager: Mounting plugin RuntimePhysXCooking
LogPluginManager: Mounting plugin SignificanceManager
LogPluginManager: Mounting plugin SoundFields
LogPluginManager: Mounting plugin Synthesis
LogPluginManager: Mounting plugin WebMMoviePlayer
LogPluginManager: Mounting plugin WindowsMoviePlayer
LogPluginManager: Mounting plugin ScreenshotTools
LogPluginManager: Mounting plugin Takes
LogPluginManager: Mounting plugin ContentBrowserAssetDataSource
LogPluginManager: Mounting plugin ContentBrowserFileDataSource
LogPluginManager: Mounting plugin ContentBrowserClassDataSource
LogPluginManager: Mounting plugin OnlineSubsystemGooglePlay
LogPluginManager: Mounting plugin OnlineSubsystemIOS
LogPluginManager: Mounting plugin OculusVR
LogPluginManager: Mounting plugin SteamVR
PixWinPlugin: PIX capture plugin failed to initialize! Check that the process is launched from PIX.
LogInit: Using libcurl 7.55.1-DEV
LogInit:  - built for x86_64-pc-win32
LogInit:  - supports SSL with OpenSSL/1.1.1
LogInit:  - supports HTTP deflate (compression) using libz 1.2.8
LogInit:  - other features:
LogInit:      CURL_VERSION_SSL
LogInit:      CURL_VERSION_LIBZ
LogInit:      CURL_VERSION_IPV6
LogInit:      CURL_VERSION_ASYNCHDNS
LogInit:      CURL_VERSION_LARGEFILE
LogInit:      CURL_VERSION_IDN
LogInit:  CurlRequestOptions (configurable via config and command line):
LogInit:  - bVerifyPeer = true  - Libcurl will verify peer certificate
LogInit:  - bUseHttpProxy = false  - Libcurl will NOT use HTTP proxy
LogInit:  - bDontReuseConnections = false  - Libcurl will reuse connections
LogInit:  - MaxHostConnections = 16  - Libcurl will limit the number of connections to a host
LogInit:  - LocalHostAddr = Default
LogInit:  - BufferSize = 65536
LogOnline: OSS: Creating online subsystem instance for: NULL
LogInit: WinSock: version 1.1 (2.2), MaxSocks=32767, MaxUdp=65467
LogOnline: OSS: TryLoadSubsystemAndSetDefault: Loaded subsystem for module [NULL]
LogOculusPluginWrapper: OculusPlugin initialized successfully
LogHMD: Failed initializing OVRPlugin 1.59.0
LogInit: Build: ++UE4+Release-4.27-CL-18319896
LogInit: Engine Version: 4.27.2-18319896+++UE4+Release-4.27
LogInit: Compatible Engine Version: 4.27.0-17155196+++UE4+Release-4.27
LogInit: Net CL: 17155196
LogInit: OS: Windows 10 (Release 2009) (), CPU: AMD Ryzen 7 5800H with Radeon Graphics         , GPU: NVIDIA GeForce RTX 3070 Laptop GPU
LogInit: Compiled (64-bit): Nov 30 2021 07:12:08
LogInit: Compiled with Visual C++: 19.24.28315.00
LogInit: Build Configuration: Development
LogInit: Branch Name: ++UE4+Release-4.27
LogInit: Command Line: 
LogInit: Base Directory: C:/Program Files/Epic Games/UE_4.27/Engine/Binaries/Win64/
LogInit: Allocator: TBB
LogInit: Installed Engine Build: 1
LogDevObjectVersion: Number of dev versions registered: 29
LogDevObjectVersion:   Dev-Blueprints (B0D832E4-1F89-4F0D-ACCF-7EB736FD4AA2): 10
LogDevObjectVersion:   Dev-Build (E1C64328-A22C-4D53-A36C-8E866417BD8C): 0
LogDevObjectVersion:   Dev-Core (375EC13C-06E4-48FB-B500-84F0262A717E): 4
LogDevObjectVersion:   Dev-Editor (E4B068ED-F494-42E9-A231-DA0B2E46BB41): 40
LogDevObjectVersion:   Dev-Framework (CFFC743F-43B0-4480-9391-14DF171D2073): 37
LogDevObjectVersion:   Dev-Mobile (B02B49B5-BB20-44E9-A304-32B752E40360): 3
LogDevObjectVersion:   Dev-Networking (A4E4105C-59A1-49B5-A7C5-40C4547EDFEE): 0
LogDevObjectVersion:   Dev-Online (39C831C9-5AE6-47DC-9A44-9C173E1C8E7C): 0
LogDevObjectVersion:   Dev-Physics (78F01B33-EBEA-4F98-B9B4-84EACCB95AA2): 14
LogDevObjectVersion:   Dev-Platform (6631380F-2D4D-43E0-8009-CF276956A95A): 0
LogDevObjectVersion:   Dev-Rendering (12F88B9F-8875-4AFC-A67C-D90C383ABD29): 45
LogDevObjectVersion:   Dev-Sequencer (7B5AE74C-D270-4C10-A958-57980B212A5A): 13
LogDevObjectVersion:   Dev-VR (D7296918-1DD6-4BDD-9DE2-64A83CC13884): 3
LogDevObjectVersion:   Dev-LoadTimes (C2A15278-BFE7-4AFE-6C17-90FF531DF755): 1
LogDevObjectVersion:   Private-Geometry (6EACA3D4-40EC-4CC1-B786-8BED09428FC5): 3
LogDevObjectVersion:   Dev-AnimPhys (29E575DD-E0A3-4627-9D10-D276232CDCEA): 17
LogDevObjectVersion:   Dev-Anim (AF43A65D-7FD3-4947-9873-3E8ED9C1BB05): 15
LogDevObjectVersion:   Dev-ReflectionCapture (6B266CEC-1EC7-4B8F-A30B-E4D90942FC07): 1
LogDevObjectVersion:   Dev-Automation (0DF73D61-A23F-47EA-B727-89E90C41499A): 1
LogDevObjectVersion:   FortniteMain (601D1886-AC64-4F84-AA16-D3DE0DEAC7D6): 47
LogDevObjectVersion:   FortniteRelease (E7086368-6B23-4C58-8439-1B7016265E91): 1
LogDevObjectVersion:   Dev-Enterprise (9DFFBCD6-494F-0158-E221-12823C92A888): 10
LogDevObjectVersion:   Dev-Niagara (F2AED0AC-9AFE-416F-8664-AA7FFA26D6FC): 1
LogDevObjectVersion:   Dev-Destruction (174F1F0B-B4C6-45A5-B13F-2EE8D0FB917D): 10
LogDevObjectVersion:   Dev-Physics-Ext (35F94A83-E258-406C-A318-09F59610247C): 41
LogDevObjectVersion:   Dev-PhysicsMaterial-Chaos (B68FC16E-8B1B-42E2-B453-215C058844FE): 1
LogDevObjectVersion:   Dev-CineCamera (B2E18506-4273-CFC2-A54E-F4BB758BBA07): 1
LogDevObjectVersion:   Dev-VirtualProduction (64F58936-FD1B-42BA-BA96-7289D5D0FA4E): 1
LogDevObjectVersion:   Dev-MediaFramework (6F0ED827-A609-4895-9C91-998D90180EA4): 2
LogInit: Presizing for max 25165824 objects, including 0 objects not considered by GC, pre-allocating 0 bytes for permanent pool.
LogConfig: Applying CVar settings from Section [/Script/Engine.StreamingSettings] File [D:/Github/UnrealPractice/ArenaBattle/Saved/Config/Windows/Engine.ini]
LogConfig: Setting CVar [[s.MinBulkDataSizeForAsyncLoading:131072]]
LogConfig: Setting CVar [[s.AsyncLoadingThreadEnabled:0]]
LogConfig: Setting CVar [[s.EventDrivenLoaderEnabled:1]]
LogConfig: Setting CVar [[s.WarnIfTimeLimitExceeded:0]]
LogConfig: Setting CVar [[s.TimeLimitExceededMultiplier:1.5]]
LogConfig: Setting CVar [[s.TimeLimitExceededMinTime:0.005]]
LogConfig: Setting CVar [[s.UseBackgroundLevelStreaming:1]]
LogConfig: Setting CVar [[s.PriorityAsyncLoadingExtraTime:15.0]]
LogConfig: Setting CVar [[s.LevelStreamingActorsUpdateTimeLimit:5.0]]
LogConfig: Setting CVar [[s.PriorityLevelStreamingActorsUpdateExtraTime:5.0]]
LogConfig: Setting CVar [[s.LevelStreamingComponentsRegistrationGranularity:10]]
LogConfig: Setting CVar [[s.UnregisterComponentsTimeLimit:1.0]]
LogConfig: Setting CVar [[s.LevelStreamingComponentsUnregistrationGranularity:5]]
LogConfig: Setting CVar [[s.FlushStreamingOnExit:1]]
LogInit: Object subsystem initialized
LogConfig: Setting CVar [[con.DebugEarlyDefault:1]]
LogConfig: Setting CVar [[r.setres:1280x720]]
[2023.02.26-12.08.24:301][  0]LogConfig: Setting CVar [[r.VSync:0]]
[2023.02.26-12.08.24:301][  0]LogConfig: Setting CVar [[r.RHICmdBypass:0]]
[2023.02.26-12.08.24:301][  0]LogConfig: Applying CVar settings from Section [/Script/Engine.RendererSettings] File [D:/Github/UnrealPractice/ArenaBattle/Saved/Config/Windows/Engine.ini]
[2023.02.26-12.08.24:301][  0]LogConfig: Setting CVar [[r.GPUCrashDebugging:0]]
[2023.02.26-12.08.24:301][  0]LogConfig: Applying CVar settings from Section [/Script/Engine.RendererOverrideSettings] File [D:/Github/UnrealPractice/ArenaBattle/Saved/Config/Windows/Engine.ini]
[2023.02.26-12.08.24:301][  0]LogConfig: Applying CVar settings from Section [/Script/Engine.StreamingSettings] File [D:/Github/UnrealPractice/ArenaBattle/Saved/Config/Windows/Engine.ini]
[2023.02.26-12.08.24:301][  0]LogConfig: Setting CVar [[s.MinBulkDataSizeForAsyncLoading:131072]]
[2023.02.26-12.08.24:301][  0]LogConfig: Setting CVar [[s.AsyncLoadingThreadEnabled:0]]
[2023.02.26-12.08.24:301][  0]LogConfig: Setting CVar [[s.EventDrivenLoaderEnabled:1]]
[2023.02.26-12.08.24:301][  0]LogConfig: Setting CVar [[s.WarnIfTimeLimitExceeded:0]]
[2023.02.26-12.08.24:301][  0]LogConfig: Setting CVar [[s.TimeLimitExceededMultiplier:1.5]]
[2023.02.26-12.08.24:301][  0]LogConfig: Setting CVar [[s.TimeLimitExceededMinTime:0.005]]
[2023.02.26-12.08.24:301][  0]LogConfig: Setting CVar [[s.UseBackgroundLevelStreaming:1]]
[2023.02.26-12.08.24:301][  0]LogConfig: Setting CVar [[s.PriorityAsyncLoadingExtraTime:15.0]]
[2023.02.26-12.08.24:301][  0]LogConfig: Setting CVar [[s.LevelStreamingActorsUpdateTimeLimit:5.0]]
[2023.02.26-12.08.24:301][  0]LogConfig: Setting CVar [[s.PriorityLevelStreamingActorsUpdateExtraTime:5.0]]
[2023.02.26-12.08.24:301][  0]LogConfig: Setting CVar [[s.LevelStreamingComponentsRegistrationGranularity:10]]
[2023.02.26-12.08.24:301][  0]LogConfig: Setting CVar [[s.UnregisterComponentsTimeLimit:1.0]]
[2023.02.26-12.08.24:301][  0]LogConfig: Setting CVar [[s.LevelStreamingComponentsUnregistrationGranularity:5]]
[2023.02.26-12.08.24:301][  0]LogConfig: Setting CVar [[s.FlushStreamingOnExit:1]]
[2023.02.26-12.08.24:301][  0]LogConfig: Applying CVar settings from Section [/Script/Engine.GarbageCollectionSettings] File [D:/Github/UnrealPractice/ArenaBattle/Saved/Config/Windows/Engine.ini]
[2023.02.26-12.08.24:301][  0]LogConfig: Setting CVar [[gc.MaxObjectsNotConsideredByGC:1]]
[2023.02.26-12.08.24:301][  0]LogConfig: Setting CVar [[gc.SizeOfPermanentObjectPool:0]]
[2023.02.26-12.08.24:301][  0]LogConfig: Setting CVar [[gc.FlushStreamingOnGC:0]]
[2023.02.26-12.08.24:301][  0]LogConfig: Setting CVar [[gc.NumRetriesBeforeForcingGC:10]]
[2023.02.26-12.08.24:301][  0]LogConfig: Setting CVar [[gc.AllowParallelGC:1]]
[2023.02.26-12.08.24:301][  0]LogConfig: Setting CVar [[gc.TimeBetweenPurgingPendingKillObjects:61.1]]
[2023.02.26-12.08.24:301][  0]LogConfig: Setting CVar [[gc.MaxObjectsInEditor:25165824]]
[2023.02.26-12.08.24:301][  0]LogConfig: Setting CVar [[gc.IncrementalBeginDestroyEnabled:1]]
[2023.02.26-12.08.24:301][  0]LogConfig: Setting CVar [[gc.CreateGCClusters:1]]
[2023.02.26-12.08.24:301][  0]LogConfig: Setting CVar [[gc.MinGCClusterSize:5]]
[2023.02.26-12.08.24:301][  0]LogConfig: Setting CVar [[gc.ActorClusteringEnabled:0]]
[2023.02.26-12.08.24:301][  0]LogConfig: Setting CVar [[gc.BlueprintClusteringEnabled:0]]
[2023.02.26-12.08.24:301][  0]LogConfig: Setting CVar [[gc.UseDisregardForGCOnDedicatedServers:0]]
[2023.02.26-12.08.24:301][  0]LogConfig: Setting CVar [[gc.MultithreadedDestructionEnabled:1]]
[2023.02.26-12.08.24:301][  0]LogConfig: Applying CVar settings from Section [/Script/Engine.NetworkSettings] File [D:/Github/UnrealPractice/ArenaBattle/Saved/Config/Windows/Engine.ini]
[2023.02.26-12.08.24:301][  0]LogConfig: Applying CVar settings from Section [/Script/UnrealEd.CookerSettings] File [D:/Github/UnrealPractice/ArenaBattle/Saved/Config/Windows/Engine.ini]
[2023.02.26-12.08.24:350][  0]LogConfig: Applying CVar settings from Section [ViewDistanceQuality@3] File [D:/Github/UnrealPractice/ArenaBattle/Saved/Config/Windows/Scalability.ini]
[2023.02.26-12.08.24:350][  0]LogConfig: Setting CVar [[r.SkeletalMeshLODBias:0]]
[2023.02.26-12.08.24:350][  0]LogConfig: Setting CVar [[r.ViewDistanceScale:1.0]]
[2023.02.26-12.08.24:350][  0]LogConfig: Applying CVar settings from Section [AntiAliasingQuality@3] File [D:/Github/UnrealPractice/ArenaBattle/Saved/Config/Windows/Scalability.ini]
[2023.02.26-12.08.24:350][  0]LogConfig: Setting CVar [[r.PostProcessAAQuality:4]]
[2023.02.26-12.08.24:350][  0]LogConfig: Applying CVar settings from Section [ShadowQuality@3] File [D:/Github/UnrealPractice/ArenaBattle/Saved/Config/Windows/Scalability.ini]
[2023.02.26-12.08.24:350][  0]LogConfig: Setting CVar [[r.LightFunctionQuality:1]]
[2023.02.26-12.08.24:350][  0]LogConfig: Setting CVar [[r.ShadowQuality:5]]
[2023.02.26-12.08.24:350][  0]LogConfig: Setting CVar [[r.Shadow.CSM.MaxCascades:10]]
[2023.02.26-12.08.24:350][  0]LogConfig: Setting CVar [[r.Shadow.MaxResolution:2048]]
[2023.02.26-12.08.24:350][  0]LogConfig: Setting CVar [[r.Shadow.MaxCSMResolution:2048]]
[2023.02.26-12.08.24:350][  0]LogConfig: Setting CVar [[r.Shadow.RadiusThreshold:0.01]]
[2023.02.26-12.08.24:350][  0]LogConfig: Setting CVar [[r.Shadow.DistanceScale:1.0]]
[2023.02.26-12.08.24:350][  0]LogConfig: Setting CVar [[r.Shadow.CSM.TransitionScale:1.0]]
[2023.02.26-12.08.24:350][  0]LogConfig: Setting CVar [[r.Shadow.PreShadowResolutionFactor:1.0]]
[2023.02.26-12.08.24:350][  0]LogConfig: Setting CVar [[r.DistanceFieldShadowing:1]]
[2023.02.26-12.08.24:350][  0]LogConfig: Setting CVar [[r.DistanceFieldAO:1]]
[2023.02.26-12.08.24:350][  0]LogConfig: Setting CVar [[r.AOQuality:2]]
[2023.02.26-12.08.24:350][  0]LogConfig: Setting CVar [[r.VolumetricFog:1]]
[2023.02.26-12.08.24:350][  0]LogConfig: Setting CVar [[r.VolumetricFog.GridPixelSize:8]]
[2023.02.26-12.08.24:350][  0]LogConfig: Setting CVar [[r.VolumetricFog.GridSizeZ:128]]
[2023.02.26-12.08.24:350][  0]LogConfig: Setting CVar [[r.VolumetricFog.HistoryMissSupersampleCount:4]]
[2023.02.26-12.08.24:350][  0]LogConfig: Setting CVar [[r.LightMaxDrawDistanceScale:1]]
[2023.02.26-12.08.24:350][  0]LogConfig: Setting CVar [[r.CapsuleShadows:1]]
[2023.02.26-12.08.24:350][  0]LogConfig: Applying CVar settings from Section [PostProcessQuality@3] File [D:/Github/UnrealPractice/ArenaBattle/Saved/Config/Windows/Scalability.ini]
[2023.02.26-12.08.24:350][  0]LogConfig: Setting CVar [[r.MotionBlurQuality:4]]
[2023.02.26-12.08.24:350][  0]LogConfig: Setting CVar [[r.AmbientOcclusionMipLevelFactor:0.4]]
[2023.02.26-12.08.24:350][  0]LogConfig: Setting CVar [[r.AmbientOcclusionMaxQuality:100]]
[2023.02.26-12.08.24:350][  0]LogConfig: Setting CVar [[r.AmbientOcclusionLevels:-1]]
[2023.02.26-12.08.24:350][  0]LogConfig: Setting CVar [[r.AmbientOcclusionRadiusScale:1.0]]
[2023.02.26-12.08.24:350][  0]LogConfig: Setting CVar [[r.DepthOfFieldQuality:2]]
[2023.02.26-12.08.24:350][  0]LogConfig: Setting CVar [[r.RenderTargetPoolMin:400]]
[2023.02.26-12.08.24:350][  0]LogConfig: Setting CVar [[r.LensFlareQuality:2]]
[2023.02.26-12.08.24:350][  0]LogConfig: Setting CVar [[r.SceneColorFringeQuality:1]]
[2023.02.26-12.08.24:350][  0]LogConfig: Setting CVar [[r.EyeAdaptationQuality:2]]
[2023.02.26-12.08.24:350][  0]LogConfig: Setting CVar [[r.BloomQuality:5]]
[2023.02.26-12.08.24:350][  0]LogConfig: Setting CVar [[r.FastBlurThreshold:100]]
[2023.02.26-12.08.24:350][  0]LogConfig: Setting CVar [[r.Upscale.Quality:3]]
[2023.02.26-12.08.24:350][  0]LogConfig: Setting CVar [[r.Tonemapper.GrainQuantization:1]]
[2023.02.26-12.08.24:350][  0]LogConfig: Setting CVar [[r.LightShaftQuality:1]]
[2023.02.26-12.08.24:350][  0]LogConfig: Setting CVar [[r.Filter.SizeScale:1]]
[2023.02.26-12.08.24:350][  0]LogConfig: Setting CVar [[r.Tonemapper.Quality:5]]
[2023.02.26-12.08.24:350][  0]LogConfig: Setting CVar [[r.DOF.Gather.AccumulatorQuality:1        ; higher gathering accumulator quality]]
[2023.02.26-12.08.24:350][  0]LogConfig: Setting CVar [[r.DOF.Gather.PostfilterMethod:1          ; Median3x3 postfilering method]]
[2023.02.26-12.08.24:350][  0]LogConfig: Setting CVar [[r.DOF.Gather.EnableBokehSettings:0       ; no bokeh simulation when gathering]]
[2023.02.26-12.08.24:351][  0]LogConfig: Setting CVar [[r.DOF.Gather.RingCount:4                 ; medium number of samples when gathering]]
[2023.02.26-12.08.24:351][  0]LogConfig: Setting CVar [[r.DOF.Scatter.ForegroundCompositing:1    ; additive foreground scattering]]
[2023.02.26-12.08.24:351][  0]LogConfig: Setting CVar [[r.DOF.Scatter.BackgroundCompositing:2    ; additive background scattering]]
[2023.02.26-12.08.24:351][  0]LogConfig: Setting CVar [[r.DOF.Scatter.EnableBokehSettings:1      ; bokeh simulation when scattering]]
[2023.02.26-12.08.24:351][  0]LogConfig: Setting CVar [[r.DOF.Scatter.MaxSpriteRatio:0.1         ; only a maximum of 10% of scattered bokeh]]
[2023.02.26-12.08.24:351][  0]LogConfig: Setting CVar [[r.DOF.Recombine.Quality:1                ; cheap slight out of focus]]
[2023.02.26-12.08.24:351][  0]LogConfig: Setting CVar [[r.DOF.Recombine.EnableBokehSettings:0    ; no bokeh simulation on slight out of focus]]
[2023.02.26-12.08.24:351][  0]LogConfig: Setting CVar [[r.DOF.TemporalAAQuality:1                ; more stable temporal accumulation]]
[2023.02.26-12.08.24:351][  0]LogConfig: Setting CVar [[r.DOF.Kernel.MaxForegroundRadius:0.025]]
[2023.02.26-12.08.24:351][  0]LogConfig: Setting CVar [[r.DOF.Kernel.MaxBackgroundRadius:0.025]]
[2023.02.26-12.08.24:351][  0]LogConfig: Applying CVar settings from Section [TextureQuality@3] File [D:/Github/UnrealPractice/ArenaBattle/Saved/Config/Windows/Scalability.ini]
[2023.02.26-12.08.24:351][  0]LogConfig: Setting CVar [[r.Streaming.MipBias:0]]
[2023.02.26-12.08.24:351][  0]LogConfig: Setting CVar [[r.Streaming.AmortizeCPUToGPUCopy:0]]
[2023.02.26-12.08.24:351][  0]LogConfig: Setting CVar [[r.Streaming.MaxNumTexturesToStreamPerFrame:0]]
[2023.02.26-12.08.24:351][  0]LogConfig: Setting CVar [[r.Streaming.Boost:1]]
[2023.02.26-12.08.24:351][  0]LogConfig: Setting CVar [[r.MaxAnisotropy:8]]
[2023.02.26-12.08.24:351][  0]LogConfig: Setting CVar [[r.VT.MaxAnisotropy:8]]
[2023.02.26-12.08.24:351][  0]LogConfig: Setting CVar [[r.Streaming.LimitPoolSizeToVRAM:0]]
[2023.02.26-12.08.24:351][  0]LogConfig: Setting CVar [[r.Streaming.PoolSize:1000]]
[2023.02.26-12.08.24:351][  0]LogConfig: Setting CVar [[r.Streaming.MaxEffectiveScreenSize:0]]
[2023.02.26-12.08.24:351][  0]LogConfig: Applying CVar settings from Section [EffectsQuality@3] File [D:/Github/UnrealPractice/ArenaBattle/Saved/Config/Windows/Scalability.ini]
[2023.02.26-12.08.24:351][  0]LogConfig: Setting CVar [[r.TranslucencyLightingVolumeDim:64]]
[2023.02.26-12.08.24:351][  0]LogConfig: Setting CVar [[r.RefractionQuality:2]]
[2023.02.26-12.08.24:351][  0]LogConfig: Setting CVar [[r.SSR.Quality:3]]
[2023.02.26-12.08.24:351][  0]LogConfig: Setting CVar [[r.SSR.HalfResSceneColor:0]]
[2023.02.26-12.08.24:351][  0]LogConfig: Setting CVar [[r.SceneColorFormat:4]]
[2023.02.26-12.08.24:351][  0]LogConfig: Setting CVar [[r.DetailMode:2]]
[2023.02.26-12.08.24:351][  0]LogConfig: Setting CVar [[r.TranslucencyVolumeBlur:1]]
[2023.02.26-12.08.24:351][  0]LogConfig: Setting CVar [[r.MaterialQualityLevel:1 ; High quality]]
[2023.02.26-12.08.24:351][  0]LogConfig: Setting CVar [[r.AnisotropicMaterials:1]]
[2023.02.26-12.08.24:351][  0]LogConfig: Setting CVar [[r.SSS.Scale:1]]
[2023.02.26-12.08.24:351][  0]LogConfig: Setting CVar [[r.SSS.SampleSet:2]]
[2023.02.26-12.08.24:351][  0]LogConfig: Setting CVar [[r.SSS.Quality:1]]
[2023.02.26-12.08.24:351][  0]LogConfig: Setting CVar [[r.SSS.HalfRes:0]]
[2023.02.26-12.08.24:351][  0]LogConfig: Setting CVar [[r.SSGI.Quality:3]]
[2023.02.26-12.08.24:351][  0]LogConfig: Setting CVar [[r.EmitterSpawnRateScale:1.0]]
[2023.02.26-12.08.24:351][  0]LogConfig: Setting CVar [[r.ParticleLightQuality:2]]
[2023.02.26-12.08.24:351][  0]LogConfig: Setting CVar [[r.SkyAtmosphere.AerialPerspectiveLUT.FastApplyOnOpaque:1 ; Always have FastSkyLUT 1 in this case to avoid wrong sky]]
[2023.02.26-12.08.24:351][  0]LogConfig: Setting CVar [[r.SkyAtmosphere.AerialPerspectiveLUT.SampleCountMaxPerSlice:4]]
[2023.02.26-12.08.24:351][  0]LogConfig: Setting CVar [[r.SkyAtmosphere.AerialPerspectiveLUT.DepthResolution:16.0]]
[2023.02.26-12.08.24:351][  0]LogConfig: Setting CVar [[r.SkyAtmosphere.FastSkyLUT:1]]
[2023.02.26-12.08.24:351][  0]LogConfig: Setting CVar [[r.SkyAtmosphere.FastSkyLUT.SampleCountMin:4.0]]
[2023.02.26-12.08.24:351][  0]LogConfig: Setting CVar [[r.SkyAtmosphere.FastSkyLUT.SampleCountMax:128.0]]
[2023.02.26-12.08.24:351][  0]LogConfig: Setting CVar [[r.SkyAtmosphere.SampleCountMin:4.0]]
[2023.02.26-12.08.24:351][  0]LogConfig: Setting CVar [[r.SkyAtmosphere.SampleCountMax:128.0]]
[2023.02.26-12.08.24:351][  0]LogConfig: Setting CVar [[r.SkyAtmosphere.TransmittanceLUT.UseSmallFormat:0]]
[2023.02.26-12.08.24:351][  0]LogConfig: Setting CVar [[r.SkyAtmosphere.TransmittanceLUT.SampleCount:10.0]]
[2023.02.26-12.08.24:351][  0]LogConfig: Setting CVar [[r.SkyAtmosphere.MultiScatteringLUT.SampleCount:15.0]]
[2023.02.26-12.08.24:351][  0]LogConfig: Setting CVar [[r.SkyLight.RealTimeReflectionCapture:1]]
[2023.02.26-12.08.24:351][  0]LogConfig: Applying CVar settings from Section [FoliageQuality@3] File [D:/Github/UnrealPractice/ArenaBattle/Saved/Config/Windows/Scalability.ini]
[2023.02.26-12.08.24:351][  0]LogConfig: Setting CVar [[foliage.DensityScale:1.0]]
[2023.02.26-12.08.24:351][  0]LogConfig: Setting CVar [[grass.DensityScale:1.0]]
[2023.02.26-12.08.24:351][  0]LogConfig: Applying CVar settings from Section [ShadingQuality@3] File [D:/Github/UnrealPractice/ArenaBattle/Saved/Config/Windows/Scalability.ini]
[2023.02.26-12.08.24:351][  0]LogConfig: Setting CVar [[r.HairStrands.SkyLighting.IntegrationType:2]]
[2023.02.26-12.08.24:351][  0]LogConfig: Setting CVar [[r.HairStrands.SkyAO.SampleCount:4]]
[2023.02.26-12.08.24:351][  0]LogConfig: Setting CVar [[r.HairStrands.Visibility.MSAA.SamplePerPixel:4]]
[2023.02.26-12.08.24:351][  0]LogInit: Selected Device Profile: [Windows]
[2023.02.26-12.08.24:351][  0]LogInit: Applying CVar settings loaded from the selected device profile: [Windows]
[2023.02.26-12.08.24:351][  0]LogHAL: Display: Platform has ~ 32 GB [34204610560 / 34359738368 / 32], which maps to Largest [LargestMinGB=32, LargerMinGB=12, DefaultMinGB=8, SmallerMinGB=6, SmallestMinGB=0)
[2023.02.26-12.08.24:351][  0]LogInit: Going up to parent DeviceProfile []
[2023.02.26-12.08.24:351][  0]LogConfig: Applying CVar settings from Section [ViewDistanceQuality@3] File [D:/Github/UnrealPractice/ArenaBattle/Saved/Config/Windows/Scalability.ini]
[2023.02.26-12.08.24:351][  0]LogConfig: Setting CVar [[r.SkeletalMeshLODBias:0]]
[2023.02.26-12.08.24:351][  0]LogConfig: Setting CVar [[r.ViewDistanceScale:1.0]]
[2023.02.26-12.08.24:351][  0]LogConfig: Applying CVar settings from Section [AntiAliasingQuality@3] File [D:/Github/UnrealPractice/ArenaBattle/Saved/Config/Windows/Scalability.ini]
[2023.02.26-12.08.24:351][  0]LogConfig: Setting CVar [[r.PostProcessAAQuality:4]]
[2023.02.26-12.08.24:351][  0]LogConfig: Applying CVar settings from Section [ShadowQuality@3] File [D:/Github/UnrealPractice/ArenaBattle/Saved/Config/Windows/Scalability.ini]
[2023.02.26-12.08.24:351][  0]LogConfig: Setting CVar [[r.LightFunctionQuality:1]]
[2023.02.26-12.08.24:351][  0]LogConfig: Setting CVar [[r.ShadowQuality:5]]
[2023.02.26-12.08.24:351][  0]LogConfig: Setting CVar [[r.Shadow.CSM.MaxCascades:10]]
[2023.02.26-12.08.24:351][  0]LogConfig: Setting CVar [[r.Shadow.MaxResolution:2048]]
[2023.02.26-12.08.24:351][  0]LogConfig: Setting CVar [[r.Shadow.MaxCSMResolution:2048]]
[2023.02.26-12.08.24:351][  0]LogConfig: Setting CVar [[r.Shadow.RadiusThreshold:0.01]]
[2023.02.26-12.08.24:351][  0]LogConfig: Setting CVar [[r.Shadow.DistanceScale:1.0]]
[2023.02.26-12.08.24:351][  0]LogConfig: Setting CVar [[r.Shadow.CSM.TransitionScale:1.0]]
[2023.02.26-12.08.24:351][  0]LogConfig: Setting CVar [[r.Shadow.PreShadowResolutionFactor:1.0]]
[2023.02.26-12.08.24:351][  0]LogConfig: Setting CVar [[r.DistanceFieldShadowing:1]]
[2023.02.26-12.08.24:351][  0]LogConfig: Setting CVar [[r.DistanceFieldAO:1]]
[2023.02.26-12.08.24:351][  0]LogConfig: Setting CVar [[r.AOQuality:2]]
[2023.02.26-12.08.24:351][  0]LogConfig: Setting CVar [[r.VolumetricFog:1]]
[2023.02.26-12.08.24:351][  0]LogConfig: Setting CVar [[r.VolumetricFog.GridPixelSize:8]]
[2023.02.26-12.08.24:351][  0]LogConfig: Setting CVar [[r.VolumetricFog.GridSizeZ:128]]
[2023.02.26-12.08.24:351][  0]LogConfig: Setting CVar [[r.VolumetricFog.HistoryMissSupersampleCount:4]]
[2023.02.26-12.08.24:351][  0]LogConfig: Setting CVar [[r.LightMaxDrawDistanceScale:1]]
[2023.02.26-12.08.24:351][  0]LogConfig: Setting CVar [[r.CapsuleShadows:1]]
[2023.02.26-12.08.24:351][  0]LogConfig: Applying CVar settings from Section [PostProcessQuality@3] File [D:/Github/UnrealPractice/ArenaBattle/Saved/Config/Windows/Scalability.ini]
[2023.02.26-12.08.24:351][  0]LogConfig: Setting CVar [[r.MotionBlurQuality:4]]
[2023.02.26-12.08.24:351][  0]LogConfig: Setting CVar [[r.AmbientOcclusionMipLevelFactor:0.4]]
[2023.02.26-12.08.24:351][  0]LogConfig: Setting CVar [[r.AmbientOcclusionMaxQuality:100]]
[2023.02.26-12.08.24:351][  0]LogConfig: Setting CVar [[r.AmbientOcclusionLevels:-1]]
[2023.02.26-12.08.24:351][  0]LogConfig: Setting CVar [[r.AmbientOcclusionRadiusScale:1.0]]
[2023.02.26-12.08.24:351][  0]LogConfig: Setting CVar [[r.DepthOfFieldQuality:2]]
[2023.02.26-12.08.24:351][  0]LogConfig: Setting CVar [[r.RenderTargetPoolMin:400]]
[2023.02.26-12.08.24:351][  0]LogConfig: Setting CVar [[r.LensFlareQuality:2]]
[2023.02.26-12.08.24:351][  0]LogConfig: Setting CVar [[r.SceneColorFringeQuality:1]]
[2023.02.26-12.08.24:351][  0]LogConfig: Setting CVar [[r.EyeAdaptationQuality:2]]
[2023.02.26-12.08.24:351][  0]LogConfig: Setting CVar [[r.BloomQuality:5]]
[2023.02.26-12.08.24:351][  0]LogConfig: Setting CVar [[r.FastBlurThreshold:100]]
[2023.02.26-12.08.24:351][  0]LogConfig: Setting CVar [[r.Upscale.Quality:3]]
[2023.02.26-12.08.24:351][  0]LogConfig: Setting CVar [[r.Tonemapper.GrainQuantization:1]]
[2023.02.26-12.08.24:351][  0]LogConfig: Setting CVar [[r.LightShaftQuality:1]]
[2023.02.26-12.08.24:351][  0]LogConfig: Setting CVar [[r.Filter.SizeScale:1]]
[2023.02.26-12.08.24:351][  0]LogConfig: Setting CVar [[r.Tonemapper.Quality:5]]
[2023.02.26-12.08.24:351][  0]LogConfig: Setting CVar [[r.DOF.Gather.AccumulatorQuality:1        ; higher gathering accumulator quality]]
[2023.02.26-12.08.24:351][  0]LogConfig: Setting CVar [[r.DOF.Gather.PostfilterMethod:1          ; Median3x3 postfilering method]]
[2023.02.26-12.08.24:351][  0]LogConfig: Setting CVar [[r.DOF.Gather.EnableBokehSettings:0       ; no bokeh simulation when gathering]]
[2023.02.26-12.08.24:351][  0]LogConfig: Setting CVar [[r.DOF.Gather.RingCount:4                 ; medium number of samples when gathering]]
[2023.02.26-12.08.24:351][  0]LogConfig: Setting CVar [[r.DOF.Scatter.ForegroundCompositing:1    ; additive foreground scattering]]
[2023.02.26-12.08.24:351][  0]LogConfig: Setting CVar [[r.DOF.Scatter.BackgroundCompositing:2    ; additive background scattering]]
[2023.02.26-12.08.24:351][  0]LogConfig: Setting CVar [[r.DOF.Scatter.EnableBokehSettings:1      ; bokeh simulation when scattering]]
[2023.02.26-12.08.24:351][  0]LogConfig: Setting CVar [[r.DOF.Scatter.MaxSpriteRatio:0.1         ; only a maximum of 10% of scattered bokeh]]
[2023.02.26-12.08.24:351][  0]LogConfig: Setting CVar [[r.DOF.Recombine.Quality:1                ; cheap slight out of focus]]
[2023.02.26-12.08.24:352][  0]LogConfig: Setting CVar [[r.DOF.Recombine.EnableBokehSettings:0    ; no bokeh simulation on slight out of focus]]
[2023.02.26-12.08.24:352][  0]LogConfig: Setting CVar [[r.DOF.TemporalAAQuality:1                ; more stable temporal accumulation]]
[2023.02.26-12.08.24:352][  0]LogConfig: Setting CVar [[r.DOF.Kernel.MaxForegroundRadius:0.025]]
[2023.02.26-12.08.24:352][  0]LogConfig: Setting CVar [[r.DOF.Kernel.MaxBackgroundRadius:0.025]]
[2023.02.26-12.08.24:352][  0]LogConfig: Applying CVar settings from Section [TextureQuality@3] File [D:/Github/UnrealPractice/ArenaBattle/Saved/Config/Windows/Scalability.ini]
[2023.02.26-12.08.24:352][  0]LogConfig: Setting CVar [[r.Streaming.MipBias:0]]
[2023.02.26-12.08.24:352][  0]LogConfig: Setting CVar [[r.Streaming.AmortizeCPUToGPUCopy:0]]
[2023.02.26-12.08.24:352][  0]LogConfig: Setting CVar [[r.Streaming.MaxNumTexturesToStreamPerFrame:0]]
[2023.02.26-12.08.24:352][  0]LogConfig: Setting CVar [[r.Streaming.Boost:1]]
[2023.02.26-12.08.24:352][  0]LogConfig: Setting CVar [[r.MaxAnisotropy:8]]
[2023.02.26-12.08.24:352][  0]LogConfig: Setting CVar [[r.VT.MaxAnisotropy:8]]
[2023.02.26-12.08.24:352][  0]LogConfig: Setting CVar [[r.Streaming.LimitPoolSizeToVRAM:0]]
[2023.02.26-12.08.24:352][  0]LogConfig: Setting CVar [[r.Streaming.PoolSize:1000]]
[2023.02.26-12.08.24:352][  0]LogConfig: Setting CVar [[r.Streaming.MaxEffectiveScreenSize:0]]
[2023.02.26-12.08.24:352][  0]LogConfig: Applying CVar settings from Section [EffectsQuality@3] File [D:/Github/UnrealPractice/ArenaBattle/Saved/Config/Windows/Scalability.ini]
[2023.02.26-12.08.24:352][  0]LogConfig: Setting CVar [[r.TranslucencyLightingVolumeDim:64]]
[2023.02.26-12.08.24:352][  0]LogConfig: Setting CVar [[r.RefractionQuality:2]]
[2023.02.26-12.08.24:352][  0]LogConfig: Setting CVar [[r.SSR.Quality:3]]
[2023.02.26-12.08.24:352][  0]LogConfig: Setting CVar [[r.SSR.HalfResSceneColor:0]]
[2023.02.26-12.08.24:352][  0]LogConfig: Setting CVar [[r.SceneColorFormat:4]]
[2023.02.26-12.08.24:352][  0]LogConfig: Setting CVar [[r.DetailMode:2]]
[2023.02.26-12.08.24:352][  0]LogConfig: Setting CVar [[r.TranslucencyVolumeBlur:1]]
[2023.02.26-12.08.24:352][  0]LogConfig: Setting CVar [[r.MaterialQualityLevel:1 ; High quality]]
[2023.02.26-12.08.24:352][  0]LogConfig: Setting CVar [[r.AnisotropicMaterials:1]]
[2023.02.26-12.08.24:352][  0]LogConfig: Setting CVar [[r.SSS.Scale:1]]
[2023.02.26-12.08.24:352][  0]LogConfig: Setting CVar [[r.SSS.SampleSet:2]]
[2023.02.26-12.08.24:352][  0]LogConfig: Setting CVar [[r.SSS.Quality:1]]
[2023.02.26-12.08.24:352][  0]LogConfig: Setting CVar [[r.SSS.HalfRes:0]]
[2023.02.26-12.08.24:352][  0]LogConfig: Setting CVar [[r.SSGI.Quality:3]]
[2023.02.26-12.08.24:352][  0]LogConfig: Setting CVar [[r.EmitterSpawnRateScale:1.0]]
[2023.02.26-12.08.24:352][  0]LogConfig: Setting CVar [[r.ParticleLightQuality:2]]
[2023.02.26-12.08.24:352][  0]LogConfig: Setting CVar [[r.SkyAtmosphere.AerialPerspectiveLUT.FastApplyOnOpaque:1 ; Always have FastSkyLUT 1 in this case to avoid wrong sky]]
[2023.02.26-12.08.24:352][  0]LogConfig: Setting CVar [[r.SkyAtmosphere.AerialPerspectiveLUT.SampleCountMaxPerSlice:4]]
[2023.02.26-12.08.24:352][  0]LogConfig: Setting CVar [[r.SkyAtmosphere.AerialPerspectiveLUT.DepthResolution:16.0]]
[2023.02.26-12.08.24:352][  0]LogConfig: Setting CVar [[r.SkyAtmosphere.FastSkyLUT:1]]
[2023.02.26-12.08.24:352][  0]LogConfig: Setting CVar [[r.SkyAtmosphere.FastSkyLUT.SampleCountMin:4.0]]
[2023.02.26-12.08.24:352][  0]LogConfig: Setting CVar [[r.SkyAtmosphere.FastSkyLUT.SampleCountMax:128.0]]
[2023.02.26-12.08.24:352][  0]LogConfig: Setting CVar [[r.SkyAtmosphere.SampleCountMin:4.0]]
[2023.02.26-12.08.24:352][  0]LogConfig: Setting CVar [[r.SkyAtmosphere.SampleCountMax:128.0]]
[2023.02.26-12.08.24:352][  0]LogConfig: Setting CVar [[r.SkyAtmosphere.TransmittanceLUT.UseSmallFormat:0]]
[2023.02.26-12.08.24:352][  0]LogConfig: Setting CVar [[r.SkyAtmosphere.TransmittanceLUT.SampleCount:10.0]]
[2023.02.26-12.08.24:352][  0]LogConfig: Setting CVar [[r.SkyAtmosphere.MultiScatteringLUT.SampleCount:15.0]]
[2023.02.26-12.08.24:352][  0]LogConfig: Setting CVar [[r.SkyLight.RealTimeReflectionCapture:1]]
[2023.02.26-12.08.24:352][  0]LogConfig: Applying CVar settings from Section [FoliageQuality@3] File [D:/Github/UnrealPractice/ArenaBattle/Saved/Config/Windows/Scalability.ini]
[2023.02.26-12.08.24:352][  0]LogConfig: Setting CVar [[foliage.DensityScale:1.0]]
[2023.02.26-12.08.24:352][  0]LogConfig: Setting CVar [[grass.DensityScale:1.0]]
[2023.02.26-12.08.24:352][  0]LogConfig: Applying CVar settings from Section [ShadingQuality@3] File [D:/Github/UnrealPractice/ArenaBattle/Saved/Config/Windows/Scalability.ini]
[2023.02.26-12.08.24:352][  0]LogConfig: Setting CVar [[r.HairStrands.SkyLighting.IntegrationType:2]]
[2023.02.26-12.08.24:352][  0]LogConfig: Setting CVar [[r.HairStrands.SkyAO.SampleCount:4]]
[2023.02.26-12.08.24:352][  0]LogConfig: Setting CVar [[r.HairStrands.Visibility.MSAA.SamplePerPixel:4]]
[2023.02.26-12.08.24:352][  0]LogConfig: Applying CVar settings from Section [Startup] File [../../../Engine/Config/ConsoleVariables.ini]
[2023.02.26-12.08.24:353][  0]LogConfig: Setting CVar [[net.UseAdaptiveNetUpdateFrequency:0]]
[2023.02.26-12.08.24:353][  0]LogConfig: Setting CVar [[p.chaos.AllowCreatePhysxBodies:1]]
[2023.02.26-12.08.24:353][  0]LogConfig: Setting CVar [[fx.SkipVectorVMBackendOptimizations:1]]
[2023.02.26-12.08.24:353][  0]LogConfig: Applying CVar settings from Section [ConsoleVariables] File [D:/Github/UnrealPractice/ArenaBattle/Saved/Config/Windows/Engine.ini]
[2023.02.26-12.08.24:353][  0]LogConfig: Applying CVar settings from Section [ConsoleVariables] File [D:/Github/UnrealPractice/ArenaBattle/Saved/Config/Windows/Editor.ini]
[2023.02.26-12.08.24:353][  0]LogInit: Computer: TRANSFERSCHOLAR
[2023.02.26-12.08.24:353][  0]LogInit: User: r283
[2023.02.26-12.08.24:353][  0]LogInit: CPU Page size=4096, Cores=8
[2023.02.26-12.08.24:353][  0]LogInit: High frequency timer resolution =10.000000 MHz
[2023.02.26-12.08.24:353][  0]LogMemory: Memory total: Physical=31.9GB (32GB approx)
[2023.02.26-12.08.24:353][  0]LogMemory: Platform Memory Stats for Windows
[2023.02.26-12.08.24:353][  0]LogMemory: Process Physical Memory: 142.94 MB used, 142.94 MB peak
[2023.02.26-12.08.24:353][  0]LogMemory: Process Virtual Memory: 122.39 MB used, 122.39 MB peak
[2023.02.26-12.08.24:353][  0]LogMemory: Physical Memory: 12411.88 MB used,  20208.18 MB free, 32620.06 MB total
[2023.02.26-12.08.24:353][  0]LogMemory: Virtual Memory: 134197632.00 MB used,  20094.78 MB free, 134217728.00 MB total
[2023.02.26-12.08.24:395][  0]LogWindows: WindowsPlatformFeatures enabled
[2023.02.26-12.08.24:484][  0]LogInit: Physics initialised using underlying interface: PhysX
[2023.02.26-12.08.24:485][  0]LogInit: Overriding language with editor language configuration option (ko).
[2023.02.26-12.08.24:485][  0]LogInit: Using OS detected locale (ko-KR).
[2023.02.26-12.08.24:584][  0]LogInit: Setting process to per monitor DPI aware
[2023.02.26-12.08.24:600][  0]LogWindowsTextInputMethodSystem: Display: IME system deactivated.
[2023.02.26-12.08.24:614][  0]LogSlate: New Slate User Created.  User Index 0, Is Virtual User: 0
[2023.02.26-12.08.24:614][  0]LogSlate: Slate User Registered.  User Index 0, Is Virtual User: 0
[2023.02.26-12.08.24:775][  0]LogD3D11RHI: Loaded GFSDK_Aftermath_Lib.x64.dll
[2023.02.26-12.08.24:783][  0]LogHMD: Failed to initialize OpenVR with code 110
[2023.02.26-12.08.24:783][  0]LogD3D11RHI: D3D11 min allowed feature level: 11_0
[2023.02.26-12.08.24:783][  0]LogD3D11RHI: D3D11 max allowed feature level: 11_0
[2023.02.26-12.08.24:783][  0]LogD3D11RHI: D3D11 adapters:
[2023.02.26-12.08.24:940][  0]LogD3D11RHI:    0. 'NVIDIA GeForce RTX 3070 Laptop GPU' (Feature Level 11_0)
[2023.02.26-12.08.24:940][  0]LogD3D11RHI:       8033/0/16310 MB DedicatedVideo/DedicatedSystem/SharedSystem, Outputs:1, VendorId:0x10de
[2023.02.26-12.08.24:941][  0]LogD3D11RHI:    1. 'Microsoft Basic Render Driver' (Feature Level 11_0)
[2023.02.26-12.08.24:941][  0]LogD3D11RHI:       0/0/16310 MB DedicatedVideo/DedicatedSystem/SharedSystem, Outputs:0, VendorId:0x1414
[2023.02.26-12.08.24:941][  0]LogD3D11RHI: Chosen D3D11 Adapter:
[2023.02.26-12.08.24:941][  0]LogD3D11RHI:     Description : NVIDIA GeForce RTX 3070 Laptop GPU
[2023.02.26-12.08.24:941][  0]LogD3D11RHI:     VendorId    : 10de
[2023.02.26-12.08.24:941][  0]LogD3D11RHI:     DeviceId    : 24dd
[2023.02.26-12.08.24:941][  0]LogD3D11RHI:     SubSysId    : 3a4f17aa
[2023.02.26-12.08.24:941][  0]LogD3D11RHI:     Revision    : 00a1
[2023.02.26-12.08.24:941][  0]LogD3D11RHI:     DedicatedVideoMemory : 8423211008 bytes
[2023.02.26-12.08.24:941][  0]LogD3D11RHI:     DedicatedSystemMemory : 0 bytes
[2023.02.26-12.08.24:941][  0]LogD3D11RHI:     SharedSystemMemory : 17102305280 bytes
[2023.02.26-12.08.24:941][  0]LogD3D11RHI:     AdapterLuid : 0 63946
[2023.02.26-12.08.24:950][  0]LogD3D11RHI: Creating new Direct3DDevice
[2023.02.26-12.08.24:950][  0]LogD3D11RHI:     GPU DeviceId: 0x24dd (for the marketing name, search the web for "GPU Device Id")
[2023.02.26-12.08.24:950][  0]LogWindows: EnumDisplayDevices:
[2023.02.26-12.08.24:950][  0]LogWindows:    0. 'NVIDIA GeForce RTX 3070 Laptop GPU' (P:1 D:1)
[2023.02.26-12.08.24:950][  0]LogWindows:    1. 'NVIDIA GeForce RTX 3070 Laptop GPU' (P:0 D:0)
[2023.02.26-12.08.24:951][  0]LogWindows:    2. 'NVIDIA GeForce RTX 3070 Laptop GPU' (P:0 D:0)
[2023.02.26-12.08.24:951][  0]LogWindows:    3. 'NVIDIA GeForce RTX 3070 Laptop GPU' (P:0 D:0)
[2023.02.26-12.08.24:952][  0]LogWindows: DebugString: FoundDriverCount:4 
[2023.02.26-12.08.24:952][  0]LogD3D11RHI:     Adapter Name: NVIDIA GeForce RTX 3070 Laptop GPU
[2023.02.26-12.08.24:952][  0]LogD3D11RHI:   Driver Version: 528.49 (internal:31.0.15.2849, unified:528.49)
[2023.02.26-12.08.24:952][  0]LogD3D11RHI:      Driver Date: 2-2-2023
[2023.02.26-12.08.24:952][  0]LogRHI: Texture pool is 5623 MB (70% of 8033 MB)
[2023.02.26-12.08.24:952][  0]LogD3D11RHI: Creating D3DDevice using adapter:
[2023.02.26-12.08.24:952][  0]LogD3D11RHI:     Description : NVIDIA GeForce RTX 3070 Laptop GPU
[2023.02.26-12.08.24:952][  0]LogD3D11RHI:     VendorId    : 10de
[2023.02.26-12.08.24:952][  0]LogD3D11RHI:     DeviceId    : 24dd
[2023.02.26-12.08.24:952][  0]LogD3D11RHI:     SubSysId    : 3a4f17aa
[2023.02.26-12.08.24:952][  0]LogD3D11RHI:     Revision    : 00a1
[2023.02.26-12.08.24:952][  0]LogD3D11RHI:     DedicatedVideoMemory : 8423211008 bytes
[2023.02.26-12.08.24:952][  0]LogD3D11RHI:     DedicatedSystemMemory : 0 bytes
[2023.02.26-12.08.24:952][  0]LogD3D11RHI:     SharedSystemMemory : 17102305280 bytes
[2023.02.26-12.08.24:952][  0]LogD3D11RHI:     AdapterLuid : 0 63946
[2023.02.26-12.08.25:007][  0]LogD3D11RHI: RHI has support for 64 bit atomics
[2023.02.26-12.08.25:007][  0]LogD3D11RHI: Async texture creation enabled
[2023.02.26-12.08.25:007][  0]LogD3D11RHI: Array index from any shader is supported
[2023.02.26-12.08.25:010][  0]LogD3D11RHI: HDR output is supported on display 0 (NvId: 0x80061086).
[2023.02.26-12.08.25:033][  0]LogD3D11RHI: GPU Timing Frequency: 1000.000000 (Debug: 2 2)
[2023.02.26-12.08.25:090][  0]LogRHI: GeForceNow SDK initialized: 1
[2023.02.26-12.08.25:425][  0]LogTargetPlatformManager: Display: Loaded TargetPlatform 'AllDesktop'
[2023.02.26-12.08.25:445][  0]LogTargetPlatformManager: Display: Loaded TargetPlatform 'Android'
[2023.02.26-12.08.25:445][  0]LogTargetPlatformManager: Display: Loaded TargetPlatform 'Android_ASTC'
[2023.02.26-12.08.25:445][  0]LogTargetPlatformManager: Display: Loaded TargetPlatform 'Android_DXT'
[2023.02.26-12.08.25:445][  0]LogTargetPlatformManager: Display: Loaded TargetPlatform 'Android_ETC2'
[2023.02.26-12.08.25:445][  0]LogTargetPlatformManager: Display: Loaded TargetPlatform 'AndroidClient'
[2023.02.26-12.08.25:445][  0]LogTargetPlatformManager: Display: Loaded TargetPlatform 'Android_ASTCClient'
[2023.02.26-12.08.25:445][  0]LogTargetPlatformManager: Display: Loaded TargetPlatform 'Android_DXTClient'
[2023.02.26-12.08.25:445][  0]LogTargetPlatformManager: Display: Loaded TargetPlatform 'Android_ETC2Client'
[2023.02.26-12.08.25:445][  0]LogTargetPlatformManager: Display: Loaded TargetPlatform 'Android_Multi'
[2023.02.26-12.08.25:445][  0]LogTargetPlatformManager: Display: Loaded TargetPlatform 'Android_MultiClient'
[2023.02.26-12.08.25:470][  0]LogTargetPlatformManager: Display: Loaded TargetPlatform 'IOSClient'
[2023.02.26-12.08.25:470][  0]LogTargetPlatformManager: Display: Loaded TargetPlatform 'IOS'
[2023.02.26-12.08.25:482][  0]LogTargetPlatformManager: Display: Loaded TargetPlatform 'Linux'
[2023.02.26-12.08.25:488][  0]LogTargetPlatformManager: Display: Loaded TargetPlatform 'LinuxNoEditor'
[2023.02.26-12.08.25:495][  0]LogTargetPlatformManager: Display: Loaded TargetPlatform 'LinuxClient'
[2023.02.26-12.08.25:502][  0]LogTargetPlatformManager: Display: Loaded TargetPlatform 'LinuxServer'
[2023.02.26-12.08.25:513][  0]LogTargetPlatformManager: Display: Loaded TargetPlatform 'LinuxAArch64NoEditor'
[2023.02.26-12.08.25:519][  0]LogTargetPlatformManager: Display: Loaded TargetPlatform 'LinuxAArch64Client'
[2023.02.26-12.08.25:525][  0]LogTargetPlatformManager: Display: Loaded TargetPlatform 'LinuxAArch64Server'
[2023.02.26-12.08.25:551][  0]LogTargetPlatformManager: Display: Loaded TargetPlatform 'Lumin'
[2023.02.26-12.08.25:551][  0]LogTargetPlatformManager: Display: Loaded TargetPlatform 'LuminClient'
[2023.02.26-12.08.25:562][  0]LogTargetPlatformManager: Display: Loaded TargetPlatform 'MacNoEditor'
[2023.02.26-12.08.25:569][  0]LogTargetPlatformManager: Display: Loaded TargetPlatform 'Mac'
[2023.02.26-12.08.25:574][  0]LogTargetPlatformManager: Display: Loaded TargetPlatform 'MacClient'
[2023.02.26-12.08.25:580][  0]LogTargetPlatformManager: Display: Loaded TargetPlatform 'MacServer'
[2023.02.26-12.08.25:592][  0]LogTargetPlatformManager: Display: Loaded TargetPlatform 'TVOSClient'
[2023.02.26-12.08.25:592][  0]LogTargetPlatformManager: Display: Loaded TargetPlatform 'TVOS'
[2023.02.26-12.08.25:604][  0]LogTargetPlatformManager: Display: Loaded TargetPlatform 'WindowsNoEditor'
[2023.02.26-12.08.25:611][  0]LogTargetPlatformManager: Display: Loaded TargetPlatform 'Windows'
[2023.02.26-12.08.25:616][  0]LogTargetPlatformManager: Display: Loaded TargetPlatform 'WindowsClient'
[2023.02.26-12.08.25:623][  0]LogTargetPlatformManager: Display: Loaded TargetPlatform 'WindowsServer'
[2023.02.26-12.08.25:623][  0]LogTargetPlatformManager: Display: Building Assets For Windows
[2023.02.26-12.08.25:635][  0]LogAudioDebug: Display: Lib vorbis DLL was dynamically loaded.
[2023.02.26-12.08.25:684][  0]LogTextureFormatOodle: Display: Oodle Texture 2.9.0 init RDO Off
[2023.02.26-12.08.25:734][  0]LogRendererCore: Ray tracing is disabled. Reason: r.RayTracing=0.
[2023.02.26-12.08.25:734][  0]LogShaderCompilers: Guid format shader working directory is 8 characters bigger than the processId version (D:/Github/UnrealPractice/ArenaBattle/Intermediate/Shaders/WorkingDirectory/21580/).
[2023.02.26-12.08.25:734][  0]LogShaderCompilers: Cleaned the shader compiler working directory 'C:/Users/r283/AppData/Local/Temp/UnrealShaderWorkingDir/576B7BA141ED18EE30CCD1879261BC17/'.
[2023.02.26-12.08.25:734][  0]LogXGEController: Cannot use XGE Controller as Incredibuild is not installed on this machine.
[2023.02.26-12.08.25:734][  0]LogShaderCompilers: Cannot use XGE Shader Compiler as Incredibuild is not installed on this machine.
[2023.02.26-12.08.25:734][  0]LogShaderCompilers: Display: Using Local Shader Compiler.
[2023.02.26-12.08.26:327][  0]LogDerivedDataCache: Display: Max Cache Size: 512 MB
[2023.02.26-12.08.26:369][  0]LogDerivedDataCache: Loaded boot cache 0.04s 103MB C:/Users/r283/AppData/Local/UnrealEngine/4.27/DerivedDataCache/Boot.ddc.
[2023.02.26-12.08.26:369][  0]LogDerivedDataCache: Display: Loaded Boot cache: C:/Users/r283/AppData/Local/UnrealEngine/4.27/DerivedDataCache/Boot.ddc
[2023.02.26-12.08.26:370][  0]LogDerivedDataCache: FDerivedDataBackendGraph:  Pak pak cache file D:/Github/UnrealPractice/ArenaBattle/DerivedDataCache/DDC.ddp not found, will not use a pak cache.
[2023.02.26-12.08.26:370][  0]LogDerivedDataCache: Unable to find inner node Pak for hierarchical cache Hierarchy.
[2023.02.26-12.08.26:370][  0]LogDerivedDataCache: FDerivedDataBackendGraph:  CompressedPak pak cache file D:/Github/UnrealPractice/ArenaBattle/DerivedDataCache/Compressed.ddp not found, will not use a pak cache.
[2023.02.26-12.08.26:370][  0]LogDerivedDataCache: Unable to find inner node CompressedPak for hierarchical cache Hierarchy.
[2023.02.26-12.08.26:384][  0]LogDerivedDataCache: Display: Pak cache opened for reading ../../../Engine/DerivedDataCache/Compressed.ddp.
[2023.02.26-12.08.26:384][  0]LogDerivedDataCache: FDerivedDataBackendGraph:  EnterprisePak pak cache file ../../../Enterprise/DerivedDataCache/Compressed.ddp not found, will not use a pak cache.
[2023.02.26-12.08.26:384][  0]LogDerivedDataCache: Unable to find inner node EnterprisePak for hierarchical cache Hierarchy.
[2023.02.26-12.08.26:395][  0]LogDerivedDataCache: Speed tests for C:/Users/r283/AppData/Local/UnrealEngine/Common/DerivedDataCache took 0.01 seconds
[2023.02.26-12.08.26:395][  0]LogDerivedDataCache: Display: Performance to C:/Users/r283/AppData/Local/UnrealEngine/Common/DerivedDataCache: Latency=0.05ms. RandomReadSpeed=241.24MBs, RandomWriteSpeed=165.56MBs. Assigned SpeedClass 'Local'
[2023.02.26-12.08.26:395][  0]LogDerivedDataCache: Using Local data cache path C:/Users/r283/AppData/Local/UnrealEngine/Common/DerivedDataCache: Writable
[2023.02.26-12.08.26:396][  0]LogDerivedDataCache: Shared data cache path not found in *engine.ini, will not use an Shared cache.
[2023.02.26-12.08.26:396][  0]LogDerivedDataCache: Unable to find inner node Shared for hierarchical cache Hierarchy.
[2023.02.26-12.08.26:430][  0]LogSlate: Using FreeType 2.10.0
[2023.02.26-12.08.26:431][  0]LogSlate: SlateFontServices - WITH_FREETYPE: 1, WITH_HARFBUZZ: 1
[2023.02.26-12.08.26:454][  0]LogAssetRegistry: FAssetRegistry took 0.0031 seconds to start up
[2023.02.26-12.08.26:650][  0]LogInit: Selected Device Profile: [Windows]
[2023.02.26-12.08.26:650][  0]LogInit: Active device profile: [00000171833A6700][0000017182809840 49] Windows
[2023.02.26-12.08.26:650][  0]LogInit: Profiles: [00000171833A6700][0000017182809840 49] Windows, [000001718335DB00][000001718259D9C0 49] WindowsNoEditor, [00000171833A5B00][00000171FEAE1B40 49] WindowsServer, [000001718335E600][00000171825A0140 49] WindowsClient, [00000171833A5600][00000171825A42C0 49] IOS, [000001718335FD00][000001718280C400 49] iPadAir, [00000171833A7F00][000001718279E540 49] iPadAir2, [00000171832D6A00][00000171FD22C780 49] IPadPro, [00000171832D6B00][00000171825A87C0 49] iPadAir3, [00000171833A5C00][00000171FD234940 49] iPadAir4, [00000171832D7300][00000171FD6EAAC0 49] iPadMini2, [00000171833A6200][00000171FD6FAC40 49] iPadMini3, [00000171832D7200][0000017183A08DC0 49] iPadMini4, [00000171833A5E00][0000017183A0CF40 49] iPadMini5, [0000017183386300][0000017183A15200 49] iPhone6, [0000017183386400][0000017183A11240 49] iPodTouch6, [00000171832D5500][000001718252D500 49] iPhone7, [00000171832D5400][0000017183A19540 49] iPodTouch7, [0000017183386B00][0000017183BFD6C0 49] iPhone5S, [00000171832D4C00][0000017183C01840 49] iPhone6Plus, [0000017183386E00][0000017183C059C0 49] iPhone6S, [00000171832D4D00][0000017183C09B40 49] iPhone6SPlus, [0000017183385800][0000017182530140 49] iPhone7Plus, [00000171832D6000][000001718256C2C0 49] iPhoneSE, [0000017183386200][0000017182570440 49] iPhone8, [00000171832D7100][00000171FD230580 49] iPhone8Plus, [0000017183387E00][00000171825786C0 49] iPhoneX, [00000171832D5300][0000017183A58800 49] iPhoneXS, [0000017183384600][0000017183A60940 49] iPhoneXSMax, [00000171832D7800][0000017182580AC0 49] iPhoneXR, [0000017183387200][0000017182574C40 49] iPhone11, [00000171832D4800][0000017182584DC0 49] iPhone11Pro, [0000017183384E00][0000017183A5CF40 49] iPhone11ProMax, [00000171832D6800][00000171825950C0 49] iPhoneSE2, [0000017183387500][0000017182599240 49] iPhone12Mini, [00000171832D4300][00000171FEABF3C0 49] iPhone12, [0000017183386500][00000171FEAC3540 49] iPhone12Pro, [00000171832D7400][00000171FEAC76C0 49] iPhone12ProMax, [0000017183387900][00000171FEACB840 49] iPadPro105, [00000171832D7000][00000171E17619C0 49] iPadPro129, [0000017183387400][00000171FEACFB40 49] iPadPro97, [00000171832D4900][00000171FEAD2140 49] iPadPro2_129, [0000017183385F00][00000171FEAD62C0 49] iPad5, [00000171832D7A00][00000171FEADA440 49] iPad6, [0000017183385600][0000017183A645C0 49] iPad7, [00000171832D4E00][0000017183A68740 49] iPad8, [0000017183387100][000001718257C880 49] iPadPro11, [000001718335EA00][0000017183A6C9C0 49] iPadPro2_11, [0000017183429400][0000017183A70B00 49] iPadPro3_129, [000001718335F000][0000017183A78C80 49] iPadPro4_129, [0000017183428800][0000017183A7CE00 49] AppleTV, [000001718335F700][0000017183A80F80 49] AppleTV4K, [0000017183428A00][00000171827C7100 49] TVOS, [000001718335C900][00000171827CB280 49] Mac, [0000017183429700][00000171827CF400 49] MacClient, [000001718335D000][00000171827D3580 49] MacNoEditor, [0000017183429A00][00000171827D7700 49] MacServer, [0000017183386900][00000171827DB880 49] Linux, [00000171832D7B00][00000171827DFA00 49] LinuxAArch64, [0000017183385100][00000171827E3B80 49] LinuxNoEditor, [00000171832D4B00][00000171827E6180 49] LinuxAArch64NoEditor, [0000017183387800][00000171827EA300 49] LinuxClient, [00000171832D5A00][00000171FD1EA480 49] LinuxAArch64Client, [0000017183384300][00000171FD1EE600 49] LinuxServer, [00000171832D5100][00000171FD1F2780 49] LinuxAArch64Server, [0000017183384F00][00000171FD1F6900 49] Android, [00000171832D5F00][0000017183A74A40 49] Android_Low, [0000017183386D00][00000171FD1FAB80 49] Android_Mid, [00000171832D6500][00000171FD1FECC0 49] Android_High, [0000017183387A00][00000171FD206E40 49] Android_Default, [00000171832D4200][00000171FD20AFC0 49] Android_Adreno4xx, [0000017183387D00][00000171FD20F140 49] Android_Adreno5xx_Low, [00000171832D5E00][00000171FD2132C0 49] Android_Adreno5xx, [0000017183386F00][00000171FD217440 49] Android_Adreno6xx, [00000171832D4100][00000171FD21B5C0 49] Android_Adreno6xx_Vulkan, [0000017183386000][00000171FD21F740 49] Android_Mali_T6xx, [00000171832D5200][00000171FD2238C0 49] Android_Mali_T7xx, [0000017183387B00][0000017183B8DA40 49] Android_Mali_T8xx, [00000171832D6900][0000017183B91BC0 49] Android_Mali_G71, [0000017183385700][0000017183B941C0 49] Android_Mali_G72, [00000171832D6E00][0000017183B98340 49] Android_Mali_G72_Vulkan, [0000017183387000][0000017183B9C4C0 49] Android_Mali_G76, [00000171832D4F00][0000017183BA0640 49] Android_Mali_G76_Vulkan, [0000017183386100][0000017183BA47C0 49] Android_Mali_G77, [00000171832D5600][0000017183BA8940 49] Android_Mali_G77_Vulkan, [0000017183429200][0000017183BACAC0 49] Android_Mali_G78, [00000171832D6F00][00000171FD202C00 49] Android_Mali_G78_Vulkan, [0000017183386C00][0000017183BB0D40 49] Android_Mali_G710, [00000171832D4A00][0000017183BB4E80 49] Android_Mali_G710_Vulkan, [0000017183385300][0000017183BB8FC0 49] Android_Vulkan_SM5, [00000171832D6400][0000017183BC1140 49] Android_PowerVR_G6xxx, [0000017183387C00][0000017183BC52C0 49] Android_PowerVR_GT7xxx, [00000171832D7900][0000017183BC9440 49] Android_PowerVR_GE8xxx, [0000017183384200][0000017183BCD5C0 49] Android_PowerVR_GM9xxx, [00000171832D7F00][0000017183BD1740 49] Android_PowerVR_GM9xxx_Vulkan, [0000017183385A00][0000017183BD58C0 49] Android_TegraK1, [00000171832D4500][0000017183BD9A40 49] Android_Unknown_Vulkan, [0000017183386800][0000017183BDDBC0 49] Lumin, [00000171832D5700][0000017183BE01C0 49] Lumin_Desktop, [00000171833A5A00][0000017183BE4340 49] HoloLens, 
[2023.02.26-12.08.26:773][  0]LogMeshReduction: Using QuadricMeshReduction for automatic static mesh reduction
[2023.02.26-12.08.26:773][  0]LogMeshReduction: Using SimplygonMeshReduction for automatic skeletal mesh reduction
[2023.02.26-12.08.26:773][  0]LogMeshReduction: Using ProxyLODMeshReduction for automatic mesh merging
[2023.02.26-12.08.26:773][  0]LogMeshReduction: No distributed automatic mesh merging module available
[2023.02.26-12.08.26:773][  0]LogMeshMerging: No distributed automatic mesh merging module available
[2023.02.26-12.08.26:790][  0]LogNetVersion: ArenaBattle 1.0.0, NetCL: 17155196, EngineNetVer: 17, GameNetVer: 0 (Checksum: 2964408555)
[2023.02.26-12.08.27:131][  0]LogTexture: Default maximum texture size for cubemaps generated from long-lat sources has been changed from 512 to unlimited. In order to preserve old behaiour for '/Engine/MapTemplates/Sky/DaylightAmbientCubemap.DaylightAmbientCubemap', its maximum texture size has been explicitly set to 512.
[2023.02.26-12.08.27:177][  0]LogHMD: PokeAHoleMaterial loaded successfully
[2023.02.26-12.08.27:181][  0]LogUObjectArray: 17178 objects as part of root set at end of initial load.
[2023.02.26-12.08.27:181][  0]LogUObjectAllocator: 4302048 out of 0 bytes used by permanent object pool.
[2023.02.26-12.08.27:181][  0]LogUObjectArray: CloseDisregardForGC: 0/0 objects in disregard for GC pool
[2023.02.26-12.08.27:524][  0]LogNiagaraDebuggerClient: Niagara Debugger Client Initialized | Session: 26DE7D1644C1B258FEF67A8779147543 | Instance: DDF384B54E74A4547DF10AA5BAA7DFC1 (TRANSFERSCHOLAR-21580).
[2023.02.26-12.08.27:568][  0]LogPython: Using Python 3.7.7
[2023.02.26-12.08.28:086][  0]LogTcpMessaging: Initializing TcpMessaging bridge
[2023.02.26-12.08.28:093][  0]LogUdpMessaging: Initializing bridge on interface 0.0.0.0:0 to multicast group 230.0.0.1:6666.
[2023.02.26-12.08.28:444][  0]SourceControl: 소스 컨트롤이 꺼졌습니다.
[2023.02.26-12.08.28:445][  0]SourceControl: 소스 컨트롤이 꺼졌습니다.
[2023.02.26-12.08.28:450][  0]SourceControl: 소스 컨트롤이 꺼졌습니다.
[2023.02.26-12.08.28:455][  0]SourceControl: 소스 컨트롤이 꺼졌습니다.
[2023.02.26-12.08.28:471][  0]SourceControl: 소스 컨트롤이 꺼졌습니다.
[2023.02.26-12.08.28:510][  0]LogUProjectInfo: Found projects:
[2023.02.26-12.08.28:753][  0]LogOpenImageDenoise: OIDN starting up
[2023.02.26-12.08.28:832][  0]LogAndroidPermission: UAndroidPermissionCallbackProxy::GetInstance
[2023.02.26-12.08.28:865][  0]LogAudioCaptureCore: Display: No Audio Capture implementations found. Audio input will be silent.
[2023.02.26-12.08.28:865][  0]LogAudioCaptureCore: Display: No Audio Capture implementations found. Audio input will be silent.
[2023.02.26-12.08.29:005][  0]LogCollectionManager: Loaded 0 collections in 0.001808 seconds
[2023.02.26-12.08.29:035][  0]LogFileCache: Scanning file cache for directory 'D:/Github/UnrealPractice/ArenaBattle/Saved/Collections/' took 0.00s
[2023.02.26-12.08.29:035][  0]LogFileCache: Scanning file cache for directory 'D:/Github/UnrealPractice/ArenaBattle/Content/Developers/r283/Collections/' took 0.00s
[2023.02.26-12.08.29:035][  0]LogFileCache: Scanning file cache for directory 'D:/Github/UnrealPractice/ArenaBattle/Content/Collections/' took 0.00s
[2023.02.26-12.08.29:035][  0]LogOcInput: OculusInput pre-init called
[2023.02.26-12.08.29:282][  0]LogEngine: Initializing Engine...
[2023.02.26-12.08.29:286][  0]LogHMD: Failed to enumerate extensions. Please check that you have a valid OpenXR runtime installed.
[2023.02.26-12.08.29:286][  0]LogHMD: Failed to initialize OpenVR with code 110
[2023.02.26-12.08.29:286][  0]LogMagicLeap: Warning: VR disabled because ZI is not enabled.  To enable, in the editor, Edit -> Project Settings -> Plugins -> Magic Leap Plugin -> Enable Zero Iteration
[2023.02.26-12.08.29:287][  0]LogStats: UGameplayTagsManager::InitializeManager -  0.000 s
[2023.02.26-12.08.29:383][  0]LogInit: Initializing FReadOnlyCVARCache
[2023.02.26-12.08.29:393][  0]LogAIModule: Creating AISystem for world Untitled
[2023.02.26-12.08.29:398][  0]LogAudio: Display: Initializing Audio Device Manager...
[2023.02.26-12.08.29:403][  0]LogAudio: Display: Loading Default Audio Settings Objects...
[2023.02.26-12.08.29:404][  0]LogAudio: Display: No default SoundConcurrencyObject specified (or failed to load).
[2023.02.26-12.08.29:404][  0]LogAudio: Display: Audio Device Manager Initialized
[2023.02.26-12.08.29:404][  0]LogAudio: Display: Creating Audio Device:                 Id: 1, Scope: Shared, Realtime: True
[2023.02.26-12.08.29:404][  0]LogAudioMixer: Display: Audio Mixer Platform Settings:
[2023.02.26-12.08.29:404][  0]LogAudioMixer: Display: 	Sample Rate:						  48000
[2023.02.26-12.08.29:404][  0]LogAudioMixer: Display: 	Callback Buffer Frame Size Requested: 1024
[2023.02.26-12.08.29:404][  0]LogAudioMixer: Display: 	Callback Buffer Frame Size To Use:	  1024
[2023.02.26-12.08.29:404][  0]LogAudioMixer: Display: 	Number of buffers to queue:			  2
[2023.02.26-12.08.29:404][  0]LogAudioMixer: Display: 	Max Channels (voices):				  32
[2023.02.26-12.08.29:404][  0]LogAudioMixer: Display: 	Number of Async Source Workers:		  0
[2023.02.26-12.08.29:404][  0]LogAudio: Display: AudioDevice MaxSources: 32
[2023.02.26-12.08.29:404][  0]LogAudio: Display: Audio Spatialization Plugin: None (built-in).
[2023.02.26-12.08.29:404][  0]LogAudio: Display: Audio Reverb Plugin: None (built-in).
[2023.02.26-12.08.29:405][  0]LogAudio: Display: Audio Occlusion Plugin: None (built-in).
[2023.02.26-12.08.29:405][  0]LogAudioMixer: Display: Initializing audio mixer.
[2023.02.26-12.08.29:463][  0]LogAudioMixer: Display: 0: FrontLeft
[2023.02.26-12.08.29:463][  0]LogAudioMixer: Display: 1: FrontRight
[2023.02.26-12.08.29:615][  0]LogAudioMixer: Display: Using Audio Device Speakers(Realtek(R) Audio)
[2023.02.26-12.08.29:617][  0]LogAudioMixer: Display: Initializing Sound Submixes...
[2023.02.26-12.08.29:620][  0]LogAudioMixer: Display: Creating Master Submix 'MasterSubmixDefault'
[2023.02.26-12.08.29:620][  0]LogAudioMixer: Display: Creating Master Submix 'MasterReverbSubmixDefault'
[2023.02.26-12.08.29:621][  0]LogAudioMixer: Display: Creating Master Submix 'MasterEQSubmixDefault'
[2023.02.26-12.08.29:621][  0]LogAudioMixer: FMixerPlatformXAudio2::StartAudioStream() called
[2023.02.26-12.08.29:621][  0]LogAudioMixer: Display: Output buffers initialized: Frames=1024, Channels=2, Samples=2048
[2023.02.26-12.08.29:622][  0]LogAudioMixer: Display: Starting AudioMixerPlatformInterface::RunInternal()
[2023.02.26-12.08.29:622][  0]LogAudioMixer: Display: FMixerPlatformXAudio2::SubmitBuffer() called for the first time
[2023.02.26-12.08.29:622][  0]LogInit: FAudioDevice initialized.
[2023.02.26-12.08.29:622][  0]LogAudio: Display: Audio Device (ID: 1) registered with world 'Untitled'.
[2023.02.26-12.08.29:622][  0]LogNetVersion: Set ProjectVersion to 1.0.0.0. Version Checksum will be recalculated on next use.
[2023.02.26-12.08.29:684][  0]LogDerivedDataCache: Saved boot cache 0.06s 103MB C:/Users/r283/AppData/Local/UnrealEngine/4.27/DerivedDataCache/Boot.ddc.
[2023.02.26-12.08.29:685][  0]LogInit: Texture streaming: Enabled
[2023.02.26-12.08.29:705][  0]LogAnalytics: Display: [UEEditor.Rocket.Release] APIServer = https://datarouter.ol.epicgames.com/. AppVersion = 4.27.2-18319896+++UE4+Release-4.27
[2023.02.26-12.08.29:714][  0]LogEngineSessionManager: EngineSessionManager initialized
[2023.02.26-12.08.29:714][  0]LogEngineSessionManager: EngineSessionManager sent abnormal shutdown report. Type=Crashed, SessionId={E5693443-401A-31EF-A616-349205932FB8}
[2023.02.26-12.08.29:714][  0]LogEditorSessionSummary: Verbose: Initializing EditorSessionSummaryWriter for editor session tracking
[2023.02.26-12.08.29:718][  0]LogEditorSessionSummary: EditorSessionSummaryWriter initialized
[2023.02.26-12.08.29:755][  0]LogInit: Transaction tracking system initialized
[2023.02.26-12.08.29:788][  0]BlueprintLog: New page: 에디터 로드
[2023.02.26-12.08.29:886][  0]LocalizationService: 현지화 서비스가 비활성화되었습니다.
[2023.02.26-12.08.29:923][  0]TimingProfiler: Initialize
[2023.02.26-12.08.29:924][  0]TimingProfiler: OnSessionChanged
[2023.02.26-12.08.29:924][  0]LoadingProfiler: Initialize
[2023.02.26-12.08.29:924][  0]LoadingProfiler: OnSessionChanged
[2023.02.26-12.08.29:924][  0]NetworkingProfiler: Initialize
[2023.02.26-12.08.29:924][  0]NetworkingProfiler: OnSessionChanged
[2023.02.26-12.08.29:924][  0]MemoryProfiler: Initialize
[2023.02.26-12.08.29:924][  0]MemoryProfiler: OnSessionChanged
[2023.02.26-12.08.30:090][  0]LogCook: Display: CookSettings for Memory: MemoryMaxUsedVirtual 0MiB, MemoryMaxUsedPhysical 16384MiB, MemoryMinFreeVirtual 0MiB, MemoryMinFreePhysical 1024MiB
[2023.02.26-12.08.30:090][  0]LogCook: Display: Mobile HDR setting 1
[2023.02.26-12.08.30:279][  0]LogFileCache: Scanning file cache for directory 'D:/Github/UnrealPractice/ArenaBattle/Content/' took 0.01s
[2023.02.26-12.08.30:515][  0]LogInit: Display: Engine is initialized. Leaving FEngineLoop::Init()
[2023.02.26-12.08.30:519][  0]SourceControl: 소스 컨트롤이 꺼졌습니다.
[2023.02.26-12.08.30:520][  0]LogUnrealEdMisc: Loading editor; pre map load, took 7.611
[2023.02.26-12.08.30:520][  0]Cmd: MAP LOAD FILE="D:/Github/UnrealPractice/ArenaBattle/Content/Book/Maps/Step1.umap" TEMPLATE=0 SHOWPROGRESS=1 FEATURELEVEL=3
[2023.02.26-12.08.30:520][  0]LightingResults: New page: 라이팅 빌드
[2023.02.26-12.08.30:521][  0]LogWorld: UWorld::CleanupWorld for Untitled, bSessionEnded=true, bCleanupResources=true
[2023.02.26-12.08.30:521][  0]LogSlate: InvalidateAllWidgets triggered.  All widgets were invalidated
[2023.02.26-12.08.30:521][  0]MapCheck: New page: 맵 체크
[2023.02.26-12.08.30:521][  0]LightingResults: New page: 라이팅 빌드
[2023.02.26-12.08.30:524][  0]LogAudio: Display: Audio Device unregistered from world 'None'.
[2023.02.26-12.08.30:527][  0]LogUObjectHash: Compacting FUObjectHashTables data took   0.71ms
[2023.02.26-12.08.30:589][  0]LogAudio: Display: Audio Device (ID: 1) registered with world 'Step1'.
[2023.02.26-12.08.30:589][  0]LogAIModule: Creating AISystem for world Step1
[2023.02.26-12.08.30:593][  0]LogEditorServer: Finished looking for orphan Actors (0.000 secs)
[2023.02.26-12.08.30:599][  0]LogUObjectHash: Compacting FUObjectHashTables data took   0.82ms
[2023.02.26-12.08.30:599][  0]Cmd: MAP CHECKDEP NOCLEARLOG
[2023.02.26-12.08.30:600][  0]MapCheck: 맵 체크 완료: 오류 0 회, 경고 0 회, 소요 시간 0.238ms.
[2023.02.26-12.08.30:600][  0]LogFileHelpers: Loading map 'Step1' took 0.080
[2023.02.26-12.08.30:602][  0]LogUnrealEdMisc: Total Editor Startup Time, took 7.694
[2023.02.26-12.08.30:665][  0]LogWindowsTextInputMethodSystem: Display: IME system activated using TSF (Microsoft 입력기).
[2023.02.26-12.08.30:702][  0]LogSlate: Updating window title bar state: overlay mode, drag disabled, window buttons hidden, title bar hidden
[2023.02.26-12.08.30:707][  0]LogSlate: Updating window title bar state: overlay mode, drag disabled, window buttons hidden, title bar hidden
[2023.02.26-12.08.30:712][  0]LogSlate: Updating window title bar state: overlay mode, drag disabled, window buttons hidden, title bar hidden
[2023.02.26-12.08.30:716][  0]LogSlate: Updating window title bar state: overlay mode, drag disabled, window buttons hidden, title bar hidden
[2023.02.26-12.08.30:730][  0]LogNativeClassHierarchy: Verbose: Native class hierarchy populated in 0.0086 seconds. Added 3825 classes and 931 folders.
[2023.02.26-12.08.30:732][  0]LogNativeClassHierarchy: Verbose: Native class hierarchy updated for 'WidgetCarousel' in 0.0003 seconds. Added 0 classes and 0 folders.
[2023.02.26-12.08.30:733][  0]LogPakFile: PakFile PrimaryIndexSize=187
[2023.02.26-12.08.30:733][  0]LogPakFile: PakFile PathHashIndexSize=101
[2023.02.26-12.08.30:733][  0]LogPakFile: PakFile FullDirectoryIndexSize=148
[2023.02.26-12.08.30:733][  0]LogShaderLibrary: Display: ShaderCodeLibraryPakFileMountedCallback: PakFile 'C:/Program Files/Epic Games/UE_4.27/FeaturePacks/FP_FirstPerson.upack' (chunk index -1, root 'root:/') mounted
[2023.02.26-12.08.30:734][  0]LogShaderLibrary: Display: ShaderCodeLibraryPakFileMountedCallback: pending pak file info (ChunkID:-1 Root:root:/ File:C:/Program Files/Epic Games/UE_4.27/FeaturePacks/FP_FirstPerson.upack)
[2023.02.26-12.08.30:734][  0]LogPakFile: OnPakFileMounted2Time == 0.000060
[2023.02.26-12.08.30:734][  0]LogPakFile: PakFile PrimaryIndexSize=189
[2023.02.26-12.08.30:734][  0]LogPakFile: PakFile PathHashIndexSize=101
[2023.02.26-12.08.30:734][  0]LogPakFile: PakFile FullDirectoryIndexSize=152
[2023.02.26-12.08.30:734][  0]LogShaderLibrary: Display: ShaderCodeLibraryPakFileMountedCallback: PakFile 'C:/Program Files/Epic Games/UE_4.27/FeaturePacks/FP_FirstPersonBP.upack' (chunk index -1, root 'root:/') mounted
[2023.02.26-12.08.30:734][  0]LogShaderLibrary: Display: ShaderCodeLibraryPakFileMountedCallback: pending pak file info (ChunkID:-1 Root:root:/ File:C:/Program Files/Epic Games/UE_4.27/FeaturePacks/FP_FirstPersonBP.upack)
[2023.02.26-12.08.30:734][  0]LogPakFile: OnPakFileMounted2Time == 0.000028
[2023.02.26-12.08.30:734][  0]LogPakFile: PakFile PrimaryIndexSize=191
[2023.02.26-12.08.30:734][  0]LogPakFile: PakFile PathHashIndexSize=101
[2023.02.26-12.08.30:734][  0]LogPakFile: PakFile FullDirectoryIndexSize=160
[2023.02.26-12.08.30:734][  0]LogShaderLibrary: Display: ShaderCodeLibraryPakFileMountedCallback: PakFile 'C:/Program Files/Epic Games/UE_4.27/FeaturePacks/MobileStarterContent.upack' (chunk index -1, root 'root:/') mounted
[2023.02.26-12.08.30:734][  0]LogShaderLibrary: Display: ShaderCodeLibraryPakFileMountedCallback: pending pak file info (ChunkID:-1 Root:root:/ File:C:/Program Files/Epic Games/UE_4.27/FeaturePacks/MobileStarterContent.upack)
[2023.02.26-12.08.30:734][  0]LogPakFile: OnPakFileMounted2Time == 0.000025
[2023.02.26-12.08.30:736][  0]LogPakFile: PakFile PrimaryIndexSize=185
[2023.02.26-12.08.30:736][  0]LogPakFile: PakFile PathHashIndexSize=101
[2023.02.26-12.08.30:736][  0]LogPakFile: PakFile FullDirectoryIndexSize=148
[2023.02.26-12.08.30:736][  0]LogShaderLibrary: Display: ShaderCodeLibraryPakFileMountedCallback: PakFile 'C:/Program Files/Epic Games/UE_4.27/FeaturePacks/StarterContent.upack' (chunk index -1, root 'root:/') mounted
[2023.02.26-12.08.30:736][  0]LogShaderLibrary: Display: ShaderCodeLibraryPakFileMountedCallback: pending pak file info (ChunkID:-1 Root:root:/ File:C:/Program Files/Epic Games/UE_4.27/FeaturePacks/StarterContent.upack)
[2023.02.26-12.08.30:736][  0]LogPakFile: OnPakFileMounted2Time == 0.000028
[2023.02.26-12.08.30:736][  0]LogPakFile: PakFile PrimaryIndexSize=190
[2023.02.26-12.08.30:736][  0]LogPakFile: PakFile PathHashIndexSize=101
[2023.02.26-12.08.30:736][  0]LogPakFile: PakFile FullDirectoryIndexSize=154
[2023.02.26-12.08.30:736][  0]LogShaderLibrary: Display: ShaderCodeLibraryPakFileMountedCallback: PakFile 'C:/Program Files/Epic Games/UE_4.27/FeaturePacks/TP_2DSideScroller.upack' (chunk index -1, root 'root:/') mounted
[2023.02.26-12.08.30:736][  0]LogShaderLibrary: Display: ShaderCodeLibraryPakFileMountedCallback: pending pak file info (ChunkID:-1 Root:root:/ File:C:/Program Files/Epic Games/UE_4.27/FeaturePacks/TP_2DSideScroller.upack)
[2023.02.26-12.08.30:737][  0]LogPakFile: OnPakFileMounted2Time == 0.000037
[2023.02.26-12.08.30:737][  0]LogPakFile: PakFile PrimaryIndexSize=192
[2023.02.26-12.08.30:737][  0]LogPakFile: PakFile PathHashIndexSize=101
[2023.02.26-12.08.30:737][  0]LogPakFile: PakFile FullDirectoryIndexSize=158
[2023.02.26-12.08.30:737][  0]LogShaderLibrary: Display: ShaderCodeLibraryPakFileMountedCallback: PakFile 'C:/Program Files/Epic Games/UE_4.27/FeaturePacks/TP_2DSideScrollerBP.upack' (chunk index -1, root 'root:/') mounted
[2023.02.26-12.08.30:737][  0]LogShaderLibrary: Display: ShaderCodeLibraryPakFileMountedCallback: pending pak file info (ChunkID:-1 Root:root:/ File:C:/Program Files/Epic Games/UE_4.27/FeaturePacks/TP_2DSideScrollerBP.upack)
[2023.02.26-12.08.30:737][  0]LogPakFile: OnPakFileMounted2Time == 0.000027
[2023.02.26-12.08.30:738][  0]LogPakFile: PakFile PrimaryIndexSize=182
[2023.02.26-12.08.30:738][  0]LogPakFile: PakFile PathHashIndexSize=101
[2023.02.26-12.08.30:738][  0]LogPakFile: PakFile FullDirectoryIndexSize=138
[2023.02.26-12.08.30:738][  0]LogShaderLibrary: Display: ShaderCodeLibraryPakFileMountedCallback: PakFile 'C:/Program Files/Epic Games/UE_4.27/FeaturePacks/TP_Flying.upack' (chunk index -1, root 'root:/') mounted
[2023.02.26-12.08.30:738][  0]LogShaderLibrary: Display: ShaderCodeLibraryPakFileMountedCallback: pending pak file info (ChunkID:-1 Root:root:/ File:C:/Program Files/Epic Games/UE_4.27/FeaturePacks/TP_Flying.upack)
[2023.02.26-12.08.30:738][  0]LogPakFile: OnPakFileMounted2Time == 0.000024
[2023.02.26-12.08.30:738][  0]LogPakFile: PakFile PrimaryIndexSize=184
[2023.02.26-12.08.30:738][  0]LogPakFile: PakFile PathHashIndexSize=101
[2023.02.26-12.08.30:738][  0]LogPakFile: PakFile FullDirectoryIndexSize=142
[2023.02.26-12.08.30:738][  0]LogShaderLibrary: Display: ShaderCodeLibraryPakFileMountedCallback: PakFile 'C:/Program Files/Epic Games/UE_4.27/FeaturePacks/TP_FlyingBP.upack' (chunk index -1, root 'root:/') mounted
[2023.02.26-12.08.30:738][  0]LogShaderLibrary: Display: ShaderCodeLibraryPakFileMountedCallback: pending pak file info (ChunkID:-1 Root:root:/ File:C:/Program Files/Epic Games/UE_4.27/FeaturePacks/TP_FlyingBP.upack)
[2023.02.26-12.08.30:738][  0]LogPakFile: OnPakFileMounted2Time == 0.000024
[2023.02.26-12.08.30:739][  0]LogPakFile: PakFile PrimaryIndexSize=188
[2023.02.26-12.08.30:739][  0]LogPakFile: PakFile PathHashIndexSize=101
[2023.02.26-12.08.30:739][  0]LogPakFile: PakFile FullDirectoryIndexSize=150
[2023.02.26-12.08.30:739][  0]LogShaderLibrary: Display: ShaderCodeLibraryPakFileMountedCallback: PakFile 'C:/Program Files/Epic Games/UE_4.27/FeaturePacks/TP_HandheldARBP.upack' (chunk index -1, root 'root:/') mounted
[2023.02.26-12.08.30:739][  0]LogShaderLibrary: Display: ShaderCodeLibraryPakFileMountedCallback: pending pak file info (ChunkID:-1 Root:root:/ File:C:/Program Files/Epic Games/UE_4.27/FeaturePacks/TP_HandheldARBP.upack)
[2023.02.26-12.08.30:739][  0]LogPakFile: OnPakFileMounted2Time == 0.000024
[2023.02.26-12.08.30:739][  0]LogPakFile: PakFile PrimaryIndexSize=182
[2023.02.26-12.08.30:739][  0]LogPakFile: PakFile PathHashIndexSize=101
[2023.02.26-12.08.30:739][  0]LogPakFile: PakFile FullDirectoryIndexSize=138
[2023.02.26-12.08.30:739][  0]LogShaderLibrary: Display: ShaderCodeLibraryPakFileMountedCallback: PakFile 'C:/Program Files/Epic Games/UE_4.27/FeaturePacks/TP_Puzzle.upack' (chunk index -1, root 'root:/') mounted
[2023.02.26-12.08.30:739][  0]LogShaderLibrary: Display: ShaderCodeLibraryPakFileMountedCallback: pending pak file info (ChunkID:-1 Root:root:/ File:C:/Program Files/Epic Games/UE_4.27/FeaturePacks/TP_Puzzle.upack)
[2023.02.26-12.08.30:739][  0]LogPakFile: OnPakFileMounted2Time == 0.000024
[2023.02.26-12.08.30:740][  0]LogPakFile: PakFile PrimaryIndexSize=184
[2023.02.26-12.08.30:740][  0]LogPakFile: PakFile PathHashIndexSize=101
[2023.02.26-12.08.30:740][  0]LogPakFile: PakFile FullDirectoryIndexSize=142
[2023.02.26-12.08.30:740][  0]LogShaderLibrary: Display: ShaderCodeLibraryPakFileMountedCallback: PakFile 'C:/Program Files/Epic Games/UE_4.27/FeaturePacks/TP_PuzzleBP.upack' (chunk index -1, root 'root:/') mounted
[2023.02.26-12.08.30:740][  0]LogShaderLibrary: Display: ShaderCodeLibraryPakFileMountedCallback: pending pak file info (ChunkID:-1 Root:root:/ File:C:/Program Files/Epic Games/UE_4.27/FeaturePacks/TP_PuzzleBP.upack)
[2023.02.26-12.08.30:740][  0]LogPakFile: OnPakFileMounted2Time == 0.000024
[2023.02.26-12.08.30:740][  0]LogPakFile: PakFile PrimaryIndexSize=183
[2023.02.26-12.08.30:740][  0]LogPakFile: PakFile PathHashIndexSize=101
[2023.02.26-12.08.30:740][  0]LogPakFile: PakFile FullDirectoryIndexSize=140
[2023.02.26-12.08.30:740][  0]LogShaderLibrary: Display: ShaderCodeLibraryPakFileMountedCallback: PakFile 'C:/Program Files/Epic Games/UE_4.27/FeaturePacks/TP_Rolling.upack' (chunk index -1, root 'root:/') mounted
[2023.02.26-12.08.30:740][  0]LogShaderLibrary: Display: ShaderCodeLibraryPakFileMountedCallback: pending pak file info (ChunkID:-1 Root:root:/ File:C:/Program Files/Epic Games/UE_4.27/FeaturePacks/TP_Rolling.upack)
[2023.02.26-12.08.30:740][  0]LogPakFile: OnPakFileMounted2Time == 0.000024
[2023.02.26-12.08.30:741][  0]LogPakFile: PakFile PrimaryIndexSize=185
[2023.02.26-12.08.30:741][  0]LogPakFile: PakFile PathHashIndexSize=101
[2023.02.26-12.08.30:741][  0]LogPakFile: PakFile FullDirectoryIndexSize=144
[2023.02.26-12.08.30:741][  0]LogShaderLibrary: Display: ShaderCodeLibraryPakFileMountedCallback: PakFile 'C:/Program Files/Epic Games/UE_4.27/FeaturePacks/TP_RollingBP.upack' (chunk index -1, root 'root:/') mounted
[2023.02.26-12.08.30:741][  0]LogShaderLibrary: Display: ShaderCodeLibraryPakFileMountedCallback: pending pak file info (ChunkID:-1 Root:root:/ File:C:/Program Files/Epic Games/UE_4.27/FeaturePacks/TP_RollingBP.upack)
[2023.02.26-12.08.30:741][  0]LogPakFile: OnPakFileMounted2Time == 0.000024
[2023.02.26-12.08.30:741][  0]LogPakFile: PakFile PrimaryIndexSize=188
[2023.02.26-12.08.30:741][  0]LogPakFile: PakFile PathHashIndexSize=101
[2023.02.26-12.08.30:741][  0]LogPakFile: PakFile FullDirectoryIndexSize=150
[2023.02.26-12.08.30:741][  0]LogShaderLibrary: Display: ShaderCodeLibraryPakFileMountedCallback: PakFile 'C:/Program Files/Epic Games/UE_4.27/FeaturePacks/TP_SideScroller.upack' (chunk index -1, root 'root:/') mounted
[2023.02.26-12.08.30:741][  0]LogShaderLibrary: Display: ShaderCodeLibraryPakFileMountedCallback: pending pak file info (ChunkID:-1 Root:root:/ File:C:/Program Files/Epic Games/UE_4.27/FeaturePacks/TP_SideScroller.upack)
[2023.02.26-12.08.30:741][  0]LogPakFile: OnPakFileMounted2Time == 0.000024
[2023.02.26-12.08.30:742][  0]LogPakFile: PakFile PrimaryIndexSize=190
[2023.02.26-12.08.30:742][  0]LogPakFile: PakFile PathHashIndexSize=101
[2023.02.26-12.08.30:742][  0]LogPakFile: PakFile FullDirectoryIndexSize=154
[2023.02.26-12.08.30:742][  0]LogShaderLibrary: Display: ShaderCodeLibraryPakFileMountedCallback: PakFile 'C:/Program Files/Epic Games/UE_4.27/FeaturePacks/TP_SideScrollerBP.upack' (chunk index -1, root 'root:/') mounted
[2023.02.26-12.08.30:742][  0]LogShaderLibrary: Display: ShaderCodeLibraryPakFileMountedCallback: pending pak file info (ChunkID:-1 Root:root:/ File:C:/Program Files/Epic Games/UE_4.27/FeaturePacks/TP_SideScrollerBP.upack)
[2023.02.26-12.08.30:742][  0]LogPakFile: OnPakFileMounted2Time == 0.000029
[2023.02.26-12.08.30:743][  0]LogPakFile: PakFile PrimaryIndexSize=187
[2023.02.26-12.08.30:743][  0]LogPakFile: PakFile PathHashIndexSize=101
[2023.02.26-12.08.30:743][  0]LogPakFile: PakFile FullDirectoryIndexSize=148
[2023.02.26-12.08.30:743][  0]LogShaderLibrary: Display: ShaderCodeLibraryPakFileMountedCallback: PakFile 'C:/Program Files/Epic Games/UE_4.27/FeaturePacks/TP_ThirdPerson.upack' (chunk index -1, root 'root:/') mounted
[2023.02.26-12.08.30:743][  0]LogShaderLibrary: Display: ShaderCodeLibraryPakFileMountedCallback: pending pak file info (ChunkID:-1 Root:root:/ File:C:/Program Files/Epic Games/UE_4.27/FeaturePacks/TP_ThirdPerson.upack)
[2023.02.26-12.08.30:743][  0]LogPakFile: OnPakFileMounted2Time == 0.000027
[2023.02.26-12.08.30:743][  0]LogPakFile: PakFile PrimaryIndexSize=189
[2023.02.26-12.08.30:743][  0]LogPakFile: PakFile PathHashIndexSize=101
[2023.02.26-12.08.30:743][  0]LogPakFile: PakFile FullDirectoryIndexSize=152
[2023.02.26-12.08.30:743][  0]LogShaderLibrary: Display: ShaderCodeLibraryPakFileMountedCallback: PakFile 'C:/Program Files/Epic Games/UE_4.27/FeaturePacks/TP_ThirdPersonBP.upack' (chunk index -1, root 'root:/') mounted
[2023.02.26-12.08.30:743][  0]LogShaderLibrary: Display: ShaderCodeLibraryPakFileMountedCallback: pending pak file info (ChunkID:-1 Root:root:/ File:C:/Program Files/Epic Games/UE_4.27/FeaturePacks/TP_ThirdPersonBP.upack)
[2023.02.26-12.08.30:743][  0]LogPakFile: OnPakFileMounted2Time == 0.000025
[2023.02.26-12.08.30:744][  0]LogPakFile: PakFile PrimaryIndexSize=183
[2023.02.26-12.08.30:744][  0]LogPakFile: PakFile PathHashIndexSize=101
[2023.02.26-12.08.30:744][  0]LogPakFile: PakFile FullDirectoryIndexSize=140
[2023.02.26-12.08.30:744][  0]LogShaderLibrary: Display: ShaderCodeLibraryPakFileMountedCallback: PakFile 'C:/Program Files/Epic Games/UE_4.27/FeaturePacks/TP_TopDown.upack' (chunk index -1, root 'root:/') mounted
[2023.02.26-12.08.30:744][  0]LogShaderLibrary: Display: ShaderCodeLibraryPakFileMountedCallback: pending pak file info (ChunkID:-1 Root:root:/ File:C:/Program Files/Epic Games/UE_4.27/FeaturePacks/TP_TopDown.upack)
[2023.02.26-12.08.30:744][  0]LogPakFile: OnPakFileMounted2Time == 0.000032
[2023.02.26-12.08.30:745][  0]LogPakFile: PakFile PrimaryIndexSize=185
[2023.02.26-12.08.30:745][  0]LogPakFile: PakFile PathHashIndexSize=101
[2023.02.26-12.08.30:745][  0]LogPakFile: PakFile FullDirectoryIndexSize=144
[2023.02.26-12.08.30:745][  0]LogShaderLibrary: Display: ShaderCodeLibraryPakFileMountedCallback: PakFile 'C:/Program Files/Epic Games/UE_4.27/FeaturePacks/TP_TopDownBP.upack' (chunk index -1, root 'root:/') mounted
[2023.02.26-12.08.30:745][  0]LogShaderLibrary: Display: ShaderCodeLibraryPakFileMountedCallback: pending pak file info (ChunkID:-1 Root:root:/ File:C:/Program Files/Epic Games/UE_4.27/FeaturePacks/TP_TopDownBP.upack)
[2023.02.26-12.08.30:745][  0]LogPakFile: OnPakFileMounted2Time == 0.000024
[2023.02.26-12.08.30:745][  0]LogPakFile: PakFile PrimaryIndexSize=185
[2023.02.26-12.08.30:745][  0]LogPakFile: PakFile PathHashIndexSize=101
[2023.02.26-12.08.30:745][  0]LogPakFile: PakFile FullDirectoryIndexSize=144
[2023.02.26-12.08.30:745][  0]LogShaderLibrary: Display: ShaderCodeLibraryPakFileMountedCallback: PakFile 'C:/Program Files/Epic Games/UE_4.27/FeaturePacks/TP_TwinStick.upack' (chunk index -1, root 'root:/') mounted
[2023.02.26-12.08.30:745][  0]LogShaderLibrary: Display: ShaderCodeLibraryPakFileMountedCallback: pending pak file info (ChunkID:-1 Root:root:/ File:C:/Program Files/Epic Games/UE_4.27/FeaturePacks/TP_TwinStick.upack)
[2023.02.26-12.08.30:745][  0]LogPakFile: OnPakFileMounted2Time == 0.000029
[2023.02.26-12.08.30:745][  0]LogPakFile: PakFile PrimaryIndexSize=187
[2023.02.26-12.08.30:745][  0]LogPakFile: PakFile PathHashIndexSize=101
[2023.02.26-12.08.30:745][  0]LogPakFile: PakFile FullDirectoryIndexSize=148
[2023.02.26-12.08.30:745][  0]LogShaderLibrary: Display: ShaderCodeLibraryPakFileMountedCallback: PakFile 'C:/Program Files/Epic Games/UE_4.27/FeaturePacks/TP_TwinStickBP.upack' (chunk index -1, root 'root:/') mounted
[2023.02.26-12.08.30:745][  0]LogShaderLibrary: Display: ShaderCodeLibraryPakFileMountedCallback: pending pak file info (ChunkID:-1 Root:root:/ File:C:/Program Files/Epic Games/UE_4.27/FeaturePacks/TP_TwinStickBP.upack)
[2023.02.26-12.08.30:745][  0]LogPakFile: OnPakFileMounted2Time == 0.000024
[2023.02.26-12.08.30:746][  0]LogPakFile: PakFile PrimaryIndexSize=183
[2023.02.26-12.08.30:746][  0]LogPakFile: PakFile PathHashIndexSize=101
[2023.02.26-12.08.30:746][  0]LogPakFile: PakFile FullDirectoryIndexSize=140
[2023.02.26-12.08.30:746][  0]LogShaderLibrary: Display: ShaderCodeLibraryPakFileMountedCallback: PakFile 'C:/Program Files/Epic Games/UE_4.27/FeaturePacks/TP_Vehicle.upack' (chunk index -1, root 'root:/') mounted
[2023.02.26-12.08.30:746][  0]LogShaderLibrary: Display: ShaderCodeLibraryPakFileMountedCallback: pending pak file info (ChunkID:-1 Root:root:/ File:C:/Program Files/Epic Games/UE_4.27/FeaturePacks/TP_Vehicle.upack)
[2023.02.26-12.08.30:746][  0]LogPakFile: OnPakFileMounted2Time == 0.000024
[2023.02.26-12.08.30:746][  0]LogPakFile: PakFile PrimaryIndexSize=186
[2023.02.26-12.08.30:746][  0]LogPakFile: PakFile PathHashIndexSize=101
[2023.02.26-12.08.30:746][  0]LogPakFile: PakFile FullDirectoryIndexSize=146
[2023.02.26-12.08.30:746][  0]LogShaderLibrary: Display: ShaderCodeLibraryPakFileMountedCallback: PakFile 'C:/Program Files/Epic Games/UE_4.27/FeaturePacks/TP_VehicleAdv.upack' (chunk index -1, root 'root:/') mounted
[2023.02.26-12.08.30:746][  0]LogShaderLibrary: Display: ShaderCodeLibraryPakFileMountedCallback: pending pak file info (ChunkID:-1 Root:root:/ File:C:/Program Files/Epic Games/UE_4.27/FeaturePacks/TP_VehicleAdv.upack)
[2023.02.26-12.08.30:746][  0]LogPakFile: OnPakFileMounted2Time == 0.000025
[2023.02.26-12.08.30:747][  0]LogPakFile: PakFile PrimaryIndexSize=188
[2023.02.26-12.08.30:747][  0]LogPakFile: PakFile PathHashIndexSize=101
[2023.02.26-12.08.30:747][  0]LogPakFile: PakFile FullDirectoryIndexSize=150
[2023.02.26-12.08.30:747][  0]LogShaderLibrary: Display: ShaderCodeLibraryPakFileMountedCallback: PakFile 'C:/Program Files/Epic Games/UE_4.27/FeaturePacks/TP_VehicleAdvBP.upack' (chunk index -1, root 'root:/') mounted
[2023.02.26-12.08.30:747][  0]LogShaderLibrary: Display: ShaderCodeLibraryPakFileMountedCallback: pending pak file info (ChunkID:-1 Root:root:/ File:C:/Program Files/Epic Games/UE_4.27/FeaturePacks/TP_VehicleAdvBP.upack)
[2023.02.26-12.08.30:747][  0]LogPakFile: OnPakFileMounted2Time == 0.000027
[2023.02.26-12.08.30:748][  0]LogPakFile: PakFile PrimaryIndexSize=185
[2023.02.26-12.08.30:748][  0]LogPakFile: PakFile PathHashIndexSize=101
[2023.02.26-12.08.30:748][  0]LogPakFile: PakFile FullDirectoryIndexSize=144
[2023.02.26-12.08.30:748][  0]LogShaderLibrary: Display: ShaderCodeLibraryPakFileMountedCallback: PakFile 'C:/Program Files/Epic Games/UE_4.27/FeaturePacks/TP_VehicleBP.upack' (chunk index -1, root 'root:/') mounted
[2023.02.26-12.08.30:748][  0]LogShaderLibrary: Display: ShaderCodeLibraryPakFileMountedCallback: pending pak file info (ChunkID:-1 Root:root:/ File:C:/Program Files/Epic Games/UE_4.27/FeaturePacks/TP_VehicleBP.upack)
[2023.02.26-12.08.30:748][  0]LogPakFile: OnPakFileMounted2Time == 0.000029
[2023.02.26-12.08.30:748][  0]LogPakFile: PakFile PrimaryIndexSize=192
[2023.02.26-12.08.30:748][  0]LogPakFile: PakFile PathHashIndexSize=101
[2023.02.26-12.08.30:748][  0]LogPakFile: PakFile FullDirectoryIndexSize=158
[2023.02.26-12.08.30:748][  0]LogShaderLibrary: Display: ShaderCodeLibraryPakFileMountedCallback: PakFile 'C:/Program Files/Epic Games/UE_4.27/FeaturePacks/TP_VirtualRealityBP.upack' (chunk index -1, root 'root:/') mounted
[2023.02.26-12.08.30:748][  0]LogShaderLibrary: Display: ShaderCodeLibraryPakFileMountedCallback: pending pak file info (ChunkID:-1 Root:root:/ File:C:/Program Files/Epic Games/UE_4.27/FeaturePacks/TP_VirtualRealityBP.upack)
[2023.02.26-12.08.30:748][  0]LogPakFile: OnPakFileMounted2Time == 0.000024
[2023.02.26-12.08.30:808][  0]LogNativeClassHierarchy: Verbose: Native class hierarchy updated for 'AddContentDialog' in 0.0003 seconds. Added 0 classes and 0 folders.
[2023.02.26-12.08.30:812][  0]LogNativeClassHierarchy: Verbose: Native class hierarchy updated for 'SceneOutliner' in 0.0003 seconds. Added 2 classes and 0 folders.
[2023.02.26-12.08.30:880][  0]LogSlate: Took 0.000430 seconds to synchronously load lazily loaded font '../../../Engine/Content/Slate/Fonts/Roboto-Regular.ttf' (155K)
[2023.02.26-12.08.30:881][  0]LogSlate: Took 0.000159 seconds to synchronously load lazily loaded font '../../../Engine/Content/Editor/Slate/Fonts/FontAwesome.ttf' (139K)
[2023.02.26-12.08.30:882][  0]LogSlate: Took 0.000949 seconds to synchronously load lazily loaded font '../../../Engine/Content/Editor/Slate/Fonts/NanumGothic.ttf' (4243K)
[2023.02.26-12.08.30:883][  0]LogSlate: Took 0.001070 seconds to synchronously load lazily loaded font '../../../Engine/Content/Editor/Slate/Fonts/NanumGothicBold.ttf' (4188K)
[2023.02.26-12.08.30:883][  0]LogSlate: Took 0.000179 seconds to synchronously load lazily loaded font '../../../Engine/Content/Slate/Fonts/Roboto-Bold.ttf' (160K)
[2023.02.26-12.08.30:949][  0]LogRenderer: Reallocating scene render targets to support 1072x556 Format 10 NumSamples 1 (Frame:1).
[2023.02.26-12.08.31:029][  0]LogNativeClassHierarchy: Verbose: Native class hierarchy updated for 'HierarchicalLODOutliner' in 0.0003 seconds. Added 0 classes and 0 folders.
[2023.02.26-12.08.31:029][  0]LogInput: Warning: Action Jump uses invalid key OculusGo_Left_Trigger_Click.
[2023.02.26-12.08.31:029][  0]LogInput: Warning: Action ResetVR uses invalid key OculusGo_Left_Trackpad_Click.
[2023.02.26-12.08.31:029][  0]LogInput: Warning: Use -RemoveInvalidKeys to remove instances of these keys from the action mapping.
[2023.02.26-12.08.31:029][  0]LogLoad: (Engine Initialization) Total time: 8.12 seconds
[2023.02.26-12.08.31:029][  0]LogLoad: (Engine Initialization) Total Blueprint compile time: 0.00 seconds
[2023.02.26-12.08.31:068][  0]LogAssetRegistry: Asset discovery search completed in 4.6151 seconds
[2023.02.26-12.08.31:073][  0]LogCollectionManager: Fixed up redirectors for 0 collections in 0.000003 seconds (updated 0 objects)
[2023.02.26-12.08.31:075][  0]LogContentStreaming: Texture pool size now 1000 MB
[2023.02.26-12.08.33:232][250]LogEditorViewport: Clicking on Actor (LMB): Fountain (Fountain1)
[2023.02.26-12.08.36:875][672]Cmd: DELETE
[2023.02.26-12.08.36:875][672]Cmd: ACTOR DELETE
[2023.02.26-12.08.36:876][672]LogEditorActor: Deleted Actor: Fountain
[2023.02.26-12.08.36:881][672]LogUObjectHash: Compacting FUObjectHashTables data took   0.64ms
[2023.02.26-12.08.36:883][672]LogEditorActor: Deleted 1 Actors (0.007 secs)
[2023.02.26-12.08.38:153][822]LogSlate: Took 0.000144 seconds to synchronously load lazily loaded font '../../../Engine/Content/Slate/Fonts/Roboto-Light.ttf' (167K)
[2023.02.26-12.08.38:164][822]Cmd: OBJ SAVEPACKAGE PACKAGE="/Game/Book/Maps/Step1" FILE="D:/Github/UnrealPractice/ArenaBattle/Content/Book/Maps/Step1.umap" SILENT=true AUTOSAVING=false KEEPDIRTY=false
[2023.02.26-12.08.38:168][822]LogUObjectHash: Compacting FUObjectHashTables data took   0.27ms
[2023.02.26-12.08.38:178][822]LogSavePackage: Moving 'D:/Github/UnrealPractice/ArenaBattle/Saved/Step12E089AE14ED5F56CDC5E86AA15ED00A8.tmp' to 'D:/Github/UnrealPractice/ArenaBattle/Content/Book/Maps/Step1.umap'
[2023.02.26-12.08.38:182][822]Cmd: OBJ SAVEPACKAGE PACKAGE="/Game/Book/Maps/Step1_BuiltData" FILE="D:/Github/UnrealPractice/ArenaBattle/Content/Book/Maps/Step1_BuiltData.uasset" SILENT=true
[2023.02.26-12.08.38:211][822]LogSavePackage: Moving 'D:/Github/UnrealPractice/ArenaBattle/Saved/Step1_BuiltData3A4F8B1D4FCDB80E6EE042A172940A97.tmp' to 'D:/Github/UnrealPractice/ArenaBattle/Content/Book/Maps/Step1_BuiltData.uasset'
[2023.02.26-12.08.38:226][822]AssetCheck: New page: 에셋 저장:  다수의 에셋
[2023.02.26-12.08.38:226][822]LogContentValidation: Display: MapBuildDataRegistry /Game/Book/Maps/Step1_BuiltData.Step1_BuiltData 유효성 검사 중
[2023.02.26-12.08.38:227][822]LogContentValidation: Display: World /Game/Book/Maps/Step1.Step1 유효성 검사 중
[2023.02.26-12.08.51:033][ 26]LogHotReload: New module detected: UE4Editor-ArenaBattle-0001.dll
[2023.02.26-12.08.51:722][ 29]LogHotReload: Starting Hot-Reload from IDE
[2023.02.26-12.08.53:462][ 29]LogWindows: Error: === Critical error: ===
[2023.02.26-12.08.53:462][ 29]LogWindows: Error: 
[2023.02.26-12.08.53:462][ 29]LogWindows: Error: Fatal error!
[2023.02.26-12.08.53:462][ 29]LogWindows: Error: 
[2023.02.26-12.08.53:462][ 29]LogWindows: Error: Unhandled Exception: EXCEPTION_ACCESS_VIOLATION reading address 0x0000000000000098
[2023.02.26-12.08.53:462][ 29]LogWindows: Error: 
[2023.02.26-12.08.53:462][ 29]LogWindows: Error: [Callstack] 0x00007ff96d935ae0 UE4Editor-Engine.dll!UnknownFunction []
[2023.02.26-12.08.53:462][ 29]LogWindows: Error: [Callstack] 0x00007ff934ff2058 UE4Editor-ArenaBattle-0001.dll!AFountain::AFountain() [D:\Github\UnrealPractice\ArenaBattle\Source\ArenaBattle\Private\Fountain.cpp:18]
[2023.02.26-12.08.53:462][ 29]LogWindows: Error: [Callstack] 0x00007ff93f463d23 UE4Editor-HotReload.dll!UnknownFunction []
[2023.02.26-12.08.53:462][ 29]LogWindows: Error: [Callstack] 0x00007ff93f454c90 UE4Editor-HotReload.dll!UnknownFunction []
[2023.02.26-12.08.53:462][ 29]LogWindows: Error: [Callstack] 0x00007ff93f459fe5 UE4Editor-HotReload.dll!UnknownFunction []
[2023.02.26-12.08.53:462][ 29]LogWindows: Error: [Callstack] 0x00007ff93f4662f3 UE4Editor-HotReload.dll!UnknownFunction []
[2023.02.26-12.08.53:462][ 29]LogWindows: Error: [Callstack] 0x00007ff93f466a99 UE4Editor-HotReload.dll!UnknownFunction []
[2023.02.26-12.08.53:462][ 29]LogWindows: Error: [Callstack] 0x00007ff93f45ed16 UE4Editor-HotReload.dll!UnknownFunction []
[2023.02.26-12.08.53:462][ 29]LogWindows: Error: [Callstack] 0x00007ff9723d71c6 UE4Editor-CoreUObject.dll!UnknownFunction []
[2023.02.26-12.08.53:462][ 29]LogWindows: Error: [Callstack] 0x00007ff9723b5422 UE4Editor-CoreUObject.dll!UnknownFunction []
[2023.02.26-12.08.53:462][ 29]LogWindows: Error: [Callstack] 0x00007ff97227ddc5 UE4Editor-CoreUObject.dll!UnknownFunction []
[2023.02.26-12.08.53:462][ 29]LogWindows: Error: [Callstack] 0x00007ff972a91bea UE4Editor-Core.dll!UnknownFunction []
[2023.02.26-12.08.53:462][ 29]LogWindows: Error: [Callstack] 0x00007ff972ab15a3 UE4Editor-Core.dll!UnknownFunction []
[2023.02.26-12.08.53:462][ 29]LogWindows: Error: [Callstack] 0x00007ff972ab0618 UE4Editor-Core.dll!UnknownFunction []
[2023.02.26-12.08.53:462][ 29]LogWindows: Error: [Callstack] 0x00007ff93f45b047 UE4Editor-HotReload.dll!UnknownFunction []
[2023.02.26-12.08.53:462][ 29]LogWindows: Error: [Callstack] 0x00007ff93f45ad48 UE4Editor-HotReload.dll!UnknownFunction []
[2023.02.26-12.08.53:462][ 29]LogWindows: Error: [Callstack] 0x00007ff93f46cae2 UE4Editor-HotReload.dll!UnknownFunction []
[2023.02.26-12.08.53:462][ 29]LogWindows: Error: [Callstack] 0x00007ff9727c1d93 UE4Editor-Core.dll!UnknownFunction []
[2023.02.26-12.08.53:462][ 29]LogWindows: Error: [Callstack] 0x00007ff766a5bca8 UE4Editor.exe!UnknownFunction []
[2023.02.26-12.08.53:462][ 29]LogWindows: Error: [Callstack] 0x00007ff766a70fcc UE4Editor.exe!UnknownFunction []
[2023.02.26-12.08.53:462][ 29]LogWindows: Error: [Callstack] 0x00007ff766a710ba UE4Editor.exe!UnknownFunction []
[2023.02.26-12.08.53:462][ 29]LogWindows: Error: [Callstack] 0x00007ff766a740dd UE4Editor.exe!UnknownFunction []
[2023.02.26-12.08.53:462][ 29]LogWindows: Error: [Callstack] 0x00007ff766a85984 UE4Editor.exe!UnknownFunction []
[2023.02.26-12.08.53:462][ 29]LogWindows: Error: [Callstack] 0x00007ff766a8853a UE4Editor.exe!UnknownFunction []
[2023.02.26-12.08.53:462][ 29]LogWindows: Error: [Callstack] 0x00007ff9f29226bd KERNEL32.DLL!UnknownFunction []
[2023.02.26-12.08.53:462][ 29]LogWindows: Error: [Callstack] 0x00007ff9f354dfb8 ntdll.dll!UnknownFunction []
[2023.02.26-12.08.53:462][ 29]LogWindows: Error: 
[2023.02.26-12.08.53:474][ 29]LogExit: Executing StaticShutdownAfterError
[2023.02.26-12.08.53:475][ 29]LogWindows: FPlatformMisc::RequestExit(1)
[2023.02.26-12.08.53:475][ 29]LogWindows: FPlatformMisc::RequestExitWithStatus(1, 3)
[2023.02.26-12.08.53:475][ 29]LogCore: Engine exit requested (reason: Win RequestExit)
[2023.02.26-12.08.53:481][ 29]Log file closed, 02/26/23 21:08:53
