Log file open, 03/07/23 09:56:14
LogWindows: Failed to load 'aqProf.dll' (GetLastError=126)
LogWindows: File 'aqProf.dll' does not exist
LogWindows: Failed to load 'VtuneApi.dll' (GetLastError=126)
LogWindows: File 'VtuneApi.dll' does not exist
LogWindows: Failed to load 'VtuneApi32e.dll' (GetLastError=126)
LogWindows: File 'VtuneApi32e.dll' does not exist
LogConsoleResponse: Display: Failed to find resolution value strings in scalability ini. Falling back to default.
LogConsoleResponse: Display: Failed to find resolution value strings in scalability ini. Falling back to default.
LogInit: Display: Running engine for game: ArenaBattle
LogPlatformFile: Not using cached read wrapper
LogTaskGraph: Started task graph with 5 named threads and 47 total threads with 3 sets of task threads.
LogStats: Stats thread started at 0.247213
LogICUInternationalization: ICU TimeZone Detection - Raw Offset: +9:00, Platform Override: ''
LogInit: Display: Loading text-based GConfig....
LogPluginManager: Mounting plugin MeshPainting
LogPluginManager: Mounting plugin XGEController
LogPluginManager: Mounting plugin Paper2D
LogPluginManager: Mounting plugin LiveLink
LogPluginManager: Mounting plugin AISupport
LogPluginManager: Mounting plugin EnvironmentQueryEditor
LogPluginManager: Mounting plugin LightPropagationVolume
LogPluginManager: Mounting plugin AnimationSharing
LogPluginManager: Mounting plugin CLionSourceCodeAccess
LogPluginManager: Mounting plugin CodeLiteSourceCodeAccess
LogPluginManager: Mounting plugin GitSourceControl
LogPluginManager: Mounting plugin KDevelopSourceCodeAccess
LogPluginManager: Mounting plugin NullSourceCodeAccess
LogPluginManager: Mounting plugin PerforceSourceControl
LogPluginManager: Mounting plugin PixWinPlugin
LogPluginManager: Mounting plugin PlasticSourceControl
LogPluginManager: Mounting plugin PluginUtils
LogPluginManager: Mounting plugin PropertyAccessNode
LogPluginManager: Mounting plugin SubversionSourceControl
LogPluginManager: Mounting plugin RiderSourceCodeAccess
LogPluginManager: Mounting plugin TextureFormatOodle
LogPluginManager: Mounting plugin UObjectPlugin
LogPluginManager: Mounting plugin VisualStudioCodeSourceCodeAccess
LogPluginManager: Mounting plugin Niagara
LogPluginManager: Mounting plugin XCodeSourceCodeAccess
LogPluginManager: Mounting plugin VisualStudioSourceCodeAccess
LogPluginManager: Mounting plugin DatasmithContent
LogPluginManager: Mounting plugin VariantManagerContent
LogPluginManager: Mounting plugin AssetManagerEditor
LogPluginManager: Mounting plugin CryptoKeys
LogPluginManager: Mounting plugin CurveEditorTools
LogPluginManager: Mounting plugin DataValidation
LogPluginManager: Mounting plugin FacialAnimation
LogPluginManager: Mounting plugin GameplayTagsEditor
LogPluginManager: Mounting plugin GeometryMode
LogPluginManager: Mounting plugin MacGraphicsSwitching
LogPluginManager: Mounting plugin MaterialAnalyzer
LogPluginManager: Mounting plugin AlembicImporter
LogPluginManager: Mounting plugin MobileLauncherProfileWizard
LogPluginManager: Mounting plugin PluginBrowser
LogPluginManager: Mounting plugin SpeedTreeImporter
LogPluginManager: Mounting plugin AutomationUtils
LogPluginManager: Mounting plugin BackChannel
LogPluginManager: Mounting plugin ChaosCloth
LogPluginManager: Mounting plugin ChaosClothEditor
LogPluginManager: Mounting plugin ChaosEditor
LogPluginManager: Mounting plugin ChaosNiagara
LogPluginManager: Mounting plugin ChaosSolverPlugin
LogPluginManager: Mounting plugin CharacterAI
LogPluginManager: Mounting plugin GeometryCache
LogPluginManager: Mounting plugin GeometryProcessing
LogPluginManager: Mounting plugin GeometryCollectionPlugin
LogPluginManager: Mounting plugin MotoSynth
LogPluginManager: Mounting plugin OpenImageDenoise
LogPluginManager: Mounting plugin PlanarCut
LogPluginManager: Mounting plugin PlatformCrypto
LogPluginManager: Mounting plugin ProxyLODPlugin
LogPluginManager: Mounting plugin PythonScriptPlugin
LogPluginManager: Mounting plugin SkeletalReduction
LogPluginManager: Mounting plugin AndroidMedia
LogPluginManager: Mounting plugin AvfMedia
LogPluginManager: Mounting plugin ImgMedia
LogPluginManager: Mounting plugin MediaCompositing
LogPluginManager: Mounting plugin MediaPlayerEditor
LogPluginManager: Mounting plugin WebMMedia
LogPluginManager: Mounting plugin LuminPlatformFeatures
LogPluginManager: Mounting plugin WmfMedia
LogPluginManager: Mounting plugin MagicLeap
LogPluginManager: Mounting plugin MagicLeapLightEstimation
LogPluginManager: Mounting plugin MagicLeapMedia
LogPluginManager: Mounting plugin MagicLeapPassableWorld
LogPluginManager: Mounting plugin MLSDK
LogPluginManager: Mounting plugin TcpMessaging
LogPluginManager: Mounting plugin UdpMessaging
LogPluginManager: Mounting plugin ActorSequence
LogPluginManager: Mounting plugin LevelSequenceEditor
LogPluginManager: Mounting plugin MatineeToLevelSequence
LogPluginManager: Mounting plugin TemplateSequence
LogPluginManager: Mounting plugin OnlineSubsystem
LogPluginManager: Mounting plugin OnlineSubsystemNull
LogPluginManager: Mounting plugin OnlineSubsystemUtils
LogPluginManager: Mounting plugin LauncherChunkInstaller
LogPluginManager: Mounting plugin ActorLayerUtilities
LogPluginManager: Mounting plugin AndroidDeviceProfileSelector
LogPluginManager: Mounting plugin AndroidMoviePlayer
LogPluginManager: Mounting plugin AndroidPermission
LogPluginManager: Mounting plugin AppleImageUtils
LogPluginManager: Mounting plugin AppleMoviePlayer
LogPluginManager: Mounting plugin ArchVisCharacter
LogPluginManager: Mounting plugin AssetTags
LogPluginManager: Mounting plugin AudioCapture
LogPluginManager: Mounting plugin AudioSynesthesia
LogPluginManager: Mounting plugin CableComponent
LogPluginManager: Mounting plugin ChunkDownloader
LogPluginManager: Mounting plugin CustomMeshComponent
LogPluginManager: Mounting plugin EditableMesh
LogPluginManager: Mounting plugin ExampleDeviceProfileSelector
LogPluginManager: Mounting plugin GoogleCloudMessaging
LogPluginManager: Mounting plugin GooglePAD
LogPluginManager: Mounting plugin IOSDeviceProfileSelector
LogPluginManager: Mounting plugin LinuxDeviceProfileSelector
LogPluginManager: Mounting plugin LocationServicesBPLibrary
LogPluginManager: Mounting plugin MobilePatchingUtils
LogPluginManager: Mounting plugin OpenXR
LogPluginManager: Mounting plugin OpenXREyeTracker
LogPluginManager: Mounting plugin OpenXRHandTracking
LogPluginManager: Mounting plugin PhysXVehicles
LogPluginManager: Mounting plugin PostSplashScreen
LogPluginManager: Mounting plugin ProceduralMeshComponent
LogPluginManager: Mounting plugin PropertyAccessEditor
LogPluginManager: Mounting plugin ScreenshotTools
LogPluginManager: Mounting plugin RuntimePhysXCooking
LogPluginManager: Mounting plugin SignificanceManager
LogPluginManager: Mounting plugin SoundFields
LogPluginManager: Mounting plugin Synthesis
LogPluginManager: Mounting plugin WebMMoviePlayer
LogPluginManager: Mounting plugin WindowsMoviePlayer
LogPluginManager: Mounting plugin Takes
LogPluginManager: Mounting plugin GameplayCameras
LogPluginManager: Mounting plugin CameraShakePreviewer
LogPluginManager: Mounting plugin OodleData
LogPluginManager: Mounting plugin OodleNetwork
LogPluginManager: Mounting plugin ContentBrowserClassDataSource
LogPluginManager: Mounting plugin ContentBrowserAssetDataSource
LogPluginManager: Mounting plugin ContentBrowserFileDataSource
LogPluginManager: Mounting plugin OnlineSubsystemGooglePlay
LogPluginManager: Mounting plugin OnlineSubsystemIOS
LogPluginManager: Mounting plugin OculusVR
LogPluginManager: Mounting plugin SteamVR
PixWinPlugin: PIX capture plugin failed to initialize! Check that the process is launched from PIX.
LogInit: Using libcurl 7.55.1-DEV
LogInit:  - built for x86_64-pc-win32
LogInit:  - supports SSL with OpenSSL/1.1.1
LogInit:  - supports HTTP deflate (compression) using libz 1.2.8
LogInit:  - other features:
LogInit:      CURL_VERSION_SSL
LogInit:      CURL_VERSION_LIBZ
LogInit:      CURL_VERSION_IPV6
LogInit:      CURL_VERSION_ASYNCHDNS
LogInit:      CURL_VERSION_LARGEFILE
LogInit:      CURL_VERSION_IDN
LogInit:  CurlRequestOptions (configurable via config and command line):
LogInit:  - bVerifyPeer = true  - Libcurl will verify peer certificate
LogInit:  - bUseHttpProxy = false  - Libcurl will NOT use HTTP proxy
LogInit:  - bDontReuseConnections = false  - Libcurl will reuse connections
LogInit:  - MaxHostConnections = 16  - Libcurl will limit the number of connections to a host
LogInit:  - LocalHostAddr = Default
LogInit:  - BufferSize = 65536
LogOnline: OSS: Creating online subsystem instance for: NULL
LogInit: WinSock: version 1.1 (2.2), MaxSocks=32767, MaxUdp=65467
LogOnline: OSS: TryLoadSubsystemAndSetDefault: Loaded subsystem for module [NULL]
LogOculusPluginWrapper: OculusPlugin initialized successfully
LogHMD: Failed initializing OVRPlugin 1.59.0
LogInit: Build: ++UE4+Release-4.27-CL-18319896
LogInit: Engine Version: 4.27.2-18319896+++UE4+Release-4.27
LogInit: Compatible Engine Version: 4.27.0-17155196+++UE4+Release-4.27
LogInit: Net CL: 17155196
LogInit: OS: Windows 10 (Release 2009) (), CPU: AMD Ryzen 7 5800H with Radeon Graphics         , GPU: NVIDIA GeForce RTX 3070 Laptop GPU
LogInit: Compiled (64-bit): Nov 30 2021 07:12:08
LogInit: Compiled with Visual C++: 19.24.28315.00
LogInit: Build Configuration: Development
LogInit: Branch Name: ++UE4+Release-4.27
LogInit: Command Line: 
LogInit: Base Directory: C:/Program Files/Epic Games/UE_4.27/Engine/Binaries/Win64/
LogInit: Allocator: TBB
LogInit: Installed Engine Build: 1
LogDevObjectVersion: Number of dev versions registered: 29
LogDevObjectVersion:   Dev-Blueprints (B0D832E4-1F89-4F0D-ACCF-7EB736FD4AA2): 10
LogDevObjectVersion:   Dev-Build (E1C64328-A22C-4D53-A36C-8E866417BD8C): 0
LogDevObjectVersion:   Dev-Core (375EC13C-06E4-48FB-B500-84F0262A717E): 4
LogDevObjectVersion:   Dev-Editor (E4B068ED-F494-42E9-A231-DA0B2E46BB41): 40
LogDevObjectVersion:   Dev-Framework (CFFC743F-43B0-4480-9391-14DF171D2073): 37
LogDevObjectVersion:   Dev-Mobile (B02B49B5-BB20-44E9-A304-32B752E40360): 3
LogDevObjectVersion:   Dev-Networking (A4E4105C-59A1-49B5-A7C5-40C4547EDFEE): 0
LogDevObjectVersion:   Dev-Online (39C831C9-5AE6-47DC-9A44-9C173E1C8E7C): 0
LogDevObjectVersion:   Dev-Physics (78F01B33-EBEA-4F98-B9B4-84EACCB95AA2): 14
LogDevObjectVersion:   Dev-Platform (6631380F-2D4D-43E0-8009-CF276956A95A): 0
LogDevObjectVersion:   Dev-Rendering (12F88B9F-8875-4AFC-A67C-D90C383ABD29): 45
LogDevObjectVersion:   Dev-Sequencer (7B5AE74C-D270-4C10-A958-57980B212A5A): 13
LogDevObjectVersion:   Dev-VR (D7296918-1DD6-4BDD-9DE2-64A83CC13884): 3
LogDevObjectVersion:   Dev-LoadTimes (C2A15278-BFE7-4AFE-6C17-90FF531DF755): 1
LogDevObjectVersion:   Private-Geometry (6EACA3D4-40EC-4CC1-B786-8BED09428FC5): 3
LogDevObjectVersion:   Dev-AnimPhys (29E575DD-E0A3-4627-9D10-D276232CDCEA): 17
LogDevObjectVersion:   Dev-Anim (AF43A65D-7FD3-4947-9873-3E8ED9C1BB05): 15
LogDevObjectVersion:   Dev-ReflectionCapture (6B266CEC-1EC7-4B8F-A30B-E4D90942FC07): 1
LogDevObjectVersion:   Dev-Automation (0DF73D61-A23F-47EA-B727-89E90C41499A): 1
LogDevObjectVersion:   FortniteMain (601D1886-AC64-4F84-AA16-D3DE0DEAC7D6): 47
LogDevObjectVersion:   FortniteRelease (E7086368-6B23-4C58-8439-1B7016265E91): 1
LogDevObjectVersion:   Dev-Enterprise (9DFFBCD6-494F-0158-E221-12823C92A888): 10
LogDevObjectVersion:   Dev-Niagara (F2AED0AC-9AFE-416F-8664-AA7FFA26D6FC): 1
LogDevObjectVersion:   Dev-Destruction (174F1F0B-B4C6-45A5-B13F-2EE8D0FB917D): 10
LogDevObjectVersion:   Dev-Physics-Ext (35F94A83-E258-406C-A318-09F59610247C): 41
LogDevObjectVersion:   Dev-PhysicsMaterial-Chaos (B68FC16E-8B1B-42E2-B453-215C058844FE): 1
LogDevObjectVersion:   Dev-CineCamera (B2E18506-4273-CFC2-A54E-F4BB758BBA07): 1
LogDevObjectVersion:   Dev-VirtualProduction (64F58936-FD1B-42BA-BA96-7289D5D0FA4E): 1
LogDevObjectVersion:   Dev-MediaFramework (6F0ED827-A609-4895-9C91-998D90180EA4): 2
LogInit: Presizing for max 25165824 objects, including 0 objects not considered by GC, pre-allocating 0 bytes for permanent pool.
LogConfig: Applying CVar settings from Section [/Script/Engine.StreamingSettings] File [D:/Github/UnrealPractice/ArenaBattle/Saved/Config/Windows/Engine.ini]
LogConfig: Setting CVar [[s.MinBulkDataSizeForAsyncLoading:131072]]
LogConfig: Setting CVar [[s.AsyncLoadingThreadEnabled:0]]
LogConfig: Setting CVar [[s.EventDrivenLoaderEnabled:1]]
LogConfig: Setting CVar [[s.WarnIfTimeLimitExceeded:0]]
LogConfig: Setting CVar [[s.TimeLimitExceededMultiplier:1.5]]
LogConfig: Setting CVar [[s.TimeLimitExceededMinTime:0.005]]
LogConfig: Setting CVar [[s.UseBackgroundLevelStreaming:1]]
LogConfig: Setting CVar [[s.PriorityAsyncLoadingExtraTime:15.0]]
LogConfig: Setting CVar [[s.LevelStreamingActorsUpdateTimeLimit:5.0]]
LogConfig: Setting CVar [[s.PriorityLevelStreamingActorsUpdateExtraTime:5.0]]
LogConfig: Setting CVar [[s.LevelStreamingComponentsRegistrationGranularity:10]]
LogConfig: Setting CVar [[s.UnregisterComponentsTimeLimit:1.0]]
LogConfig: Setting CVar [[s.LevelStreamingComponentsUnregistrationGranularity:5]]
LogConfig: Setting CVar [[s.FlushStreamingOnExit:1]]
LogInit: Object subsystem initialized
LogConfig: Setting CVar [[con.DebugEarlyDefault:1]]
LogConfig: Setting CVar [[r.setres:1280x720]]
[2023.03.07-00.56.14:958][  0]LogConfig: Setting CVar [[r.VSync:0]]
[2023.03.07-00.56.14:958][  0]LogConfig: Setting CVar [[r.RHICmdBypass:0]]
[2023.03.07-00.56.14:958][  0]LogConfig: Applying CVar settings from Section [/Script/Engine.RendererSettings] File [D:/Github/UnrealPractice/ArenaBattle/Saved/Config/Windows/Engine.ini]
[2023.03.07-00.56.14:958][  0]LogConfig: Setting CVar [[r.GPUCrashDebugging:0]]
[2023.03.07-00.56.14:958][  0]LogConfig: Setting CVar [[r.SkinCache.CompileShaders:1]]
[2023.03.07-00.56.14:958][  0]LogConfig: Setting CVar [[r.RayTracing:1]]
[2023.03.07-00.56.14:958][  0]LogConfig: Applying CVar settings from Section [/Script/Engine.RendererOverrideSettings] File [D:/Github/UnrealPractice/ArenaBattle/Saved/Config/Windows/Engine.ini]
[2023.03.07-00.56.14:958][  0]LogConfig: Applying CVar settings from Section [/Script/Engine.StreamingSettings] File [D:/Github/UnrealPractice/ArenaBattle/Saved/Config/Windows/Engine.ini]
[2023.03.07-00.56.14:958][  0]LogConfig: Setting CVar [[s.MinBulkDataSizeForAsyncLoading:131072]]
[2023.03.07-00.56.14:958][  0]LogConfig: Setting CVar [[s.AsyncLoadingThreadEnabled:0]]
[2023.03.07-00.56.14:958][  0]LogConfig: Setting CVar [[s.EventDrivenLoaderEnabled:1]]
[2023.03.07-00.56.14:958][  0]LogConfig: Setting CVar [[s.WarnIfTimeLimitExceeded:0]]
[2023.03.07-00.56.14:958][  0]LogConfig: Setting CVar [[s.TimeLimitExceededMultiplier:1.5]]
[2023.03.07-00.56.14:958][  0]LogConfig: Setting CVar [[s.TimeLimitExceededMinTime:0.005]]
[2023.03.07-00.56.14:958][  0]LogConfig: Setting CVar [[s.UseBackgroundLevelStreaming:1]]
[2023.03.07-00.56.14:958][  0]LogConfig: Setting CVar [[s.PriorityAsyncLoadingExtraTime:15.0]]
[2023.03.07-00.56.14:958][  0]LogConfig: Setting CVar [[s.LevelStreamingActorsUpdateTimeLimit:5.0]]
[2023.03.07-00.56.14:958][  0]LogConfig: Setting CVar [[s.PriorityLevelStreamingActorsUpdateExtraTime:5.0]]
[2023.03.07-00.56.14:958][  0]LogConfig: Setting CVar [[s.LevelStreamingComponentsRegistrationGranularity:10]]
[2023.03.07-00.56.14:958][  0]LogConfig: Setting CVar [[s.UnregisterComponentsTimeLimit:1.0]]
[2023.03.07-00.56.14:958][  0]LogConfig: Setting CVar [[s.LevelStreamingComponentsUnregistrationGranularity:5]]
[2023.03.07-00.56.14:958][  0]LogConfig: Setting CVar [[s.FlushStreamingOnExit:1]]
[2023.03.07-00.56.14:958][  0]LogConfig: Applying CVar settings from Section [/Script/Engine.GarbageCollectionSettings] File [D:/Github/UnrealPractice/ArenaBattle/Saved/Config/Windows/Engine.ini]
[2023.03.07-00.56.14:958][  0]LogConfig: Setting CVar [[gc.MaxObjectsNotConsideredByGC:1]]
[2023.03.07-00.56.14:958][  0]LogConfig: Setting CVar [[gc.SizeOfPermanentObjectPool:0]]
[2023.03.07-00.56.14:958][  0]LogConfig: Setting CVar [[gc.FlushStreamingOnGC:0]]
[2023.03.07-00.56.14:958][  0]LogConfig: Setting CVar [[gc.NumRetriesBeforeForcingGC:10]]
[2023.03.07-00.56.14:958][  0]LogConfig: Setting CVar [[gc.AllowParallelGC:1]]
[2023.03.07-00.56.14:958][  0]LogConfig: Setting CVar [[gc.TimeBetweenPurgingPendingKillObjects:61.1]]
[2023.03.07-00.56.14:958][  0]LogConfig: Setting CVar [[gc.MaxObjectsInEditor:25165824]]
[2023.03.07-00.56.14:958][  0]LogConfig: Setting CVar [[gc.IncrementalBeginDestroyEnabled:1]]
[2023.03.07-00.56.14:958][  0]LogConfig: Setting CVar [[gc.CreateGCClusters:1]]
[2023.03.07-00.56.14:958][  0]LogConfig: Setting CVar [[gc.MinGCClusterSize:5]]
[2023.03.07-00.56.14:958][  0]LogConfig: Setting CVar [[gc.ActorClusteringEnabled:0]]
[2023.03.07-00.56.14:958][  0]LogConfig: Setting CVar [[gc.BlueprintClusteringEnabled:0]]
[2023.03.07-00.56.14:958][  0]LogConfig: Setting CVar [[gc.UseDisregardForGCOnDedicatedServers:0]]
[2023.03.07-00.56.14:958][  0]LogConfig: Setting CVar [[gc.MultithreadedDestructionEnabled:1]]
[2023.03.07-00.56.14:958][  0]LogConfig: Applying CVar settings from Section [/Script/Engine.NetworkSettings] File [D:/Github/UnrealPractice/ArenaBattle/Saved/Config/Windows/Engine.ini]
[2023.03.07-00.56.14:958][  0]LogConfig: Applying CVar settings from Section [/Script/UnrealEd.CookerSettings] File [D:/Github/UnrealPractice/ArenaBattle/Saved/Config/Windows/Engine.ini]
[2023.03.07-00.56.15:011][  0]LogConfig: Applying CVar settings from Section [ViewDistanceQuality@3] File [D:/Github/UnrealPractice/ArenaBattle/Saved/Config/Windows/Scalability.ini]
[2023.03.07-00.56.15:011][  0]LogConfig: Setting CVar [[r.SkeletalMeshLODBias:0]]
[2023.03.07-00.56.15:011][  0]LogConfig: Setting CVar [[r.ViewDistanceScale:1.0]]
[2023.03.07-00.56.15:011][  0]LogConfig: Applying CVar settings from Section [AntiAliasingQuality@3] File [D:/Github/UnrealPractice/ArenaBattle/Saved/Config/Windows/Scalability.ini]
[2023.03.07-00.56.15:011][  0]LogConfig: Setting CVar [[r.PostProcessAAQuality:4]]
[2023.03.07-00.56.15:011][  0]LogConfig: Applying CVar settings from Section [ShadowQuality@3] File [D:/Github/UnrealPractice/ArenaBattle/Saved/Config/Windows/Scalability.ini]
[2023.03.07-00.56.15:011][  0]LogConfig: Setting CVar [[r.LightFunctionQuality:1]]
[2023.03.07-00.56.15:011][  0]LogConfig: Setting CVar [[r.ShadowQuality:5]]
[2023.03.07-00.56.15:011][  0]LogConfig: Setting CVar [[r.Shadow.CSM.MaxCascades:10]]
[2023.03.07-00.56.15:011][  0]LogConfig: Setting CVar [[r.Shadow.MaxResolution:2048]]
[2023.03.07-00.56.15:011][  0]LogConfig: Setting CVar [[r.Shadow.MaxCSMResolution:2048]]
[2023.03.07-00.56.15:011][  0]LogConfig: Setting CVar [[r.Shadow.RadiusThreshold:0.01]]
[2023.03.07-00.56.15:011][  0]LogConfig: Setting CVar [[r.Shadow.DistanceScale:1.0]]
[2023.03.07-00.56.15:011][  0]LogConfig: Setting CVar [[r.Shadow.CSM.TransitionScale:1.0]]
[2023.03.07-00.56.15:011][  0]LogConfig: Setting CVar [[r.Shadow.PreShadowResolutionFactor:1.0]]
[2023.03.07-00.56.15:011][  0]LogConfig: Setting CVar [[r.DistanceFieldShadowing:1]]
[2023.03.07-00.56.15:011][  0]LogConfig: Setting CVar [[r.DistanceFieldAO:1]]
[2023.03.07-00.56.15:011][  0]LogConfig: Setting CVar [[r.AOQuality:2]]
[2023.03.07-00.56.15:011][  0]LogConfig: Setting CVar [[r.VolumetricFog:1]]
[2023.03.07-00.56.15:011][  0]LogConfig: Setting CVar [[r.VolumetricFog.GridPixelSize:8]]
[2023.03.07-00.56.15:011][  0]LogConfig: Setting CVar [[r.VolumetricFog.GridSizeZ:128]]
[2023.03.07-00.56.15:011][  0]LogConfig: Setting CVar [[r.VolumetricFog.HistoryMissSupersampleCount:4]]
[2023.03.07-00.56.15:011][  0]LogConfig: Setting CVar [[r.LightMaxDrawDistanceScale:1]]
[2023.03.07-00.56.15:011][  0]LogConfig: Setting CVar [[r.CapsuleShadows:1]]
[2023.03.07-00.56.15:011][  0]LogConfig: Applying CVar settings from Section [PostProcessQuality@3] File [D:/Github/UnrealPractice/ArenaBattle/Saved/Config/Windows/Scalability.ini]
[2023.03.07-00.56.15:011][  0]LogConfig: Setting CVar [[r.MotionBlurQuality:4]]
[2023.03.07-00.56.15:011][  0]LogConfig: Setting CVar [[r.AmbientOcclusionMipLevelFactor:0.4]]
[2023.03.07-00.56.15:011][  0]LogConfig: Setting CVar [[r.AmbientOcclusionMaxQuality:100]]
[2023.03.07-00.56.15:011][  0]LogConfig: Setting CVar [[r.AmbientOcclusionLevels:-1]]
[2023.03.07-00.56.15:011][  0]LogConfig: Setting CVar [[r.AmbientOcclusionRadiusScale:1.0]]
[2023.03.07-00.56.15:011][  0]LogConfig: Setting CVar [[r.DepthOfFieldQuality:2]]
[2023.03.07-00.56.15:011][  0]LogConfig: Setting CVar [[r.RenderTargetPoolMin:400]]
[2023.03.07-00.56.15:011][  0]LogConfig: Setting CVar [[r.LensFlareQuality:2]]
[2023.03.07-00.56.15:011][  0]LogConfig: Setting CVar [[r.SceneColorFringeQuality:1]]
[2023.03.07-00.56.15:011][  0]LogConfig: Setting CVar [[r.EyeAdaptationQuality:2]]
[2023.03.07-00.56.15:011][  0]LogConfig: Setting CVar [[r.BloomQuality:5]]
[2023.03.07-00.56.15:011][  0]LogConfig: Setting CVar [[r.FastBlurThreshold:100]]
[2023.03.07-00.56.15:011][  0]LogConfig: Setting CVar [[r.Upscale.Quality:3]]
[2023.03.07-00.56.15:011][  0]LogConfig: Setting CVar [[r.Tonemapper.GrainQuantization:1]]
[2023.03.07-00.56.15:011][  0]LogConfig: Setting CVar [[r.LightShaftQuality:1]]
[2023.03.07-00.56.15:011][  0]LogConfig: Setting CVar [[r.Filter.SizeScale:1]]
[2023.03.07-00.56.15:011][  0]LogConfig: Setting CVar [[r.Tonemapper.Quality:5]]
[2023.03.07-00.56.15:011][  0]LogConfig: Setting CVar [[r.DOF.Gather.AccumulatorQuality:1        ; higher gathering accumulator quality]]
[2023.03.07-00.56.15:011][  0]LogConfig: Setting CVar [[r.DOF.Gather.PostfilterMethod:1          ; Median3x3 postfilering method]]
[2023.03.07-00.56.15:011][  0]LogConfig: Setting CVar [[r.DOF.Gather.EnableBokehSettings:0       ; no bokeh simulation when gathering]]
[2023.03.07-00.56.15:011][  0]LogConfig: Setting CVar [[r.DOF.Gather.RingCount:4                 ; medium number of samples when gathering]]
[2023.03.07-00.56.15:011][  0]LogConfig: Setting CVar [[r.DOF.Scatter.ForegroundCompositing:1    ; additive foreground scattering]]
[2023.03.07-00.56.15:011][  0]LogConfig: Setting CVar [[r.DOF.Scatter.BackgroundCompositing:2    ; additive background scattering]]
[2023.03.07-00.56.15:011][  0]LogConfig: Setting CVar [[r.DOF.Scatter.EnableBokehSettings:1      ; bokeh simulation when scattering]]
[2023.03.07-00.56.15:011][  0]LogConfig: Setting CVar [[r.DOF.Scatter.MaxSpriteRatio:0.1         ; only a maximum of 10% of scattered bokeh]]
[2023.03.07-00.56.15:011][  0]LogConfig: Setting CVar [[r.DOF.Recombine.Quality:1                ; cheap slight out of focus]]
[2023.03.07-00.56.15:011][  0]LogConfig: Setting CVar [[r.DOF.Recombine.EnableBokehSettings:0    ; no bokeh simulation on slight out of focus]]
[2023.03.07-00.56.15:011][  0]LogConfig: Setting CVar [[r.DOF.TemporalAAQuality:1                ; more stable temporal accumulation]]
[2023.03.07-00.56.15:011][  0]LogConfig: Setting CVar [[r.DOF.Kernel.MaxForegroundRadius:0.025]]
[2023.03.07-00.56.15:011][  0]LogConfig: Setting CVar [[r.DOF.Kernel.MaxBackgroundRadius:0.025]]
[2023.03.07-00.56.15:011][  0]LogConfig: Applying CVar settings from Section [TextureQuality@3] File [D:/Github/UnrealPractice/ArenaBattle/Saved/Config/Windows/Scalability.ini]
[2023.03.07-00.56.15:011][  0]LogConfig: Setting CVar [[r.Streaming.MipBias:0]]
[2023.03.07-00.56.15:011][  0]LogConfig: Setting CVar [[r.Streaming.AmortizeCPUToGPUCopy:0]]
[2023.03.07-00.56.15:011][  0]LogConfig: Setting CVar [[r.Streaming.MaxNumTexturesToStreamPerFrame:0]]
[2023.03.07-00.56.15:011][  0]LogConfig: Setting CVar [[r.Streaming.Boost:1]]
[2023.03.07-00.56.15:011][  0]LogConfig: Setting CVar [[r.MaxAnisotropy:8]]
[2023.03.07-00.56.15:011][  0]LogConfig: Setting CVar [[r.VT.MaxAnisotropy:8]]
[2023.03.07-00.56.15:011][  0]LogConfig: Setting CVar [[r.Streaming.LimitPoolSizeToVRAM:0]]
[2023.03.07-00.56.15:011][  0]LogConfig: Setting CVar [[r.Streaming.PoolSize:1000]]
[2023.03.07-00.56.15:011][  0]LogConfig: Setting CVar [[r.Streaming.MaxEffectiveScreenSize:0]]
[2023.03.07-00.56.15:011][  0]LogConfig: Applying CVar settings from Section [EffectsQuality@3] File [D:/Github/UnrealPractice/ArenaBattle/Saved/Config/Windows/Scalability.ini]
[2023.03.07-00.56.15:011][  0]LogConfig: Setting CVar [[r.TranslucencyLightingVolumeDim:64]]
[2023.03.07-00.56.15:011][  0]LogConfig: Setting CVar [[r.RefractionQuality:2]]
[2023.03.07-00.56.15:011][  0]LogConfig: Setting CVar [[r.SSR.Quality:3]]
[2023.03.07-00.56.15:011][  0]LogConfig: Setting CVar [[r.SSR.HalfResSceneColor:0]]
[2023.03.07-00.56.15:011][  0]LogConfig: Setting CVar [[r.SceneColorFormat:4]]
[2023.03.07-00.56.15:011][  0]LogConfig: Setting CVar [[r.DetailMode:2]]
[2023.03.07-00.56.15:011][  0]LogConfig: Setting CVar [[r.TranslucencyVolumeBlur:1]]
[2023.03.07-00.56.15:011][  0]LogConfig: Setting CVar [[r.MaterialQualityLevel:1 ; High quality]]
[2023.03.07-00.56.15:011][  0]LogConfig: Setting CVar [[r.AnisotropicMaterials:1]]
[2023.03.07-00.56.15:011][  0]LogConfig: Setting CVar [[r.SSS.Scale:1]]
[2023.03.07-00.56.15:011][  0]LogConfig: Setting CVar [[r.SSS.SampleSet:2]]
[2023.03.07-00.56.15:011][  0]LogConfig: Setting CVar [[r.SSS.Quality:1]]
[2023.03.07-00.56.15:011][  0]LogConfig: Setting CVar [[r.SSS.HalfRes:0]]
[2023.03.07-00.56.15:011][  0]LogConfig: Setting CVar [[r.SSGI.Quality:3]]
[2023.03.07-00.56.15:011][  0]LogConfig: Setting CVar [[r.EmitterSpawnRateScale:1.0]]
[2023.03.07-00.56.15:011][  0]LogConfig: Setting CVar [[r.ParticleLightQuality:2]]
[2023.03.07-00.56.15:011][  0]LogConfig: Setting CVar [[r.SkyAtmosphere.AerialPerspectiveLUT.FastApplyOnOpaque:1 ; Always have FastSkyLUT 1 in this case to avoid wrong sky]]
[2023.03.07-00.56.15:011][  0]LogConfig: Setting CVar [[r.SkyAtmosphere.AerialPerspectiveLUT.SampleCountMaxPerSlice:4]]
[2023.03.07-00.56.15:011][  0]LogConfig: Setting CVar [[r.SkyAtmosphere.AerialPerspectiveLUT.DepthResolution:16.0]]
[2023.03.07-00.56.15:011][  0]LogConfig: Setting CVar [[r.SkyAtmosphere.FastSkyLUT:1]]
[2023.03.07-00.56.15:011][  0]LogConfig: Setting CVar [[r.SkyAtmosphere.FastSkyLUT.SampleCountMin:4.0]]
[2023.03.07-00.56.15:011][  0]LogConfig: Setting CVar [[r.SkyAtmosphere.FastSkyLUT.SampleCountMax:128.0]]
[2023.03.07-00.56.15:011][  0]LogConfig: Setting CVar [[r.SkyAtmosphere.SampleCountMin:4.0]]
[2023.03.07-00.56.15:011][  0]LogConfig: Setting CVar [[r.SkyAtmosphere.SampleCountMax:128.0]]
[2023.03.07-00.56.15:011][  0]LogConfig: Setting CVar [[r.SkyAtmosphere.TransmittanceLUT.UseSmallFormat:0]]
[2023.03.07-00.56.15:011][  0]LogConfig: Setting CVar [[r.SkyAtmosphere.TransmittanceLUT.SampleCount:10.0]]
[2023.03.07-00.56.15:011][  0]LogConfig: Setting CVar [[r.SkyAtmosphere.MultiScatteringLUT.SampleCount:15.0]]
[2023.03.07-00.56.15:011][  0]LogConfig: Setting CVar [[r.SkyLight.RealTimeReflectionCapture:1]]
[2023.03.07-00.56.15:011][  0]LogConfig: Applying CVar settings from Section [FoliageQuality@3] File [D:/Github/UnrealPractice/ArenaBattle/Saved/Config/Windows/Scalability.ini]
[2023.03.07-00.56.15:011][  0]LogConfig: Setting CVar [[foliage.DensityScale:1.0]]
[2023.03.07-00.56.15:011][  0]LogConfig: Setting CVar [[grass.DensityScale:1.0]]
[2023.03.07-00.56.15:011][  0]LogConfig: Applying CVar settings from Section [ShadingQuality@3] File [D:/Github/UnrealPractice/ArenaBattle/Saved/Config/Windows/Scalability.ini]
[2023.03.07-00.56.15:011][  0]LogConfig: Setting CVar [[r.HairStrands.SkyLighting.IntegrationType:2]]
[2023.03.07-00.56.15:011][  0]LogConfig: Setting CVar [[r.HairStrands.SkyAO.SampleCount:4]]
[2023.03.07-00.56.15:011][  0]LogConfig: Setting CVar [[r.HairStrands.Visibility.MSAA.SamplePerPixel:4]]
[2023.03.07-00.56.15:011][  0]LogInit: Selected Device Profile: [Windows]
[2023.03.07-00.56.15:011][  0]LogInit: Applying CVar settings loaded from the selected device profile: [Windows]
[2023.03.07-00.56.15:012][  0]LogHAL: Display: Platform has ~ 32 GB [34204610560 / 34359738368 / 32], which maps to Largest [LargestMinGB=32, LargerMinGB=12, DefaultMinGB=8, SmallerMinGB=6, SmallestMinGB=0)
[2023.03.07-00.56.15:012][  0]LogInit: Going up to parent DeviceProfile []
[2023.03.07-00.56.15:012][  0]LogConfig: Applying CVar settings from Section [ViewDistanceQuality@3] File [D:/Github/UnrealPractice/ArenaBattle/Saved/Config/Windows/Scalability.ini]
[2023.03.07-00.56.15:012][  0]LogConfig: Setting CVar [[r.SkeletalMeshLODBias:0]]
[2023.03.07-00.56.15:012][  0]LogConfig: Setting CVar [[r.ViewDistanceScale:1.0]]
[2023.03.07-00.56.15:012][  0]LogConfig: Applying CVar settings from Section [AntiAliasingQuality@3] File [D:/Github/UnrealPractice/ArenaBattle/Saved/Config/Windows/Scalability.ini]
[2023.03.07-00.56.15:012][  0]LogConfig: Setting CVar [[r.PostProcessAAQuality:4]]
[2023.03.07-00.56.15:012][  0]LogConfig: Applying CVar settings from Section [ShadowQuality@3] File [D:/Github/UnrealPractice/ArenaBattle/Saved/Config/Windows/Scalability.ini]
[2023.03.07-00.56.15:012][  0]LogConfig: Setting CVar [[r.LightFunctionQuality:1]]
[2023.03.07-00.56.15:012][  0]LogConfig: Setting CVar [[r.ShadowQuality:5]]
[2023.03.07-00.56.15:012][  0]LogConfig: Setting CVar [[r.Shadow.CSM.MaxCascades:10]]
[2023.03.07-00.56.15:012][  0]LogConfig: Setting CVar [[r.Shadow.MaxResolution:2048]]
[2023.03.07-00.56.15:012][  0]LogConfig: Setting CVar [[r.Shadow.MaxCSMResolution:2048]]
[2023.03.07-00.56.15:012][  0]LogConfig: Setting CVar [[r.Shadow.RadiusThreshold:0.01]]
[2023.03.07-00.56.15:012][  0]LogConfig: Setting CVar [[r.Shadow.DistanceScale:1.0]]
[2023.03.07-00.56.15:012][  0]LogConfig: Setting CVar [[r.Shadow.CSM.TransitionScale:1.0]]
[2023.03.07-00.56.15:012][  0]LogConfig: Setting CVar [[r.Shadow.PreShadowResolutionFactor:1.0]]
[2023.03.07-00.56.15:012][  0]LogConfig: Setting CVar [[r.DistanceFieldShadowing:1]]
[2023.03.07-00.56.15:012][  0]LogConfig: Setting CVar [[r.DistanceFieldAO:1]]
[2023.03.07-00.56.15:012][  0]LogConfig: Setting CVar [[r.AOQuality:2]]
[2023.03.07-00.56.15:012][  0]LogConfig: Setting CVar [[r.VolumetricFog:1]]
[2023.03.07-00.56.15:012][  0]LogConfig: Setting CVar [[r.VolumetricFog.GridPixelSize:8]]
[2023.03.07-00.56.15:012][  0]LogConfig: Setting CVar [[r.VolumetricFog.GridSizeZ:128]]
[2023.03.07-00.56.15:012][  0]LogConfig: Setting CVar [[r.VolumetricFog.HistoryMissSupersampleCount:4]]
[2023.03.07-00.56.15:012][  0]LogConfig: Setting CVar [[r.LightMaxDrawDistanceScale:1]]
[2023.03.07-00.56.15:012][  0]LogConfig: Setting CVar [[r.CapsuleShadows:1]]
[2023.03.07-00.56.15:012][  0]LogConfig: Applying CVar settings from Section [PostProcessQuality@3] File [D:/Github/UnrealPractice/ArenaBattle/Saved/Config/Windows/Scalability.ini]
[2023.03.07-00.56.15:012][  0]LogConfig: Setting CVar [[r.MotionBlurQuality:4]]
[2023.03.07-00.56.15:012][  0]LogConfig: Setting CVar [[r.AmbientOcclusionMipLevelFactor:0.4]]
[2023.03.07-00.56.15:012][  0]LogConfig: Setting CVar [[r.AmbientOcclusionMaxQuality:100]]
[2023.03.07-00.56.15:012][  0]LogConfig: Setting CVar [[r.AmbientOcclusionLevels:-1]]
[2023.03.07-00.56.15:012][  0]LogConfig: Setting CVar [[r.AmbientOcclusionRadiusScale:1.0]]
[2023.03.07-00.56.15:012][  0]LogConfig: Setting CVar [[r.DepthOfFieldQuality:2]]
[2023.03.07-00.56.15:012][  0]LogConfig: Setting CVar [[r.RenderTargetPoolMin:400]]
[2023.03.07-00.56.15:012][  0]LogConfig: Setting CVar [[r.LensFlareQuality:2]]
[2023.03.07-00.56.15:012][  0]LogConfig: Setting CVar [[r.SceneColorFringeQuality:1]]
[2023.03.07-00.56.15:012][  0]LogConfig: Setting CVar [[r.EyeAdaptationQuality:2]]
[2023.03.07-00.56.15:012][  0]LogConfig: Setting CVar [[r.BloomQuality:5]]
[2023.03.07-00.56.15:012][  0]LogConfig: Setting CVar [[r.FastBlurThreshold:100]]
[2023.03.07-00.56.15:012][  0]LogConfig: Setting CVar [[r.Upscale.Quality:3]]
[2023.03.07-00.56.15:012][  0]LogConfig: Setting CVar [[r.Tonemapper.GrainQuantization:1]]
[2023.03.07-00.56.15:012][  0]LogConfig: Setting CVar [[r.LightShaftQuality:1]]
[2023.03.07-00.56.15:012][  0]LogConfig: Setting CVar [[r.Filter.SizeScale:1]]
[2023.03.07-00.56.15:012][  0]LogConfig: Setting CVar [[r.Tonemapper.Quality:5]]
[2023.03.07-00.56.15:012][  0]LogConfig: Setting CVar [[r.DOF.Gather.AccumulatorQuality:1        ; higher gathering accumulator quality]]
[2023.03.07-00.56.15:012][  0]LogConfig: Setting CVar [[r.DOF.Gather.PostfilterMethod:1          ; Median3x3 postfilering method]]
[2023.03.07-00.56.15:012][  0]LogConfig: Setting CVar [[r.DOF.Gather.EnableBokehSettings:0       ; no bokeh simulation when gathering]]
[2023.03.07-00.56.15:012][  0]LogConfig: Setting CVar [[r.DOF.Gather.RingCount:4                 ; medium number of samples when gathering]]
[2023.03.07-00.56.15:012][  0]LogConfig: Setting CVar [[r.DOF.Scatter.ForegroundCompositing:1    ; additive foreground scattering]]
[2023.03.07-00.56.15:012][  0]LogConfig: Setting CVar [[r.DOF.Scatter.BackgroundCompositing:2    ; additive background scattering]]
[2023.03.07-00.56.15:012][  0]LogConfig: Setting CVar [[r.DOF.Scatter.EnableBokehSettings:1      ; bokeh simulation when scattering]]
[2023.03.07-00.56.15:012][  0]LogConfig: Setting CVar [[r.DOF.Scatter.MaxSpriteRatio:0.1         ; only a maximum of 10% of scattered bokeh]]
[2023.03.07-00.56.15:012][  0]LogConfig: Setting CVar [[r.DOF.Recombine.Quality:1                ; cheap slight out of focus]]
[2023.03.07-00.56.15:012][  0]LogConfig: Setting CVar [[r.DOF.Recombine.EnableBokehSettings:0    ; no bokeh simulation on slight out of focus]]
[2023.03.07-00.56.15:012][  0]LogConfig: Setting CVar [[r.DOF.TemporalAAQuality:1                ; more stable temporal accumulation]]
[2023.03.07-00.56.15:012][  0]LogConfig: Setting CVar [[r.DOF.Kernel.MaxForegroundRadius:0.025]]
[2023.03.07-00.56.15:013][  0]LogConfig: Setting CVar [[r.DOF.Kernel.MaxBackgroundRadius:0.025]]
[2023.03.07-00.56.15:013][  0]LogConfig: Applying CVar settings from Section [TextureQuality@3] File [D:/Github/UnrealPractice/ArenaBattle/Saved/Config/Windows/Scalability.ini]
[2023.03.07-00.56.15:013][  0]LogConfig: Setting CVar [[r.Streaming.MipBias:0]]
[2023.03.07-00.56.15:013][  0]LogConfig: Setting CVar [[r.Streaming.AmortizeCPUToGPUCopy:0]]
[2023.03.07-00.56.15:013][  0]LogConfig: Setting CVar [[r.Streaming.MaxNumTexturesToStreamPerFrame:0]]
[2023.03.07-00.56.15:013][  0]LogConfig: Setting CVar [[r.Streaming.Boost:1]]
[2023.03.07-00.56.15:013][  0]LogConfig: Setting CVar [[r.MaxAnisotropy:8]]
[2023.03.07-00.56.15:013][  0]LogConfig: Setting CVar [[r.VT.MaxAnisotropy:8]]
[2023.03.07-00.56.15:013][  0]LogConfig: Setting CVar [[r.Streaming.LimitPoolSizeToVRAM:0]]
[2023.03.07-00.56.15:013][  0]LogConfig: Setting CVar [[r.Streaming.PoolSize:1000]]
[2023.03.07-00.56.15:013][  0]LogConfig: Setting CVar [[r.Streaming.MaxEffectiveScreenSize:0]]
[2023.03.07-00.56.15:013][  0]LogConfig: Applying CVar settings from Section [EffectsQuality@3] File [D:/Github/UnrealPractice/ArenaBattle/Saved/Config/Windows/Scalability.ini]
[2023.03.07-00.56.15:013][  0]LogConfig: Setting CVar [[r.TranslucencyLightingVolumeDim:64]]
[2023.03.07-00.56.15:013][  0]LogConfig: Setting CVar [[r.RefractionQuality:2]]
[2023.03.07-00.56.15:013][  0]LogConfig: Setting CVar [[r.SSR.Quality:3]]
[2023.03.07-00.56.15:013][  0]LogConfig: Setting CVar [[r.SSR.HalfResSceneColor:0]]
[2023.03.07-00.56.15:013][  0]LogConfig: Setting CVar [[r.SceneColorFormat:4]]
[2023.03.07-00.56.15:013][  0]LogConfig: Setting CVar [[r.DetailMode:2]]
[2023.03.07-00.56.15:013][  0]LogConfig: Setting CVar [[r.TranslucencyVolumeBlur:1]]
[2023.03.07-00.56.15:013][  0]LogConfig: Setting CVar [[r.MaterialQualityLevel:1 ; High quality]]
[2023.03.07-00.56.15:013][  0]LogConfig: Setting CVar [[r.AnisotropicMaterials:1]]
[2023.03.07-00.56.15:013][  0]LogConfig: Setting CVar [[r.SSS.Scale:1]]
[2023.03.07-00.56.15:013][  0]LogConfig: Setting CVar [[r.SSS.SampleSet:2]]
[2023.03.07-00.56.15:013][  0]LogConfig: Setting CVar [[r.SSS.Quality:1]]
[2023.03.07-00.56.15:013][  0]LogConfig: Setting CVar [[r.SSS.HalfRes:0]]
[2023.03.07-00.56.15:013][  0]LogConfig: Setting CVar [[r.SSGI.Quality:3]]
[2023.03.07-00.56.15:013][  0]LogConfig: Setting CVar [[r.EmitterSpawnRateScale:1.0]]
[2023.03.07-00.56.15:013][  0]LogConfig: Setting CVar [[r.ParticleLightQuality:2]]
[2023.03.07-00.56.15:013][  0]LogConfig: Setting CVar [[r.SkyAtmosphere.AerialPerspectiveLUT.FastApplyOnOpaque:1 ; Always have FastSkyLUT 1 in this case to avoid wrong sky]]
[2023.03.07-00.56.15:013][  0]LogConfig: Setting CVar [[r.SkyAtmosphere.AerialPerspectiveLUT.SampleCountMaxPerSlice:4]]
[2023.03.07-00.56.15:013][  0]LogConfig: Setting CVar [[r.SkyAtmosphere.AerialPerspectiveLUT.DepthResolution:16.0]]
[2023.03.07-00.56.15:013][  0]LogConfig: Setting CVar [[r.SkyAtmosphere.FastSkyLUT:1]]
[2023.03.07-00.56.15:013][  0]LogConfig: Setting CVar [[r.SkyAtmosphere.FastSkyLUT.SampleCountMin:4.0]]
[2023.03.07-00.56.15:013][  0]LogConfig: Setting CVar [[r.SkyAtmosphere.FastSkyLUT.SampleCountMax:128.0]]
[2023.03.07-00.56.15:013][  0]LogConfig: Setting CVar [[r.SkyAtmosphere.SampleCountMin:4.0]]
[2023.03.07-00.56.15:013][  0]LogConfig: Setting CVar [[r.SkyAtmosphere.SampleCountMax:128.0]]
[2023.03.07-00.56.15:013][  0]LogConfig: Setting CVar [[r.SkyAtmosphere.TransmittanceLUT.UseSmallFormat:0]]
[2023.03.07-00.56.15:013][  0]LogConfig: Setting CVar [[r.SkyAtmosphere.TransmittanceLUT.SampleCount:10.0]]
[2023.03.07-00.56.15:013][  0]LogConfig: Setting CVar [[r.SkyAtmosphere.MultiScatteringLUT.SampleCount:15.0]]
[2023.03.07-00.56.15:013][  0]LogConfig: Setting CVar [[r.SkyLight.RealTimeReflectionCapture:1]]
[2023.03.07-00.56.15:013][  0]LogConfig: Applying CVar settings from Section [FoliageQuality@3] File [D:/Github/UnrealPractice/ArenaBattle/Saved/Config/Windows/Scalability.ini]
[2023.03.07-00.56.15:013][  0]LogConfig: Setting CVar [[foliage.DensityScale:1.0]]
[2023.03.07-00.56.15:013][  0]LogConfig: Setting CVar [[grass.DensityScale:1.0]]
[2023.03.07-00.56.15:013][  0]LogConfig: Applying CVar settings from Section [ShadingQuality@3] File [D:/Github/UnrealPractice/ArenaBattle/Saved/Config/Windows/Scalability.ini]
[2023.03.07-00.56.15:013][  0]LogConfig: Setting CVar [[r.HairStrands.SkyLighting.IntegrationType:2]]
[2023.03.07-00.56.15:013][  0]LogConfig: Setting CVar [[r.HairStrands.SkyAO.SampleCount:4]]
[2023.03.07-00.56.15:013][  0]LogConfig: Setting CVar [[r.HairStrands.Visibility.MSAA.SamplePerPixel:4]]
[2023.03.07-00.56.15:013][  0]LogConfig: Applying CVar settings from Section [Startup] File [../../../Engine/Config/ConsoleVariables.ini]
[2023.03.07-00.56.15:014][  0]LogConfig: Setting CVar [[net.UseAdaptiveNetUpdateFrequency:0]]
[2023.03.07-00.56.15:014][  0]LogConfig: Setting CVar [[p.chaos.AllowCreatePhysxBodies:1]]
[2023.03.07-00.56.15:014][  0]LogConfig: Setting CVar [[fx.SkipVectorVMBackendOptimizations:1]]
[2023.03.07-00.56.15:014][  0]LogConfig: Applying CVar settings from Section [ConsoleVariables] File [D:/Github/UnrealPractice/ArenaBattle/Saved/Config/Windows/Engine.ini]
[2023.03.07-00.56.15:014][  0]LogConfig: Applying CVar settings from Section [ConsoleVariables] File [D:/Github/UnrealPractice/ArenaBattle/Saved/Config/Windows/Editor.ini]
[2023.03.07-00.56.15:014][  0]LogInit: Computer: TRANSFERSCHOLAR
[2023.03.07-00.56.15:014][  0]LogInit: User: r283
[2023.03.07-00.56.15:014][  0]LogInit: CPU Page size=4096, Cores=8
[2023.03.07-00.56.15:014][  0]LogInit: High frequency timer resolution =10.000000 MHz
[2023.03.07-00.56.15:014][  0]LogMemory: Memory total: Physical=31.9GB (32GB approx)
[2023.03.07-00.56.15:014][  0]LogMemory: Platform Memory Stats for Windows
[2023.03.07-00.56.15:014][  0]LogMemory: Process Physical Memory: 147.04 MB used, 147.04 MB peak
[2023.03.07-00.56.15:014][  0]LogMemory: Process Virtual Memory: 130.39 MB used, 130.39 MB peak
[2023.03.07-00.56.15:014][  0]LogMemory: Physical Memory: 12327.95 MB used,  20292.11 MB free, 32620.06 MB total
[2023.03.07-00.56.15:014][  0]LogMemory: Virtual Memory: 134197688.00 MB used,  20036.74 MB free, 134217728.00 MB total
[2023.03.07-00.56.15:054][  0]LogWindows: WindowsPlatformFeatures enabled
[2023.03.07-00.56.15:142][  0]LogInit: Physics initialised using underlying interface: PhysX
[2023.03.07-00.56.15:142][  0]LogInit: Overriding language with editor language configuration option (ko).
[2023.03.07-00.56.15:142][  0]LogInit: Using OS detected locale (ko-KR).
[2023.03.07-00.56.15:284][  0]LogInit: Setting process to per monitor DPI aware
[2023.03.07-00.56.15:300][  0]LogWindowsTextInputMethodSystem: Display: IME system deactivated.
[2023.03.07-00.56.15:349][  0]LogSlate: New Slate User Created.  User Index 0, Is Virtual User: 0
[2023.03.07-00.56.15:349][  0]LogSlate: Slate User Registered.  User Index 0, Is Virtual User: 0
[2023.03.07-00.56.17:345][  0]LogD3D12RHI: Aftermath initialized
[2023.03.07-00.56.17:345][  0]LogD3D12RHI: Loading WinPixEventRuntime.dll for PIX profiling (from ../../../Engine/Binaries/ThirdParty/Windows/WinPixEventRuntime/x64).
[2023.03.07-00.56.17:356][  0]LogHMD: Failed to initialize OpenVR with code 110
[2023.03.07-00.56.17:551][  0]LogD3D12RHI: Found D3D12 adapter 0: NVIDIA GeForce RTX 3070 Laptop GPU (Max supported Feature Level 12_1)
[2023.03.07-00.56.17:551][  0]LogD3D12RHI: Adapter has 8033MB of dedicated video memory, 0MB of dedicated system memory, and 16310MB of shared system memory, 1 output[s]
[2023.03.07-00.56.17:561][  0]LogD3D12RHI: Found D3D12 adapter 1: Microsoft Basic Render Driver (Max supported Feature Level 12_1)
[2023.03.07-00.56.17:561][  0]LogD3D12RHI: Adapter has 0MB of dedicated video memory, 0MB of dedicated system memory, and 16310MB of shared system memory, 0 output[s]
[2023.03.07-00.56.17:561][  0]LogD3D12RHI: Forcing D3D12.AsyncDeferredDeletion=0 as a workaround for a deadlock.
[2023.03.07-00.56.17:561][  0]LogD3D12RHI: Chosen D3D12 Adapter Id = 0
[2023.03.07-00.56.17:568][  0]LogD3D12RHI: InitD3DDevice: -D3DDebug = off -D3D12GPUValidation = off
[2023.03.07-00.56.17:568][  0]LogD3D12RHI: Emitting draw events for PIX profiling.
[2023.03.07-00.56.17:634][  0]LogD3D12RHI: The system supports ID3D12Device1.
[2023.03.07-00.56.17:634][  0]LogD3D12RHI: The system supports ID3D12Device2.
[2023.03.07-00.56.17:634][  0]LogD3D12RHI: The system supports ID3D12Device5.
[2023.03.07-00.56.17:634][  0]LogD3D12RHI: The system supports ID3D12Device7.
[2023.03.07-00.56.17:634][  0]LogD3D12RHI: D3D12 ray tracing 1.0 is supported.
[2023.03.07-00.56.17:634][  0]LogD3D12RHI: D3D12 ray tracing 1.1 is supported.
[2023.03.07-00.56.17:691][  0]LogD3D12RHI: [GPUBreadCrumb] Successfully setup breadcrumb resource for 3D Queue 0
[2023.03.07-00.56.17:699][  0]LogD3D12RHI: [GPUBreadCrumb] Successfully setup breadcrumb resource for Copy Queue 0
[2023.03.07-00.56.17:716][  0]LogD3D12RHI: [GPUBreadCrumb] Successfully setup breadcrumb resource for Compute Queue 0
[2023.03.07-00.56.17:728][  0]LogD3D12RHI: Display: Not using pipeline state disk cache per r.D3D12.PSO.DiskCache=0
[2023.03.07-00.56.17:728][  0]LogD3D12RHI: Display: Not using driver-optimized pipeline state disk cache per r.D3D12.PSO.DriverOptimizedDiskCache=0
[2023.03.07-00.56.17:786][  0]LogD3D12RHI:     GPU DeviceId: 0x24dd (for the marketing name, search the web for "GPU Device Id")
[2023.03.07-00.56.17:786][  0]LogWindows: EnumDisplayDevices:
[2023.03.07-00.56.17:787][  0]LogWindows:    0. 'NVIDIA GeForce RTX 3070 Laptop GPU' (P:1 D:1)
[2023.03.07-00.56.17:787][  0]LogWindows:    1. 'NVIDIA GeForce RTX 3070 Laptop GPU' (P:0 D:0)
[2023.03.07-00.56.17:787][  0]LogWindows:    2. 'NVIDIA GeForce RTX 3070 Laptop GPU' (P:0 D:0)
[2023.03.07-00.56.17:789][  0]LogWindows:    3. 'NVIDIA GeForce RTX 3070 Laptop GPU' (P:0 D:0)
[2023.03.07-00.56.17:789][  0]LogWindows: DebugString: FoundDriverCount:4 
[2023.03.07-00.56.17:789][  0]LogD3D12RHI:     Adapter Name: NVIDIA GeForce RTX 3070 Laptop GPU
[2023.03.07-00.56.17:789][  0]LogD3D12RHI:   Driver Version: 528.49 (internal:31.0.15.2849, unified:528.49)
[2023.03.07-00.56.17:789][  0]LogD3D12RHI:      Driver Date: 2-2-2023
[2023.03.07-00.56.17:789][  0]LogRHI: Texture pool is 4576 MB (70% of 6538 MB)
[2023.03.07-00.56.17:789][  0]LogD3D12RHI: Async texture creation enabled
[2023.03.07-00.56.17:789][  0]LogD3D12RHI: RHI has support for 64 bit atomics
[2023.03.07-00.56.17:798][  0]LogRHI: GeForceNow SDK initialized: 0
[2023.03.07-00.56.18:122][  0]LogTargetPlatformManager: Display: Loaded TargetPlatform 'AllDesktop'
[2023.03.07-00.56.18:144][  0]LogTargetPlatformManager: Display: Loaded TargetPlatform 'Android'
[2023.03.07-00.56.18:144][  0]LogTargetPlatformManager: Display: Loaded TargetPlatform 'Android_ASTC'
[2023.03.07-00.56.18:144][  0]LogTargetPlatformManager: Display: Loaded TargetPlatform 'Android_DXT'
[2023.03.07-00.56.18:144][  0]LogTargetPlatformManager: Display: Loaded TargetPlatform 'Android_ETC2'
[2023.03.07-00.56.18:144][  0]LogTargetPlatformManager: Display: Loaded TargetPlatform 'AndroidClient'
[2023.03.07-00.56.18:144][  0]LogTargetPlatformManager: Display: Loaded TargetPlatform 'Android_ASTCClient'
[2023.03.07-00.56.18:144][  0]LogTargetPlatformManager: Display: Loaded TargetPlatform 'Android_DXTClient'
[2023.03.07-00.56.18:144][  0]LogTargetPlatformManager: Display: Loaded TargetPlatform 'Android_ETC2Client'
[2023.03.07-00.56.18:144][  0]LogTargetPlatformManager: Display: Loaded TargetPlatform 'Android_Multi'
[2023.03.07-00.56.18:144][  0]LogTargetPlatformManager: Display: Loaded TargetPlatform 'Android_MultiClient'
[2023.03.07-00.56.18:167][  0]LogTargetPlatformManager: Display: Loaded TargetPlatform 'IOSClient'
[2023.03.07-00.56.18:167][  0]LogTargetPlatformManager: Display: Loaded TargetPlatform 'IOS'
[2023.03.07-00.56.18:179][  0]LogTargetPlatformManager: Display: Loaded TargetPlatform 'Linux'
[2023.03.07-00.56.18:184][  0]LogTargetPlatformManager: Display: Loaded TargetPlatform 'LinuxNoEditor'
[2023.03.07-00.56.18:190][  0]LogTargetPlatformManager: Display: Loaded TargetPlatform 'LinuxClient'
[2023.03.07-00.56.18:196][  0]LogTargetPlatformManager: Display: Loaded TargetPlatform 'LinuxServer'
[2023.03.07-00.56.18:207][  0]LogTargetPlatformManager: Display: Loaded TargetPlatform 'LinuxAArch64NoEditor'
[2023.03.07-00.56.18:213][  0]LogTargetPlatformManager: Display: Loaded TargetPlatform 'LinuxAArch64Client'
[2023.03.07-00.56.18:219][  0]LogTargetPlatformManager: Display: Loaded TargetPlatform 'LinuxAArch64Server'
[2023.03.07-00.56.18:246][  0]LogTargetPlatformManager: Display: Loaded TargetPlatform 'Lumin'
[2023.03.07-00.56.18:246][  0]LogTargetPlatformManager: Display: Loaded TargetPlatform 'LuminClient'
[2023.03.07-00.56.18:256][  0]LogTargetPlatformManager: Display: Loaded TargetPlatform 'MacNoEditor'
[2023.03.07-00.56.18:263][  0]LogTargetPlatformManager: Display: Loaded TargetPlatform 'Mac'
[2023.03.07-00.56.18:268][  0]LogTargetPlatformManager: Display: Loaded TargetPlatform 'MacClient'
[2023.03.07-00.56.18:274][  0]LogTargetPlatformManager: Display: Loaded TargetPlatform 'MacServer'
[2023.03.07-00.56.18:286][  0]LogTargetPlatformManager: Display: Loaded TargetPlatform 'TVOSClient'
[2023.03.07-00.56.18:286][  0]LogTargetPlatformManager: Display: Loaded TargetPlatform 'TVOS'
[2023.03.07-00.56.18:298][  0]LogTargetPlatformManager: Display: Loaded TargetPlatform 'WindowsNoEditor'
[2023.03.07-00.56.18:306][  0]LogTargetPlatformManager: Display: Loaded TargetPlatform 'Windows'
[2023.03.07-00.56.18:311][  0]LogTargetPlatformManager: Display: Loaded TargetPlatform 'WindowsClient'
[2023.03.07-00.56.18:317][  0]LogTargetPlatformManager: Display: Loaded TargetPlatform 'WindowsServer'
[2023.03.07-00.56.18:317][  0]LogTargetPlatformManager: Display: Building Assets For Windows
[2023.03.07-00.56.18:329][  0]LogAudioDebug: Display: Lib vorbis DLL was dynamically loaded.
[2023.03.07-00.56.18:374][  0]LogTextureFormatOodle: Display: Oodle Texture 2.9.0 init RDO Off
[2023.03.07-00.56.18:421][  0]LogRendererCore: Ray tracing is enabled for the editor. Reason: r.RayTracing=1.
[2023.03.07-00.56.18:421][  0]LogShaderCompilers: Guid format shader working directory is 8 characters bigger than the processId version (D:/Github/UnrealPractice/ArenaBattle/Intermediate/Shaders/WorkingDirectory/36996/).
[2023.03.07-00.56.18:421][  0]LogShaderCompilers: Cleaned the shader compiler working directory 'C:/Users/r283/AppData/Local/Temp/UnrealShaderWorkingDir/D048AABE46E2146FFDF7999105953454/'.
[2023.03.07-00.56.18:421][  0]LogXGEController: Cannot use XGE Controller as Incredibuild is not installed on this machine.
[2023.03.07-00.56.18:421][  0]LogShaderCompilers: Cannot use XGE Shader Compiler as Incredibuild is not installed on this machine.
[2023.03.07-00.56.18:421][  0]LogShaderCompilers: Display: Using Local Shader Compiler.
[2023.03.07-00.56.20:808][  0]LogDerivedDataCache: Display: Max Cache Size: 512 MB
[2023.03.07-00.56.20:857][  0]LogDerivedDataCache: Loaded boot cache 0.05s 112MB C:/Users/r283/AppData/Local/UnrealEngine/4.27/DerivedDataCache/Boot.ddc.
[2023.03.07-00.56.20:857][  0]LogDerivedDataCache: Display: Loaded Boot cache: C:/Users/r283/AppData/Local/UnrealEngine/4.27/DerivedDataCache/Boot.ddc
[2023.03.07-00.56.20:858][  0]LogDerivedDataCache: FDerivedDataBackendGraph:  Pak pak cache file D:/Github/UnrealPractice/ArenaBattle/DerivedDataCache/DDC.ddp not found, will not use a pak cache.
[2023.03.07-00.56.20:858][  0]LogDerivedDataCache: Unable to find inner node Pak for hierarchical cache Hierarchy.
[2023.03.07-00.56.20:858][  0]LogDerivedDataCache: FDerivedDataBackendGraph:  CompressedPak pak cache file D:/Github/UnrealPractice/ArenaBattle/DerivedDataCache/Compressed.ddp not found, will not use a pak cache.
[2023.03.07-00.56.20:858][  0]LogDerivedDataCache: Unable to find inner node CompressedPak for hierarchical cache Hierarchy.
[2023.03.07-00.56.20:879][  0]LogDerivedDataCache: Display: Pak cache opened for reading ../../../Engine/DerivedDataCache/Compressed.ddp.
[2023.03.07-00.56.20:879][  0]LogDerivedDataCache: FDerivedDataBackendGraph:  EnterprisePak pak cache file ../../../Enterprise/DerivedDataCache/Compressed.ddp not found, will not use a pak cache.
[2023.03.07-00.56.20:879][  0]LogDerivedDataCache: Unable to find inner node EnterprisePak for hierarchical cache Hierarchy.
[2023.03.07-00.56.20:890][  0]LogDerivedDataCache: Speed tests for C:/Users/r283/AppData/Local/UnrealEngine/Common/DerivedDataCache took 0.01 seconds
[2023.03.07-00.56.20:890][  0]LogDerivedDataCache: Display: Performance to C:/Users/r283/AppData/Local/UnrealEngine/Common/DerivedDataCache: Latency=0.04ms. RandomReadSpeed=202.52MBs, RandomWriteSpeed=189.77MBs. Assigned SpeedClass 'Local'
[2023.03.07-00.56.20:891][  0]LogDerivedDataCache: Using Local data cache path C:/Users/r283/AppData/Local/UnrealEngine/Common/DerivedDataCache: Writable
[2023.03.07-00.56.20:891][  0]LogDerivedDataCache: Shared data cache path not found in *engine.ini, will not use an Shared cache.
[2023.03.07-00.56.20:891][  0]LogDerivedDataCache: Unable to find inner node Shared for hierarchical cache Hierarchy.
[2023.03.07-00.56.20:932][  0]LogSlate: Using FreeType 2.10.0
[2023.03.07-00.56.20:933][  0]LogSlate: SlateFontServices - WITH_FREETYPE: 1, WITH_HARFBUZZ: 1
[2023.03.07-00.56.20:957][  0]LogAssetRegistry: FAssetRegistry took 0.0028 seconds to start up
[2023.03.07-00.56.21:156][  0]LogInit: Selected Device Profile: [Windows]
[2023.03.07-00.56.21:156][  0]LogInit: Active device profile: [000001A5F451D400][000001A5F5336740 49] Windows
[2023.03.07-00.56.21:156][  0]LogInit: Profiles: [000001A5F451D400][000001A5F5336740 49] Windows, [000001A5F40E4100][000001A5F534A8C0 49] WindowsNoEditor, [000001A5F40C8200][000001A5F1A66A40 49] WindowsServer, [000001A5F40E6100][000001A5F1A6EBC0 49] WindowsClient, [000001A5F40C9F00][000001A5F1A9ED40 49] IOS, [000001A5F40E4300][000001A5F1AB4EC0 49] iPadAir, [000001A5F40CBE00][000001A5F1AC3040 49] iPadAir2, [000001A5F3FE0800][000001A5F5219300 49] IPadPro, [000001A5F3FE0900][000001A5F51C5340 49] iPadAir3, [000001A5F40C8100][000001A5F53614C0 49] iPadAir4, [000001A5F3FE0600][000001A5F523D640 49] iPadMini2, [000001A5F40CB600][000001A5F52417C0 49] iPadMini3, [000001A5F3FE1500][000001A5F5245940 49] iPadMini4, [000001A5F40CA900][000001A5F52DFAC0 49] iPadMini5, [000001A5F40E4900][000001A5F5312180 49] iPhone6, [000001A5F40E5000][000001A5F533A1C0 49] iPodTouch6, [000001A5F3F8FE00][000001A5F505A400 49] iPhone7, [000001A5F3F8FF00][000001A5F5316440 49] iPodTouch7, [000001A5F40E7F00][000001A5F50625C0 49] iPhone5S, [000001A5F3F8C800][000001A5F531E740 49] iPhone6Plus, [000001A5F40E4C00][000001A5F53268C0 49] iPhone6S, [000001A5F3F8F100][000001A5F532AA40 49] iPhone6SPlus, [000001A5F40E6A00][000001A5F532EBC0 49] iPhone7Plus, [000001A5F3F8D000][000001A5F54ECD40 49] iPhoneSE, [000001A5F40E6300][000001A5F54F0EC0 49] iPhone8, [000001A5F3F8E900][000001A5F5565040 49] iPhone8Plus, [000001A5F40E6C00][000001A5F55691C0 49] iPhoneX, [000001A5F3F8D800][000001A5F556D340 49] iPhoneXS, [000001A5F40E4A00][000001A5F55994C0 49] iPhoneXSMax, [000001A5F3F8E100][000001A5F55B3640 49] iPhoneXR, [000001A5F40E5C00][000001A5F573B7C0 49] iPhone11, [000001A5F3F8C400][000001A5F573F940 49] iPhone11Pro, [000001A5F40E7000][000001A5F5743AC0 49] iPhone11ProMax, [000001A5F3F8FC00][000001A5F57460C0 49] iPhoneSE2, [000001A5F40E7800][000001A5F505E200 49] iPhone12Mini, [000001A5F3F8C500][000001A5F574A340 49] iPhone12, [000001A5F40E6800][000001A5F574E480 49] iPhone12Pro, [000001A5F3F8F500][000001A5F57525C0 49] iPhone12ProMax, [000001A5F40E7100][000001A5F575A740 49] iPadPro105, [000001A5F3F8FB00][000001A5F1A728C0 49] iPadPro129, [000001A5F40E6400][000001A5F5234A40 49] iPadPro97, [000001A5F3F8E600][000001A5F5238BC0 49] iPadPro2_129, [000001A5F40E6700][000001A5E7D62D40 49] iPad5, [000001A5F3F8E500][000001A5F53CEEC0 49] iPad6, [000001A5F40E7E00][000001A5F52D5040 49] iPad7, [000001A5F3F8DB00][000001A5F52D91C0 49] iPad8, [000001A5F40E7700][000001A5E7D67340 49] iPadPro11, [000001A5F3F8CE00][000001A5E7D6F4C0 49] iPadPro2_11, [000001A5F40E6F00][000001A5E7D73640 49] iPadPro3_129, [000001A5F3F8F000][000001A5F50197C0 49] iPadPro4_129, [000001A5F40E6D00][000001A5F501D940 49] AppleTV, [000001A5F3F8C100][000001A5F5021AC0 49] AppleTV4K, [000001A5F40E4D00][000001A5F50240C0 49] TVOS, [000001A5F3F8FD00][000001A5F5028240 49] Mac, [000001A5F40E4E00][000001A5F50443C0 49] MacClient, [000001A5F3F8F700][000001A5F5756500 49] MacNoEditor, [000001A5F40E5100][000001A5F5048640 49] MacServer, [000001A5F3F8C700][000001A5F504C780 49] Linux, [000001A5F40E5600][000001A5F5054900 49] LinuxAArch64, [000001A5F3F8D100][000001A5E7D6AA80 49] LinuxNoEditor, [000001A5F40E6200][000001A5E7D76C00 49] LinuxAArch64NoEditor, [000001A5F3F8D400][000001A5F4F8CD80 49] LinuxClient, [000001A5F40E7B00][000001A5F5322F00 49] LinuxAArch64Client, [000001A5F3F8EF00][000001A5F1A6B080 49] LinuxServer, [000001A5F40E7600][000001A5F4F91200 49] LinuxAArch64Server, [000001A5F3F8F800][000001A5F4F95380 49] Android, [000001A5F40E6900][000001A5F4F99500 49] Android_Low, [000001A5F3F8D200][000001A5F4F9D680 49] Android_Mid, [000001A5F40E5B00][000001A5F4FA1800 49] Android_High, [000001A5F3FE0100][000001A5F4FA5980 49] Android_Default, [000001A5F451D300][000001A5F4FA9B00 49] Android_Adreno4xx, [000001A5F3FE3B00][000001A5F4FAC100 49] Android_Adreno5xx_Low, [000001A5F451E400][000001A5F4FB0280 49] Android_Adreno5xx, [000001A5F3FE2D00][000001A5F4FB4400 49] Android_Adreno6xx, [000001A5F451DF00][000001A5F4FB8580 49] Android_Adreno6xx_Vulkan, [000001A5F3FE1F00][000001A5F50506C0 49] Android_Mali_T6xx, [000001A5F451E500][000001A5F4FBC800 49] Android_Mali_T7xx, [000001A5F3FE3400][000001A5F4FC0940 49] Android_Mali_T8xx, [000001A5F451C300][000001A5F4FC8AC0 49] Android_Mali_G71, [000001A5F3FE3E00][000001A5F4FCCC40 49] Android_Mali_G72, [000001A5F451CA00][000001A5F4FD0DC0 49] Android_Mali_G72_Vulkan, [000001A5F3FE1100][000001A5F528AF40 49] Android_Mali_G76, [000001A5F451E700][000001A5F528F0C0 49] Android_Mali_G76_Vulkan, [000001A5F3FE2800][000001A5F5293240 49] Android_Mali_G77, [000001A5F451EB00][000001A5F52973C0 49] Android_Mali_G77_Vulkan, [000001A5F3FE1800][000001A5F529B540 49] Android_Mali_G78, [000001A5F451C900][000001A5F529F6C0 49] Android_Mali_G78_Vulkan, [000001A5F3FE3000][000001A5F52A3840 49] Android_Mali_G710, [000001A5F451CD00][000001A5F52A79C0 49] Android_Mali_G710_Vulkan, [000001A5F3FE2300][000001A5F52ABB40 49] Android_Vulkan_SM5, [000001A5F451DB00][000001A5F52AE140 49] Android_PowerVR_G6xxx, [000001A5F3FE1700][000001A5F52B22C0 49] Android_PowerVR_GT7xxx, [000001A5F451E200][000001A5F52B6440 49] Android_PowerVR_GE8xxx, [000001A5F3FE3D00][000001A5F52BA5C0 49] Android_PowerVR_GM9xxx, [000001A5F451ED00][000001A5F52BE740 49] Android_PowerVR_GM9xxx_Vulkan, [000001A5F3FE0B00][000001A5F4FC4880 49] Android_TegraK1, [000001A5F451C500][000001A5F52C29C0 49] Android_Unknown_Vulkan, [000001A5F3FE3A00][000001A5F52C6B00 49] Lumin, [000001A5F451DC00][000001A5F52CAC40 49] Lumin_Desktop, [000001A5F40E7300][000001A5F5464DC0 49] HoloLens, 
[2023.03.07-00.56.21:343][  0]LogMeshReduction: Using QuadricMeshReduction for automatic static mesh reduction
[2023.03.07-00.56.21:343][  0]LogMeshReduction: Using SimplygonMeshReduction for automatic skeletal mesh reduction
[2023.03.07-00.56.21:343][  0]LogMeshReduction: Using ProxyLODMeshReduction for automatic mesh merging
[2023.03.07-00.56.21:343][  0]LogMeshReduction: No distributed automatic mesh merging module available
[2023.03.07-00.56.21:343][  0]LogMeshMerging: No distributed automatic mesh merging module available
[2023.03.07-00.56.21:607][  0]LogNetVersion: ArenaBattle 1.0.0, NetCL: 17155196, EngineNetVer: 17, GameNetVer: 0 (Checksum: 2964408555)
[2023.03.07-00.56.22:442][  0]LogTexture: Default maximum texture size for cubemaps generated from long-lat sources has been changed from 512 to unlimited. In order to preserve old behaiour for '/Engine/MapTemplates/Sky/DaylightAmbientCubemap.DaylightAmbientCubemap', its maximum texture size has been explicitly set to 512.
[2023.03.07-00.56.22:534][  0]LogHMD: PokeAHoleMaterial loaded successfully
[2023.03.07-00.56.22:539][  0]LogUObjectArray: 17178 objects as part of root set at end of initial load.
[2023.03.07-00.56.22:539][  0]LogUObjectAllocator: 4302048 out of 0 bytes used by permanent object pool.
[2023.03.07-00.56.22:539][  0]LogUObjectArray: CloseDisregardForGC: 0/0 objects in disregard for GC pool
[2023.03.07-00.56.22:761][  0]LogD3D12RHI: Creating RTPSO with 3 shaders (0 cached, 3 new) took 47.58 ms. Compile time 14.86 ms, link time 32.68 ms.
[2023.03.07-00.56.22:777][  0]LogD3D12RHI: Creating RTPSO with 3 shaders (1 cached, 2 new) took 15.55 ms. Compile time 2.13 ms, link time 13.40 ms.
[2023.03.07-00.56.22:870][  0]LogNiagaraDebuggerClient: Niagara Debugger Client Initialized | Session: 94E011C64915B32ADCDCD6AE50934697 | Instance: 5624D19141AB256E14A37AA7DBFC8217 (TRANSFERSCHOLAR-36996).
[2023.03.07-00.56.23:157][  0]LogPython: Using Python 3.7.7
[2023.03.07-00.56.23:850][  0]LogTcpMessaging: Initializing TcpMessaging bridge
[2023.03.07-00.56.23:856][  0]LogUdpMessaging: Initializing bridge on interface 0.0.0.0:0 to multicast group 230.0.0.1:6666.
[2023.03.07-00.56.24:061][  0]LogSkeletalMesh: Display: [AssetLog] D:\Github\UnrealPractice\ArenaBattle\Content\InfinityBladeWarriors\Character\CompleteCharacters\SK_CharM_Cardboard.uasset: Find and fix some bad tangent! please re-import this skeletal mesh asset to fix the issue. The shading of the skeletal mesh will be bad and faceted.
[2023.03.07-00.56.24:395][  0]SourceControl: 소스 컨트롤이 꺼졌습니다.
[2023.03.07-00.56.24:395][  0]SourceControl: 소스 컨트롤이 꺼졌습니다.
[2023.03.07-00.56.24:400][  0]SourceControl: 소스 컨트롤이 꺼졌습니다.
[2023.03.07-00.56.24:405][  0]SourceControl: 소스 컨트롤이 꺼졌습니다.
[2023.03.07-00.56.24:413][  0]SourceControl: 소스 컨트롤이 꺼졌습니다.
[2023.03.07-00.56.24:432][  0]LogUProjectInfo: Found projects:
[2023.03.07-00.56.24:775][  0]LogOpenImageDenoise: OIDN starting up
[2023.03.07-00.56.24:845][  0]LogAndroidPermission: UAndroidPermissionCallbackProxy::GetInstance
[2023.03.07-00.56.24:876][  0]LogAudioCaptureCore: Display: No Audio Capture implementations found. Audio input will be silent.
[2023.03.07-00.56.24:876][  0]LogAudioCaptureCore: Display: No Audio Capture implementations found. Audio input will be silent.
[2023.03.07-00.56.25:193][  0]LogCollectionManager: Loaded 0 collections in 0.002456 seconds
[2023.03.07-00.56.25:236][  0]LogFileCache: Scanning file cache for directory 'D:/Github/UnrealPractice/ArenaBattle/Saved/Collections/' took 0.00s
[2023.03.07-00.56.25:236][  0]LogFileCache: Scanning file cache for directory 'D:/Github/UnrealPractice/ArenaBattle/Content/Developers/r283/Collections/' took 0.00s
[2023.03.07-00.56.25:236][  0]LogFileCache: Scanning file cache for directory 'D:/Github/UnrealPractice/ArenaBattle/Content/Collections/' took 0.00s
[2023.03.07-00.56.25:236][  0]LogOcInput: OculusInput pre-init called
[2023.03.07-00.56.25:526][  0]LogEngine: Initializing Engine...
[2023.03.07-00.56.25:528][  0]LogHMD: Failed to enumerate extensions. Please check that you have a valid OpenXR runtime installed.
[2023.03.07-00.56.25:528][  0]LogHMD: Failed to initialize OpenVR with code 110
[2023.03.07-00.56.25:528][  0]LogMagicLeap: Warning: VR disabled because ZI is not enabled.  To enable, in the editor, Edit -> Project Settings -> Plugins -> Magic Leap Plugin -> Enable Zero Iteration
[2023.03.07-00.56.25:529][  0]LogStats: UGameplayTagsManager::InitializeManager -  0.000 s
[2023.03.07-00.56.25:770][  0]LogInit: Initializing FReadOnlyCVARCache
[2023.03.07-00.56.25:779][  0]LogAIModule: Creating AISystem for world Untitled
[2023.03.07-00.56.25:780][  0]LogAudio: Display: Initializing Audio Device Manager...
[2023.03.07-00.56.25:785][  0]LogAudio: Display: Loading Default Audio Settings Objects...
[2023.03.07-00.56.25:789][  0]LogAudio: Display: No default SoundConcurrencyObject specified (or failed to load).
[2023.03.07-00.56.25:789][  0]LogAudio: Display: Audio Device Manager Initialized
[2023.03.07-00.56.25:789][  0]LogAudio: Display: Creating Audio Device:                 Id: 1, Scope: Shared, Realtime: True
[2023.03.07-00.56.25:789][  0]LogAudioMixer: Display: Audio Mixer Platform Settings:
[2023.03.07-00.56.25:789][  0]LogAudioMixer: Display: 	Sample Rate:						  48000
[2023.03.07-00.56.25:789][  0]LogAudioMixer: Display: 	Callback Buffer Frame Size Requested: 1024
[2023.03.07-00.56.25:789][  0]LogAudioMixer: Display: 	Callback Buffer Frame Size To Use:	  1024
[2023.03.07-00.56.25:789][  0]LogAudioMixer: Display: 	Number of buffers to queue:			  2
[2023.03.07-00.56.25:789][  0]LogAudioMixer: Display: 	Max Channels (voices):				  32
[2023.03.07-00.56.25:789][  0]LogAudioMixer: Display: 	Number of Async Source Workers:		  0
[2023.03.07-00.56.25:789][  0]LogAudio: Display: AudioDevice MaxSources: 32
[2023.03.07-00.56.25:789][  0]LogAudio: Display: Audio Spatialization Plugin: None (built-in).
[2023.03.07-00.56.25:789][  0]LogAudio: Display: Audio Reverb Plugin: None (built-in).
[2023.03.07-00.56.25:789][  0]LogAudio: Display: Audio Occlusion Plugin: None (built-in).
[2023.03.07-00.56.25:789][  0]LogAudioMixer: Display: Initializing audio mixer.
[2023.03.07-00.56.25:840][  0]LogAudioMixer: Display: 0: FrontLeft
[2023.03.07-00.56.25:840][  0]LogAudioMixer: Display: 1: FrontRight
[2023.03.07-00.56.25:982][  0]LogAudioMixer: Display: Using Audio Device Speakers(Realtek(R) Audio)
[2023.03.07-00.56.25:982][  0]LogAudioMixer: Display: Initializing Sound Submixes...
[2023.03.07-00.56.26:001][  0]LogAudioMixer: Display: Creating Master Submix 'MasterSubmixDefault'
[2023.03.07-00.56.26:001][  0]LogAudioMixer: Display: Creating Master Submix 'MasterReverbSubmixDefault'
[2023.03.07-00.56.26:001][  0]LogAudioMixer: Display: Creating Master Submix 'MasterEQSubmixDefault'
[2023.03.07-00.56.26:001][  0]LogAudioMixer: FMixerPlatformXAudio2::StartAudioStream() called
[2023.03.07-00.56.26:001][  0]LogAudioMixer: Display: Output buffers initialized: Frames=1024, Channels=2, Samples=2048
[2023.03.07-00.56.26:003][  0]LogAudioMixer: Display: Starting AudioMixerPlatformInterface::RunInternal()
[2023.03.07-00.56.26:003][  0]LogAudioMixer: Display: FMixerPlatformXAudio2::SubmitBuffer() called for the first time
[2023.03.07-00.56.26:003][  0]LogInit: FAudioDevice initialized.
[2023.03.07-00.56.26:003][  0]LogAudio: Display: Audio Device (ID: 1) registered with world 'Untitled'.
[2023.03.07-00.56.26:003][  0]LogNetVersion: Set ProjectVersion to 1.0.0.0. Version Checksum will be recalculated on next use.
[2023.03.07-00.56.26:058][  0]LogDerivedDataCache: Saved boot cache 0.06s 112MB C:/Users/r283/AppData/Local/UnrealEngine/4.27/DerivedDataCache/Boot.ddc.
[2023.03.07-00.56.26:059][  0]LogInit: Texture streaming: Enabled
[2023.03.07-00.56.26:076][  0]LogAnalytics: Display: [UEEditor.Rocket.Release] APIServer = https://datarouter.ol.epicgames.com/. AppVersion = 4.27.2-18319896+++UE4+Release-4.27
[2023.03.07-00.56.26:083][  0]LogEngineSessionManager: EngineSessionManager initialized
[2023.03.07-00.56.26:083][  0]LogEngineSessionManager: EngineSessionManager sent abnormal shutdown report. Type=Crashed, SessionId={4E9E2200-4E67-EEF6-3EF5-B19727AD1270}
[2023.03.07-00.56.26:083][  0]LogEditorSessionSummary: Verbose: Initializing EditorSessionSummaryWriter for editor session tracking
[2023.03.07-00.56.26:088][  0]LogEditorSessionSummary: EditorSessionSummaryWriter initialized
[2023.03.07-00.56.26:116][  0]LogInit: Transaction tracking system initialized
[2023.03.07-00.56.26:147][  0]BlueprintLog: New page: 에디터 로드
[2023.03.07-00.56.26:224][  0]LocalizationService: 현지화 서비스가 비활성화되었습니다.
[2023.03.07-00.56.26:258][  0]TimingProfiler: Initialize
[2023.03.07-00.56.26:258][  0]TimingProfiler: OnSessionChanged
[2023.03.07-00.56.26:258][  0]LoadingProfiler: Initialize
[2023.03.07-00.56.26:258][  0]LoadingProfiler: OnSessionChanged
[2023.03.07-00.56.26:258][  0]NetworkingProfiler: Initialize
[2023.03.07-00.56.26:258][  0]NetworkingProfiler: OnSessionChanged
[2023.03.07-00.56.26:258][  0]MemoryProfiler: Initialize
[2023.03.07-00.56.26:258][  0]MemoryProfiler: OnSessionChanged
[2023.03.07-00.56.26:651][  0]LogCook: Display: CookSettings for Memory: MemoryMaxUsedVirtual 0MiB, MemoryMaxUsedPhysical 16384MiB, MemoryMinFreeVirtual 0MiB, MemoryMinFreePhysical 1024MiB
[2023.03.07-00.56.26:651][  0]LogCook: Display: Mobile HDR setting 1
[2023.03.07-00.56.26:905][  0]LogFileCache: Scanning file cache for directory 'D:/Github/UnrealPractice/ArenaBattle/Content/' took 0.02s
[2023.03.07-00.56.27:077][  0]LogInit: Display: Engine is initialized. Leaving FEngineLoop::Init()
[2023.03.07-00.56.27:081][  0]SourceControl: 소스 컨트롤이 꺼졌습니다.
[2023.03.07-00.56.27:081][  0]LogUnrealEdMisc: Loading editor; pre map load, took 13.501
[2023.03.07-00.56.27:081][  0]Cmd: MAP LOAD FILE="D:/Github/UnrealPractice/ArenaBattle/Content/Book/Maps/Step3.umap" TEMPLATE=0 SHOWPROGRESS=1 FEATURELEVEL=3
[2023.03.07-00.56.27:082][  0]LightingResults: New page: 라이팅 빌드
[2023.03.07-00.56.27:083][  0]LogWorld: UWorld::CleanupWorld for Untitled, bSessionEnded=true, bCleanupResources=true
[2023.03.07-00.56.27:083][  0]LogSlate: InvalidateAllWidgets triggered.  All widgets were invalidated
[2023.03.07-00.56.27:083][  0]MapCheck: New page: 맵 체크
[2023.03.07-00.56.27:083][  0]LightingResults: New page: 라이팅 빌드
[2023.03.07-00.56.27:093][  0]LogAudio: Display: Audio Device unregistered from world 'None'.
[2023.03.07-00.56.27:096][  0]LogUObjectHash: Compacting FUObjectHashTables data took   0.70ms
[2023.03.07-00.56.27:366][  0]LogAudio: Display: Audio Device (ID: 1) registered with world 'Step3'.
[2023.03.07-00.56.27:367][  0]LogAIModule: Creating AISystem for world Step3
[2023.03.07-00.56.27:375][  0]LogEditorServer: Finished looking for orphan Actors (0.000 secs)
[2023.03.07-00.56.27:404][  0]LogUObjectHash: Compacting FUObjectHashTables data took   0.83ms
[2023.03.07-00.56.27:405][  0]Cmd: MAP CHECKDEP NOCLEARLOG
[2023.03.07-00.56.27:406][  0]MapCheck: 맵 체크 완료: 오류 0 회, 경고 0 회, 소요 시간 0.171ms.
[2023.03.07-00.56.27:406][  0]LogFileHelpers: Loading map 'Step3' took 0.324
[2023.03.07-00.56.27:408][  0]LogUnrealEdMisc: Total Editor Startup Time, took 13.828
[2023.03.07-00.56.27:478][  0]LogWindowsTextInputMethodSystem: Display: IME system activated using TSF (Microsoft 입력기).
[2023.03.07-00.56.27:531][  0]LogSlate: Updating window title bar state: overlay mode, drag disabled, window buttons hidden, title bar hidden
[2023.03.07-00.56.27:535][  0]LogSlate: Updating window title bar state: overlay mode, drag disabled, window buttons hidden, title bar hidden
[2023.03.07-00.56.27:540][  0]LogSlate: Updating window title bar state: overlay mode, drag disabled, window buttons hidden, title bar hidden
[2023.03.07-00.56.27:545][  0]LogSlate: Updating window title bar state: overlay mode, drag disabled, window buttons hidden, title bar hidden
[2023.03.07-00.56.27:564][  0]LogNativeClassHierarchy: Verbose: Native class hierarchy populated in 0.0086 seconds. Added 3835 classes and 930 folders.
[2023.03.07-00.56.27:566][  0]LogNativeClassHierarchy: Verbose: Native class hierarchy updated for 'WidgetCarousel' in 0.0003 seconds. Added 0 classes and 0 folders.
[2023.03.07-00.56.27:573][  0]LogPakFile: PakFile PrimaryIndexSize=187
[2023.03.07-00.56.27:573][  0]LogPakFile: PakFile PathHashIndexSize=101
[2023.03.07-00.56.27:573][  0]LogPakFile: PakFile FullDirectoryIndexSize=148
[2023.03.07-00.56.27:573][  0]LogShaderLibrary: Display: ShaderCodeLibraryPakFileMountedCallback: PakFile 'C:/Program Files/Epic Games/UE_4.27/FeaturePacks/FP_FirstPerson.upack' (chunk index -1, root 'root:/') mounted
[2023.03.07-00.56.27:573][  0]LogShaderLibrary: Display: ShaderCodeLibraryPakFileMountedCallback: pending pak file info (ChunkID:-1 Root:root:/ File:C:/Program Files/Epic Games/UE_4.27/FeaturePacks/FP_FirstPerson.upack)
[2023.03.07-00.56.27:573][  0]LogPakFile: OnPakFileMounted2Time == 0.000055
[2023.03.07-00.56.27:579][  0]LogPakFile: PakFile PrimaryIndexSize=189
[2023.03.07-00.56.27:579][  0]LogPakFile: PakFile PathHashIndexSize=101
[2023.03.07-00.56.27:579][  0]LogPakFile: PakFile FullDirectoryIndexSize=152
[2023.03.07-00.56.27:579][  0]LogShaderLibrary: Display: ShaderCodeLibraryPakFileMountedCallback: PakFile 'C:/Program Files/Epic Games/UE_4.27/FeaturePacks/FP_FirstPersonBP.upack' (chunk index -1, root 'root:/') mounted
[2023.03.07-00.56.27:579][  0]LogShaderLibrary: Display: ShaderCodeLibraryPakFileMountedCallback: pending pak file info (ChunkID:-1 Root:root:/ File:C:/Program Files/Epic Games/UE_4.27/FeaturePacks/FP_FirstPersonBP.upack)
[2023.03.07-00.56.27:579][  0]LogPakFile: OnPakFileMounted2Time == 0.000074
[2023.03.07-00.56.27:584][  0]LogPakFile: PakFile PrimaryIndexSize=191
[2023.03.07-00.56.27:584][  0]LogPakFile: PakFile PathHashIndexSize=101
[2023.03.07-00.56.27:584][  0]LogPakFile: PakFile FullDirectoryIndexSize=160
[2023.03.07-00.56.27:584][  0]LogShaderLibrary: Display: ShaderCodeLibraryPakFileMountedCallback: PakFile 'C:/Program Files/Epic Games/UE_4.27/FeaturePacks/MobileStarterContent.upack' (chunk index -1, root 'root:/') mounted
[2023.03.07-00.56.27:584][  0]LogShaderLibrary: Display: ShaderCodeLibraryPakFileMountedCallback: pending pak file info (ChunkID:-1 Root:root:/ File:C:/Program Files/Epic Games/UE_4.27/FeaturePacks/MobileStarterContent.upack)
[2023.03.07-00.56.27:584][  0]LogPakFile: OnPakFileMounted2Time == 0.000041
[2023.03.07-00.56.27:588][  0]LogPakFile: PakFile PrimaryIndexSize=185
[2023.03.07-00.56.27:588][  0]LogPakFile: PakFile PathHashIndexSize=101
[2023.03.07-00.56.27:588][  0]LogPakFile: PakFile FullDirectoryIndexSize=148
[2023.03.07-00.56.27:588][  0]LogShaderLibrary: Display: ShaderCodeLibraryPakFileMountedCallback: PakFile 'C:/Program Files/Epic Games/UE_4.27/FeaturePacks/StarterContent.upack' (chunk index -1, root 'root:/') mounted
[2023.03.07-00.56.27:588][  0]LogShaderLibrary: Display: ShaderCodeLibraryPakFileMountedCallback: pending pak file info (ChunkID:-1 Root:root:/ File:C:/Program Files/Epic Games/UE_4.27/FeaturePacks/StarterContent.upack)
[2023.03.07-00.56.27:588][  0]LogPakFile: OnPakFileMounted2Time == 0.000039
[2023.03.07-00.56.27:593][  0]LogPakFile: PakFile PrimaryIndexSize=190
[2023.03.07-00.56.27:593][  0]LogPakFile: PakFile PathHashIndexSize=101
[2023.03.07-00.56.27:593][  0]LogPakFile: PakFile FullDirectoryIndexSize=154
[2023.03.07-00.56.27:593][  0]LogShaderLibrary: Display: ShaderCodeLibraryPakFileMountedCallback: PakFile 'C:/Program Files/Epic Games/UE_4.27/FeaturePacks/TP_2DSideScroller.upack' (chunk index -1, root 'root:/') mounted
[2023.03.07-00.56.27:593][  0]LogShaderLibrary: Display: ShaderCodeLibraryPakFileMountedCallback: pending pak file info (ChunkID:-1 Root:root:/ File:C:/Program Files/Epic Games/UE_4.27/FeaturePacks/TP_2DSideScroller.upack)
[2023.03.07-00.56.27:593][  0]LogPakFile: OnPakFileMounted2Time == 0.000037
[2023.03.07-00.56.27:597][  0]LogPakFile: PakFile PrimaryIndexSize=192
[2023.03.07-00.56.27:597][  0]LogPakFile: PakFile PathHashIndexSize=101
[2023.03.07-00.56.27:597][  0]LogPakFile: PakFile FullDirectoryIndexSize=158
[2023.03.07-00.56.27:597][  0]LogShaderLibrary: Display: ShaderCodeLibraryPakFileMountedCallback: PakFile 'C:/Program Files/Epic Games/UE_4.27/FeaturePacks/TP_2DSideScrollerBP.upack' (chunk index -1, root 'root:/') mounted
[2023.03.07-00.56.27:597][  0]LogShaderLibrary: Display: ShaderCodeLibraryPakFileMountedCallback: pending pak file info (ChunkID:-1 Root:root:/ File:C:/Program Files/Epic Games/UE_4.27/FeaturePacks/TP_2DSideScrollerBP.upack)
[2023.03.07-00.56.27:597][  0]LogPakFile: OnPakFileMounted2Time == 0.000032
[2023.03.07-00.56.27:601][  0]LogPakFile: PakFile PrimaryIndexSize=182
[2023.03.07-00.56.27:601][  0]LogPakFile: PakFile PathHashIndexSize=101
[2023.03.07-00.56.27:601][  0]LogPakFile: PakFile FullDirectoryIndexSize=138
[2023.03.07-00.56.27:601][  0]LogShaderLibrary: Display: ShaderCodeLibraryPakFileMountedCallback: PakFile 'C:/Program Files/Epic Games/UE_4.27/FeaturePacks/TP_Flying.upack' (chunk index -1, root 'root:/') mounted
[2023.03.07-00.56.27:601][  0]LogShaderLibrary: Display: ShaderCodeLibraryPakFileMountedCallback: pending pak file info (ChunkID:-1 Root:root:/ File:C:/Program Files/Epic Games/UE_4.27/FeaturePacks/TP_Flying.upack)
[2023.03.07-00.56.27:601][  0]LogPakFile: OnPakFileMounted2Time == 0.000041
[2023.03.07-00.56.27:606][  0]LogPakFile: PakFile PrimaryIndexSize=184
[2023.03.07-00.56.27:606][  0]LogPakFile: PakFile PathHashIndexSize=101
[2023.03.07-00.56.27:606][  0]LogPakFile: PakFile FullDirectoryIndexSize=142
[2023.03.07-00.56.27:606][  0]LogShaderLibrary: Display: ShaderCodeLibraryPakFileMountedCallback: PakFile 'C:/Program Files/Epic Games/UE_4.27/FeaturePacks/TP_FlyingBP.upack' (chunk index -1, root 'root:/') mounted
[2023.03.07-00.56.27:606][  0]LogShaderLibrary: Display: ShaderCodeLibraryPakFileMountedCallback: pending pak file info (ChunkID:-1 Root:root:/ File:C:/Program Files/Epic Games/UE_4.27/FeaturePacks/TP_FlyingBP.upack)
[2023.03.07-00.56.27:606][  0]LogPakFile: OnPakFileMounted2Time == 0.000041
[2023.03.07-00.56.27:611][  0]LogPakFile: PakFile PrimaryIndexSize=188
[2023.03.07-00.56.27:611][  0]LogPakFile: PakFile PathHashIndexSize=101
[2023.03.07-00.56.27:611][  0]LogPakFile: PakFile FullDirectoryIndexSize=150
[2023.03.07-00.56.27:611][  0]LogShaderLibrary: Display: ShaderCodeLibraryPakFileMountedCallback: PakFile 'C:/Program Files/Epic Games/UE_4.27/FeaturePacks/TP_HandheldARBP.upack' (chunk index -1, root 'root:/') mounted
[2023.03.07-00.56.27:611][  0]LogShaderLibrary: Display: ShaderCodeLibraryPakFileMountedCallback: pending pak file info (ChunkID:-1 Root:root:/ File:C:/Program Files/Epic Games/UE_4.27/FeaturePacks/TP_HandheldARBP.upack)
[2023.03.07-00.56.27:611][  0]LogPakFile: OnPakFileMounted2Time == 0.000035
[2023.03.07-00.56.27:615][  0]LogPakFile: PakFile PrimaryIndexSize=182
[2023.03.07-00.56.27:615][  0]LogPakFile: PakFile PathHashIndexSize=101
[2023.03.07-00.56.27:615][  0]LogPakFile: PakFile FullDirectoryIndexSize=138
[2023.03.07-00.56.27:615][  0]LogShaderLibrary: Display: ShaderCodeLibraryPakFileMountedCallback: PakFile 'C:/Program Files/Epic Games/UE_4.27/FeaturePacks/TP_Puzzle.upack' (chunk index -1, root 'root:/') mounted
[2023.03.07-00.56.27:615][  0]LogShaderLibrary: Display: ShaderCodeLibraryPakFileMountedCallback: pending pak file info (ChunkID:-1 Root:root:/ File:C:/Program Files/Epic Games/UE_4.27/FeaturePacks/TP_Puzzle.upack)
[2023.03.07-00.56.27:615][  0]LogPakFile: OnPakFileMounted2Time == 0.000040
[2023.03.07-00.56.27:619][  0]LogPakFile: PakFile PrimaryIndexSize=184
[2023.03.07-00.56.27:619][  0]LogPakFile: PakFile PathHashIndexSize=101
[2023.03.07-00.56.27:619][  0]LogPakFile: PakFile FullDirectoryIndexSize=142
[2023.03.07-00.56.27:619][  0]LogShaderLibrary: Display: ShaderCodeLibraryPakFileMountedCallback: PakFile 'C:/Program Files/Epic Games/UE_4.27/FeaturePacks/TP_PuzzleBP.upack' (chunk index -1, root 'root:/') mounted
[2023.03.07-00.56.27:619][  0]LogShaderLibrary: Display: ShaderCodeLibraryPakFileMountedCallback: pending pak file info (ChunkID:-1 Root:root:/ File:C:/Program Files/Epic Games/UE_4.27/FeaturePacks/TP_PuzzleBP.upack)
[2023.03.07-00.56.27:619][  0]LogPakFile: OnPakFileMounted2Time == 0.000035
[2023.03.07-00.56.27:624][  0]LogPakFile: PakFile PrimaryIndexSize=183
[2023.03.07-00.56.27:624][  0]LogPakFile: PakFile PathHashIndexSize=101
[2023.03.07-00.56.27:624][  0]LogPakFile: PakFile FullDirectoryIndexSize=140
[2023.03.07-00.56.27:624][  0]LogShaderLibrary: Display: ShaderCodeLibraryPakFileMountedCallback: PakFile 'C:/Program Files/Epic Games/UE_4.27/FeaturePacks/TP_Rolling.upack' (chunk index -1, root 'root:/') mounted
[2023.03.07-00.56.27:624][  0]LogShaderLibrary: Display: ShaderCodeLibraryPakFileMountedCallback: pending pak file info (ChunkID:-1 Root:root:/ File:C:/Program Files/Epic Games/UE_4.27/FeaturePacks/TP_Rolling.upack)
[2023.03.07-00.56.27:624][  0]LogPakFile: OnPakFileMounted2Time == 0.000035
[2023.03.07-00.56.27:629][  0]LogPakFile: PakFile PrimaryIndexSize=185
[2023.03.07-00.56.27:629][  0]LogPakFile: PakFile PathHashIndexSize=101
[2023.03.07-00.56.27:629][  0]LogPakFile: PakFile FullDirectoryIndexSize=144
[2023.03.07-00.56.27:629][  0]LogShaderLibrary: Display: ShaderCodeLibraryPakFileMountedCallback: PakFile 'C:/Program Files/Epic Games/UE_4.27/FeaturePacks/TP_RollingBP.upack' (chunk index -1, root 'root:/') mounted
[2023.03.07-00.56.27:629][  0]LogShaderLibrary: Display: ShaderCodeLibraryPakFileMountedCallback: pending pak file info (ChunkID:-1 Root:root:/ File:C:/Program Files/Epic Games/UE_4.27/FeaturePacks/TP_RollingBP.upack)
[2023.03.07-00.56.27:629][  0]LogPakFile: OnPakFileMounted2Time == 0.000036
[2023.03.07-00.56.27:633][  0]LogPakFile: PakFile PrimaryIndexSize=188
[2023.03.07-00.56.27:633][  0]LogPakFile: PakFile PathHashIndexSize=101
[2023.03.07-00.56.27:633][  0]LogPakFile: PakFile FullDirectoryIndexSize=150
[2023.03.07-00.56.27:633][  0]LogShaderLibrary: Display: ShaderCodeLibraryPakFileMountedCallback: PakFile 'C:/Program Files/Epic Games/UE_4.27/FeaturePacks/TP_SideScroller.upack' (chunk index -1, root 'root:/') mounted
[2023.03.07-00.56.27:633][  0]LogShaderLibrary: Display: ShaderCodeLibraryPakFileMountedCallback: pending pak file info (ChunkID:-1 Root:root:/ File:C:/Program Files/Epic Games/UE_4.27/FeaturePacks/TP_SideScroller.upack)
[2023.03.07-00.56.27:633][  0]LogPakFile: OnPakFileMounted2Time == 0.000052
[2023.03.07-00.56.27:636][  0]LogPakFile: PakFile PrimaryIndexSize=190
[2023.03.07-00.56.27:636][  0]LogPakFile: PakFile PathHashIndexSize=101
[2023.03.07-00.56.27:637][  0]LogPakFile: PakFile FullDirectoryIndexSize=154
[2023.03.07-00.56.27:637][  0]LogShaderLibrary: Display: ShaderCodeLibraryPakFileMountedCallback: PakFile 'C:/Program Files/Epic Games/UE_4.27/FeaturePacks/TP_SideScrollerBP.upack' (chunk index -1, root 'root:/') mounted
[2023.03.07-00.56.27:637][  0]LogShaderLibrary: Display: ShaderCodeLibraryPakFileMountedCallback: pending pak file info (ChunkID:-1 Root:root:/ File:C:/Program Files/Epic Games/UE_4.27/FeaturePacks/TP_SideScrollerBP.upack)
[2023.03.07-00.56.27:637][  0]LogPakFile: OnPakFileMounted2Time == 0.000036
[2023.03.07-00.56.27:641][  0]LogPakFile: PakFile PrimaryIndexSize=187
[2023.03.07-00.56.27:641][  0]LogPakFile: PakFile PathHashIndexSize=101
[2023.03.07-00.56.27:641][  0]LogPakFile: PakFile FullDirectoryIndexSize=148
[2023.03.07-00.56.27:641][  0]LogShaderLibrary: Display: ShaderCodeLibraryPakFileMountedCallback: PakFile 'C:/Program Files/Epic Games/UE_4.27/FeaturePacks/TP_ThirdPerson.upack' (chunk index -1, root 'root:/') mounted
[2023.03.07-00.56.27:641][  0]LogShaderLibrary: Display: ShaderCodeLibraryPakFileMountedCallback: pending pak file info (ChunkID:-1 Root:root:/ File:C:/Program Files/Epic Games/UE_4.27/FeaturePacks/TP_ThirdPerson.upack)
[2023.03.07-00.56.27:641][  0]LogPakFile: OnPakFileMounted2Time == 0.000034
[2023.03.07-00.56.27:645][  0]LogPakFile: PakFile PrimaryIndexSize=189
[2023.03.07-00.56.27:645][  0]LogPakFile: PakFile PathHashIndexSize=101
[2023.03.07-00.56.27:645][  0]LogPakFile: PakFile FullDirectoryIndexSize=152
[2023.03.07-00.56.27:645][  0]LogShaderLibrary: Display: ShaderCodeLibraryPakFileMountedCallback: PakFile 'C:/Program Files/Epic Games/UE_4.27/FeaturePacks/TP_ThirdPersonBP.upack' (chunk index -1, root 'root:/') mounted
[2023.03.07-00.56.27:645][  0]LogShaderLibrary: Display: ShaderCodeLibraryPakFileMountedCallback: pending pak file info (ChunkID:-1 Root:root:/ File:C:/Program Files/Epic Games/UE_4.27/FeaturePacks/TP_ThirdPersonBP.upack)
[2023.03.07-00.56.27:645][  0]LogPakFile: OnPakFileMounted2Time == 0.000039
[2023.03.07-00.56.27:649][  0]LogPakFile: PakFile PrimaryIndexSize=183
[2023.03.07-00.56.27:649][  0]LogPakFile: PakFile PathHashIndexSize=101
[2023.03.07-00.56.27:649][  0]LogPakFile: PakFile FullDirectoryIndexSize=140
[2023.03.07-00.56.27:649][  0]LogShaderLibrary: Display: ShaderCodeLibraryPakFileMountedCallback: PakFile 'C:/Program Files/Epic Games/UE_4.27/FeaturePacks/TP_TopDown.upack' (chunk index -1, root 'root:/') mounted
[2023.03.07-00.56.27:649][  0]LogShaderLibrary: Display: ShaderCodeLibraryPakFileMountedCallback: pending pak file info (ChunkID:-1 Root:root:/ File:C:/Program Files/Epic Games/UE_4.27/FeaturePacks/TP_TopDown.upack)
[2023.03.07-00.56.27:649][  0]LogPakFile: OnPakFileMounted2Time == 0.000043
[2023.03.07-00.56.27:653][  0]LogPakFile: PakFile PrimaryIndexSize=185
[2023.03.07-00.56.27:653][  0]LogPakFile: PakFile PathHashIndexSize=101
[2023.03.07-00.56.27:653][  0]LogPakFile: PakFile FullDirectoryIndexSize=144
[2023.03.07-00.56.27:653][  0]LogShaderLibrary: Display: ShaderCodeLibraryPakFileMountedCallback: PakFile 'C:/Program Files/Epic Games/UE_4.27/FeaturePacks/TP_TopDownBP.upack' (chunk index -1, root 'root:/') mounted
[2023.03.07-00.56.27:653][  0]LogShaderLibrary: Display: ShaderCodeLibraryPakFileMountedCallback: pending pak file info (ChunkID:-1 Root:root:/ File:C:/Program Files/Epic Games/UE_4.27/FeaturePacks/TP_TopDownBP.upack)
[2023.03.07-00.56.27:653][  0]LogPakFile: OnPakFileMounted2Time == 0.000039
[2023.03.07-00.56.27:660][  0]LogPakFile: PakFile PrimaryIndexSize=185
[2023.03.07-00.56.27:660][  0]LogPakFile: PakFile PathHashIndexSize=101
[2023.03.07-00.56.27:660][  0]LogPakFile: PakFile FullDirectoryIndexSize=144
[2023.03.07-00.56.27:660][  0]LogShaderLibrary: Display: ShaderCodeLibraryPakFileMountedCallback: PakFile 'C:/Program Files/Epic Games/UE_4.27/FeaturePacks/TP_TwinStick.upack' (chunk index -1, root 'root:/') mounted
[2023.03.07-00.56.27:660][  0]LogShaderLibrary: Display: ShaderCodeLibraryPakFileMountedCallback: pending pak file info (ChunkID:-1 Root:root:/ File:C:/Program Files/Epic Games/UE_4.27/FeaturePacks/TP_TwinStick.upack)
[2023.03.07-00.56.27:660][  0]LogPakFile: OnPakFileMounted2Time == 0.000040
[2023.03.07-00.56.27:663][  0]LogPakFile: PakFile PrimaryIndexSize=187
[2023.03.07-00.56.27:663][  0]LogPakFile: PakFile PathHashIndexSize=101
[2023.03.07-00.56.27:663][  0]LogPakFile: PakFile FullDirectoryIndexSize=148
[2023.03.07-00.56.27:663][  0]LogShaderLibrary: Display: ShaderCodeLibraryPakFileMountedCallback: PakFile 'C:/Program Files/Epic Games/UE_4.27/FeaturePacks/TP_TwinStickBP.upack' (chunk index -1, root 'root:/') mounted
[2023.03.07-00.56.27:663][  0]LogShaderLibrary: Display: ShaderCodeLibraryPakFileMountedCallback: pending pak file info (ChunkID:-1 Root:root:/ File:C:/Program Files/Epic Games/UE_4.27/FeaturePacks/TP_TwinStickBP.upack)
[2023.03.07-00.56.27:664][  0]LogPakFile: OnPakFileMounted2Time == 0.000048
[2023.03.07-00.56.27:668][  0]LogPakFile: PakFile PrimaryIndexSize=183
[2023.03.07-00.56.27:668][  0]LogPakFile: PakFile PathHashIndexSize=101
[2023.03.07-00.56.27:668][  0]LogPakFile: PakFile FullDirectoryIndexSize=140
[2023.03.07-00.56.27:668][  0]LogShaderLibrary: Display: ShaderCodeLibraryPakFileMountedCallback: PakFile 'C:/Program Files/Epic Games/UE_4.27/FeaturePacks/TP_Vehicle.upack' (chunk index -1, root 'root:/') mounted
[2023.03.07-00.56.27:668][  0]LogShaderLibrary: Display: ShaderCodeLibraryPakFileMountedCallback: pending pak file info (ChunkID:-1 Root:root:/ File:C:/Program Files/Epic Games/UE_4.27/FeaturePacks/TP_Vehicle.upack)
[2023.03.07-00.56.27:668][  0]LogPakFile: OnPakFileMounted2Time == 0.000038
[2023.03.07-00.56.27:672][  0]LogPakFile: PakFile PrimaryIndexSize=186
[2023.03.07-00.56.27:672][  0]LogPakFile: PakFile PathHashIndexSize=101
[2023.03.07-00.56.27:672][  0]LogPakFile: PakFile FullDirectoryIndexSize=146
[2023.03.07-00.56.27:672][  0]LogShaderLibrary: Display: ShaderCodeLibraryPakFileMountedCallback: PakFile 'C:/Program Files/Epic Games/UE_4.27/FeaturePacks/TP_VehicleAdv.upack' (chunk index -1, root 'root:/') mounted
[2023.03.07-00.56.27:672][  0]LogShaderLibrary: Display: ShaderCodeLibraryPakFileMountedCallback: pending pak file info (ChunkID:-1 Root:root:/ File:C:/Program Files/Epic Games/UE_4.27/FeaturePacks/TP_VehicleAdv.upack)
[2023.03.07-00.56.27:672][  0]LogPakFile: OnPakFileMounted2Time == 0.000050
[2023.03.07-00.56.27:677][  0]LogPakFile: PakFile PrimaryIndexSize=188
[2023.03.07-00.56.27:677][  0]LogPakFile: PakFile PathHashIndexSize=101
[2023.03.07-00.56.27:677][  0]LogPakFile: PakFile FullDirectoryIndexSize=150
[2023.03.07-00.56.27:677][  0]LogShaderLibrary: Display: ShaderCodeLibraryPakFileMountedCallback: PakFile 'C:/Program Files/Epic Games/UE_4.27/FeaturePacks/TP_VehicleAdvBP.upack' (chunk index -1, root 'root:/') mounted
[2023.03.07-00.56.27:677][  0]LogShaderLibrary: Display: ShaderCodeLibraryPakFileMountedCallback: pending pak file info (ChunkID:-1 Root:root:/ File:C:/Program Files/Epic Games/UE_4.27/FeaturePacks/TP_VehicleAdvBP.upack)
[2023.03.07-00.56.27:677][  0]LogPakFile: OnPakFileMounted2Time == 0.000036
[2023.03.07-00.56.27:681][  0]LogPakFile: PakFile PrimaryIndexSize=185
[2023.03.07-00.56.27:681][  0]LogPakFile: PakFile PathHashIndexSize=101
[2023.03.07-00.56.27:681][  0]LogPakFile: PakFile FullDirectoryIndexSize=144
[2023.03.07-00.56.27:681][  0]LogShaderLibrary: Display: ShaderCodeLibraryPakFileMountedCallback: PakFile 'C:/Program Files/Epic Games/UE_4.27/FeaturePacks/TP_VehicleBP.upack' (chunk index -1, root 'root:/') mounted
[2023.03.07-00.56.27:681][  0]LogShaderLibrary: Display: ShaderCodeLibraryPakFileMountedCallback: pending pak file info (ChunkID:-1 Root:root:/ File:C:/Program Files/Epic Games/UE_4.27/FeaturePacks/TP_VehicleBP.upack)
[2023.03.07-00.56.27:681][  0]LogPakFile: OnPakFileMounted2Time == 0.000037
[2023.03.07-00.56.27:685][  0]LogPakFile: PakFile PrimaryIndexSize=192
[2023.03.07-00.56.27:685][  0]LogPakFile: PakFile PathHashIndexSize=101
[2023.03.07-00.56.27:685][  0]LogPakFile: PakFile FullDirectoryIndexSize=158
[2023.03.07-00.56.27:685][  0]LogShaderLibrary: Display: ShaderCodeLibraryPakFileMountedCallback: PakFile 'C:/Program Files/Epic Games/UE_4.27/FeaturePacks/TP_VirtualRealityBP.upack' (chunk index -1, root 'root:/') mounted
[2023.03.07-00.56.27:685][  0]LogShaderLibrary: Display: ShaderCodeLibraryPakFileMountedCallback: pending pak file info (ChunkID:-1 Root:root:/ File:C:/Program Files/Epic Games/UE_4.27/FeaturePacks/TP_VirtualRealityBP.upack)
[2023.03.07-00.56.27:685][  0]LogPakFile: OnPakFileMounted2Time == 0.000033
[2023.03.07-00.56.27:823][  0]LogNativeClassHierarchy: Verbose: Native class hierarchy updated for 'AddContentDialog' in 0.0003 seconds. Added 0 classes and 0 folders.
[2023.03.07-00.56.27:828][  0]LogNativeClassHierarchy: Verbose: Native class hierarchy updated for 'SceneOutliner' in 0.0003 seconds. Added 2 classes and 0 folders.
[2023.03.07-00.56.27:922][  0]LogSlate: Took 0.000187 seconds to synchronously load lazily loaded font '../../../Engine/Content/Slate/Fonts/Roboto-Regular.ttf' (155K)
[2023.03.07-00.56.27:927][  0]LogSlate: Took 0.003929 seconds to synchronously load lazily loaded font '../../../Engine/Content/Editor/Slate/Fonts/FontAwesome.ttf' (139K)
[2023.03.07-00.56.27:933][  0]LogSlate: Took 0.005884 seconds to synchronously load lazily loaded font '../../../Engine/Content/Editor/Slate/Fonts/NanumGothic.ttf' (4243K)
[2023.03.07-00.56.27:939][  0]LogSlate: Took 0.004762 seconds to synchronously load lazily loaded font '../../../Engine/Content/Editor/Slate/Fonts/NanumGothicBold.ttf' (4188K)
[2023.03.07-00.56.27:939][  0]LogSlate: Took 0.000161 seconds to synchronously load lazily loaded font '../../../Engine/Content/Slate/Fonts/Roboto-Bold.ttf' (160K)
[2023.03.07-00.56.28:038][  0]LogRenderer: Reallocating scene render targets to support 1068x556 Format 10 NumSamples 1 (Frame:1).
[2023.03.07-00.56.28:234][  0]LogD3D12RHI: Creating RTPSO with 133 shaders (0 cached, 133 new) took 178.42 ms. Compile time 167.73 ms, link time 10.50 ms.
[2023.03.07-00.56.28:328][  0]LogD3D12RHI: Creating RT View Heap with 250000 entries
[2023.03.07-00.56.28:350][  0]LogD3D12RHI: Creating RT Sampler Heap with 2048 entries
[2023.03.07-00.56.28:374][  0]LogD3D12RHI: Creating RTPSO with 8 shaders (0 cached, 8 new) took 22.90 ms. Compile time 21.30 ms, link time 1.57 ms.
[2023.03.07-00.56.28:374][  0]LogD3D12RHI: Creating RT View Heap with 250000 entries
[2023.03.07-00.56.28:393][  0]LogD3D12RHI: Creating RT Sampler Heap with 2048 entries
[2023.03.07-00.56.28:470][  0]LogD3D12RHI: Creating RTPSO with 3 shaders (2 cached, 1 new) took 74.68 ms. Compile time 1.06 ms, link time 73.60 ms.
[2023.03.07-00.56.28:470][  0]LogD3D12RHI: Creating RT View Heap with 250000 entries
[2023.03.07-00.56.28:490][  0]LogD3D12RHI: Creating RT Sampler Heap with 2048 entries
[2023.03.07-00.56.28:784][  0]LogNativeClassHierarchy: Verbose: Native class hierarchy updated for 'HierarchicalLODOutliner' in 0.0003 seconds. Added 0 classes and 0 folders.
[2023.03.07-00.56.28:784][  0]LogInput: Warning: Action Jump uses invalid key OculusGo_Left_Trigger_Click.
[2023.03.07-00.56.28:784][  0]LogInput: Warning: Action ResetVR uses invalid key OculusGo_Left_Trackpad_Click.
[2023.03.07-00.56.28:784][  0]LogInput: Warning: Use -RemoveInvalidKeys to remove instances of these keys from the action mapping.
[2023.03.07-00.56.28:784][  0]LogLoad: (Engine Initialization) Total time: 15.20 seconds
[2023.03.07-00.56.28:784][  0]LogLoad: (Engine Initialization) Total Blueprint compile time: 0.00 seconds
[2023.03.07-00.56.28:883][  0]LogAssetRegistry: Asset discovery search completed in 7.9264 seconds
[2023.03.07-00.56.28:906][  0]LogCollectionManager: Fixed up redirectors for 0 collections in 0.000004 seconds (updated 0 objects)
[2023.03.07-00.56.28:908][  0]LogContentStreaming: Texture pool size now 1000 MB
[2023.03.07-00.56.28:944][  1]ArenaBattle: Warning: AABPawn::PostInitializeComponents(66)
[2023.03.07-00.56.28:992][  2]LogD3D12RHI: Creating RT View Heap with 250000 entries
[2023.03.07-00.56.29:010][  2]LogD3D12RHI: Creating RT Sampler Heap with 2048 entries
[2023.03.07-00.56.29:010][  2]LogD3D12RHI: Creating RT View Heap with 250000 entries
[2023.03.07-00.56.29:029][  2]LogD3D12RHI: Creating RT Sampler Heap with 2048 entries
[2023.03.07-00.56.29:077][  4]LogD3D12RHI: Creating RT View Heap with 250000 entries
[2023.03.07-00.56.29:104][  4]LogD3D12RHI: Creating RT Sampler Heap with 2048 entries
[2023.03.07-00.56.29:805][ 66]LogSlate: Took 0.004316 seconds to synchronously load lazily loaded font '../../../Engine/Content/Slate/Fonts/Roboto-Light.ttf' (167K)
[2023.03.07-00.56.42:518][190]LogHotReload: New module detected: UE4Editor-ArenaBattle-0067.dll
[2023.03.07-00.56.43:539][194]LogHotReload: Starting Hot-Reload from IDE
[2023.03.07-00.56.43:588][194]LogClass: ABCharacterData HotReload.
[2023.03.07-00.56.43:591][194]LogHotReload: Re-instancing ABCharacter after hot-reload.
[2023.03.07-00.56.43:600][194]LogNativeClassHierarchy: Verbose: Native class hierarchy updated for 'ArenaBattle' in 0.0003 seconds. Added 13 classes and 2 folders.
[2023.03.07-00.56.43:603][194]Display: HotReload successful (5 functions remapped  1 scriptstructs remapped)
[2023.03.07-00.56.43:649][194]LogNativeClassHierarchy: Verbose: Native class hierarchy populated in 0.0077 seconds. Added 3835 classes and 930 folders.
[2023.03.07-00.56.43:662][194]Display: HotReload took  0.1s.
[2023.03.07-00.56.53:232][222]LogHotReload: New module detected: UE4Editor-ArenaBattle-0068.dll
[2023.03.07-00.56.54:254][226]LogHotReload: Starting Hot-Reload from IDE
[2023.03.07-00.56.54:300][226]LogClass: ABCharacterData HotReload.
[2023.03.07-00.56.54:303][226]LogHotReload: Re-instancing ABCharacter after hot-reload.
[2023.03.07-00.56.54:311][226]LogNativeClassHierarchy: Verbose: Native class hierarchy updated for 'ArenaBattle' in 0.0003 seconds. Added 13 classes and 2 folders.
[2023.03.07-00.56.54:314][226]Display: HotReload successful (5 functions remapped  1 scriptstructs remapped)
[2023.03.07-00.56.54:348][226]LogNativeClassHierarchy: Verbose: Native class hierarchy populated in 0.0080 seconds. Added 3835 classes and 930 folders.
[2023.03.07-00.56.54:359][226]Display: HotReload took  0.1s.
[2023.03.07-00.57.01:035][250]LogUObjectHash: Compacting FUObjectHashTables data took   0.64ms
[2023.03.07-00.57.01:047][250]LogSlate: Window 'ArenaBattle - 언리얼 에디터' being destroyed
[2023.03.07-00.57.01:048][250]LogWindowsTextInputMethodSystem: Display: IME system activated using TSF (Microsoft 입력기).
[2023.03.07-00.57.01:150][251]Cmd: QUIT_EDITOR
[2023.03.07-00.57.01:150][251]LogCore: Engine exit requested (reason: UUnrealEdEngine::CloseEditor())
[2023.03.07-00.57.01:154][251]LogCore: Engine exit requested (reason: EngineExit() was called; note: exit was already requested)
[2023.03.07-00.57.01:158][251]LogAudio: Display: Beginning Audio Device Manager Shutdown (Module: AudioMixerXAudio2)...
[2023.03.07-00.57.01:158][251]LogAudio: Display: Destroying 1 Remaining Audio Device(s)...
[2023.03.07-00.57.01:158][251]LogAudio: Display: Audio Device unregistered from world 'Step3'.
[2023.03.07-00.57.01:158][251]LogAudioMixer: FMixerPlatformXAudio2::StopAudioStream() called
[2023.03.07-00.57.01:159][251]LogAudioMixer: FMixerPlatformXAudio2::StopAudioStream() called
[2023.03.07-00.57.01:174][251]LogAudio: Display: Audio Device Manager Shutdown
[2023.03.07-00.57.01:177][251]LogExit: Preparing to exit.
[2023.03.07-00.57.01:892][251]LogWindows: Windows GetLastError: 작업을 완료했습니다. (0)
[2023.03.07-00.57.03:463][251]LogThreadingWindows: Error: Runnable thread TaskGraphThreadBP 31 crashed.
[2023.03.07-00.57.03:465][251]LogWindows: Error: === Critical error: ===
[2023.03.07-00.57.03:465][251]LogWindows: Error: 
[2023.03.07-00.57.03:465][251]LogWindows: Error: Fatal error: [File:D:/Build/++UE4/Sync/Engine/Source/Runtime/Core/Private/Windows/WindowsPlatformMisc.cpp] [Line: 475] 
[2023.03.07-00.57.03:465][251]LogWindows: Error: Pure virtual function being called
[2023.03.07-00.57.03:465][251]LogWindows: Error: 
[2023.03.07-00.57.03:465][251]LogWindows: Error: 
[2023.03.07-00.57.03:465][251]LogWindows: Error: [Callstack] 0x00007fffddfa051c KERNELBASE.dll!UnknownFunction []
[2023.03.07-00.57.03:465][251]LogWindows: Error: [Callstack] 0x00007fff6be70216 UE4Editor-Core.dll!ReportAssert() [D:\Build\++UE4\Sync\Engine\Source\Runtime\Core\Private\Windows\WindowsPlatformCrashContext.cpp:1644]
[2023.03.07-00.57.03:465][251]LogWindows: Error: [Callstack] 0x00007fff6be74218 UE4Editor-Core.dll!FWindowsErrorOutputDevice::Serialize() [D:\Build\++UE4\Sync\Engine\Source\Runtime\Core\Private\Windows\WindowsErrorOutputDevice.cpp:78]
[2023.03.07-00.57.03:465][251]LogWindows: Error: [Callstack] 0x00007fff6bb9242d UE4Editor-Core.dll!FOutputDevice::LogfImpl() [D:\Build\++UE4\Sync\Engine\Source\Runtime\Core\Private\Misc\OutputDevice.cpp:61]
[2023.03.07-00.57.03:465][251]LogWindows: Error: [Callstack] 0x00007fff6be8e6e0 UE4Editor-Core.dll!PureCallHandler() [D:\Build\++UE4\Sync\Engine\Source\Runtime\Core\Private\Windows\WindowsPlatformMisc.cpp:477]
[2023.03.07-00.57.03:465][251]LogWindows: Error: [Callstack] 0x00007fffc5fa6e44 VCRUNTIME140.dll!UnknownFunction []
[2023.03.07-00.57.03:465][251]LogWindows: Error: [Callstack] 0x00007fff6a1e6734 UE4Editor-CoreUObject.dll!UGCObjectReferencer::AddReferencedObjects() [D:\Build\++UE4\Sync\Engine\Source\Runtime\CoreUObject\Private\Misc\GCObjectReferencer.cpp:27]
[2023.03.07-00.57.03:465][251]LogWindows: Error: [Callstack] 0x00007fff6a33d40f UE4Editor-CoreUObject.dll!TFastReferenceCollector<FGCReferenceProcessor<1>,FGCCollector<1>,FGCArrayPool,1>::ProcessObjectArray() [D:\Build\++UE4\Sync\Engine\Source\Runtime\CoreUObject\Public\UObject\FastReferenceCollector.h:881]
[2023.03.07-00.57.03:465][251]LogWindows: Error: [Callstack] 0x00007fff6a312fb5 UE4Editor-CoreUObject.dll!TFastReferenceCollector<FGCReferenceProcessor<1>,FGCCollector<1>,FGCArrayPool,1>::FCollectorTaskQueue::DoTask() [D:\Build\++UE4\Sync\Engine\Source\Runtime\CoreUObject\Public\UObject\FastReferenceCollector.h:403]
[2023.03.07-00.57.03:465][251]LogWindows: Error: [Callstack] 0x00007fff6a31be5d UE4Editor-CoreUObject.dll!TGraphTask<TFastReferenceCollector<FGCReferenceProcessor<1>,FGCCollector<1>,FGCArrayPool,1>::FCollectorTaskProcessorTask>::ExecuteTask() [D:\Build\++UE4\Sync\Engine\Source\Runtime\Core\Public\Async\TaskGraphInterfaces.h:886]
[2023.03.07-00.57.03:465][251]LogWindows: Error: [Callstack] 0x00007fff6b8f1507 UE4Editor-Core.dll!FTaskThreadAnyThread::ProcessTasks() [D:\Build\++UE4\Sync\Engine\Source\Runtime\Core\Private\Async\TaskGraph.cpp:1066]
[2023.03.07-00.57.03:465][251]LogWindows: Error: [Callstack] 0x00007fff6b8f2860 UE4Editor-Core.dll!FTaskThreadAnyThread::ProcessTasksUntilQuit() [D:\Build\++UE4\Sync\Engine\Source\Runtime\Core\Private\Async\TaskGraph.cpp:889]
[2023.03.07-00.57.03:465][251]LogWindows: Error: [Callstack] 0x00007fff6b8f9aa5 UE4Editor-Core.dll!FTaskThreadAnyThread::Run() [D:\Build\++UE4\Sync\Engine\Source\Runtime\Core\Private\Async\TaskGraph.cpp:966]
[2023.03.07-00.57.03:465][251]LogWindows: Error: [Callstack] 0x00007fff6be8ff0b UE4Editor-Core.dll!FRunnableThreadWin::Run() [D:\Build\++UE4\Sync\Engine\Source\Runtime\Core\Private\Windows\WindowsRunnableThread.cpp:86]
[2023.03.07-00.57.03:465][251]LogWindows: Error: [Callstack] 0x00007fff6be87050 UE4Editor-Core.dll!FRunnableThreadWin::GuardedRun() [D:\Build\++UE4\Sync\Engine\Source\Runtime\Core\Private\Windows\WindowsRunnableThread.cpp:35]
[2023.03.07-00.57.03:465][251]LogWindows: Error: [Callstack] 0x00007fffde6326bd KERNEL32.DLL!UnknownFunction []
[2023.03.07-00.57.03:465][251]LogWindows: Error: [Callstack] 0x00007fffe086dfb8 ntdll.dll!UnknownFunction []
[2023.03.07-00.57.03:465][251]LogWindows: Error: 
[2023.03.07-00.57.03:465][251]LogWindows: Error: Crash in runnable thread TaskGraphThreadBP 31
[2023.03.07-00.57.03:474][251]LogExit: Executing StaticShutdownAfterError
[2023.03.07-00.57.03:474][251]LogWindows: FPlatformMisc::RequestExit(1)
[2023.03.07-00.57.03:474][251]LogWindows: FPlatformMisc::RequestExitWithStatus(1, 3)
[2023.03.07-00.57.03:474][251]LogCore: Engine exit requested (reason: Win RequestExit; note: exit was already requested)
[2023.03.07-00.57.03:482][251]Log file closed, 03/07/23 09:57:03
