Log file open, 02/28/23 14:44:20
LogWindows: Failed to load 'aqProf.dll' (GetLastError=126)
LogWindows: File 'aqProf.dll' does not exist
LogWindows: Failed to load 'VtuneApi.dll' (GetLastError=126)
LogWindows: File 'VtuneApi.dll' does not exist
LogWindows: Failed to load 'VtuneApi32e.dll' (GetLastError=126)
LogWindows: File 'VtuneApi32e.dll' does not exist
LogConsoleResponse: Display: Failed to find resolution value strings in scalability ini. Falling back to default.
LogConsoleResponse: Display: Failed to find resolution value strings in scalability ini. Falling back to default.
LogInit: Display: Running engine for game: ArenaBattle
LogPlatformFile: Not using cached read wrapper
LogTaskGraph: Started task graph with 5 named threads and 47 total threads with 3 sets of task threads.
LogStats: Stats thread started at 0.235412
LogICUInternationalization: ICU TimeZone Detection - Raw Offset: +9:00, Platform Override: ''
LogInit: Display: Loading text-based GConfig....
LogPluginManager: Mounting plugin MeshPainting
LogPluginManager: Mounting plugin XGEController
LogPluginManager: Mounting plugin Paper2D
LogPluginManager: Mounting plugin EnvironmentQueryEditor
LogPluginManager: Mounting plugin LightPropagationVolume
LogPluginManager: Mounting plugin AISupport
LogPluginManager: Mounting plugin LiveLink
LogPluginManager: Mounting plugin CameraShakePreviewer
LogPluginManager: Mounting plugin GameplayCameras
LogPluginManager: Mounting plugin OodleNetwork
LogPluginManager: Mounting plugin OodleData
LogPluginManager: Mounting plugin AnimationSharing
LogPluginManager: Mounting plugin CodeLiteSourceCodeAccess
LogPluginManager: Mounting plugin CLionSourceCodeAccess
LogPluginManager: Mounting plugin GitSourceControl
LogPluginManager: Mounting plugin KDevelopSourceCodeAccess
LogPluginManager: Mounting plugin NullSourceCodeAccess
LogPluginManager: Mounting plugin PixWinPlugin
LogPluginManager: Mounting plugin PerforceSourceControl
LogPluginManager: Mounting plugin PlasticSourceControl
LogPluginManager: Mounting plugin PluginUtils
LogPluginManager: Mounting plugin PropertyAccessNode
LogPluginManager: Mounting plugin RiderSourceCodeAccess
LogPluginManager: Mounting plugin TextureFormatOodle
LogPluginManager: Mounting plugin SubversionSourceControl
LogPluginManager: Mounting plugin UObjectPlugin
LogPluginManager: Mounting plugin VisualStudioCodeSourceCodeAccess
LogPluginManager: Mounting plugin VisualStudioSourceCodeAccess
LogPluginManager: Mounting plugin XCodeSourceCodeAccess
LogPluginManager: Mounting plugin AssetManagerEditor
LogPluginManager: Mounting plugin CryptoKeys
LogPluginManager: Mounting plugin CurveEditorTools
LogPluginManager: Mounting plugin DataValidation
LogPluginManager: Mounting plugin Niagara
LogPluginManager: Mounting plugin FacialAnimation
LogPluginManager: Mounting plugin GameplayTagsEditor
LogPluginManager: Mounting plugin GeometryMode
LogPluginManager: Mounting plugin MacGraphicsSwitching
LogPluginManager: Mounting plugin MaterialAnalyzer
LogPluginManager: Mounting plugin MobileLauncherProfileWizard
LogPluginManager: Mounting plugin PluginBrowser
LogPluginManager: Mounting plugin SpeedTreeImporter
LogPluginManager: Mounting plugin DatasmithContent
LogPluginManager: Mounting plugin VariantManagerContent
LogPluginManager: Mounting plugin AlembicImporter
LogPluginManager: Mounting plugin AutomationUtils
LogPluginManager: Mounting plugin BackChannel
LogPluginManager: Mounting plugin ChaosCloth
LogPluginManager: Mounting plugin ChaosClothEditor
LogPluginManager: Mounting plugin ChaosEditor
LogPluginManager: Mounting plugin ChaosNiagara
LogPluginManager: Mounting plugin ChaosSolverPlugin
LogPluginManager: Mounting plugin CharacterAI
LogPluginManager: Mounting plugin GeometryCache
LogPluginManager: Mounting plugin GeometryCollectionPlugin
LogPluginManager: Mounting plugin GeometryProcessing
LogPluginManager: Mounting plugin MotoSynth
LogPluginManager: Mounting plugin OpenImageDenoise
LogPluginManager: Mounting plugin PlanarCut
LogPluginManager: Mounting plugin PlatformCrypto
LogPluginManager: Mounting plugin ProxyLODPlugin
LogPluginManager: Mounting plugin PythonScriptPlugin
LogPluginManager: Mounting plugin SkeletalReduction
LogPluginManager: Mounting plugin AndroidMedia
LogPluginManager: Mounting plugin AvfMedia
LogPluginManager: Mounting plugin ImgMedia
LogPluginManager: Mounting plugin MediaCompositing
LogPluginManager: Mounting plugin MediaPlayerEditor
LogPluginManager: Mounting plugin WebMMedia
LogPluginManager: Mounting plugin WmfMedia
LogPluginManager: Mounting plugin LuminPlatformFeatures
LogPluginManager: Mounting plugin MagicLeap
LogPluginManager: Mounting plugin MagicLeapLightEstimation
LogPluginManager: Mounting plugin MagicLeapMedia
LogPluginManager: Mounting plugin MagicLeapPassableWorld
LogPluginManager: Mounting plugin MLSDK
LogPluginManager: Mounting plugin TcpMessaging
LogPluginManager: Mounting plugin UdpMessaging
LogPluginManager: Mounting plugin ActorSequence
LogPluginManager: Mounting plugin LevelSequenceEditor
LogPluginManager: Mounting plugin MatineeToLevelSequence
LogPluginManager: Mounting plugin TemplateSequence
LogPluginManager: Mounting plugin OnlineSubsystem
LogPluginManager: Mounting plugin OnlineSubsystemNull
LogPluginManager: Mounting plugin OnlineSubsystemUtils
LogPluginManager: Mounting plugin ActorLayerUtilities
LogPluginManager: Mounting plugin AndroidDeviceProfileSelector
LogPluginManager: Mounting plugin AndroidMoviePlayer
LogPluginManager: Mounting plugin AndroidPermission
LogPluginManager: Mounting plugin AppleImageUtils
LogPluginManager: Mounting plugin AppleMoviePlayer
LogPluginManager: Mounting plugin ArchVisCharacter
LogPluginManager: Mounting plugin AudioCapture
LogPluginManager: Mounting plugin AssetTags
LogPluginManager: Mounting plugin AudioSynesthesia
LogPluginManager: Mounting plugin CableComponent
LogPluginManager: Mounting plugin ChunkDownloader
LogPluginManager: Mounting plugin CustomMeshComponent
LogPluginManager: Mounting plugin EditableMesh
LogPluginManager: Mounting plugin ExampleDeviceProfileSelector
LogPluginManager: Mounting plugin GoogleCloudMessaging
LogPluginManager: Mounting plugin GooglePAD
LogPluginManager: Mounting plugin LauncherChunkInstaller
LogPluginManager: Mounting plugin IOSDeviceProfileSelector
LogPluginManager: Mounting plugin LinuxDeviceProfileSelector
LogPluginManager: Mounting plugin LocationServicesBPLibrary
LogPluginManager: Mounting plugin MobilePatchingUtils
LogPluginManager: Mounting plugin OpenXR
LogPluginManager: Mounting plugin OpenXREyeTracker
LogPluginManager: Mounting plugin OpenXRHandTracking
LogPluginManager: Mounting plugin PhysXVehicles
LogPluginManager: Mounting plugin PostSplashScreen
LogPluginManager: Mounting plugin ProceduralMeshComponent
LogPluginManager: Mounting plugin PropertyAccessEditor
LogPluginManager: Mounting plugin RuntimePhysXCooking
LogPluginManager: Mounting plugin SignificanceManager
LogPluginManager: Mounting plugin SoundFields
LogPluginManager: Mounting plugin Synthesis
LogPluginManager: Mounting plugin WebMMoviePlayer
LogPluginManager: Mounting plugin WindowsMoviePlayer
LogPluginManager: Mounting plugin ScreenshotTools
LogPluginManager: Mounting plugin Takes
LogPluginManager: Mounting plugin ContentBrowserAssetDataSource
LogPluginManager: Mounting plugin ContentBrowserClassDataSource
LogPluginManager: Mounting plugin ContentBrowserFileDataSource
LogPluginManager: Mounting plugin OnlineSubsystemGooglePlay
LogPluginManager: Mounting plugin OnlineSubsystemIOS
LogPluginManager: Mounting plugin OculusVR
LogPluginManager: Mounting plugin SteamVR
PixWinPlugin: PIX capture plugin failed to initialize! Check that the process is launched from PIX.
LogInit: Using libcurl 7.55.1-DEV
LogInit:  - built for x86_64-pc-win32
LogInit:  - supports SSL with OpenSSL/1.1.1
LogInit:  - supports HTTP deflate (compression) using libz 1.2.8
LogInit:  - other features:
LogInit:      CURL_VERSION_SSL
LogInit:      CURL_VERSION_LIBZ
LogInit:      CURL_VERSION_IPV6
LogInit:      CURL_VERSION_ASYNCHDNS
LogInit:      CURL_VERSION_LARGEFILE
LogInit:      CURL_VERSION_IDN
LogInit:  CurlRequestOptions (configurable via config and command line):
LogInit:  - bVerifyPeer = true  - Libcurl will verify peer certificate
LogInit:  - bUseHttpProxy = false  - Libcurl will NOT use HTTP proxy
LogInit:  - bDontReuseConnections = false  - Libcurl will reuse connections
LogInit:  - MaxHostConnections = 16  - Libcurl will limit the number of connections to a host
LogInit:  - LocalHostAddr = Default
LogInit:  - BufferSize = 65536
LogOnline: OSS: Creating online subsystem instance for: NULL
LogInit: WinSock: version 1.1 (2.2), MaxSocks=32767, MaxUdp=65467
LogOnline: OSS: TryLoadSubsystemAndSetDefault: Loaded subsystem for module [NULL]
LogOculusPluginWrapper: OculusPlugin initialized successfully
LogHMD: Failed initializing OVRPlugin 1.59.0
LogInit: Build: ++UE4+Release-4.27-CL-18319896
LogInit: Engine Version: 4.27.2-18319896+++UE4+Release-4.27
LogInit: Compatible Engine Version: 4.27.0-17155196+++UE4+Release-4.27
LogInit: Net CL: 17155196
LogInit: OS: Windows 10 (Release 2009) (), CPU: AMD Ryzen 7 5800H with Radeon Graphics         , GPU: NVIDIA GeForce RTX 3070 Laptop GPU
LogInit: Compiled (64-bit): Nov 30 2021 07:12:08
LogInit: Compiled with Visual C++: 19.24.28315.00
LogInit: Build Configuration: Development
LogInit: Branch Name: ++UE4+Release-4.27
LogInit: Command Line: 
LogInit: Base Directory: C:/Program Files/Epic Games/UE_4.27/Engine/Binaries/Win64/
LogInit: Allocator: TBB
LogInit: Installed Engine Build: 1
LogDevObjectVersion: Number of dev versions registered: 29
LogDevObjectVersion:   Dev-Blueprints (B0D832E4-1F89-4F0D-ACCF-7EB736FD4AA2): 10
LogDevObjectVersion:   Dev-Build (E1C64328-A22C-4D53-A36C-8E866417BD8C): 0
LogDevObjectVersion:   Dev-Core (375EC13C-06E4-48FB-B500-84F0262A717E): 4
LogDevObjectVersion:   Dev-Editor (E4B068ED-F494-42E9-A231-DA0B2E46BB41): 40
LogDevObjectVersion:   Dev-Framework (CFFC743F-43B0-4480-9391-14DF171D2073): 37
LogDevObjectVersion:   Dev-Mobile (B02B49B5-BB20-44E9-A304-32B752E40360): 3
LogDevObjectVersion:   Dev-Networking (A4E4105C-59A1-49B5-A7C5-40C4547EDFEE): 0
LogDevObjectVersion:   Dev-Online (39C831C9-5AE6-47DC-9A44-9C173E1C8E7C): 0
LogDevObjectVersion:   Dev-Physics (78F01B33-EBEA-4F98-B9B4-84EACCB95AA2): 14
LogDevObjectVersion:   Dev-Platform (6631380F-2D4D-43E0-8009-CF276956A95A): 0
LogDevObjectVersion:   Dev-Rendering (12F88B9F-8875-4AFC-A67C-D90C383ABD29): 45
LogDevObjectVersion:   Dev-Sequencer (7B5AE74C-D270-4C10-A958-57980B212A5A): 13
LogDevObjectVersion:   Dev-VR (D7296918-1DD6-4BDD-9DE2-64A83CC13884): 3
LogDevObjectVersion:   Dev-LoadTimes (C2A15278-BFE7-4AFE-6C17-90FF531DF755): 1
LogDevObjectVersion:   Private-Geometry (6EACA3D4-40EC-4CC1-B786-8BED09428FC5): 3
LogDevObjectVersion:   Dev-AnimPhys (29E575DD-E0A3-4627-9D10-D276232CDCEA): 17
LogDevObjectVersion:   Dev-Anim (AF43A65D-7FD3-4947-9873-3E8ED9C1BB05): 15
LogDevObjectVersion:   Dev-ReflectionCapture (6B266CEC-1EC7-4B8F-A30B-E4D90942FC07): 1
LogDevObjectVersion:   Dev-Automation (0DF73D61-A23F-47EA-B727-89E90C41499A): 1
LogDevObjectVersion:   FortniteMain (601D1886-AC64-4F84-AA16-D3DE0DEAC7D6): 47
LogDevObjectVersion:   FortniteRelease (E7086368-6B23-4C58-8439-1B7016265E91): 1
LogDevObjectVersion:   Dev-Enterprise (9DFFBCD6-494F-0158-E221-12823C92A888): 10
LogDevObjectVersion:   Dev-Niagara (F2AED0AC-9AFE-416F-8664-AA7FFA26D6FC): 1
LogDevObjectVersion:   Dev-Destruction (174F1F0B-B4C6-45A5-B13F-2EE8D0FB917D): 10
LogDevObjectVersion:   Dev-Physics-Ext (35F94A83-E258-406C-A318-09F59610247C): 41
LogDevObjectVersion:   Dev-PhysicsMaterial-Chaos (B68FC16E-8B1B-42E2-B453-215C058844FE): 1
LogDevObjectVersion:   Dev-CineCamera (B2E18506-4273-CFC2-A54E-F4BB758BBA07): 1
LogDevObjectVersion:   Dev-VirtualProduction (64F58936-FD1B-42BA-BA96-7289D5D0FA4E): 1
LogDevObjectVersion:   Dev-MediaFramework (6F0ED827-A609-4895-9C91-998D90180EA4): 2
LogInit: Presizing for max 25165824 objects, including 0 objects not considered by GC, pre-allocating 0 bytes for permanent pool.
LogConfig: Applying CVar settings from Section [/Script/Engine.StreamingSettings] File [D:/Github/UnrealPractice/ArenaBattle/Saved/Config/Windows/Engine.ini]
LogConfig: Setting CVar [[s.MinBulkDataSizeForAsyncLoading:131072]]
LogConfig: Setting CVar [[s.AsyncLoadingThreadEnabled:0]]
LogConfig: Setting CVar [[s.EventDrivenLoaderEnabled:1]]
LogConfig: Setting CVar [[s.WarnIfTimeLimitExceeded:0]]
LogConfig: Setting CVar [[s.TimeLimitExceededMultiplier:1.5]]
LogConfig: Setting CVar [[s.TimeLimitExceededMinTime:0.005]]
LogConfig: Setting CVar [[s.UseBackgroundLevelStreaming:1]]
LogConfig: Setting CVar [[s.PriorityAsyncLoadingExtraTime:15.0]]
LogConfig: Setting CVar [[s.LevelStreamingActorsUpdateTimeLimit:5.0]]
LogConfig: Setting CVar [[s.PriorityLevelStreamingActorsUpdateExtraTime:5.0]]
LogConfig: Setting CVar [[s.LevelStreamingComponentsRegistrationGranularity:10]]
LogConfig: Setting CVar [[s.UnregisterComponentsTimeLimit:1.0]]
LogConfig: Setting CVar [[s.LevelStreamingComponentsUnregistrationGranularity:5]]
LogConfig: Setting CVar [[s.FlushStreamingOnExit:1]]
LogInit: Object subsystem initialized
LogConfig: Setting CVar [[con.DebugEarlyDefault:1]]
LogConfig: Setting CVar [[r.setres:1280x720]]
[2023.02.28-05.44.21:329][  0]LogConfig: Setting CVar [[r.VSync:0]]
[2023.02.28-05.44.21:329][  0]LogConfig: Setting CVar [[r.RHICmdBypass:0]]
[2023.02.28-05.44.21:329][  0]LogConfig: Applying CVar settings from Section [/Script/Engine.RendererSettings] File [D:/Github/UnrealPractice/ArenaBattle/Saved/Config/Windows/Engine.ini]
[2023.02.28-05.44.21:329][  0]LogConfig: Setting CVar [[r.GPUCrashDebugging:0]]
[2023.02.28-05.44.21:329][  0]LogConfig: Applying CVar settings from Section [/Script/Engine.RendererOverrideSettings] File [D:/Github/UnrealPractice/ArenaBattle/Saved/Config/Windows/Engine.ini]
[2023.02.28-05.44.21:329][  0]LogConfig: Applying CVar settings from Section [/Script/Engine.StreamingSettings] File [D:/Github/UnrealPractice/ArenaBattle/Saved/Config/Windows/Engine.ini]
[2023.02.28-05.44.21:329][  0]LogConfig: Setting CVar [[s.MinBulkDataSizeForAsyncLoading:131072]]
[2023.02.28-05.44.21:329][  0]LogConfig: Setting CVar [[s.AsyncLoadingThreadEnabled:0]]
[2023.02.28-05.44.21:329][  0]LogConfig: Setting CVar [[s.EventDrivenLoaderEnabled:1]]
[2023.02.28-05.44.21:329][  0]LogConfig: Setting CVar [[s.WarnIfTimeLimitExceeded:0]]
[2023.02.28-05.44.21:329][  0]LogConfig: Setting CVar [[s.TimeLimitExceededMultiplier:1.5]]
[2023.02.28-05.44.21:329][  0]LogConfig: Setting CVar [[s.TimeLimitExceededMinTime:0.005]]
[2023.02.28-05.44.21:329][  0]LogConfig: Setting CVar [[s.UseBackgroundLevelStreaming:1]]
[2023.02.28-05.44.21:329][  0]LogConfig: Setting CVar [[s.PriorityAsyncLoadingExtraTime:15.0]]
[2023.02.28-05.44.21:329][  0]LogConfig: Setting CVar [[s.LevelStreamingActorsUpdateTimeLimit:5.0]]
[2023.02.28-05.44.21:329][  0]LogConfig: Setting CVar [[s.PriorityLevelStreamingActorsUpdateExtraTime:5.0]]
[2023.02.28-05.44.21:329][  0]LogConfig: Setting CVar [[s.LevelStreamingComponentsRegistrationGranularity:10]]
[2023.02.28-05.44.21:329][  0]LogConfig: Setting CVar [[s.UnregisterComponentsTimeLimit:1.0]]
[2023.02.28-05.44.21:329][  0]LogConfig: Setting CVar [[s.LevelStreamingComponentsUnregistrationGranularity:5]]
[2023.02.28-05.44.21:329][  0]LogConfig: Setting CVar [[s.FlushStreamingOnExit:1]]
[2023.02.28-05.44.21:329][  0]LogConfig: Applying CVar settings from Section [/Script/Engine.GarbageCollectionSettings] File [D:/Github/UnrealPractice/ArenaBattle/Saved/Config/Windows/Engine.ini]
[2023.02.28-05.44.21:329][  0]LogConfig: Setting CVar [[gc.MaxObjectsNotConsideredByGC:1]]
[2023.02.28-05.44.21:329][  0]LogConfig: Setting CVar [[gc.SizeOfPermanentObjectPool:0]]
[2023.02.28-05.44.21:329][  0]LogConfig: Setting CVar [[gc.FlushStreamingOnGC:0]]
[2023.02.28-05.44.21:329][  0]LogConfig: Setting CVar [[gc.NumRetriesBeforeForcingGC:10]]
[2023.02.28-05.44.21:329][  0]LogConfig: Setting CVar [[gc.AllowParallelGC:1]]
[2023.02.28-05.44.21:329][  0]LogConfig: Setting CVar [[gc.TimeBetweenPurgingPendingKillObjects:61.1]]
[2023.02.28-05.44.21:329][  0]LogConfig: Setting CVar [[gc.MaxObjectsInEditor:25165824]]
[2023.02.28-05.44.21:329][  0]LogConfig: Setting CVar [[gc.IncrementalBeginDestroyEnabled:1]]
[2023.02.28-05.44.21:329][  0]LogConfig: Setting CVar [[gc.CreateGCClusters:1]]
[2023.02.28-05.44.21:329][  0]LogConfig: Setting CVar [[gc.MinGCClusterSize:5]]
[2023.02.28-05.44.21:329][  0]LogConfig: Setting CVar [[gc.ActorClusteringEnabled:0]]
[2023.02.28-05.44.21:329][  0]LogConfig: Setting CVar [[gc.BlueprintClusteringEnabled:0]]
[2023.02.28-05.44.21:329][  0]LogConfig: Setting CVar [[gc.UseDisregardForGCOnDedicatedServers:0]]
[2023.02.28-05.44.21:329][  0]LogConfig: Setting CVar [[gc.MultithreadedDestructionEnabled:1]]
[2023.02.28-05.44.21:329][  0]LogConfig: Applying CVar settings from Section [/Script/Engine.NetworkSettings] File [D:/Github/UnrealPractice/ArenaBattle/Saved/Config/Windows/Engine.ini]
[2023.02.28-05.44.21:329][  0]LogConfig: Applying CVar settings from Section [/Script/UnrealEd.CookerSettings] File [D:/Github/UnrealPractice/ArenaBattle/Saved/Config/Windows/Engine.ini]
[2023.02.28-05.44.21:384][  0]LogConfig: Applying CVar settings from Section [ViewDistanceQuality@3] File [D:/Github/UnrealPractice/ArenaBattle/Saved/Config/Windows/Scalability.ini]
[2023.02.28-05.44.21:384][  0]LogConfig: Setting CVar [[r.SkeletalMeshLODBias:0]]
[2023.02.28-05.44.21:384][  0]LogConfig: Setting CVar [[r.ViewDistanceScale:1.0]]
[2023.02.28-05.44.21:384][  0]LogConfig: Applying CVar settings from Section [AntiAliasingQuality@3] File [D:/Github/UnrealPractice/ArenaBattle/Saved/Config/Windows/Scalability.ini]
[2023.02.28-05.44.21:384][  0]LogConfig: Setting CVar [[r.PostProcessAAQuality:4]]
[2023.02.28-05.44.21:384][  0]LogConfig: Applying CVar settings from Section [ShadowQuality@3] File [D:/Github/UnrealPractice/ArenaBattle/Saved/Config/Windows/Scalability.ini]
[2023.02.28-05.44.21:384][  0]LogConfig: Setting CVar [[r.LightFunctionQuality:1]]
[2023.02.28-05.44.21:384][  0]LogConfig: Setting CVar [[r.ShadowQuality:5]]
[2023.02.28-05.44.21:384][  0]LogConfig: Setting CVar [[r.Shadow.CSM.MaxCascades:10]]
[2023.02.28-05.44.21:384][  0]LogConfig: Setting CVar [[r.Shadow.MaxResolution:2048]]
[2023.02.28-05.44.21:384][  0]LogConfig: Setting CVar [[r.Shadow.MaxCSMResolution:2048]]
[2023.02.28-05.44.21:384][  0]LogConfig: Setting CVar [[r.Shadow.RadiusThreshold:0.01]]
[2023.02.28-05.44.21:384][  0]LogConfig: Setting CVar [[r.Shadow.DistanceScale:1.0]]
[2023.02.28-05.44.21:384][  0]LogConfig: Setting CVar [[r.Shadow.CSM.TransitionScale:1.0]]
[2023.02.28-05.44.21:384][  0]LogConfig: Setting CVar [[r.Shadow.PreShadowResolutionFactor:1.0]]
[2023.02.28-05.44.21:384][  0]LogConfig: Setting CVar [[r.DistanceFieldShadowing:1]]
[2023.02.28-05.44.21:384][  0]LogConfig: Setting CVar [[r.DistanceFieldAO:1]]
[2023.02.28-05.44.21:384][  0]LogConfig: Setting CVar [[r.AOQuality:2]]
[2023.02.28-05.44.21:384][  0]LogConfig: Setting CVar [[r.VolumetricFog:1]]
[2023.02.28-05.44.21:384][  0]LogConfig: Setting CVar [[r.VolumetricFog.GridPixelSize:8]]
[2023.02.28-05.44.21:384][  0]LogConfig: Setting CVar [[r.VolumetricFog.GridSizeZ:128]]
[2023.02.28-05.44.21:384][  0]LogConfig: Setting CVar [[r.VolumetricFog.HistoryMissSupersampleCount:4]]
[2023.02.28-05.44.21:384][  0]LogConfig: Setting CVar [[r.LightMaxDrawDistanceScale:1]]
[2023.02.28-05.44.21:384][  0]LogConfig: Setting CVar [[r.CapsuleShadows:1]]
[2023.02.28-05.44.21:384][  0]LogConfig: Applying CVar settings from Section [PostProcessQuality@3] File [D:/Github/UnrealPractice/ArenaBattle/Saved/Config/Windows/Scalability.ini]
[2023.02.28-05.44.21:384][  0]LogConfig: Setting CVar [[r.MotionBlurQuality:4]]
[2023.02.28-05.44.21:384][  0]LogConfig: Setting CVar [[r.AmbientOcclusionMipLevelFactor:0.4]]
[2023.02.28-05.44.21:384][  0]LogConfig: Setting CVar [[r.AmbientOcclusionMaxQuality:100]]
[2023.02.28-05.44.21:384][  0]LogConfig: Setting CVar [[r.AmbientOcclusionLevels:-1]]
[2023.02.28-05.44.21:384][  0]LogConfig: Setting CVar [[r.AmbientOcclusionRadiusScale:1.0]]
[2023.02.28-05.44.21:384][  0]LogConfig: Setting CVar [[r.DepthOfFieldQuality:2]]
[2023.02.28-05.44.21:384][  0]LogConfig: Setting CVar [[r.RenderTargetPoolMin:400]]
[2023.02.28-05.44.21:384][  0]LogConfig: Setting CVar [[r.LensFlareQuality:2]]
[2023.02.28-05.44.21:384][  0]LogConfig: Setting CVar [[r.SceneColorFringeQuality:1]]
[2023.02.28-05.44.21:384][  0]LogConfig: Setting CVar [[r.EyeAdaptationQuality:2]]
[2023.02.28-05.44.21:384][  0]LogConfig: Setting CVar [[r.BloomQuality:5]]
[2023.02.28-05.44.21:384][  0]LogConfig: Setting CVar [[r.FastBlurThreshold:100]]
[2023.02.28-05.44.21:384][  0]LogConfig: Setting CVar [[r.Upscale.Quality:3]]
[2023.02.28-05.44.21:384][  0]LogConfig: Setting CVar [[r.Tonemapper.GrainQuantization:1]]
[2023.02.28-05.44.21:384][  0]LogConfig: Setting CVar [[r.LightShaftQuality:1]]
[2023.02.28-05.44.21:384][  0]LogConfig: Setting CVar [[r.Filter.SizeScale:1]]
[2023.02.28-05.44.21:384][  0]LogConfig: Setting CVar [[r.Tonemapper.Quality:5]]
[2023.02.28-05.44.21:384][  0]LogConfig: Setting CVar [[r.DOF.Gather.AccumulatorQuality:1        ; higher gathering accumulator quality]]
[2023.02.28-05.44.21:384][  0]LogConfig: Setting CVar [[r.DOF.Gather.PostfilterMethod:1          ; Median3x3 postfilering method]]
[2023.02.28-05.44.21:384][  0]LogConfig: Setting CVar [[r.DOF.Gather.EnableBokehSettings:0       ; no bokeh simulation when gathering]]
[2023.02.28-05.44.21:384][  0]LogConfig: Setting CVar [[r.DOF.Gather.RingCount:4                 ; medium number of samples when gathering]]
[2023.02.28-05.44.21:384][  0]LogConfig: Setting CVar [[r.DOF.Scatter.ForegroundCompositing:1    ; additive foreground scattering]]
[2023.02.28-05.44.21:384][  0]LogConfig: Setting CVar [[r.DOF.Scatter.BackgroundCompositing:2    ; additive background scattering]]
[2023.02.28-05.44.21:384][  0]LogConfig: Setting CVar [[r.DOF.Scatter.EnableBokehSettings:1      ; bokeh simulation when scattering]]
[2023.02.28-05.44.21:384][  0]LogConfig: Setting CVar [[r.DOF.Scatter.MaxSpriteRatio:0.1         ; only a maximum of 10% of scattered bokeh]]
[2023.02.28-05.44.21:384][  0]LogConfig: Setting CVar [[r.DOF.Recombine.Quality:1                ; cheap slight out of focus]]
[2023.02.28-05.44.21:384][  0]LogConfig: Setting CVar [[r.DOF.Recombine.EnableBokehSettings:0    ; no bokeh simulation on slight out of focus]]
[2023.02.28-05.44.21:384][  0]LogConfig: Setting CVar [[r.DOF.TemporalAAQuality:1                ; more stable temporal accumulation]]
[2023.02.28-05.44.21:384][  0]LogConfig: Setting CVar [[r.DOF.Kernel.MaxForegroundRadius:0.025]]
[2023.02.28-05.44.21:384][  0]LogConfig: Setting CVar [[r.DOF.Kernel.MaxBackgroundRadius:0.025]]
[2023.02.28-05.44.21:384][  0]LogConfig: Applying CVar settings from Section [TextureQuality@3] File [D:/Github/UnrealPractice/ArenaBattle/Saved/Config/Windows/Scalability.ini]
[2023.02.28-05.44.21:384][  0]LogConfig: Setting CVar [[r.Streaming.MipBias:0]]
[2023.02.28-05.44.21:384][  0]LogConfig: Setting CVar [[r.Streaming.AmortizeCPUToGPUCopy:0]]
[2023.02.28-05.44.21:384][  0]LogConfig: Setting CVar [[r.Streaming.MaxNumTexturesToStreamPerFrame:0]]
[2023.02.28-05.44.21:384][  0]LogConfig: Setting CVar [[r.Streaming.Boost:1]]
[2023.02.28-05.44.21:384][  0]LogConfig: Setting CVar [[r.MaxAnisotropy:8]]
[2023.02.28-05.44.21:384][  0]LogConfig: Setting CVar [[r.VT.MaxAnisotropy:8]]
[2023.02.28-05.44.21:384][  0]LogConfig: Setting CVar [[r.Streaming.LimitPoolSizeToVRAM:0]]
[2023.02.28-05.44.21:384][  0]LogConfig: Setting CVar [[r.Streaming.PoolSize:1000]]
[2023.02.28-05.44.21:384][  0]LogConfig: Setting CVar [[r.Streaming.MaxEffectiveScreenSize:0]]
[2023.02.28-05.44.21:384][  0]LogConfig: Applying CVar settings from Section [EffectsQuality@3] File [D:/Github/UnrealPractice/ArenaBattle/Saved/Config/Windows/Scalability.ini]
[2023.02.28-05.44.21:384][  0]LogConfig: Setting CVar [[r.TranslucencyLightingVolumeDim:64]]
[2023.02.28-05.44.21:384][  0]LogConfig: Setting CVar [[r.RefractionQuality:2]]
[2023.02.28-05.44.21:384][  0]LogConfig: Setting CVar [[r.SSR.Quality:3]]
[2023.02.28-05.44.21:384][  0]LogConfig: Setting CVar [[r.SSR.HalfResSceneColor:0]]
[2023.02.28-05.44.21:384][  0]LogConfig: Setting CVar [[r.SceneColorFormat:4]]
[2023.02.28-05.44.21:384][  0]LogConfig: Setting CVar [[r.DetailMode:2]]
[2023.02.28-05.44.21:384][  0]LogConfig: Setting CVar [[r.TranslucencyVolumeBlur:1]]
[2023.02.28-05.44.21:384][  0]LogConfig: Setting CVar [[r.MaterialQualityLevel:1 ; High quality]]
[2023.02.28-05.44.21:384][  0]LogConfig: Setting CVar [[r.AnisotropicMaterials:1]]
[2023.02.28-05.44.21:384][  0]LogConfig: Setting CVar [[r.SSS.Scale:1]]
[2023.02.28-05.44.21:384][  0]LogConfig: Setting CVar [[r.SSS.SampleSet:2]]
[2023.02.28-05.44.21:384][  0]LogConfig: Setting CVar [[r.SSS.Quality:1]]
[2023.02.28-05.44.21:384][  0]LogConfig: Setting CVar [[r.SSS.HalfRes:0]]
[2023.02.28-05.44.21:384][  0]LogConfig: Setting CVar [[r.SSGI.Quality:3]]
[2023.02.28-05.44.21:384][  0]LogConfig: Setting CVar [[r.EmitterSpawnRateScale:1.0]]
[2023.02.28-05.44.21:384][  0]LogConfig: Setting CVar [[r.ParticleLightQuality:2]]
[2023.02.28-05.44.21:384][  0]LogConfig: Setting CVar [[r.SkyAtmosphere.AerialPerspectiveLUT.FastApplyOnOpaque:1 ; Always have FastSkyLUT 1 in this case to avoid wrong sky]]
[2023.02.28-05.44.21:384][  0]LogConfig: Setting CVar [[r.SkyAtmosphere.AerialPerspectiveLUT.SampleCountMaxPerSlice:4]]
[2023.02.28-05.44.21:384][  0]LogConfig: Setting CVar [[r.SkyAtmosphere.AerialPerspectiveLUT.DepthResolution:16.0]]
[2023.02.28-05.44.21:384][  0]LogConfig: Setting CVar [[r.SkyAtmosphere.FastSkyLUT:1]]
[2023.02.28-05.44.21:385][  0]LogConfig: Setting CVar [[r.SkyAtmosphere.FastSkyLUT.SampleCountMin:4.0]]
[2023.02.28-05.44.21:385][  0]LogConfig: Setting CVar [[r.SkyAtmosphere.FastSkyLUT.SampleCountMax:128.0]]
[2023.02.28-05.44.21:385][  0]LogConfig: Setting CVar [[r.SkyAtmosphere.SampleCountMin:4.0]]
[2023.02.28-05.44.21:385][  0]LogConfig: Setting CVar [[r.SkyAtmosphere.SampleCountMax:128.0]]
[2023.02.28-05.44.21:385][  0]LogConfig: Setting CVar [[r.SkyAtmosphere.TransmittanceLUT.UseSmallFormat:0]]
[2023.02.28-05.44.21:385][  0]LogConfig: Setting CVar [[r.SkyAtmosphere.TransmittanceLUT.SampleCount:10.0]]
[2023.02.28-05.44.21:385][  0]LogConfig: Setting CVar [[r.SkyAtmosphere.MultiScatteringLUT.SampleCount:15.0]]
[2023.02.28-05.44.21:385][  0]LogConfig: Setting CVar [[r.SkyLight.RealTimeReflectionCapture:1]]
[2023.02.28-05.44.21:385][  0]LogConfig: Applying CVar settings from Section [FoliageQuality@3] File [D:/Github/UnrealPractice/ArenaBattle/Saved/Config/Windows/Scalability.ini]
[2023.02.28-05.44.21:385][  0]LogConfig: Setting CVar [[foliage.DensityScale:1.0]]
[2023.02.28-05.44.21:385][  0]LogConfig: Setting CVar [[grass.DensityScale:1.0]]
[2023.02.28-05.44.21:385][  0]LogConfig: Applying CVar settings from Section [ShadingQuality@3] File [D:/Github/UnrealPractice/ArenaBattle/Saved/Config/Windows/Scalability.ini]
[2023.02.28-05.44.21:385][  0]LogConfig: Setting CVar [[r.HairStrands.SkyLighting.IntegrationType:2]]
[2023.02.28-05.44.21:385][  0]LogConfig: Setting CVar [[r.HairStrands.SkyAO.SampleCount:4]]
[2023.02.28-05.44.21:385][  0]LogConfig: Setting CVar [[r.HairStrands.Visibility.MSAA.SamplePerPixel:4]]
[2023.02.28-05.44.21:385][  0]LogInit: Selected Device Profile: [Windows]
[2023.02.28-05.44.21:385][  0]LogInit: Applying CVar settings loaded from the selected device profile: [Windows]
[2023.02.28-05.44.21:385][  0]LogHAL: Display: Platform has ~ 32 GB [34204610560 / 34359738368 / 32], which maps to Largest [LargestMinGB=32, LargerMinGB=12, DefaultMinGB=8, SmallerMinGB=6, SmallestMinGB=0)
[2023.02.28-05.44.21:385][  0]LogInit: Going up to parent DeviceProfile []
[2023.02.28-05.44.21:385][  0]LogConfig: Applying CVar settings from Section [ViewDistanceQuality@3] File [D:/Github/UnrealPractice/ArenaBattle/Saved/Config/Windows/Scalability.ini]
[2023.02.28-05.44.21:385][  0]LogConfig: Setting CVar [[r.SkeletalMeshLODBias:0]]
[2023.02.28-05.44.21:385][  0]LogConfig: Setting CVar [[r.ViewDistanceScale:1.0]]
[2023.02.28-05.44.21:385][  0]LogConfig: Applying CVar settings from Section [AntiAliasingQuality@3] File [D:/Github/UnrealPractice/ArenaBattle/Saved/Config/Windows/Scalability.ini]
[2023.02.28-05.44.21:385][  0]LogConfig: Setting CVar [[r.PostProcessAAQuality:4]]
[2023.02.28-05.44.21:385][  0]LogConfig: Applying CVar settings from Section [ShadowQuality@3] File [D:/Github/UnrealPractice/ArenaBattle/Saved/Config/Windows/Scalability.ini]
[2023.02.28-05.44.21:385][  0]LogConfig: Setting CVar [[r.LightFunctionQuality:1]]
[2023.02.28-05.44.21:385][  0]LogConfig: Setting CVar [[r.ShadowQuality:5]]
[2023.02.28-05.44.21:385][  0]LogConfig: Setting CVar [[r.Shadow.CSM.MaxCascades:10]]
[2023.02.28-05.44.21:385][  0]LogConfig: Setting CVar [[r.Shadow.MaxResolution:2048]]
[2023.02.28-05.44.21:385][  0]LogConfig: Setting CVar [[r.Shadow.MaxCSMResolution:2048]]
[2023.02.28-05.44.21:385][  0]LogConfig: Setting CVar [[r.Shadow.RadiusThreshold:0.01]]
[2023.02.28-05.44.21:385][  0]LogConfig: Setting CVar [[r.Shadow.DistanceScale:1.0]]
[2023.02.28-05.44.21:385][  0]LogConfig: Setting CVar [[r.Shadow.CSM.TransitionScale:1.0]]
[2023.02.28-05.44.21:385][  0]LogConfig: Setting CVar [[r.Shadow.PreShadowResolutionFactor:1.0]]
[2023.02.28-05.44.21:385][  0]LogConfig: Setting CVar [[r.DistanceFieldShadowing:1]]
[2023.02.28-05.44.21:385][  0]LogConfig: Setting CVar [[r.DistanceFieldAO:1]]
[2023.02.28-05.44.21:385][  0]LogConfig: Setting CVar [[r.AOQuality:2]]
[2023.02.28-05.44.21:385][  0]LogConfig: Setting CVar [[r.VolumetricFog:1]]
[2023.02.28-05.44.21:385][  0]LogConfig: Setting CVar [[r.VolumetricFog.GridPixelSize:8]]
[2023.02.28-05.44.21:385][  0]LogConfig: Setting CVar [[r.VolumetricFog.GridSizeZ:128]]
[2023.02.28-05.44.21:385][  0]LogConfig: Setting CVar [[r.VolumetricFog.HistoryMissSupersampleCount:4]]
[2023.02.28-05.44.21:385][  0]LogConfig: Setting CVar [[r.LightMaxDrawDistanceScale:1]]
[2023.02.28-05.44.21:385][  0]LogConfig: Setting CVar [[r.CapsuleShadows:1]]
[2023.02.28-05.44.21:385][  0]LogConfig: Applying CVar settings from Section [PostProcessQuality@3] File [D:/Github/UnrealPractice/ArenaBattle/Saved/Config/Windows/Scalability.ini]
[2023.02.28-05.44.21:385][  0]LogConfig: Setting CVar [[r.MotionBlurQuality:4]]
[2023.02.28-05.44.21:385][  0]LogConfig: Setting CVar [[r.AmbientOcclusionMipLevelFactor:0.4]]
[2023.02.28-05.44.21:385][  0]LogConfig: Setting CVar [[r.AmbientOcclusionMaxQuality:100]]
[2023.02.28-05.44.21:385][  0]LogConfig: Setting CVar [[r.AmbientOcclusionLevels:-1]]
[2023.02.28-05.44.21:385][  0]LogConfig: Setting CVar [[r.AmbientOcclusionRadiusScale:1.0]]
[2023.02.28-05.44.21:385][  0]LogConfig: Setting CVar [[r.DepthOfFieldQuality:2]]
[2023.02.28-05.44.21:385][  0]LogConfig: Setting CVar [[r.RenderTargetPoolMin:400]]
[2023.02.28-05.44.21:385][  0]LogConfig: Setting CVar [[r.LensFlareQuality:2]]
[2023.02.28-05.44.21:385][  0]LogConfig: Setting CVar [[r.SceneColorFringeQuality:1]]
[2023.02.28-05.44.21:385][  0]LogConfig: Setting CVar [[r.EyeAdaptationQuality:2]]
[2023.02.28-05.44.21:385][  0]LogConfig: Setting CVar [[r.BloomQuality:5]]
[2023.02.28-05.44.21:385][  0]LogConfig: Setting CVar [[r.FastBlurThreshold:100]]
[2023.02.28-05.44.21:385][  0]LogConfig: Setting CVar [[r.Upscale.Quality:3]]
[2023.02.28-05.44.21:385][  0]LogConfig: Setting CVar [[r.Tonemapper.GrainQuantization:1]]
[2023.02.28-05.44.21:385][  0]LogConfig: Setting CVar [[r.LightShaftQuality:1]]
[2023.02.28-05.44.21:385][  0]LogConfig: Setting CVar [[r.Filter.SizeScale:1]]
[2023.02.28-05.44.21:385][  0]LogConfig: Setting CVar [[r.Tonemapper.Quality:5]]
[2023.02.28-05.44.21:385][  0]LogConfig: Setting CVar [[r.DOF.Gather.AccumulatorQuality:1        ; higher gathering accumulator quality]]
[2023.02.28-05.44.21:385][  0]LogConfig: Setting CVar [[r.DOF.Gather.PostfilterMethod:1          ; Median3x3 postfilering method]]
[2023.02.28-05.44.21:385][  0]LogConfig: Setting CVar [[r.DOF.Gather.EnableBokehSettings:0       ; no bokeh simulation when gathering]]
[2023.02.28-05.44.21:385][  0]LogConfig: Setting CVar [[r.DOF.Gather.RingCount:4                 ; medium number of samples when gathering]]
[2023.02.28-05.44.21:385][  0]LogConfig: Setting CVar [[r.DOF.Scatter.ForegroundCompositing:1    ; additive foreground scattering]]
[2023.02.28-05.44.21:385][  0]LogConfig: Setting CVar [[r.DOF.Scatter.BackgroundCompositing:2    ; additive background scattering]]
[2023.02.28-05.44.21:385][  0]LogConfig: Setting CVar [[r.DOF.Scatter.EnableBokehSettings:1      ; bokeh simulation when scattering]]
[2023.02.28-05.44.21:385][  0]LogConfig: Setting CVar [[r.DOF.Scatter.MaxSpriteRatio:0.1         ; only a maximum of 10% of scattered bokeh]]
[2023.02.28-05.44.21:385][  0]LogConfig: Setting CVar [[r.DOF.Recombine.Quality:1                ; cheap slight out of focus]]
[2023.02.28-05.44.21:385][  0]LogConfig: Setting CVar [[r.DOF.Recombine.EnableBokehSettings:0    ; no bokeh simulation on slight out of focus]]
[2023.02.28-05.44.21:385][  0]LogConfig: Setting CVar [[r.DOF.TemporalAAQuality:1                ; more stable temporal accumulation]]
[2023.02.28-05.44.21:385][  0]LogConfig: Setting CVar [[r.DOF.Kernel.MaxForegroundRadius:0.025]]
[2023.02.28-05.44.21:385][  0]LogConfig: Setting CVar [[r.DOF.Kernel.MaxBackgroundRadius:0.025]]
[2023.02.28-05.44.21:385][  0]LogConfig: Applying CVar settings from Section [TextureQuality@3] File [D:/Github/UnrealPractice/ArenaBattle/Saved/Config/Windows/Scalability.ini]
[2023.02.28-05.44.21:385][  0]LogConfig: Setting CVar [[r.Streaming.MipBias:0]]
[2023.02.28-05.44.21:385][  0]LogConfig: Setting CVar [[r.Streaming.AmortizeCPUToGPUCopy:0]]
[2023.02.28-05.44.21:385][  0]LogConfig: Setting CVar [[r.Streaming.MaxNumTexturesToStreamPerFrame:0]]
[2023.02.28-05.44.21:385][  0]LogConfig: Setting CVar [[r.Streaming.Boost:1]]
[2023.02.28-05.44.21:385][  0]LogConfig: Setting CVar [[r.MaxAnisotropy:8]]
[2023.02.28-05.44.21:385][  0]LogConfig: Setting CVar [[r.VT.MaxAnisotropy:8]]
[2023.02.28-05.44.21:385][  0]LogConfig: Setting CVar [[r.Streaming.LimitPoolSizeToVRAM:0]]
[2023.02.28-05.44.21:385][  0]LogConfig: Setting CVar [[r.Streaming.PoolSize:1000]]
[2023.02.28-05.44.21:385][  0]LogConfig: Setting CVar [[r.Streaming.MaxEffectiveScreenSize:0]]
[2023.02.28-05.44.21:385][  0]LogConfig: Applying CVar settings from Section [EffectsQuality@3] File [D:/Github/UnrealPractice/ArenaBattle/Saved/Config/Windows/Scalability.ini]
[2023.02.28-05.44.21:385][  0]LogConfig: Setting CVar [[r.TranslucencyLightingVolumeDim:64]]
[2023.02.28-05.44.21:385][  0]LogConfig: Setting CVar [[r.RefractionQuality:2]]
[2023.02.28-05.44.21:385][  0]LogConfig: Setting CVar [[r.SSR.Quality:3]]
[2023.02.28-05.44.21:385][  0]LogConfig: Setting CVar [[r.SSR.HalfResSceneColor:0]]
[2023.02.28-05.44.21:385][  0]LogConfig: Setting CVar [[r.SceneColorFormat:4]]
[2023.02.28-05.44.21:385][  0]LogConfig: Setting CVar [[r.DetailMode:2]]
[2023.02.28-05.44.21:385][  0]LogConfig: Setting CVar [[r.TranslucencyVolumeBlur:1]]
[2023.02.28-05.44.21:385][  0]LogConfig: Setting CVar [[r.MaterialQualityLevel:1 ; High quality]]
[2023.02.28-05.44.21:385][  0]LogConfig: Setting CVar [[r.AnisotropicMaterials:1]]
[2023.02.28-05.44.21:385][  0]LogConfig: Setting CVar [[r.SSS.Scale:1]]
[2023.02.28-05.44.21:385][  0]LogConfig: Setting CVar [[r.SSS.SampleSet:2]]
[2023.02.28-05.44.21:385][  0]LogConfig: Setting CVar [[r.SSS.Quality:1]]
[2023.02.28-05.44.21:386][  0]LogConfig: Setting CVar [[r.SSS.HalfRes:0]]
[2023.02.28-05.44.21:386][  0]LogConfig: Setting CVar [[r.SSGI.Quality:3]]
[2023.02.28-05.44.21:386][  0]LogConfig: Setting CVar [[r.EmitterSpawnRateScale:1.0]]
[2023.02.28-05.44.21:386][  0]LogConfig: Setting CVar [[r.ParticleLightQuality:2]]
[2023.02.28-05.44.21:386][  0]LogConfig: Setting CVar [[r.SkyAtmosphere.AerialPerspectiveLUT.FastApplyOnOpaque:1 ; Always have FastSkyLUT 1 in this case to avoid wrong sky]]
[2023.02.28-05.44.21:386][  0]LogConfig: Setting CVar [[r.SkyAtmosphere.AerialPerspectiveLUT.SampleCountMaxPerSlice:4]]
[2023.02.28-05.44.21:386][  0]LogConfig: Setting CVar [[r.SkyAtmosphere.AerialPerspectiveLUT.DepthResolution:16.0]]
[2023.02.28-05.44.21:386][  0]LogConfig: Setting CVar [[r.SkyAtmosphere.FastSkyLUT:1]]
[2023.02.28-05.44.21:386][  0]LogConfig: Setting CVar [[r.SkyAtmosphere.FastSkyLUT.SampleCountMin:4.0]]
[2023.02.28-05.44.21:386][  0]LogConfig: Setting CVar [[r.SkyAtmosphere.FastSkyLUT.SampleCountMax:128.0]]
[2023.02.28-05.44.21:386][  0]LogConfig: Setting CVar [[r.SkyAtmosphere.SampleCountMin:4.0]]
[2023.02.28-05.44.21:386][  0]LogConfig: Setting CVar [[r.SkyAtmosphere.SampleCountMax:128.0]]
[2023.02.28-05.44.21:386][  0]LogConfig: Setting CVar [[r.SkyAtmosphere.TransmittanceLUT.UseSmallFormat:0]]
[2023.02.28-05.44.21:386][  0]LogConfig: Setting CVar [[r.SkyAtmosphere.TransmittanceLUT.SampleCount:10.0]]
[2023.02.28-05.44.21:386][  0]LogConfig: Setting CVar [[r.SkyAtmosphere.MultiScatteringLUT.SampleCount:15.0]]
[2023.02.28-05.44.21:386][  0]LogConfig: Setting CVar [[r.SkyLight.RealTimeReflectionCapture:1]]
[2023.02.28-05.44.21:386][  0]LogConfig: Applying CVar settings from Section [FoliageQuality@3] File [D:/Github/UnrealPractice/ArenaBattle/Saved/Config/Windows/Scalability.ini]
[2023.02.28-05.44.21:386][  0]LogConfig: Setting CVar [[foliage.DensityScale:1.0]]
[2023.02.28-05.44.21:386][  0]LogConfig: Setting CVar [[grass.DensityScale:1.0]]
[2023.02.28-05.44.21:386][  0]LogConfig: Applying CVar settings from Section [ShadingQuality@3] File [D:/Github/UnrealPractice/ArenaBattle/Saved/Config/Windows/Scalability.ini]
[2023.02.28-05.44.21:386][  0]LogConfig: Setting CVar [[r.HairStrands.SkyLighting.IntegrationType:2]]
[2023.02.28-05.44.21:386][  0]LogConfig: Setting CVar [[r.HairStrands.SkyAO.SampleCount:4]]
[2023.02.28-05.44.21:386][  0]LogConfig: Setting CVar [[r.HairStrands.Visibility.MSAA.SamplePerPixel:4]]
[2023.02.28-05.44.21:386][  0]LogConfig: Applying CVar settings from Section [Startup] File [../../../Engine/Config/ConsoleVariables.ini]
[2023.02.28-05.44.21:386][  0]LogConfig: Setting CVar [[net.UseAdaptiveNetUpdateFrequency:0]]
[2023.02.28-05.44.21:386][  0]LogConfig: Setting CVar [[p.chaos.AllowCreatePhysxBodies:1]]
[2023.02.28-05.44.21:386][  0]LogConfig: Setting CVar [[fx.SkipVectorVMBackendOptimizations:1]]
[2023.02.28-05.44.21:386][  0]LogConfig: Applying CVar settings from Section [ConsoleVariables] File [D:/Github/UnrealPractice/ArenaBattle/Saved/Config/Windows/Engine.ini]
[2023.02.28-05.44.21:386][  0]LogConfig: Applying CVar settings from Section [ConsoleVariables] File [D:/Github/UnrealPractice/ArenaBattle/Saved/Config/Windows/Editor.ini]
[2023.02.28-05.44.21:386][  0]LogInit: Computer: TRANSFERSCHOLAR
[2023.02.28-05.44.21:386][  0]LogInit: User: r283
[2023.02.28-05.44.21:386][  0]LogInit: CPU Page size=4096, Cores=8
[2023.02.28-05.44.21:386][  0]LogInit: High frequency timer resolution =10.000000 MHz
[2023.02.28-05.44.21:387][  0]LogMemory: Memory total: Physical=31.9GB (32GB approx)
[2023.02.28-05.44.21:387][  0]LogMemory: Platform Memory Stats for Windows
[2023.02.28-05.44.21:387][  0]LogMemory: Process Physical Memory: 142.89 MB used, 142.89 MB peak
[2023.02.28-05.44.21:387][  0]LogMemory: Process Virtual Memory: 123.20 MB used, 123.20 MB peak
[2023.02.28-05.44.21:387][  0]LogMemory: Physical Memory: 11096.80 MB used,  21523.25 MB free, 32620.06 MB total
[2023.02.28-05.44.21:387][  0]LogMemory: Virtual Memory: 134195136.00 MB used,  22591.49 MB free, 134217728.00 MB total
[2023.02.28-05.44.21:430][  0]LogWindows: WindowsPlatformFeatures enabled
[2023.02.28-05.44.21:520][  0]LogInit: Physics initialised using underlying interface: PhysX
[2023.02.28-05.44.21:522][  0]LogInit: Overriding language with editor language configuration option (ko).
[2023.02.28-05.44.21:522][  0]LogInit: Using OS detected locale (ko-KR).
[2023.02.28-05.44.21:634][  0]LogInit: Setting process to per monitor DPI aware
[2023.02.28-05.44.21:648][  0]LogWindowsTextInputMethodSystem: Display: IME system deactivated.
[2023.02.28-05.44.21:663][  0]LogSlate: New Slate User Created.  User Index 0, Is Virtual User: 0
[2023.02.28-05.44.21:663][  0]LogSlate: Slate User Registered.  User Index 0, Is Virtual User: 0
[2023.02.28-05.44.21:834][  0]LogD3D11RHI: Loaded GFSDK_Aftermath_Lib.x64.dll
[2023.02.28-05.44.21:842][  0]LogHMD: Failed to initialize OpenVR with code 110
[2023.02.28-05.44.21:842][  0]LogD3D11RHI: D3D11 min allowed feature level: 11_0
[2023.02.28-05.44.21:842][  0]LogD3D11RHI: D3D11 max allowed feature level: 11_0
[2023.02.28-05.44.21:842][  0]LogD3D11RHI: D3D11 adapters:
[2023.02.28-05.44.22:005][  0]LogD3D11RHI:    0. 'NVIDIA GeForce RTX 3070 Laptop GPU' (Feature Level 11_0)
[2023.02.28-05.44.22:005][  0]LogD3D11RHI:       8033/0/16310 MB DedicatedVideo/DedicatedSystem/SharedSystem, Outputs:1, VendorId:0x10de
[2023.02.28-05.44.22:007][  0]LogD3D11RHI:    1. 'Microsoft Basic Render Driver' (Feature Level 11_0)
[2023.02.28-05.44.22:007][  0]LogD3D11RHI:       0/0/16310 MB DedicatedVideo/DedicatedSystem/SharedSystem, Outputs:0, VendorId:0x1414
[2023.02.28-05.44.22:007][  0]LogD3D11RHI: Chosen D3D11 Adapter:
[2023.02.28-05.44.22:007][  0]LogD3D11RHI:     Description : NVIDIA GeForce RTX 3070 Laptop GPU
[2023.02.28-05.44.22:007][  0]LogD3D11RHI:     VendorId    : 10de
[2023.02.28-05.44.22:007][  0]LogD3D11RHI:     DeviceId    : 24dd
[2023.02.28-05.44.22:007][  0]LogD3D11RHI:     SubSysId    : 3a4f17aa
[2023.02.28-05.44.22:007][  0]LogD3D11RHI:     Revision    : 00a1
[2023.02.28-05.44.22:007][  0]LogD3D11RHI:     DedicatedVideoMemory : 8423211008 bytes
[2023.02.28-05.44.22:007][  0]LogD3D11RHI:     DedicatedSystemMemory : 0 bytes
[2023.02.28-05.44.22:007][  0]LogD3D11RHI:     SharedSystemMemory : 17102305280 bytes
[2023.02.28-05.44.22:007][  0]LogD3D11RHI:     AdapterLuid : 0 63164
[2023.02.28-05.44.22:013][  0]LogD3D11RHI: Creating new Direct3DDevice
[2023.02.28-05.44.22:013][  0]LogD3D11RHI:     GPU DeviceId: 0x24dd (for the marketing name, search the web for "GPU Device Id")
[2023.02.28-05.44.22:013][  0]LogWindows: EnumDisplayDevices:
[2023.02.28-05.44.22:013][  0]LogWindows:    0. 'NVIDIA GeForce RTX 3070 Laptop GPU' (P:1 D:1)
[2023.02.28-05.44.22:014][  0]LogWindows:    1. 'NVIDIA GeForce RTX 3070 Laptop GPU' (P:0 D:0)
[2023.02.28-05.44.22:015][  0]LogWindows:    2. 'NVIDIA GeForce RTX 3070 Laptop GPU' (P:0 D:0)
[2023.02.28-05.44.22:015][  0]LogWindows:    3. 'NVIDIA GeForce RTX 3070 Laptop GPU' (P:0 D:0)
[2023.02.28-05.44.22:015][  0]LogWindows: DebugString: FoundDriverCount:4 
[2023.02.28-05.44.22:015][  0]LogD3D11RHI:     Adapter Name: NVIDIA GeForce RTX 3070 Laptop GPU
[2023.02.28-05.44.22:016][  0]LogD3D11RHI:   Driver Version: 528.49 (internal:31.0.15.2849, unified:528.49)
[2023.02.28-05.44.22:016][  0]LogD3D11RHI:      Driver Date: 2-2-2023
[2023.02.28-05.44.22:016][  0]LogRHI: Texture pool is 5623 MB (70% of 8033 MB)
[2023.02.28-05.44.22:016][  0]LogD3D11RHI: Creating D3DDevice using adapter:
[2023.02.28-05.44.22:016][  0]LogD3D11RHI:     Description : NVIDIA GeForce RTX 3070 Laptop GPU
[2023.02.28-05.44.22:016][  0]LogD3D11RHI:     VendorId    : 10de
[2023.02.28-05.44.22:016][  0]LogD3D11RHI:     DeviceId    : 24dd
[2023.02.28-05.44.22:016][  0]LogD3D11RHI:     SubSysId    : 3a4f17aa
[2023.02.28-05.44.22:016][  0]LogD3D11RHI:     Revision    : 00a1
[2023.02.28-05.44.22:016][  0]LogD3D11RHI:     DedicatedVideoMemory : 8423211008 bytes
[2023.02.28-05.44.22:016][  0]LogD3D11RHI:     DedicatedSystemMemory : 0 bytes
[2023.02.28-05.44.22:016][  0]LogD3D11RHI:     SharedSystemMemory : 17102305280 bytes
[2023.02.28-05.44.22:016][  0]LogD3D11RHI:     AdapterLuid : 0 63164
[2023.02.28-05.44.22:071][  0]LogD3D11RHI: RHI has support for 64 bit atomics
[2023.02.28-05.44.22:071][  0]LogD3D11RHI: Async texture creation enabled
[2023.02.28-05.44.22:071][  0]LogD3D11RHI: Array index from any shader is supported
[2023.02.28-05.44.22:073][  0]LogD3D11RHI: HDR output is supported on display 0 (NvId: 0x80061086).
[2023.02.28-05.44.22:100][  0]LogD3D11RHI: GPU Timing Frequency: 1000.000000 (Debug: 2 2)
[2023.02.28-05.44.22:161][  0]LogRHI: GeForceNow SDK initialized: 1
[2023.02.28-05.44.22:495][  0]LogTargetPlatformManager: Display: Loaded TargetPlatform 'AllDesktop'
[2023.02.28-05.44.22:519][  0]LogTargetPlatformManager: Display: Loaded TargetPlatform 'Android'
[2023.02.28-05.44.22:519][  0]LogTargetPlatformManager: Display: Loaded TargetPlatform 'Android_ASTC'
[2023.02.28-05.44.22:519][  0]LogTargetPlatformManager: Display: Loaded TargetPlatform 'Android_DXT'
[2023.02.28-05.44.22:519][  0]LogTargetPlatformManager: Display: Loaded TargetPlatform 'Android_ETC2'
[2023.02.28-05.44.22:519][  0]LogTargetPlatformManager: Display: Loaded TargetPlatform 'AndroidClient'
[2023.02.28-05.44.22:520][  0]LogTargetPlatformManager: Display: Loaded TargetPlatform 'Android_ASTCClient'
[2023.02.28-05.44.22:520][  0]LogTargetPlatformManager: Display: Loaded TargetPlatform 'Android_DXTClient'
[2023.02.28-05.44.22:520][  0]LogTargetPlatformManager: Display: Loaded TargetPlatform 'Android_ETC2Client'
[2023.02.28-05.44.22:520][  0]LogTargetPlatformManager: Display: Loaded TargetPlatform 'Android_Multi'
[2023.02.28-05.44.22:520][  0]LogTargetPlatformManager: Display: Loaded TargetPlatform 'Android_MultiClient'
[2023.02.28-05.44.22:544][  0]LogTargetPlatformManager: Display: Loaded TargetPlatform 'IOSClient'
[2023.02.28-05.44.22:544][  0]LogTargetPlatformManager: Display: Loaded TargetPlatform 'IOS'
[2023.02.28-05.44.22:556][  0]LogTargetPlatformManager: Display: Loaded TargetPlatform 'Linux'
[2023.02.28-05.44.22:564][  0]LogTargetPlatformManager: Display: Loaded TargetPlatform 'LinuxNoEditor'
[2023.02.28-05.44.22:571][  0]LogTargetPlatformManager: Display: Loaded TargetPlatform 'LinuxClient'
[2023.02.28-05.44.22:577][  0]LogTargetPlatformManager: Display: Loaded TargetPlatform 'LinuxServer'
[2023.02.28-05.44.22:590][  0]LogTargetPlatformManager: Display: Loaded TargetPlatform 'LinuxAArch64NoEditor'
[2023.02.28-05.44.22:595][  0]LogTargetPlatformManager: Display: Loaded TargetPlatform 'LinuxAArch64Client'
[2023.02.28-05.44.22:601][  0]LogTargetPlatformManager: Display: Loaded TargetPlatform 'LinuxAArch64Server'
[2023.02.28-05.44.22:628][  0]LogTargetPlatformManager: Display: Loaded TargetPlatform 'Lumin'
[2023.02.28-05.44.22:628][  0]LogTargetPlatformManager: Display: Loaded TargetPlatform 'LuminClient'
[2023.02.28-05.44.22:638][  0]LogTargetPlatformManager: Display: Loaded TargetPlatform 'MacNoEditor'
[2023.02.28-05.44.22:644][  0]LogTargetPlatformManager: Display: Loaded TargetPlatform 'Mac'
[2023.02.28-05.44.22:650][  0]LogTargetPlatformManager: Display: Loaded TargetPlatform 'MacClient'
[2023.02.28-05.44.22:655][  0]LogTargetPlatformManager: Display: Loaded TargetPlatform 'MacServer'
[2023.02.28-05.44.22:668][  0]LogTargetPlatformManager: Display: Loaded TargetPlatform 'TVOSClient'
[2023.02.28-05.44.22:668][  0]LogTargetPlatformManager: Display: Loaded TargetPlatform 'TVOS'
[2023.02.28-05.44.22:679][  0]LogTargetPlatformManager: Display: Loaded TargetPlatform 'WindowsNoEditor'
[2023.02.28-05.44.22:686][  0]LogTargetPlatformManager: Display: Loaded TargetPlatform 'Windows'
[2023.02.28-05.44.22:693][  0]LogTargetPlatformManager: Display: Loaded TargetPlatform 'WindowsClient'
[2023.02.28-05.44.22:699][  0]LogTargetPlatformManager: Display: Loaded TargetPlatform 'WindowsServer'
[2023.02.28-05.44.22:699][  0]LogTargetPlatformManager: Display: Building Assets For Windows
[2023.02.28-05.44.22:713][  0]LogAudioDebug: Display: Lib vorbis DLL was dynamically loaded.
[2023.02.28-05.44.22:763][  0]LogTextureFormatOodle: Display: Oodle Texture 2.9.0 init RDO Off
[2023.02.28-05.44.22:812][  0]LogRendererCore: Ray tracing is disabled. Reason: r.RayTracing=0.
[2023.02.28-05.44.22:812][  0]LogShaderCompilers: Guid format shader working directory is 9 characters bigger than the processId version (D:/Github/UnrealPractice/ArenaBattle/Intermediate/Shaders/WorkingDirectory/9328/).
[2023.02.28-05.44.22:812][  0]LogShaderCompilers: Cleaned the shader compiler working directory 'C:/Users/r283/AppData/Local/Temp/UnrealShaderWorkingDir/DBD496BD42EC904F44961485206A2649/'.
[2023.02.28-05.44.22:814][  0]LogXGEController: Cannot use XGE Controller as Incredibuild is not installed on this machine.
[2023.02.28-05.44.22:814][  0]LogShaderCompilers: Cannot use XGE Shader Compiler as Incredibuild is not installed on this machine.
[2023.02.28-05.44.22:814][  0]LogShaderCompilers: Display: Using Local Shader Compiler.
[2023.02.28-05.44.23:410][  0]LogDerivedDataCache: Display: Max Cache Size: 512 MB
[2023.02.28-05.44.23:451][  0]LogDerivedDataCache: Loaded boot cache 0.04s 103MB C:/Users/r283/AppData/Local/UnrealEngine/4.27/DerivedDataCache/Boot.ddc.
[2023.02.28-05.44.23:451][  0]LogDerivedDataCache: Display: Loaded Boot cache: C:/Users/r283/AppData/Local/UnrealEngine/4.27/DerivedDataCache/Boot.ddc
[2023.02.28-05.44.23:451][  0]LogDerivedDataCache: FDerivedDataBackendGraph:  Pak pak cache file D:/Github/UnrealPractice/ArenaBattle/DerivedDataCache/DDC.ddp not found, will not use a pak cache.
[2023.02.28-05.44.23:451][  0]LogDerivedDataCache: Unable to find inner node Pak for hierarchical cache Hierarchy.
[2023.02.28-05.44.23:451][  0]LogDerivedDataCache: FDerivedDataBackendGraph:  CompressedPak pak cache file D:/Github/UnrealPractice/ArenaBattle/DerivedDataCache/Compressed.ddp not found, will not use a pak cache.
[2023.02.28-05.44.23:451][  0]LogDerivedDataCache: Unable to find inner node CompressedPak for hierarchical cache Hierarchy.
[2023.02.28-05.44.23:466][  0]LogDerivedDataCache: Display: Pak cache opened for reading ../../../Engine/DerivedDataCache/Compressed.ddp.
[2023.02.28-05.44.23:466][  0]LogDerivedDataCache: FDerivedDataBackendGraph:  EnterprisePak pak cache file ../../../Enterprise/DerivedDataCache/Compressed.ddp not found, will not use a pak cache.
[2023.02.28-05.44.23:466][  0]LogDerivedDataCache: Unable to find inner node EnterprisePak for hierarchical cache Hierarchy.
[2023.02.28-05.44.23:476][  0]LogDerivedDataCache: Speed tests for C:/Users/r283/AppData/Local/UnrealEngine/Common/DerivedDataCache took 0.01 seconds
[2023.02.28-05.44.23:476][  0]LogDerivedDataCache: Display: Performance to C:/Users/r283/AppData/Local/UnrealEngine/Common/DerivedDataCache: Latency=0.05ms. RandomReadSpeed=251.72MBs, RandomWriteSpeed=160.59MBs. Assigned SpeedClass 'Local'
[2023.02.28-05.44.23:477][  0]LogDerivedDataCache: Using Local data cache path C:/Users/r283/AppData/Local/UnrealEngine/Common/DerivedDataCache: Writable
[2023.02.28-05.44.23:477][  0]LogDerivedDataCache: Shared data cache path not found in *engine.ini, will not use an Shared cache.
[2023.02.28-05.44.23:477][  0]LogDerivedDataCache: Unable to find inner node Shared for hierarchical cache Hierarchy.
[2023.02.28-05.44.23:512][  0]LogSlate: Using FreeType 2.10.0
[2023.02.28-05.44.23:512][  0]LogSlate: SlateFontServices - WITH_FREETYPE: 1, WITH_HARFBUZZ: 1
[2023.02.28-05.44.23:536][  0]LogAssetRegistry: FAssetRegistry took 0.0028 seconds to start up
[2023.02.28-05.44.23:732][  0]LogInit: Selected Device Profile: [Windows]
[2023.02.28-05.44.23:732][  0]LogInit: Active device profile: [000001B273A9E700][000001B271F27A80 49] Windows
[2023.02.28-05.44.23:732][  0]LogInit: Profiles: [000001B273A9E700][000001B271F27A80 49] Windows, [000001B273A61B00][000001B26EC2BC00 49] WindowsNoEditor, [000001B273A9DB00][000001B26EC2E200 49] WindowsServer, [000001B273A62600][000001B271F2A340 49] WindowsClient, [000001B273A9D600][000001B26EC32480 49] IOS, [000001B273A63D00][000001B26EEA85C0 49] iPadAir, [000001B273A9FF00][000001B26EEAC700 49] iPadAir2, [000001B2739DAA00][000001B2721889C0 49] IPadPro, [000001B2739DAB00][000001B26EEB4A00 49] iPadAir3, [000001B273A9DC00][000001B27218CB80 49] iPadAir4, [000001B2739DB300][000001B255AC0D00 49] iPadMini2, [000001B273A9E200][000001B255AC4E80 49] iPadMini3, [000001B2739DB200][000001B271B15000 49] iPadMini4, [000001B273A9DE00][000001B271B19180 49] iPadMini5, [000001B273A8A300][000001B255AC9440 49] iPhone6, [000001B273A8A400][000001B271B1D480 49] iPodTouch6, [000001B2739D9500][000001B255AD1740 49] iPhone7, [000001B2739D9400][000001B255ACD780 49] iPodTouch7, [000001B273A8AB00][000001B255AD5900 49] iPhone5S, [000001B2739D8C00][000001B255AD9A80 49] iPhone6Plus, [000001B273A8AE00][000001B255ADDC00 49] iPhone6S, [000001B2739D8D00][000001B255AE0200 49] iPhone6SPlus, [000001B273A89800][000001B271E9C380 49] iPhone7Plus, [000001B2739DA000][000001B271EB8500 49] iPhoneSE, [000001B273A8A200][000001B26EEB0640 49] iPhone8, [000001B2739DB100][000001B269DE2780 49] iPhone8Plus, [000001B273A8BE00][000001B271ACA8C0 49] iPhoneX, [000001B2739D9300][000001B271AD2A40 49] iPhoneXS, [000001B273A88600][000001B271AD6BC0 49] iPhoneXSMax, [000001B2739DB800][000001B271ADED40 49] iPhoneXR, [000001B273A8B200][000001B271AE2EC0 49] iPhone11, [000001B2739D8800][000001B26EC0B040 49] iPhone11Pro, [000001B273A88E00][000001B26EC0F1C0 49] iPhone11ProMax, [000001B2739DA800][000001B271ADB340 49] iPhoneSE2, [000001B273A8B500][000001B26EC134C0 49] iPhone12Mini, [000001B2739D8300][000001B271AE7640 49] iPhone12, [000001B273A8A500][000001B26EC237C0 49] iPhone12Pro, [000001B2739DB400][000001B26EC27940 49] iPhone12ProMax, [000001B273A8B900][000001B26EE87AC0 49] iPadPro105, [000001B2739DB000][000001B26EE8A0C0 49] iPadPro129, [000001B273A8B400][000001B26EE8E240 49] iPadPro97, [000001B2739D8900][000001B26EE923C0 49] iPadPro2_129, [000001B273A89F00][000001B2714FE540 49] iPad5, [000001B2739DBA00][000001B26EE966C0 49] iPad6, [000001B273A89600][000001B271ACE800 49] iPad7, [000001B2739D8E00][000001B26EE9A940 49] iPad8, [000001B273A8B100][000001B26EE9EA80 49] iPadPro11, [000001B273A62A00][000001B26EEA2BC0 49] iPadPro2_11, [000001B273AED400][000001B271EC8D40 49] iPadPro3_129, [000001B273A63000][000001B271ECCEC0 49] iPadPro4_129, [000001B273AEC800][000001B271ED1040 49] AppleTV, [000001B273A63700][000001B271ED51C0 49] AppleTV4K, [000001B273AECA00][000001B271ED9340 49] TVOS, [000001B273A60900][000001B271EDD4C0 49] Mac, [000001B273AED700][000001B271EE1640 49] MacClient, [000001B273A61000][000001B271EE57C0 49] MacNoEditor, [000001B273AEDA00][000001B271EE9940 49] MacServer, [000001B273A8A900][000001B27438DAC0 49] Linux, [000001B2739DBB00][000001B2743900C0 49] LinuxAArch64, [000001B273A89100][000001B274394240 49] LinuxNoEditor, [000001B2739D8B00][000001B2743983C0 49] LinuxAArch64NoEditor, [000001B273A8B800][000001B27439C540 49] LinuxClient, [000001B2739D9A00][000001B2743A06C0 49] LinuxAArch64Client, [000001B273A88300][000001B2743A4840 49] LinuxServer, [000001B2739D9100][000001B271EC4980 49] LinuxAArch64Server, [000001B273A88F00][000001B2743A8AC0 49] Android, [000001B2739D9F00][000001B2743ACC00 49] Android_Low, [000001B273A8AD00][000001B2743B0D40 49] Android_Mid, [000001B2739DA500][000001B2743B8EC0 49] Android_High, [000001B273A8BA00][000001B2743BD040 49] Android_Default, [000001B2739D8200][000001B2743C11C0 49] Android_Adreno4xx, [000001B273A8BD00][000001B2743C5340 49] Android_Adreno5xx_Low, [000001B2739D9E00][000001B269D4F4C0 49] Android_Adreno5xx, [000001B273A8AF00][000001B269D53640 49] Android_Adreno6xx, [000001B2739D8100][000001B269D577C0 49] Android_Adreno6xx_Vulkan, [000001B273A8A000][000001B269D5B940 49] Android_Mali_T6xx, [000001B2739D9200][000001B269D5FAC0 49] Android_Mali_T7xx, [000001B273A8BB00][000001B269D620C0 49] Android_Mali_T8xx, [000001B2739DA900][000001B269D66240 49] Android_Mali_G71, [000001B273A89700][000001B269D6A3C0 49] Android_Mali_G72, [000001B2739DAE00][000001B269D6E540 49] Android_Mali_G72_Vulkan, [000001B273A8B000][000001B269D726C0 49] Android_Mali_G76, [000001B2739D8F00][000001B269D76840 49] Android_Mali_G76_Vulkan, [000001B273A8A100][000001B269D7A9C0 49] Android_Mali_G77, [000001B2739D9600][000001B269D7EB40 49] Android_Mali_G77_Vulkan, [000001B273AED200][000001B2743B4C80 49] Android_Mali_G78, [000001B2739DAF00][000001B269D82DC0 49] Android_Mali_G78_Vulkan, [000001B273A8AC00][000001B269D86F00 49] Android_Mali_G710, [000001B2739D8A00][000001B269D8F080 49] Android_Mali_G710_Vulkan, [000001B273A89300][000001B269D93200 49] Android_Vulkan_SM5, [000001B2739DA400][000001B269D97380 49] Android_PowerVR_G6xxx, [000001B273A8BC00][000001B269D9B500 49] Android_PowerVR_GT7xxx, [000001B2739DB900][000001B269D9F680 49] Android_PowerVR_GE8xxx, [000001B273A88200][000001B269DA3800 49] Android_PowerVR_GM9xxx, [000001B2739DBF00][000001B269DA7980 49] Android_PowerVR_GM9xxx_Vulkan, [000001B273A89A00][000001B269DABB00 49] Android_TegraK1, [000001B2739D8500][000001B269DAE100 49] Android_Unknown_Vulkan, [000001B273A8A800][000001B269DB2280 49] Lumin, [000001B2739D9700][000001B269DB6400 49] Lumin_Desktop, [000001B273A9DA00][000001B269DBA580 49] HoloLens, 
[2023.02.28-05.44.23:853][  0]LogMeshReduction: Using QuadricMeshReduction for automatic static mesh reduction
[2023.02.28-05.44.23:853][  0]LogMeshReduction: Using SimplygonMeshReduction for automatic skeletal mesh reduction
[2023.02.28-05.44.23:853][  0]LogMeshReduction: Using ProxyLODMeshReduction for automatic mesh merging
[2023.02.28-05.44.23:853][  0]LogMeshReduction: No distributed automatic mesh merging module available
[2023.02.28-05.44.23:853][  0]LogMeshMerging: No distributed automatic mesh merging module available
[2023.02.28-05.44.23:871][  0]LogNetVersion: ArenaBattle 1.0.0, NetCL: 17155196, EngineNetVer: 17, GameNetVer: 0 (Checksum: 2964408555)
[2023.02.28-05.44.24:215][  0]LogTexture: Default maximum texture size for cubemaps generated from long-lat sources has been changed from 512 to unlimited. In order to preserve old behaiour for '/Engine/MapTemplates/Sky/DaylightAmbientCubemap.DaylightAmbientCubemap', its maximum texture size has been explicitly set to 512.
[2023.02.28-05.44.24:261][  0]LogHMD: PokeAHoleMaterial loaded successfully
[2023.02.28-05.44.24:266][  0]LogUObjectArray: 17178 objects as part of root set at end of initial load.
[2023.02.28-05.44.24:266][  0]LogUObjectAllocator: 4302048 out of 0 bytes used by permanent object pool.
[2023.02.28-05.44.24:266][  0]LogUObjectArray: CloseDisregardForGC: 0/0 objects in disregard for GC pool
[2023.02.28-05.44.24:613][  0]LogNiagaraDebuggerClient: Niagara Debugger Client Initialized | Session: A4CAFAB84CDF869DC1DF02858750C4F2 | Instance: 574A81E646D7FAC3069A2EB0BFFA52EC (TRANSFERSCHOLAR-9328).
[2023.02.28-05.44.24:675][  0]LogPython: Using Python 3.7.7
[2023.02.28-05.44.25:217][  0]LogTcpMessaging: Initializing TcpMessaging bridge
[2023.02.28-05.44.25:224][  0]LogUdpMessaging: Initializing bridge on interface 0.0.0.0:0 to multicast group 230.0.0.1:6666.
[2023.02.28-05.44.26:484][  0]LogWindows: Error: === Critical error: ===
[2023.02.28-05.44.26:484][  0]LogWindows: Error: 
[2023.02.28-05.44.26:484][  0]LogWindows: Error: Fatal error!
[2023.02.28-05.44.26:484][  0]LogWindows: Error: 
[2023.02.28-05.44.26:484][  0]LogWindows: Error: Unhandled Exception: EXCEPTION_ACCESS_VIOLATION reading address 0x0000000000000098
[2023.02.28-05.44.26:484][  0]LogWindows: Error: 
[2023.02.28-05.44.26:484][  0]LogWindows: Error: [Callstack] 0x00007ffa5d735ae0 UE4Editor-Engine.dll!UnknownFunction []
[2023.02.28-05.44.26:484][  0]LogWindows: Error: [Callstack] 0x00007ffa46122058 UE4Editor-ArenaBattle.dll!AFountain::AFountain() [D:\Github\UnrealPractice\ArenaBattle\Source\ArenaBattle\Private\Fountain.cpp:18]
[2023.02.28-05.44.26:484][  0]LogWindows: Error: [Callstack] 0x00007ffa65ae61d3 UE4Editor-CoreUObject.dll!UnknownFunction []
[2023.02.28-05.44.26:484][  0]LogWindows: Error: [Callstack] 0x00007ffa65e08faf UE4Editor-CoreUObject.dll!UnknownFunction []
[2023.02.28-05.44.26:484][  0]LogWindows: Error: [Callstack] 0x00007ffa65de5411 UE4Editor-CoreUObject.dll!UnknownFunction []
[2023.02.28-05.44.26:484][  0]LogWindows: Error: [Callstack] 0x00007ffa65caddc5 UE4Editor-CoreUObject.dll!UnknownFunction []
[2023.02.28-05.44.26:484][  0]LogWindows: Error: [Callstack] 0x00007ffa664c1bea UE4Editor-Core.dll!UnknownFunction []
[2023.02.28-05.44.26:484][  0]LogWindows: Error: [Callstack] 0x00007ffa664e15a3 UE4Editor-Core.dll!UnknownFunction []
[2023.02.28-05.44.26:484][  0]LogWindows: Error: [Callstack] 0x00007ffac7276433 UE4Editor-Projects.dll!UnknownFunction []
[2023.02.28-05.44.26:484][  0]LogWindows: Error: [Callstack] 0x00007ffac727674f UE4Editor-Projects.dll!UnknownFunction []
[2023.02.28-05.44.26:484][  0]LogWindows: Error: [Callstack] 0x00007ff7a0925642 UE4Editor.exe!UnknownFunction []
[2023.02.28-05.44.26:484][  0]LogWindows: Error: [Callstack] 0x00007ff7a0929000 UE4Editor.exe!UnknownFunction []
[2023.02.28-05.44.26:484][  0]LogWindows: Error: [Callstack] 0x00007ff7a0920d2c UE4Editor.exe!UnknownFunction []
[2023.02.28-05.44.26:484][  0]LogWindows: Error: [Callstack] 0x00007ff7a09210ba UE4Editor.exe!UnknownFunction []
[2023.02.28-05.44.26:484][  0]LogWindows: Error: [Callstack] 0x00007ff7a09240dd UE4Editor.exe!UnknownFunction []
[2023.02.28-05.44.26:484][  0]LogWindows: Error: [Callstack] 0x00007ff7a0935984 UE4Editor.exe!UnknownFunction []
[2023.02.28-05.44.26:484][  0]LogWindows: Error: [Callstack] 0x00007ff7a093853a UE4Editor.exe!UnknownFunction []
[2023.02.28-05.44.26:484][  0]LogWindows: Error: [Callstack] 0x00007ffafd0a26bd KERNEL32.DLL!UnknownFunction []
[2023.02.28-05.44.26:484][  0]LogWindows: Error: [Callstack] 0x00007ffafdb6dfb8 ntdll.dll!UnknownFunction []
[2023.02.28-05.44.26:484][  0]LogWindows: Error: 
[2023.02.28-05.44.26:497][  0]LogExit: Executing StaticShutdownAfterError
[2023.02.28-05.44.26:499][  0]LogWindows: FPlatformMisc::RequestExit(1)
[2023.02.28-05.44.26:499][  0]LogWindows: FPlatformMisc::RequestExitWithStatus(1, 3)
[2023.02.28-05.44.26:499][  0]LogCore: Engine exit requested (reason: Win RequestExit)
[2023.02.28-05.44.26:507][  0]Log file closed, 02/28/23 14:44:26
