Log file open, 02/26/23 21:05:38
LogWindows: Failed to load 'aqProf.dll' (GetLastError=126)
LogWindows: File 'aqProf.dll' does not exist
LogWindows: Failed to load 'VtuneApi.dll' (GetLastError=126)
LogWindows: File 'VtuneApi.dll' does not exist
LogWindows: Failed to load 'VtuneApi32e.dll' (GetLastError=126)
LogWindows: File 'VtuneApi32e.dll' does not exist
LogConsoleResponse: Display: Failed to find resolution value strings in scalability ini. Falling back to default.
LogConsoleResponse: Display: Failed to find resolution value strings in scalability ini. Falling back to default.
LogInit: Display: Running engine for game: ArenaBattle
LogPlatformFile: Not using cached read wrapper
LogTaskGraph: Started task graph with 5 named threads and 47 total threads with 3 sets of task threads.
LogStats: Stats thread started at 0.243712
LogICUInternationalization: ICU TimeZone Detection - Raw Offset: +9:00, Platform Override: ''
LogInit: Display: Loading text-based GConfig....
LogPluginManager: Mounting plugin MeshPainting
LogPluginManager: Mounting plugin XGEController
LogPluginManager: Mounting plugin Paper2D
LogPluginManager: Mounting plugin EnvironmentQueryEditor
LogPluginManager: Mounting plugin AISupport
LogPluginManager: Mounting plugin LightPropagationVolume
LogPluginManager: Mounting plugin CameraShakePreviewer
LogPluginManager: Mounting plugin LiveLink
LogPluginManager: Mounting plugin GameplayCameras
LogPluginManager: Mounting plugin AnimationSharing
LogPluginManager: Mounting plugin CLionSourceCodeAccess
LogPluginManager: Mounting plugin CodeLiteSourceCodeAccess
LogPluginManager: Mounting plugin GitSourceControl
LogPluginManager: Mounting plugin KDevelopSourceCodeAccess
LogPluginManager: Mounting plugin NullSourceCodeAccess
LogPluginManager: Mounting plugin PerforceSourceControl
LogPluginManager: Mounting plugin PixWinPlugin
LogPluginManager: Mounting plugin PlasticSourceControl
LogPluginManager: Mounting plugin PluginUtils
LogPluginManager: Mounting plugin PropertyAccessNode
LogPluginManager: Mounting plugin RiderSourceCodeAccess
LogPluginManager: Mounting plugin SubversionSourceControl
LogPluginManager: Mounting plugin TextureFormatOodle
LogPluginManager: Mounting plugin OodleData
LogPluginManager: Mounting plugin UObjectPlugin
LogPluginManager: Mounting plugin OodleNetwork
LogPluginManager: Mounting plugin VisualStudioCodeSourceCodeAccess
LogPluginManager: Mounting plugin VisualStudioSourceCodeAccess
LogPluginManager: Mounting plugin XCodeSourceCodeAccess
LogPluginManager: Mounting plugin DatasmithContent
LogPluginManager: Mounting plugin VariantManagerContent
LogPluginManager: Mounting plugin AlembicImporter
LogPluginManager: Mounting plugin AutomationUtils
LogPluginManager: Mounting plugin AssetManagerEditor
LogPluginManager: Mounting plugin BackChannel
LogPluginManager: Mounting plugin ChaosClothEditor
LogPluginManager: Mounting plugin ChaosCloth
LogPluginManager: Mounting plugin ChaosEditor
LogPluginManager: Mounting plugin ChaosNiagara
LogPluginManager: Mounting plugin ChaosSolverPlugin
LogPluginManager: Mounting plugin CharacterAI
LogPluginManager: Mounting plugin CurveEditorTools
LogPluginManager: Mounting plugin CryptoKeys
LogPluginManager: Mounting plugin DataValidation
LogPluginManager: Mounting plugin FacialAnimation
LogPluginManager: Mounting plugin GameplayTagsEditor
LogPluginManager: Mounting plugin GeometryMode
LogPluginManager: Mounting plugin MacGraphicsSwitching
LogPluginManager: Mounting plugin MaterialAnalyzer
LogPluginManager: Mounting plugin MobileLauncherProfileWizard
LogPluginManager: Mounting plugin PluginBrowser
LogPluginManager: Mounting plugin SpeedTreeImporter
LogPluginManager: Mounting plugin GeometryCache
LogPluginManager: Mounting plugin GeometryCollectionPlugin
LogPluginManager: Mounting plugin GeometryProcessing
LogPluginManager: Mounting plugin MotoSynth
LogPluginManager: Mounting plugin OpenImageDenoise
LogPluginManager: Mounting plugin PlanarCut
LogPluginManager: Mounting plugin PlatformCrypto
LogPluginManager: Mounting plugin ProxyLODPlugin
LogPluginManager: Mounting plugin PythonScriptPlugin
LogPluginManager: Mounting plugin Niagara
LogPluginManager: Mounting plugin SkeletalReduction
LogPluginManager: Mounting plugin LuminPlatformFeatures
LogPluginManager: Mounting plugin MagicLeap
LogPluginManager: Mounting plugin MagicLeapLightEstimation
LogPluginManager: Mounting plugin MagicLeapMedia
LogPluginManager: Mounting plugin MagicLeapPassableWorld
LogPluginManager: Mounting plugin MLSDK
LogPluginManager: Mounting plugin AndroidMedia
LogPluginManager: Mounting plugin AvfMedia
LogPluginManager: Mounting plugin ImgMedia
LogPluginManager: Mounting plugin MediaCompositing
LogPluginManager: Mounting plugin MediaPlayerEditor
LogPluginManager: Mounting plugin WebMMedia
LogPluginManager: Mounting plugin WmfMedia
LogPluginManager: Mounting plugin TcpMessaging
LogPluginManager: Mounting plugin UdpMessaging
LogPluginManager: Mounting plugin ActorSequence
LogPluginManager: Mounting plugin LevelSequenceEditor
LogPluginManager: Mounting plugin MatineeToLevelSequence
LogPluginManager: Mounting plugin TemplateSequence
LogPluginManager: Mounting plugin OnlineSubsystem
LogPluginManager: Mounting plugin OnlineSubsystemNull
LogPluginManager: Mounting plugin OnlineSubsystemUtils
LogPluginManager: Mounting plugin LauncherChunkInstaller
LogPluginManager: Mounting plugin ActorLayerUtilities
LogPluginManager: Mounting plugin AndroidDeviceProfileSelector
LogPluginManager: Mounting plugin AndroidMoviePlayer
LogPluginManager: Mounting plugin AndroidPermission
LogPluginManager: Mounting plugin AppleImageUtils
LogPluginManager: Mounting plugin AppleMoviePlayer
LogPluginManager: Mounting plugin ArchVisCharacter
LogPluginManager: Mounting plugin AssetTags
LogPluginManager: Mounting plugin AudioCapture
LogPluginManager: Mounting plugin AudioSynesthesia
LogPluginManager: Mounting plugin CableComponent
LogPluginManager: Mounting plugin ChunkDownloader
LogPluginManager: Mounting plugin CustomMeshComponent
LogPluginManager: Mounting plugin EditableMesh
LogPluginManager: Mounting plugin ExampleDeviceProfileSelector
LogPluginManager: Mounting plugin GoogleCloudMessaging
LogPluginManager: Mounting plugin GooglePAD
LogPluginManager: Mounting plugin IOSDeviceProfileSelector
LogPluginManager: Mounting plugin LinuxDeviceProfileSelector
LogPluginManager: Mounting plugin LocationServicesBPLibrary
LogPluginManager: Mounting plugin MobilePatchingUtils
LogPluginManager: Mounting plugin OpenXR
LogPluginManager: Mounting plugin OpenXREyeTracker
LogPluginManager: Mounting plugin ScreenshotTools
LogPluginManager: Mounting plugin OpenXRHandTracking
LogPluginManager: Mounting plugin PhysXVehicles
LogPluginManager: Mounting plugin PostSplashScreen
LogPluginManager: Mounting plugin ProceduralMeshComponent
LogPluginManager: Mounting plugin PropertyAccessEditor
LogPluginManager: Mounting plugin RuntimePhysXCooking
LogPluginManager: Mounting plugin SignificanceManager
LogPluginManager: Mounting plugin SoundFields
LogPluginManager: Mounting plugin Synthesis
LogPluginManager: Mounting plugin Takes
LogPluginManager: Mounting plugin WebMMoviePlayer
LogPluginManager: Mounting plugin WindowsMoviePlayer
LogPluginManager: Mounting plugin ContentBrowserAssetDataSource
LogPluginManager: Mounting plugin ContentBrowserClassDataSource
LogPluginManager: Mounting plugin ContentBrowserFileDataSource
LogPluginManager: Mounting plugin OnlineSubsystemGooglePlay
LogPluginManager: Mounting plugin OnlineSubsystemIOS
LogPluginManager: Mounting plugin OculusVR
LogPluginManager: Mounting plugin SteamVR
PixWinPlugin: PIX capture plugin failed to initialize! Check that the process is launched from PIX.
LogInit: Using libcurl 7.55.1-DEV
LogInit:  - built for x86_64-pc-win32
LogInit:  - supports SSL with OpenSSL/1.1.1
LogInit:  - supports HTTP deflate (compression) using libz 1.2.8
LogInit:  - other features:
LogInit:      CURL_VERSION_SSL
LogInit:      CURL_VERSION_LIBZ
LogInit:      CURL_VERSION_IPV6
LogInit:      CURL_VERSION_ASYNCHDNS
LogInit:      CURL_VERSION_LARGEFILE
LogInit:      CURL_VERSION_IDN
LogInit:  CurlRequestOptions (configurable via config and command line):
LogInit:  - bVerifyPeer = true  - Libcurl will verify peer certificate
LogInit:  - bUseHttpProxy = false  - Libcurl will NOT use HTTP proxy
LogInit:  - bDontReuseConnections = false  - Libcurl will reuse connections
LogInit:  - MaxHostConnections = 16  - Libcurl will limit the number of connections to a host
LogInit:  - LocalHostAddr = Default
LogInit:  - BufferSize = 65536
LogOnline: OSS: Creating online subsystem instance for: NULL
LogInit: WinSock: version 1.1 (2.2), MaxSocks=32767, MaxUdp=65467
LogOnline: OSS: TryLoadSubsystemAndSetDefault: Loaded subsystem for module [NULL]
LogOculusPluginWrapper: OculusPlugin initialized successfully
LogHMD: Failed initializing OVRPlugin 1.59.0
LogInit: Build: ++UE4+Release-4.27-CL-18319896
LogInit: Engine Version: 4.27.2-18319896+++UE4+Release-4.27
LogInit: Compatible Engine Version: 4.27.0-17155196+++UE4+Release-4.27
LogInit: Net CL: 17155196
LogInit: OS: Windows 10 (Release 2009) (), CPU: AMD Ryzen 7 5800H with Radeon Graphics         , GPU: NVIDIA GeForce RTX 3070 Laptop GPU
LogInit: Compiled (64-bit): Nov 30 2021 07:12:08
LogInit: Compiled with Visual C++: 19.24.28315.00
LogInit: Build Configuration: Development
LogInit: Branch Name: ++UE4+Release-4.27
LogInit: Command Line: 
LogInit: Base Directory: C:/Program Files/Epic Games/UE_4.27/Engine/Binaries/Win64/
LogInit: Allocator: TBB
LogInit: Installed Engine Build: 1
LogDevObjectVersion: Number of dev versions registered: 29
LogDevObjectVersion:   Dev-Blueprints (B0D832E4-1F89-4F0D-ACCF-7EB736FD4AA2): 10
LogDevObjectVersion:   Dev-Build (E1C64328-A22C-4D53-A36C-8E866417BD8C): 0
LogDevObjectVersion:   Dev-Core (375EC13C-06E4-48FB-B500-84F0262A717E): 4
LogDevObjectVersion:   Dev-Editor (E4B068ED-F494-42E9-A231-DA0B2E46BB41): 40
LogDevObjectVersion:   Dev-Framework (CFFC743F-43B0-4480-9391-14DF171D2073): 37
LogDevObjectVersion:   Dev-Mobile (B02B49B5-BB20-44E9-A304-32B752E40360): 3
LogDevObjectVersion:   Dev-Networking (A4E4105C-59A1-49B5-A7C5-40C4547EDFEE): 0
LogDevObjectVersion:   Dev-Online (39C831C9-5AE6-47DC-9A44-9C173E1C8E7C): 0
LogDevObjectVersion:   Dev-Physics (78F01B33-EBEA-4F98-B9B4-84EACCB95AA2): 14
LogDevObjectVersion:   Dev-Platform (6631380F-2D4D-43E0-8009-CF276956A95A): 0
LogDevObjectVersion:   Dev-Rendering (12F88B9F-8875-4AFC-A67C-D90C383ABD29): 45
LogDevObjectVersion:   Dev-Sequencer (7B5AE74C-D270-4C10-A958-57980B212A5A): 13
LogDevObjectVersion:   Dev-VR (D7296918-1DD6-4BDD-9DE2-64A83CC13884): 3
LogDevObjectVersion:   Dev-LoadTimes (C2A15278-BFE7-4AFE-6C17-90FF531DF755): 1
LogDevObjectVersion:   Private-Geometry (6EACA3D4-40EC-4CC1-B786-8BED09428FC5): 3
LogDevObjectVersion:   Dev-AnimPhys (29E575DD-E0A3-4627-9D10-D276232CDCEA): 17
LogDevObjectVersion:   Dev-Anim (AF43A65D-7FD3-4947-9873-3E8ED9C1BB05): 15
LogDevObjectVersion:   Dev-ReflectionCapture (6B266CEC-1EC7-4B8F-A30B-E4D90942FC07): 1
LogDevObjectVersion:   Dev-Automation (0DF73D61-A23F-47EA-B727-89E90C41499A): 1
LogDevObjectVersion:   FortniteMain (601D1886-AC64-4F84-AA16-D3DE0DEAC7D6): 47
LogDevObjectVersion:   FortniteRelease (E7086368-6B23-4C58-8439-1B7016265E91): 1
LogDevObjectVersion:   Dev-Enterprise (9DFFBCD6-494F-0158-E221-12823C92A888): 10
LogDevObjectVersion:   Dev-Niagara (F2AED0AC-9AFE-416F-8664-AA7FFA26D6FC): 1
LogDevObjectVersion:   Dev-Destruction (174F1F0B-B4C6-45A5-B13F-2EE8D0FB917D): 10
LogDevObjectVersion:   Dev-Physics-Ext (35F94A83-E258-406C-A318-09F59610247C): 41
LogDevObjectVersion:   Dev-PhysicsMaterial-Chaos (B68FC16E-8B1B-42E2-B453-215C058844FE): 1
LogDevObjectVersion:   Dev-CineCamera (B2E18506-4273-CFC2-A54E-F4BB758BBA07): 1
LogDevObjectVersion:   Dev-VirtualProduction (64F58936-FD1B-42BA-BA96-7289D5D0FA4E): 1
LogDevObjectVersion:   Dev-MediaFramework (6F0ED827-A609-4895-9C91-998D90180EA4): 2
LogInit: Presizing for max 25165824 objects, including 0 objects not considered by GC, pre-allocating 0 bytes for permanent pool.
LogConfig: Applying CVar settings from Section [/Script/Engine.StreamingSettings] File [D:/Github/UnrealPractice/ArenaBattle/Saved/Config/Windows/Engine.ini]
LogConfig: Setting CVar [[s.MinBulkDataSizeForAsyncLoading:131072]]
LogConfig: Setting CVar [[s.AsyncLoadingThreadEnabled:0]]
LogConfig: Setting CVar [[s.EventDrivenLoaderEnabled:1]]
LogConfig: Setting CVar [[s.WarnIfTimeLimitExceeded:0]]
LogConfig: Setting CVar [[s.TimeLimitExceededMultiplier:1.5]]
LogConfig: Setting CVar [[s.TimeLimitExceededMinTime:0.005]]
LogConfig: Setting CVar [[s.UseBackgroundLevelStreaming:1]]
LogConfig: Setting CVar [[s.PriorityAsyncLoadingExtraTime:15.0]]
LogConfig: Setting CVar [[s.LevelStreamingActorsUpdateTimeLimit:5.0]]
LogConfig: Setting CVar [[s.PriorityLevelStreamingActorsUpdateExtraTime:5.0]]
LogConfig: Setting CVar [[s.LevelStreamingComponentsRegistrationGranularity:10]]
LogConfig: Setting CVar [[s.UnregisterComponentsTimeLimit:1.0]]
LogConfig: Setting CVar [[s.LevelStreamingComponentsUnregistrationGranularity:5]]
LogConfig: Setting CVar [[s.FlushStreamingOnExit:1]]
LogInit: Object subsystem initialized
LogConfig: Setting CVar [[con.DebugEarlyDefault:1]]
LogConfig: Setting CVar [[r.setres:1280x720]]
[2023.02.26-12.05.38:756][  0]LogConfig: Setting CVar [[r.VSync:0]]
[2023.02.26-12.05.38:756][  0]LogConfig: Setting CVar [[r.RHICmdBypass:0]]
[2023.02.26-12.05.38:756][  0]LogConfig: Applying CVar settings from Section [/Script/Engine.RendererSettings] File [D:/Github/UnrealPractice/ArenaBattle/Saved/Config/Windows/Engine.ini]
[2023.02.26-12.05.38:756][  0]LogConfig: Setting CVar [[r.GPUCrashDebugging:0]]
[2023.02.26-12.05.38:756][  0]LogConfig: Applying CVar settings from Section [/Script/Engine.RendererOverrideSettings] File [D:/Github/UnrealPractice/ArenaBattle/Saved/Config/Windows/Engine.ini]
[2023.02.26-12.05.38:756][  0]LogConfig: Applying CVar settings from Section [/Script/Engine.StreamingSettings] File [D:/Github/UnrealPractice/ArenaBattle/Saved/Config/Windows/Engine.ini]
[2023.02.26-12.05.38:756][  0]LogConfig: Setting CVar [[s.MinBulkDataSizeForAsyncLoading:131072]]
[2023.02.26-12.05.38:756][  0]LogConfig: Setting CVar [[s.AsyncLoadingThreadEnabled:0]]
[2023.02.26-12.05.38:756][  0]LogConfig: Setting CVar [[s.EventDrivenLoaderEnabled:1]]
[2023.02.26-12.05.38:756][  0]LogConfig: Setting CVar [[s.WarnIfTimeLimitExceeded:0]]
[2023.02.26-12.05.38:756][  0]LogConfig: Setting CVar [[s.TimeLimitExceededMultiplier:1.5]]
[2023.02.26-12.05.38:756][  0]LogConfig: Setting CVar [[s.TimeLimitExceededMinTime:0.005]]
[2023.02.26-12.05.38:756][  0]LogConfig: Setting CVar [[s.UseBackgroundLevelStreaming:1]]
[2023.02.26-12.05.38:756][  0]LogConfig: Setting CVar [[s.PriorityAsyncLoadingExtraTime:15.0]]
[2023.02.26-12.05.38:756][  0]LogConfig: Setting CVar [[s.LevelStreamingActorsUpdateTimeLimit:5.0]]
[2023.02.26-12.05.38:756][  0]LogConfig: Setting CVar [[s.PriorityLevelStreamingActorsUpdateExtraTime:5.0]]
[2023.02.26-12.05.38:756][  0]LogConfig: Setting CVar [[s.LevelStreamingComponentsRegistrationGranularity:10]]
[2023.02.26-12.05.38:756][  0]LogConfig: Setting CVar [[s.UnregisterComponentsTimeLimit:1.0]]
[2023.02.26-12.05.38:756][  0]LogConfig: Setting CVar [[s.LevelStreamingComponentsUnregistrationGranularity:5]]
[2023.02.26-12.05.38:756][  0]LogConfig: Setting CVar [[s.FlushStreamingOnExit:1]]
[2023.02.26-12.05.38:756][  0]LogConfig: Applying CVar settings from Section [/Script/Engine.GarbageCollectionSettings] File [D:/Github/UnrealPractice/ArenaBattle/Saved/Config/Windows/Engine.ini]
[2023.02.26-12.05.38:756][  0]LogConfig: Setting CVar [[gc.MaxObjectsNotConsideredByGC:1]]
[2023.02.26-12.05.38:756][  0]LogConfig: Setting CVar [[gc.SizeOfPermanentObjectPool:0]]
[2023.02.26-12.05.38:756][  0]LogConfig: Setting CVar [[gc.FlushStreamingOnGC:0]]
[2023.02.26-12.05.38:756][  0]LogConfig: Setting CVar [[gc.NumRetriesBeforeForcingGC:10]]
[2023.02.26-12.05.38:756][  0]LogConfig: Setting CVar [[gc.AllowParallelGC:1]]
[2023.02.26-12.05.38:756][  0]LogConfig: Setting CVar [[gc.TimeBetweenPurgingPendingKillObjects:61.1]]
[2023.02.26-12.05.38:756][  0]LogConfig: Setting CVar [[gc.MaxObjectsInEditor:25165824]]
[2023.02.26-12.05.38:756][  0]LogConfig: Setting CVar [[gc.IncrementalBeginDestroyEnabled:1]]
[2023.02.26-12.05.38:756][  0]LogConfig: Setting CVar [[gc.CreateGCClusters:1]]
[2023.02.26-12.05.38:756][  0]LogConfig: Setting CVar [[gc.MinGCClusterSize:5]]
[2023.02.26-12.05.38:756][  0]LogConfig: Setting CVar [[gc.ActorClusteringEnabled:0]]
[2023.02.26-12.05.38:756][  0]LogConfig: Setting CVar [[gc.BlueprintClusteringEnabled:0]]
[2023.02.26-12.05.38:756][  0]LogConfig: Setting CVar [[gc.UseDisregardForGCOnDedicatedServers:0]]
[2023.02.26-12.05.38:756][  0]LogConfig: Setting CVar [[gc.MultithreadedDestructionEnabled:1]]
[2023.02.26-12.05.38:756][  0]LogConfig: Applying CVar settings from Section [/Script/Engine.NetworkSettings] File [D:/Github/UnrealPractice/ArenaBattle/Saved/Config/Windows/Engine.ini]
[2023.02.26-12.05.38:756][  0]LogConfig: Applying CVar settings from Section [/Script/UnrealEd.CookerSettings] File [D:/Github/UnrealPractice/ArenaBattle/Saved/Config/Windows/Engine.ini]
[2023.02.26-12.05.38:807][  0]LogConfig: Applying CVar settings from Section [ViewDistanceQuality@3] File [D:/Github/UnrealPractice/ArenaBattle/Saved/Config/Windows/Scalability.ini]
[2023.02.26-12.05.38:807][  0]LogConfig: Setting CVar [[r.SkeletalMeshLODBias:0]]
[2023.02.26-12.05.38:807][  0]LogConfig: Setting CVar [[r.ViewDistanceScale:1.0]]
[2023.02.26-12.05.38:807][  0]LogConfig: Applying CVar settings from Section [AntiAliasingQuality@3] File [D:/Github/UnrealPractice/ArenaBattle/Saved/Config/Windows/Scalability.ini]
[2023.02.26-12.05.38:807][  0]LogConfig: Setting CVar [[r.PostProcessAAQuality:4]]
[2023.02.26-12.05.38:807][  0]LogConfig: Applying CVar settings from Section [ShadowQuality@3] File [D:/Github/UnrealPractice/ArenaBattle/Saved/Config/Windows/Scalability.ini]
[2023.02.26-12.05.38:807][  0]LogConfig: Setting CVar [[r.LightFunctionQuality:1]]
[2023.02.26-12.05.38:807][  0]LogConfig: Setting CVar [[r.ShadowQuality:5]]
[2023.02.26-12.05.38:807][  0]LogConfig: Setting CVar [[r.Shadow.CSM.MaxCascades:10]]
[2023.02.26-12.05.38:807][  0]LogConfig: Setting CVar [[r.Shadow.MaxResolution:2048]]
[2023.02.26-12.05.38:807][  0]LogConfig: Setting CVar [[r.Shadow.MaxCSMResolution:2048]]
[2023.02.26-12.05.38:807][  0]LogConfig: Setting CVar [[r.Shadow.RadiusThreshold:0.01]]
[2023.02.26-12.05.38:807][  0]LogConfig: Setting CVar [[r.Shadow.DistanceScale:1.0]]
[2023.02.26-12.05.38:807][  0]LogConfig: Setting CVar [[r.Shadow.CSM.TransitionScale:1.0]]
[2023.02.26-12.05.38:807][  0]LogConfig: Setting CVar [[r.Shadow.PreShadowResolutionFactor:1.0]]
[2023.02.26-12.05.38:807][  0]LogConfig: Setting CVar [[r.DistanceFieldShadowing:1]]
[2023.02.26-12.05.38:807][  0]LogConfig: Setting CVar [[r.DistanceFieldAO:1]]
[2023.02.26-12.05.38:807][  0]LogConfig: Setting CVar [[r.AOQuality:2]]
[2023.02.26-12.05.38:807][  0]LogConfig: Setting CVar [[r.VolumetricFog:1]]
[2023.02.26-12.05.38:807][  0]LogConfig: Setting CVar [[r.VolumetricFog.GridPixelSize:8]]
[2023.02.26-12.05.38:807][  0]LogConfig: Setting CVar [[r.VolumetricFog.GridSizeZ:128]]
[2023.02.26-12.05.38:807][  0]LogConfig: Setting CVar [[r.VolumetricFog.HistoryMissSupersampleCount:4]]
[2023.02.26-12.05.38:807][  0]LogConfig: Setting CVar [[r.LightMaxDrawDistanceScale:1]]
[2023.02.26-12.05.38:807][  0]LogConfig: Setting CVar [[r.CapsuleShadows:1]]
[2023.02.26-12.05.38:807][  0]LogConfig: Applying CVar settings from Section [PostProcessQuality@3] File [D:/Github/UnrealPractice/ArenaBattle/Saved/Config/Windows/Scalability.ini]
[2023.02.26-12.05.38:807][  0]LogConfig: Setting CVar [[r.MotionBlurQuality:4]]
[2023.02.26-12.05.38:807][  0]LogConfig: Setting CVar [[r.AmbientOcclusionMipLevelFactor:0.4]]
[2023.02.26-12.05.38:807][  0]LogConfig: Setting CVar [[r.AmbientOcclusionMaxQuality:100]]
[2023.02.26-12.05.38:807][  0]LogConfig: Setting CVar [[r.AmbientOcclusionLevels:-1]]
[2023.02.26-12.05.38:807][  0]LogConfig: Setting CVar [[r.AmbientOcclusionRadiusScale:1.0]]
[2023.02.26-12.05.38:807][  0]LogConfig: Setting CVar [[r.DepthOfFieldQuality:2]]
[2023.02.26-12.05.38:807][  0]LogConfig: Setting CVar [[r.RenderTargetPoolMin:400]]
[2023.02.26-12.05.38:807][  0]LogConfig: Setting CVar [[r.LensFlareQuality:2]]
[2023.02.26-12.05.38:807][  0]LogConfig: Setting CVar [[r.SceneColorFringeQuality:1]]
[2023.02.26-12.05.38:807][  0]LogConfig: Setting CVar [[r.EyeAdaptationQuality:2]]
[2023.02.26-12.05.38:807][  0]LogConfig: Setting CVar [[r.BloomQuality:5]]
[2023.02.26-12.05.38:807][  0]LogConfig: Setting CVar [[r.FastBlurThreshold:100]]
[2023.02.26-12.05.38:807][  0]LogConfig: Setting CVar [[r.Upscale.Quality:3]]
[2023.02.26-12.05.38:807][  0]LogConfig: Setting CVar [[r.Tonemapper.GrainQuantization:1]]
[2023.02.26-12.05.38:807][  0]LogConfig: Setting CVar [[r.LightShaftQuality:1]]
[2023.02.26-12.05.38:807][  0]LogConfig: Setting CVar [[r.Filter.SizeScale:1]]
[2023.02.26-12.05.38:807][  0]LogConfig: Setting CVar [[r.Tonemapper.Quality:5]]
[2023.02.26-12.05.38:807][  0]LogConfig: Setting CVar [[r.DOF.Gather.AccumulatorQuality:1        ; higher gathering accumulator quality]]
[2023.02.26-12.05.38:807][  0]LogConfig: Setting CVar [[r.DOF.Gather.PostfilterMethod:1          ; Median3x3 postfilering method]]
[2023.02.26-12.05.38:807][  0]LogConfig: Setting CVar [[r.DOF.Gather.EnableBokehSettings:0       ; no bokeh simulation when gathering]]
[2023.02.26-12.05.38:807][  0]LogConfig: Setting CVar [[r.DOF.Gather.RingCount:4                 ; medium number of samples when gathering]]
[2023.02.26-12.05.38:807][  0]LogConfig: Setting CVar [[r.DOF.Scatter.ForegroundCompositing:1    ; additive foreground scattering]]
[2023.02.26-12.05.38:807][  0]LogConfig: Setting CVar [[r.DOF.Scatter.BackgroundCompositing:2    ; additive background scattering]]
[2023.02.26-12.05.38:807][  0]LogConfig: Setting CVar [[r.DOF.Scatter.EnableBokehSettings:1      ; bokeh simulation when scattering]]
[2023.02.26-12.05.38:807][  0]LogConfig: Setting CVar [[r.DOF.Scatter.MaxSpriteRatio:0.1         ; only a maximum of 10% of scattered bokeh]]
[2023.02.26-12.05.38:807][  0]LogConfig: Setting CVar [[r.DOF.Recombine.Quality:1                ; cheap slight out of focus]]
[2023.02.26-12.05.38:807][  0]LogConfig: Setting CVar [[r.DOF.Recombine.EnableBokehSettings:0    ; no bokeh simulation on slight out of focus]]
[2023.02.26-12.05.38:807][  0]LogConfig: Setting CVar [[r.DOF.TemporalAAQuality:1                ; more stable temporal accumulation]]
[2023.02.26-12.05.38:807][  0]LogConfig: Setting CVar [[r.DOF.Kernel.MaxForegroundRadius:0.025]]
[2023.02.26-12.05.38:807][  0]LogConfig: Setting CVar [[r.DOF.Kernel.MaxBackgroundRadius:0.025]]
[2023.02.26-12.05.38:807][  0]LogConfig: Applying CVar settings from Section [TextureQuality@3] File [D:/Github/UnrealPractice/ArenaBattle/Saved/Config/Windows/Scalability.ini]
[2023.02.26-12.05.38:807][  0]LogConfig: Setting CVar [[r.Streaming.MipBias:0]]
[2023.02.26-12.05.38:807][  0]LogConfig: Setting CVar [[r.Streaming.AmortizeCPUToGPUCopy:0]]
[2023.02.26-12.05.38:807][  0]LogConfig: Setting CVar [[r.Streaming.MaxNumTexturesToStreamPerFrame:0]]
[2023.02.26-12.05.38:807][  0]LogConfig: Setting CVar [[r.Streaming.Boost:1]]
[2023.02.26-12.05.38:807][  0]LogConfig: Setting CVar [[r.MaxAnisotropy:8]]
[2023.02.26-12.05.38:807][  0]LogConfig: Setting CVar [[r.VT.MaxAnisotropy:8]]
[2023.02.26-12.05.38:807][  0]LogConfig: Setting CVar [[r.Streaming.LimitPoolSizeToVRAM:0]]
[2023.02.26-12.05.38:807][  0]LogConfig: Setting CVar [[r.Streaming.PoolSize:1000]]
[2023.02.26-12.05.38:807][  0]LogConfig: Setting CVar [[r.Streaming.MaxEffectiveScreenSize:0]]
[2023.02.26-12.05.38:807][  0]LogConfig: Applying CVar settings from Section [EffectsQuality@3] File [D:/Github/UnrealPractice/ArenaBattle/Saved/Config/Windows/Scalability.ini]
[2023.02.26-12.05.38:807][  0]LogConfig: Setting CVar [[r.TranslucencyLightingVolumeDim:64]]
[2023.02.26-12.05.38:807][  0]LogConfig: Setting CVar [[r.RefractionQuality:2]]
[2023.02.26-12.05.38:807][  0]LogConfig: Setting CVar [[r.SSR.Quality:3]]
[2023.02.26-12.05.38:807][  0]LogConfig: Setting CVar [[r.SSR.HalfResSceneColor:0]]
[2023.02.26-12.05.38:807][  0]LogConfig: Setting CVar [[r.SceneColorFormat:4]]
[2023.02.26-12.05.38:807][  0]LogConfig: Setting CVar [[r.DetailMode:2]]
[2023.02.26-12.05.38:807][  0]LogConfig: Setting CVar [[r.TranslucencyVolumeBlur:1]]
[2023.02.26-12.05.38:807][  0]LogConfig: Setting CVar [[r.MaterialQualityLevel:1 ; High quality]]
[2023.02.26-12.05.38:807][  0]LogConfig: Setting CVar [[r.AnisotropicMaterials:1]]
[2023.02.26-12.05.38:807][  0]LogConfig: Setting CVar [[r.SSS.Scale:1]]
[2023.02.26-12.05.38:807][  0]LogConfig: Setting CVar [[r.SSS.SampleSet:2]]
[2023.02.26-12.05.38:807][  0]LogConfig: Setting CVar [[r.SSS.Quality:1]]
[2023.02.26-12.05.38:807][  0]LogConfig: Setting CVar [[r.SSS.HalfRes:0]]
[2023.02.26-12.05.38:807][  0]LogConfig: Setting CVar [[r.SSGI.Quality:3]]
[2023.02.26-12.05.38:807][  0]LogConfig: Setting CVar [[r.EmitterSpawnRateScale:1.0]]
[2023.02.26-12.05.38:807][  0]LogConfig: Setting CVar [[r.ParticleLightQuality:2]]
[2023.02.26-12.05.38:807][  0]LogConfig: Setting CVar [[r.SkyAtmosphere.AerialPerspectiveLUT.FastApplyOnOpaque:1 ; Always have FastSkyLUT 1 in this case to avoid wrong sky]]
[2023.02.26-12.05.38:807][  0]LogConfig: Setting CVar [[r.SkyAtmosphere.AerialPerspectiveLUT.SampleCountMaxPerSlice:4]]
[2023.02.26-12.05.38:807][  0]LogConfig: Setting CVar [[r.SkyAtmosphere.AerialPerspectiveLUT.DepthResolution:16.0]]
[2023.02.26-12.05.38:807][  0]LogConfig: Setting CVar [[r.SkyAtmosphere.FastSkyLUT:1]]
[2023.02.26-12.05.38:807][  0]LogConfig: Setting CVar [[r.SkyAtmosphere.FastSkyLUT.SampleCountMin:4.0]]
[2023.02.26-12.05.38:807][  0]LogConfig: Setting CVar [[r.SkyAtmosphere.FastSkyLUT.SampleCountMax:128.0]]
[2023.02.26-12.05.38:807][  0]LogConfig: Setting CVar [[r.SkyAtmosphere.SampleCountMin:4.0]]
[2023.02.26-12.05.38:807][  0]LogConfig: Setting CVar [[r.SkyAtmosphere.SampleCountMax:128.0]]
[2023.02.26-12.05.38:807][  0]LogConfig: Setting CVar [[r.SkyAtmosphere.TransmittanceLUT.UseSmallFormat:0]]
[2023.02.26-12.05.38:807][  0]LogConfig: Setting CVar [[r.SkyAtmosphere.TransmittanceLUT.SampleCount:10.0]]
[2023.02.26-12.05.38:807][  0]LogConfig: Setting CVar [[r.SkyAtmosphere.MultiScatteringLUT.SampleCount:15.0]]
[2023.02.26-12.05.38:807][  0]LogConfig: Setting CVar [[r.SkyLight.RealTimeReflectionCapture:1]]
[2023.02.26-12.05.38:807][  0]LogConfig: Applying CVar settings from Section [FoliageQuality@3] File [D:/Github/UnrealPractice/ArenaBattle/Saved/Config/Windows/Scalability.ini]
[2023.02.26-12.05.38:807][  0]LogConfig: Setting CVar [[foliage.DensityScale:1.0]]
[2023.02.26-12.05.38:807][  0]LogConfig: Setting CVar [[grass.DensityScale:1.0]]
[2023.02.26-12.05.38:807][  0]LogConfig: Applying CVar settings from Section [ShadingQuality@3] File [D:/Github/UnrealPractice/ArenaBattle/Saved/Config/Windows/Scalability.ini]
[2023.02.26-12.05.38:807][  0]LogConfig: Setting CVar [[r.HairStrands.SkyLighting.IntegrationType:2]]
[2023.02.26-12.05.38:807][  0]LogConfig: Setting CVar [[r.HairStrands.SkyAO.SampleCount:4]]
[2023.02.26-12.05.38:807][  0]LogConfig: Setting CVar [[r.HairStrands.Visibility.MSAA.SamplePerPixel:4]]
[2023.02.26-12.05.38:807][  0]LogInit: Selected Device Profile: [Windows]
[2023.02.26-12.05.38:807][  0]LogInit: Applying CVar settings loaded from the selected device profile: [Windows]
[2023.02.26-12.05.38:807][  0]LogHAL: Display: Platform has ~ 32 GB [34204610560 / 34359738368 / 32], which maps to Largest [LargestMinGB=32, LargerMinGB=12, DefaultMinGB=8, SmallerMinGB=6, SmallestMinGB=0)
[2023.02.26-12.05.38:807][  0]LogInit: Going up to parent DeviceProfile []
[2023.02.26-12.05.38:807][  0]LogConfig: Applying CVar settings from Section [ViewDistanceQuality@3] File [D:/Github/UnrealPractice/ArenaBattle/Saved/Config/Windows/Scalability.ini]
[2023.02.26-12.05.38:807][  0]LogConfig: Setting CVar [[r.SkeletalMeshLODBias:0]]
[2023.02.26-12.05.38:807][  0]LogConfig: Setting CVar [[r.ViewDistanceScale:1.0]]
[2023.02.26-12.05.38:807][  0]LogConfig: Applying CVar settings from Section [AntiAliasingQuality@3] File [D:/Github/UnrealPractice/ArenaBattle/Saved/Config/Windows/Scalability.ini]
[2023.02.26-12.05.38:807][  0]LogConfig: Setting CVar [[r.PostProcessAAQuality:4]]
[2023.02.26-12.05.38:807][  0]LogConfig: Applying CVar settings from Section [ShadowQuality@3] File [D:/Github/UnrealPractice/ArenaBattle/Saved/Config/Windows/Scalability.ini]
[2023.02.26-12.05.38:807][  0]LogConfig: Setting CVar [[r.LightFunctionQuality:1]]
[2023.02.26-12.05.38:807][  0]LogConfig: Setting CVar [[r.ShadowQuality:5]]
[2023.02.26-12.05.38:807][  0]LogConfig: Setting CVar [[r.Shadow.CSM.MaxCascades:10]]
[2023.02.26-12.05.38:807][  0]LogConfig: Setting CVar [[r.Shadow.MaxResolution:2048]]
[2023.02.26-12.05.38:807][  0]LogConfig: Setting CVar [[r.Shadow.MaxCSMResolution:2048]]
[2023.02.26-12.05.38:807][  0]LogConfig: Setting CVar [[r.Shadow.RadiusThreshold:0.01]]
[2023.02.26-12.05.38:807][  0]LogConfig: Setting CVar [[r.Shadow.DistanceScale:1.0]]
[2023.02.26-12.05.38:807][  0]LogConfig: Setting CVar [[r.Shadow.CSM.TransitionScale:1.0]]
[2023.02.26-12.05.38:807][  0]LogConfig: Setting CVar [[r.Shadow.PreShadowResolutionFactor:1.0]]
[2023.02.26-12.05.38:807][  0]LogConfig: Setting CVar [[r.DistanceFieldShadowing:1]]
[2023.02.26-12.05.38:807][  0]LogConfig: Setting CVar [[r.DistanceFieldAO:1]]
[2023.02.26-12.05.38:807][  0]LogConfig: Setting CVar [[r.AOQuality:2]]
[2023.02.26-12.05.38:807][  0]LogConfig: Setting CVar [[r.VolumetricFog:1]]
[2023.02.26-12.05.38:807][  0]LogConfig: Setting CVar [[r.VolumetricFog.GridPixelSize:8]]
[2023.02.26-12.05.38:807][  0]LogConfig: Setting CVar [[r.VolumetricFog.GridSizeZ:128]]
[2023.02.26-12.05.38:807][  0]LogConfig: Setting CVar [[r.VolumetricFog.HistoryMissSupersampleCount:4]]
[2023.02.26-12.05.38:807][  0]LogConfig: Setting CVar [[r.LightMaxDrawDistanceScale:1]]
[2023.02.26-12.05.38:807][  0]LogConfig: Setting CVar [[r.CapsuleShadows:1]]
[2023.02.26-12.05.38:807][  0]LogConfig: Applying CVar settings from Section [PostProcessQuality@3] File [D:/Github/UnrealPractice/ArenaBattle/Saved/Config/Windows/Scalability.ini]
[2023.02.26-12.05.38:807][  0]LogConfig: Setting CVar [[r.MotionBlurQuality:4]]
[2023.02.26-12.05.38:807][  0]LogConfig: Setting CVar [[r.AmbientOcclusionMipLevelFactor:0.4]]
[2023.02.26-12.05.38:807][  0]LogConfig: Setting CVar [[r.AmbientOcclusionMaxQuality:100]]
[2023.02.26-12.05.38:807][  0]LogConfig: Setting CVar [[r.AmbientOcclusionLevels:-1]]
[2023.02.26-12.05.38:807][  0]LogConfig: Setting CVar [[r.AmbientOcclusionRadiusScale:1.0]]
[2023.02.26-12.05.38:807][  0]LogConfig: Setting CVar [[r.DepthOfFieldQuality:2]]
[2023.02.26-12.05.38:807][  0]LogConfig: Setting CVar [[r.RenderTargetPoolMin:400]]
[2023.02.26-12.05.38:807][  0]LogConfig: Setting CVar [[r.LensFlareQuality:2]]
[2023.02.26-12.05.38:807][  0]LogConfig: Setting CVar [[r.SceneColorFringeQuality:1]]
[2023.02.26-12.05.38:807][  0]LogConfig: Setting CVar [[r.EyeAdaptationQuality:2]]
[2023.02.26-12.05.38:807][  0]LogConfig: Setting CVar [[r.BloomQuality:5]]
[2023.02.26-12.05.38:807][  0]LogConfig: Setting CVar [[r.FastBlurThreshold:100]]
[2023.02.26-12.05.38:807][  0]LogConfig: Setting CVar [[r.Upscale.Quality:3]]
[2023.02.26-12.05.38:807][  0]LogConfig: Setting CVar [[r.Tonemapper.GrainQuantization:1]]
[2023.02.26-12.05.38:807][  0]LogConfig: Setting CVar [[r.LightShaftQuality:1]]
[2023.02.26-12.05.38:807][  0]LogConfig: Setting CVar [[r.Filter.SizeScale:1]]
[2023.02.26-12.05.38:807][  0]LogConfig: Setting CVar [[r.Tonemapper.Quality:5]]
[2023.02.26-12.05.38:807][  0]LogConfig: Setting CVar [[r.DOF.Gather.AccumulatorQuality:1        ; higher gathering accumulator quality]]
[2023.02.26-12.05.38:807][  0]LogConfig: Setting CVar [[r.DOF.Gather.PostfilterMethod:1          ; Median3x3 postfilering method]]
[2023.02.26-12.05.38:807][  0]LogConfig: Setting CVar [[r.DOF.Gather.EnableBokehSettings:0       ; no bokeh simulation when gathering]]
[2023.02.26-12.05.38:807][  0]LogConfig: Setting CVar [[r.DOF.Gather.RingCount:4                 ; medium number of samples when gathering]]
[2023.02.26-12.05.38:807][  0]LogConfig: Setting CVar [[r.DOF.Scatter.ForegroundCompositing:1    ; additive foreground scattering]]
[2023.02.26-12.05.38:807][  0]LogConfig: Setting CVar [[r.DOF.Scatter.BackgroundCompositing:2    ; additive background scattering]]
[2023.02.26-12.05.38:807][  0]LogConfig: Setting CVar [[r.DOF.Scatter.EnableBokehSettings:1      ; bokeh simulation when scattering]]
[2023.02.26-12.05.38:807][  0]LogConfig: Setting CVar [[r.DOF.Scatter.MaxSpriteRatio:0.1         ; only a maximum of 10% of scattered bokeh]]
[2023.02.26-12.05.38:807][  0]LogConfig: Setting CVar [[r.DOF.Recombine.Quality:1                ; cheap slight out of focus]]
[2023.02.26-12.05.38:807][  0]LogConfig: Setting CVar [[r.DOF.Recombine.EnableBokehSettings:0    ; no bokeh simulation on slight out of focus]]
[2023.02.26-12.05.38:807][  0]LogConfig: Setting CVar [[r.DOF.TemporalAAQuality:1                ; more stable temporal accumulation]]
[2023.02.26-12.05.38:807][  0]LogConfig: Setting CVar [[r.DOF.Kernel.MaxForegroundRadius:0.025]]
[2023.02.26-12.05.38:807][  0]LogConfig: Setting CVar [[r.DOF.Kernel.MaxBackgroundRadius:0.025]]
[2023.02.26-12.05.38:807][  0]LogConfig: Applying CVar settings from Section [TextureQuality@3] File [D:/Github/UnrealPractice/ArenaBattle/Saved/Config/Windows/Scalability.ini]
[2023.02.26-12.05.38:807][  0]LogConfig: Setting CVar [[r.Streaming.MipBias:0]]
[2023.02.26-12.05.38:808][  0]LogConfig: Setting CVar [[r.Streaming.AmortizeCPUToGPUCopy:0]]
[2023.02.26-12.05.38:808][  0]LogConfig: Setting CVar [[r.Streaming.MaxNumTexturesToStreamPerFrame:0]]
[2023.02.26-12.05.38:808][  0]LogConfig: Setting CVar [[r.Streaming.Boost:1]]
[2023.02.26-12.05.38:808][  0]LogConfig: Setting CVar [[r.MaxAnisotropy:8]]
[2023.02.26-12.05.38:808][  0]LogConfig: Setting CVar [[r.VT.MaxAnisotropy:8]]
[2023.02.26-12.05.38:808][  0]LogConfig: Setting CVar [[r.Streaming.LimitPoolSizeToVRAM:0]]
[2023.02.26-12.05.38:808][  0]LogConfig: Setting CVar [[r.Streaming.PoolSize:1000]]
[2023.02.26-12.05.38:808][  0]LogConfig: Setting CVar [[r.Streaming.MaxEffectiveScreenSize:0]]
[2023.02.26-12.05.38:808][  0]LogConfig: Applying CVar settings from Section [EffectsQuality@3] File [D:/Github/UnrealPractice/ArenaBattle/Saved/Config/Windows/Scalability.ini]
[2023.02.26-12.05.38:808][  0]LogConfig: Setting CVar [[r.TranslucencyLightingVolumeDim:64]]
[2023.02.26-12.05.38:808][  0]LogConfig: Setting CVar [[r.RefractionQuality:2]]
[2023.02.26-12.05.38:808][  0]LogConfig: Setting CVar [[r.SSR.Quality:3]]
[2023.02.26-12.05.38:808][  0]LogConfig: Setting CVar [[r.SSR.HalfResSceneColor:0]]
[2023.02.26-12.05.38:808][  0]LogConfig: Setting CVar [[r.SceneColorFormat:4]]
[2023.02.26-12.05.38:808][  0]LogConfig: Setting CVar [[r.DetailMode:2]]
[2023.02.26-12.05.38:808][  0]LogConfig: Setting CVar [[r.TranslucencyVolumeBlur:1]]
[2023.02.26-12.05.38:808][  0]LogConfig: Setting CVar [[r.MaterialQualityLevel:1 ; High quality]]
[2023.02.26-12.05.38:808][  0]LogConfig: Setting CVar [[r.AnisotropicMaterials:1]]
[2023.02.26-12.05.38:808][  0]LogConfig: Setting CVar [[r.SSS.Scale:1]]
[2023.02.26-12.05.38:808][  0]LogConfig: Setting CVar [[r.SSS.SampleSet:2]]
[2023.02.26-12.05.38:808][  0]LogConfig: Setting CVar [[r.SSS.Quality:1]]
[2023.02.26-12.05.38:808][  0]LogConfig: Setting CVar [[r.SSS.HalfRes:0]]
[2023.02.26-12.05.38:808][  0]LogConfig: Setting CVar [[r.SSGI.Quality:3]]
[2023.02.26-12.05.38:808][  0]LogConfig: Setting CVar [[r.EmitterSpawnRateScale:1.0]]
[2023.02.26-12.05.38:808][  0]LogConfig: Setting CVar [[r.ParticleLightQuality:2]]
[2023.02.26-12.05.38:808][  0]LogConfig: Setting CVar [[r.SkyAtmosphere.AerialPerspectiveLUT.FastApplyOnOpaque:1 ; Always have FastSkyLUT 1 in this case to avoid wrong sky]]
[2023.02.26-12.05.38:808][  0]LogConfig: Setting CVar [[r.SkyAtmosphere.AerialPerspectiveLUT.SampleCountMaxPerSlice:4]]
[2023.02.26-12.05.38:808][  0]LogConfig: Setting CVar [[r.SkyAtmosphere.AerialPerspectiveLUT.DepthResolution:16.0]]
[2023.02.26-12.05.38:808][  0]LogConfig: Setting CVar [[r.SkyAtmosphere.FastSkyLUT:1]]
[2023.02.26-12.05.38:808][  0]LogConfig: Setting CVar [[r.SkyAtmosphere.FastSkyLUT.SampleCountMin:4.0]]
[2023.02.26-12.05.38:808][  0]LogConfig: Setting CVar [[r.SkyAtmosphere.FastSkyLUT.SampleCountMax:128.0]]
[2023.02.26-12.05.38:808][  0]LogConfig: Setting CVar [[r.SkyAtmosphere.SampleCountMin:4.0]]
[2023.02.26-12.05.38:808][  0]LogConfig: Setting CVar [[r.SkyAtmosphere.SampleCountMax:128.0]]
[2023.02.26-12.05.38:808][  0]LogConfig: Setting CVar [[r.SkyAtmosphere.TransmittanceLUT.UseSmallFormat:0]]
[2023.02.26-12.05.38:808][  0]LogConfig: Setting CVar [[r.SkyAtmosphere.TransmittanceLUT.SampleCount:10.0]]
[2023.02.26-12.05.38:808][  0]LogConfig: Setting CVar [[r.SkyAtmosphere.MultiScatteringLUT.SampleCount:15.0]]
[2023.02.26-12.05.38:808][  0]LogConfig: Setting CVar [[r.SkyLight.RealTimeReflectionCapture:1]]
[2023.02.26-12.05.38:808][  0]LogConfig: Applying CVar settings from Section [FoliageQuality@3] File [D:/Github/UnrealPractice/ArenaBattle/Saved/Config/Windows/Scalability.ini]
[2023.02.26-12.05.38:808][  0]LogConfig: Setting CVar [[foliage.DensityScale:1.0]]
[2023.02.26-12.05.38:808][  0]LogConfig: Setting CVar [[grass.DensityScale:1.0]]
[2023.02.26-12.05.38:808][  0]LogConfig: Applying CVar settings from Section [ShadingQuality@3] File [D:/Github/UnrealPractice/ArenaBattle/Saved/Config/Windows/Scalability.ini]
[2023.02.26-12.05.38:808][  0]LogConfig: Setting CVar [[r.HairStrands.SkyLighting.IntegrationType:2]]
[2023.02.26-12.05.38:808][  0]LogConfig: Setting CVar [[r.HairStrands.SkyAO.SampleCount:4]]
[2023.02.26-12.05.38:808][  0]LogConfig: Setting CVar [[r.HairStrands.Visibility.MSAA.SamplePerPixel:4]]
[2023.02.26-12.05.38:808][  0]LogConfig: Applying CVar settings from Section [Startup] File [../../../Engine/Config/ConsoleVariables.ini]
[2023.02.26-12.05.38:809][  0]LogConfig: Setting CVar [[net.UseAdaptiveNetUpdateFrequency:0]]
[2023.02.26-12.05.38:809][  0]LogConfig: Setting CVar [[p.chaos.AllowCreatePhysxBodies:1]]
[2023.02.26-12.05.38:809][  0]LogConfig: Setting CVar [[fx.SkipVectorVMBackendOptimizations:1]]
[2023.02.26-12.05.38:809][  0]LogConfig: Applying CVar settings from Section [ConsoleVariables] File [D:/Github/UnrealPractice/ArenaBattle/Saved/Config/Windows/Engine.ini]
[2023.02.26-12.05.38:809][  0]LogConfig: Applying CVar settings from Section [ConsoleVariables] File [D:/Github/UnrealPractice/ArenaBattle/Saved/Config/Windows/Editor.ini]
[2023.02.26-12.05.38:809][  0]LogInit: Computer: TRANSFERSCHOLAR
[2023.02.26-12.05.38:809][  0]LogInit: User: r283
[2023.02.26-12.05.38:809][  0]LogInit: CPU Page size=4096, Cores=8
[2023.02.26-12.05.38:809][  0]LogInit: High frequency timer resolution =10.000000 MHz
[2023.02.26-12.05.38:809][  0]LogMemory: Memory total: Physical=31.9GB (32GB approx)
[2023.02.26-12.05.38:809][  0]LogMemory: Platform Memory Stats for Windows
[2023.02.26-12.05.38:809][  0]LogMemory: Process Physical Memory: 141.66 MB used, 141.66 MB peak
[2023.02.26-12.05.38:809][  0]LogMemory: Process Virtual Memory: 122.29 MB used, 122.29 MB peak
[2023.02.26-12.05.38:809][  0]LogMemory: Physical Memory: 11486.16 MB used,  21133.90 MB free, 32620.06 MB total
[2023.02.26-12.05.38:809][  0]LogMemory: Virtual Memory: 134198528.00 MB used,  19202.26 MB free, 134217728.00 MB total
[2023.02.26-12.05.38:850][  0]LogWindows: WindowsPlatformFeatures enabled
[2023.02.26-12.05.38:940][  0]LogInit: Physics initialised using underlying interface: PhysX
[2023.02.26-12.05.38:941][  0]LogInit: Overriding language with editor language configuration option (ko).
[2023.02.26-12.05.38:941][  0]LogInit: Using OS detected locale (ko-KR).
[2023.02.26-12.05.39:046][  0]LogInit: Setting process to per monitor DPI aware
[2023.02.26-12.05.39:060][  0]LogWindowsTextInputMethodSystem: Display: IME system deactivated.
[2023.02.26-12.05.39:075][  0]LogSlate: New Slate User Created.  User Index 0, Is Virtual User: 0
[2023.02.26-12.05.39:075][  0]LogSlate: Slate User Registered.  User Index 0, Is Virtual User: 0
[2023.02.26-12.05.39:248][  0]LogD3D11RHI: Loaded GFSDK_Aftermath_Lib.x64.dll
[2023.02.26-12.05.39:254][  0]LogHMD: Failed to initialize OpenVR with code 110
[2023.02.26-12.05.39:254][  0]LogD3D11RHI: D3D11 min allowed feature level: 11_0
[2023.02.26-12.05.39:254][  0]LogD3D11RHI: D3D11 max allowed feature level: 11_0
[2023.02.26-12.05.39:254][  0]LogD3D11RHI: D3D11 adapters:
[2023.02.26-12.05.39:400][  0]LogD3D11RHI:    0. 'NVIDIA GeForce RTX 3070 Laptop GPU' (Feature Level 11_0)
[2023.02.26-12.05.39:400][  0]LogD3D11RHI:       8033/0/16310 MB DedicatedVideo/DedicatedSystem/SharedSystem, Outputs:1, VendorId:0x10de
[2023.02.26-12.05.39:402][  0]LogD3D11RHI:    1. 'Microsoft Basic Render Driver' (Feature Level 11_0)
[2023.02.26-12.05.39:402][  0]LogD3D11RHI:       0/0/16310 MB DedicatedVideo/DedicatedSystem/SharedSystem, Outputs:0, VendorId:0x1414
[2023.02.26-12.05.39:402][  0]LogD3D11RHI: Chosen D3D11 Adapter:
[2023.02.26-12.05.39:402][  0]LogD3D11RHI:     Description : NVIDIA GeForce RTX 3070 Laptop GPU
[2023.02.26-12.05.39:402][  0]LogD3D11RHI:     VendorId    : 10de
[2023.02.26-12.05.39:402][  0]LogD3D11RHI:     DeviceId    : 24dd
[2023.02.26-12.05.39:402][  0]LogD3D11RHI:     SubSysId    : 3a4f17aa
[2023.02.26-12.05.39:402][  0]LogD3D11RHI:     Revision    : 00a1
[2023.02.26-12.05.39:402][  0]LogD3D11RHI:     DedicatedVideoMemory : 8423211008 bytes
[2023.02.26-12.05.39:402][  0]LogD3D11RHI:     DedicatedSystemMemory : 0 bytes
[2023.02.26-12.05.39:402][  0]LogD3D11RHI:     SharedSystemMemory : 17102305280 bytes
[2023.02.26-12.05.39:402][  0]LogD3D11RHI:     AdapterLuid : 0 63946
[2023.02.26-12.05.39:409][  0]LogD3D11RHI: Creating new Direct3DDevice
[2023.02.26-12.05.39:409][  0]LogD3D11RHI:     GPU DeviceId: 0x24dd (for the marketing name, search the web for "GPU Device Id")
[2023.02.26-12.05.39:409][  0]LogWindows: EnumDisplayDevices:
[2023.02.26-12.05.39:409][  0]LogWindows:    0. 'NVIDIA GeForce RTX 3070 Laptop GPU' (P:1 D:1)
[2023.02.26-12.05.39:411][  0]LogWindows:    1. 'NVIDIA GeForce RTX 3070 Laptop GPU' (P:0 D:0)
[2023.02.26-12.05.39:411][  0]LogWindows:    2. 'NVIDIA GeForce RTX 3070 Laptop GPU' (P:0 D:0)
[2023.02.26-12.05.39:411][  0]LogWindows:    3. 'NVIDIA GeForce RTX 3070 Laptop GPU' (P:0 D:0)
[2023.02.26-12.05.39:412][  0]LogWindows: DebugString: FoundDriverCount:4 
[2023.02.26-12.05.39:412][  0]LogD3D11RHI:     Adapter Name: NVIDIA GeForce RTX 3070 Laptop GPU
[2023.02.26-12.05.39:412][  0]LogD3D11RHI:   Driver Version: 528.49 (internal:31.0.15.2849, unified:528.49)
[2023.02.26-12.05.39:412][  0]LogD3D11RHI:      Driver Date: 2-2-2023
[2023.02.26-12.05.39:412][  0]LogRHI: Texture pool is 5623 MB (70% of 8033 MB)
[2023.02.26-12.05.39:412][  0]LogD3D11RHI: Creating D3DDevice using adapter:
[2023.02.26-12.05.39:412][  0]LogD3D11RHI:     Description : NVIDIA GeForce RTX 3070 Laptop GPU
[2023.02.26-12.05.39:412][  0]LogD3D11RHI:     VendorId    : 10de
[2023.02.26-12.05.39:412][  0]LogD3D11RHI:     DeviceId    : 24dd
[2023.02.26-12.05.39:412][  0]LogD3D11RHI:     SubSysId    : 3a4f17aa
[2023.02.26-12.05.39:412][  0]LogD3D11RHI:     Revision    : 00a1
[2023.02.26-12.05.39:412][  0]LogD3D11RHI:     DedicatedVideoMemory : 8423211008 bytes
[2023.02.26-12.05.39:412][  0]LogD3D11RHI:     DedicatedSystemMemory : 0 bytes
[2023.02.26-12.05.39:412][  0]LogD3D11RHI:     SharedSystemMemory : 17102305280 bytes
[2023.02.26-12.05.39:412][  0]LogD3D11RHI:     AdapterLuid : 0 63946
[2023.02.26-12.05.39:464][  0]LogD3D11RHI: RHI has support for 64 bit atomics
[2023.02.26-12.05.39:464][  0]LogD3D11RHI: Async texture creation enabled
[2023.02.26-12.05.39:464][  0]LogD3D11RHI: Array index from any shader is supported
[2023.02.26-12.05.39:467][  0]LogD3D11RHI: HDR output is supported on display 0 (NvId: 0x80061086).
[2023.02.26-12.05.39:494][  0]LogD3D11RHI: GPU Timing Frequency: 1000.000000 (Debug: 2 2)
[2023.02.26-12.05.39:554][  0]LogRHI: GeForceNow SDK initialized: 1
[2023.02.26-12.05.39:895][  0]LogTargetPlatformManager: Display: Loaded TargetPlatform 'AllDesktop'
[2023.02.26-12.05.39:918][  0]LogTargetPlatformManager: Display: Loaded TargetPlatform 'Android'
[2023.02.26-12.05.39:918][  0]LogTargetPlatformManager: Display: Loaded TargetPlatform 'Android_ASTC'
[2023.02.26-12.05.39:918][  0]LogTargetPlatformManager: Display: Loaded TargetPlatform 'Android_DXT'
[2023.02.26-12.05.39:918][  0]LogTargetPlatformManager: Display: Loaded TargetPlatform 'Android_ETC2'
[2023.02.26-12.05.39:918][  0]LogTargetPlatformManager: Display: Loaded TargetPlatform 'AndroidClient'
[2023.02.26-12.05.39:918][  0]LogTargetPlatformManager: Display: Loaded TargetPlatform 'Android_ASTCClient'
[2023.02.26-12.05.39:918][  0]LogTargetPlatformManager: Display: Loaded TargetPlatform 'Android_DXTClient'
[2023.02.26-12.05.39:918][  0]LogTargetPlatformManager: Display: Loaded TargetPlatform 'Android_ETC2Client'
[2023.02.26-12.05.39:918][  0]LogTargetPlatformManager: Display: Loaded TargetPlatform 'Android_Multi'
[2023.02.26-12.05.39:918][  0]LogTargetPlatformManager: Display: Loaded TargetPlatform 'Android_MultiClient'
[2023.02.26-12.05.39:943][  0]LogTargetPlatformManager: Display: Loaded TargetPlatform 'IOSClient'
[2023.02.26-12.05.39:943][  0]LogTargetPlatformManager: Display: Loaded TargetPlatform 'IOS'
[2023.02.26-12.05.39:954][  0]LogTargetPlatformManager: Display: Loaded TargetPlatform 'Linux'
[2023.02.26-12.05.39:963][  0]LogTargetPlatformManager: Display: Loaded TargetPlatform 'LinuxNoEditor'
[2023.02.26-12.05.39:969][  0]LogTargetPlatformManager: Display: Loaded TargetPlatform 'LinuxClient'
[2023.02.26-12.05.39:975][  0]LogTargetPlatformManager: Display: Loaded TargetPlatform 'LinuxServer'
[2023.02.26-12.05.39:987][  0]LogTargetPlatformManager: Display: Loaded TargetPlatform 'LinuxAArch64NoEditor'
[2023.02.26-12.05.39:993][  0]LogTargetPlatformManager: Display: Loaded TargetPlatform 'LinuxAArch64Client'
[2023.02.26-12.05.39:998][  0]LogTargetPlatformManager: Display: Loaded TargetPlatform 'LinuxAArch64Server'
[2023.02.26-12.05.40:027][  0]LogTargetPlatformManager: Display: Loaded TargetPlatform 'Lumin'
[2023.02.26-12.05.40:027][  0]LogTargetPlatformManager: Display: Loaded TargetPlatform 'LuminClient'
[2023.02.26-12.05.40:038][  0]LogTargetPlatformManager: Display: Loaded TargetPlatform 'MacNoEditor'
[2023.02.26-12.05.40:044][  0]LogTargetPlatformManager: Display: Loaded TargetPlatform 'Mac'
[2023.02.26-12.05.40:051][  0]LogTargetPlatformManager: Display: Loaded TargetPlatform 'MacClient'
[2023.02.26-12.05.40:058][  0]LogTargetPlatformManager: Display: Loaded TargetPlatform 'MacServer'
[2023.02.26-12.05.40:071][  0]LogTargetPlatformManager: Display: Loaded TargetPlatform 'TVOSClient'
[2023.02.26-12.05.40:071][  0]LogTargetPlatformManager: Display: Loaded TargetPlatform 'TVOS'
[2023.02.26-12.05.40:082][  0]LogTargetPlatformManager: Display: Loaded TargetPlatform 'WindowsNoEditor'
[2023.02.26-12.05.40:088][  0]LogTargetPlatformManager: Display: Loaded TargetPlatform 'Windows'
[2023.02.26-12.05.40:095][  0]LogTargetPlatformManager: Display: Loaded TargetPlatform 'WindowsClient'
[2023.02.26-12.05.40:102][  0]LogTargetPlatformManager: Display: Loaded TargetPlatform 'WindowsServer'
[2023.02.26-12.05.40:102][  0]LogTargetPlatformManager: Display: Building Assets For Windows
[2023.02.26-12.05.40:115][  0]LogAudioDebug: Display: Lib vorbis DLL was dynamically loaded.
[2023.02.26-12.05.40:167][  0]LogTextureFormatOodle: Display: Oodle Texture 2.9.0 init RDO Off
[2023.02.26-12.05.40:219][  0]LogRendererCore: Ray tracing is disabled. Reason: r.RayTracing=0.
[2023.02.26-12.05.40:219][  0]LogShaderCompilers: Guid format shader working directory is 9 characters bigger than the processId version (D:/Github/UnrealPractice/ArenaBattle/Intermediate/Shaders/WorkingDirectory/9616/).
[2023.02.26-12.05.40:219][  0]LogShaderCompilers: Cleaned the shader compiler working directory 'C:/Users/r283/AppData/Local/Temp/UnrealShaderWorkingDir/C07189A141E6F4CE8EDE1B8A5AAB5299/'.
[2023.02.26-12.05.40:219][  0]LogXGEController: Cannot use XGE Controller as Incredibuild is not installed on this machine.
[2023.02.26-12.05.40:219][  0]LogShaderCompilers: Cannot use XGE Shader Compiler as Incredibuild is not installed on this machine.
[2023.02.26-12.05.40:219][  0]LogShaderCompilers: Display: Using Local Shader Compiler.
[2023.02.26-12.05.40:822][  0]LogDerivedDataCache: Display: Max Cache Size: 512 MB
[2023.02.26-12.05.40:865][  0]LogDerivedDataCache: Loaded boot cache 0.04s 103MB C:/Users/r283/AppData/Local/UnrealEngine/4.27/DerivedDataCache/Boot.ddc.
[2023.02.26-12.05.40:865][  0]LogDerivedDataCache: Display: Loaded Boot cache: C:/Users/r283/AppData/Local/UnrealEngine/4.27/DerivedDataCache/Boot.ddc
[2023.02.26-12.05.40:866][  0]LogDerivedDataCache: FDerivedDataBackendGraph:  Pak pak cache file D:/Github/UnrealPractice/ArenaBattle/DerivedDataCache/DDC.ddp not found, will not use a pak cache.
[2023.02.26-12.05.40:866][  0]LogDerivedDataCache: Unable to find inner node Pak for hierarchical cache Hierarchy.
[2023.02.26-12.05.40:866][  0]LogDerivedDataCache: FDerivedDataBackendGraph:  CompressedPak pak cache file D:/Github/UnrealPractice/ArenaBattle/DerivedDataCache/Compressed.ddp not found, will not use a pak cache.
[2023.02.26-12.05.40:866][  0]LogDerivedDataCache: Unable to find inner node CompressedPak for hierarchical cache Hierarchy.
[2023.02.26-12.05.40:880][  0]LogDerivedDataCache: Display: Pak cache opened for reading ../../../Engine/DerivedDataCache/Compressed.ddp.
[2023.02.26-12.05.40:880][  0]LogDerivedDataCache: FDerivedDataBackendGraph:  EnterprisePak pak cache file ../../../Enterprise/DerivedDataCache/Compressed.ddp not found, will not use a pak cache.
[2023.02.26-12.05.40:880][  0]LogDerivedDataCache: Unable to find inner node EnterprisePak for hierarchical cache Hierarchy.
[2023.02.26-12.05.40:889][  0]LogDerivedDataCache: Speed tests for C:/Users/r283/AppData/Local/UnrealEngine/Common/DerivedDataCache took 0.01 seconds
[2023.02.26-12.05.40:889][  0]LogDerivedDataCache: Display: Performance to C:/Users/r283/AppData/Local/UnrealEngine/Common/DerivedDataCache: Latency=0.05ms. RandomReadSpeed=257.85MBs, RandomWriteSpeed=178.99MBs. Assigned SpeedClass 'Local'
[2023.02.26-12.05.40:890][  0]LogDerivedDataCache: Using Local data cache path C:/Users/r283/AppData/Local/UnrealEngine/Common/DerivedDataCache: Writable
[2023.02.26-12.05.40:890][  0]LogDerivedDataCache: Shared data cache path not found in *engine.ini, will not use an Shared cache.
[2023.02.26-12.05.40:890][  0]LogDerivedDataCache: Unable to find inner node Shared for hierarchical cache Hierarchy.
[2023.02.26-12.05.40:925][  0]LogSlate: Using FreeType 2.10.0
[2023.02.26-12.05.40:926][  0]LogSlate: SlateFontServices - WITH_FREETYPE: 1, WITH_HARFBUZZ: 1
[2023.02.26-12.05.40:948][  0]LogAssetRegistry: FAssetRegistry took 0.0028 seconds to start up
[2023.02.26-12.05.41:163][  0]LogInit: Selected Device Profile: [Windows]
[2023.02.26-12.05.41:163][  0]LogInit: Active device profile: [000001EC3215A700][000001EC27F15A80 49] Windows
[2023.02.26-12.05.41:163][  0]LogInit: Profiles: [000001EC3215A700][000001EC27F15A80 49] Windows, [000001EC32119B00][000001EC32E6DC00 49] WindowsNoEditor, [000001EC32159B00][000001EC2E39C200 49] WindowsServer, [000001EC3211A600][000001EC2E398340 49] WindowsClient, [000001EC32159600][000001EC317EC480 49] IOS, [000001EC3211BD00][000001EC317F05C0 49] iPadAir, [000001EC3215BF00][000001EC317F4700 49] iPadAir2, [000001EC320B2A00][000001EC318009C0 49] IPadPro, [000001EC320B2B00][000001EC317FCA00 49] iPadAir3, [000001EC32159C00][000001EC148BEB80 49] iPadAir4, [000001EC320B3300][000001EC31A48D00 49] iPadMini2, [000001EC3215A200][000001EC31A4CE80 49] iPadMini3, [000001EC320B3200][000001EC31A51000 49] iPadMini4, [000001EC32159E00][000001EC31A55180 49] iPadMini5, [000001EC32142300][000001EC31A5D440 49] iPhone6, [000001EC32142400][000001EC31A59480 49] iPodTouch6, [000001EC320B1500][000001EC148E7740 49] iPhone7, [000001EC320B1400][000001EC148DF780 49] iPodTouch7, [000001EC32142B00][000001EC29601900 49] iPhone5S, [000001EC320B0C00][000001EC29605A80 49] iPhone6Plus, [000001EC32142E00][000001EC148EBC00 49] iPhone6S, [000001EC320B0D00][000001EC29608200 49] iPhone6SPlus, [000001EC32141800][000001EC148E2380 49] iPhone7Plus, [000001EC320B2000][000001EC29618500 49] iPhoneSE, [000001EC32142200][000001EC317F8640 49] iPhone8, [000001EC320B3100][000001EC2961C780 49] iPhone8Plus, [000001EC32143E00][000001EC304168C0 49] iPhoneX, [000001EC320B1300][000001EC3041AA40 49] iPhoneXS, [000001EC32140600][000001EC3041EBC0 49] iPhoneXSMax, [000001EC320B3800][000001EC30422D40 49] iPhoneXR, [000001EC32143200][000001EC30426EC0 49] iPhone11, [000001EC320B0800][000001EC3042B040 49] iPhone11Pro, [000001EC32140E00][000001EC3042F1C0 49] iPhone11ProMax, [000001EC320B2800][000001EC30433340 49] iPhoneSE2, [000001EC32143500][000001EC2E35F4C0 49] iPhone12Mini, [000001EC320B0300][000001EC2E363640 49] iPhone12, [000001EC32142500][000001EC2E3677C0 49] iPhone12Pro, [000001EC320B3400][000001EC2E36B940 49] iPhone12ProMax, [000001EC32143900][000001EC2E36FAC0 49] iPadPro105, [000001EC320B3000][000001EC2E3720C0 49] iPadPro129, [000001EC32143400][000001EC2E376240 49] iPadPro97, [000001EC320B0900][000001EC2E37A3C0 49] iPadPro2_129, [000001EC32141F00][000001EC2E37E540 49] iPad5, [000001EC320B3A00][000001EC2E3826C0 49] iPad6, [000001EC32141600][000001EC27F70800 49] iPad7, [000001EC320B0E00][000001EC27EAE940 49] iPad8, [000001EC32143100][000001EC27EB2A80 49] iPadPro11, [000001EC3211AA00][000001EC27EB6BC0 49] iPadPro2_11, [000001EC321B5400][000001EC27EBED40 49] iPadPro3_129, [000001EC3211B000][000001EC27EC2EC0 49] iPadPro4_129, [000001EC321B4800][000001EC27EC7040 49] AppleTV, [000001EC3211B700][000001EC27ECB1C0 49] AppleTV4K, [000001EC321B4A00][000001EC27ECF340 49] TVOS, [000001EC32118900][000001EC27ED34C0 49] Mac, [000001EC321B5700][000001EC27ED7640 49] MacClient, [000001EC32119000][000001EC27EDB7C0 49] MacNoEditor, [000001EC321B5A00][000001EC27EDF940 49] MacServer, [000001EC32142900][000001EC27EE3AC0 49] Linux, [000001EC320B3B00][000001EC27EE60C0 49] LinuxAArch64, [000001EC32141100][000001EC319D8240 49] LinuxNoEditor, [000001EC320B0B00][000001EC319DC3C0 49] LinuxAArch64NoEditor, [000001EC32143800][000001EC319E0540 49] LinuxClient, [000001EC320B1A00][000001EC319E46C0 49] LinuxAArch64Client, [000001EC32140300][000001EC319E8840 49] LinuxServer, [000001EC320B1100][000001EC27EBA980 49] LinuxAArch64Server, [000001EC32140F00][000001EC319ECAC0 49] Android, [000001EC320B1F00][000001EC319F0C00 49] Android_Low, [000001EC32142D00][000001EC319F4D40 49] Android_Mid, [000001EC320B2500][000001EC319FCEC0 49] Android_High, [000001EC32143A00][000001EC31A01040 49] Android_Default, [000001EC320B0200][000001EC31A051C0 49] Android_Adreno4xx, [000001EC32143D00][000001EC31A09340 49] Android_Adreno5xx_Low, [000001EC320B1E00][000001EC31A0D4C0 49] Android_Adreno5xx, [000001EC32142F00][000001EC31A11640 49] Android_Adreno6xx, [000001EC320B0100][000001EC31A157C0 49] Android_Adreno6xx_Vulkan, [000001EC32142000][000001EC31A19940 49] Android_Mali_T6xx, [000001EC320B1200][000001EC31A1DAC0 49] Android_Mali_T7xx, [000001EC32143B00][000001EC31A200C0 49] Android_Mali_T8xx, [000001EC320B2900][000001EC31A24240 49] Android_Mali_G71, [000001EC32141700][000001EC31A283C0 49] Android_Mali_G72, [000001EC320B2E00][000001EC31A2C540 49] Android_Mali_G72_Vulkan, [000001EC32143000][000001EC31A306C0 49] Android_Mali_G76, [000001EC320B0F00][000001EC31A34840 49] Android_Mali_G76_Vulkan, [000001EC32142100][000001EC31A389C0 49] Android_Mali_G77, [000001EC320B1600][000001EC31A3CB40 49] Android_Mali_G77_Vulkan, [000001EC321B5200][000001EC319F8C80 49] Android_Mali_G78, [000001EC320B2F00][000001EC31A40DC0 49] Android_Mali_G78_Vulkan, [000001EC32142C00][000001EC31A44F00 49] Android_Mali_G710, [000001EC320B0A00][000001EC32D97080 49] Android_Mali_G710_Vulkan, [000001EC32141300][000001EC32D9B200 49] Android_Vulkan_SM5, [000001EC320B2400][000001EC32D9F380 49] Android_PowerVR_G6xxx, [000001EC32143C00][000001EC32DA3500 49] Android_PowerVR_GT7xxx, [000001EC320B3900][000001EC32DA7680 49] Android_PowerVR_GE8xxx, [000001EC32140200][000001EC32DAB800 49] Android_PowerVR_GM9xxx, [000001EC320B3F00][000001EC32DAF980 49] Android_PowerVR_GM9xxx_Vulkan, [000001EC32141A00][000001EC32DB3B00 49] Android_TegraK1, [000001EC320B0500][000001EC32DB6100 49] Android_Unknown_Vulkan, [000001EC32142800][000001EC32DBA280 49] Lumin, [000001EC320B1700][000001EC32DBE400 49] Lumin_Desktop, [000001EC32159A00][000001EC32DC2580 49] HoloLens, 
[2023.02.26-12.05.41:286][  0]LogMeshReduction: Using QuadricMeshReduction for automatic static mesh reduction
[2023.02.26-12.05.41:286][  0]LogMeshReduction: Using SimplygonMeshReduction for automatic skeletal mesh reduction
[2023.02.26-12.05.41:286][  0]LogMeshReduction: Using ProxyLODMeshReduction for automatic mesh merging
[2023.02.26-12.05.41:286][  0]LogMeshReduction: No distributed automatic mesh merging module available
[2023.02.26-12.05.41:287][  0]LogMeshMerging: No distributed automatic mesh merging module available
[2023.02.26-12.05.41:302][  0]LogNetVersion: ArenaBattle 1.0.0, NetCL: 17155196, EngineNetVer: 17, GameNetVer: 0 (Checksum: 2964408555)
[2023.02.26-12.05.41:643][  0]LogTexture: Default maximum texture size for cubemaps generated from long-lat sources has been changed from 512 to unlimited. In order to preserve old behaiour for '/Engine/MapTemplates/Sky/DaylightAmbientCubemap.DaylightAmbientCubemap', its maximum texture size has been explicitly set to 512.
[2023.02.26-12.05.41:691][  0]LogHMD: PokeAHoleMaterial loaded successfully
[2023.02.26-12.05.41:696][  0]LogUObjectArray: 17178 objects as part of root set at end of initial load.
[2023.02.26-12.05.41:696][  0]LogUObjectAllocator: 4302048 out of 0 bytes used by permanent object pool.
[2023.02.26-12.05.41:696][  0]LogUObjectArray: CloseDisregardForGC: 0/0 objects in disregard for GC pool
[2023.02.26-12.05.42:047][  0]LogPython: Using Python 3.7.7
[2023.02.26-12.05.42:466][  0]LogNiagaraDebuggerClient: Niagara Debugger Client Initialized | Session: DE046BBF4A4395F99235E0AA5E5082CD | Instance: 32702C5E4DABD203096534BD1D2A680F (TRANSFERSCHOLAR-9616).
[2023.02.26-12.05.42:642][  0]LogTcpMessaging: Initializing TcpMessaging bridge
[2023.02.26-12.05.42:649][  0]LogUdpMessaging: Initializing bridge on interface 0.0.0.0:0 to multicast group 230.0.0.1:6666.
[2023.02.26-12.05.43:837][  0]LogWindows: Error: === Critical error: ===
[2023.02.26-12.05.43:837][  0]LogWindows: Error: 
[2023.02.26-12.05.43:837][  0]LogWindows: Error: Fatal error!
[2023.02.26-12.05.43:837][  0]LogWindows: Error: 
[2023.02.26-12.05.43:837][  0]LogWindows: Error: Unhandled Exception: EXCEPTION_ACCESS_VIOLATION reading address 0x0000000000000098
[2023.02.26-12.05.43:837][  0]LogWindows: Error: 
[2023.02.26-12.05.43:837][  0]LogWindows: Error: [Callstack] 0x00007ff96d935ae0 UE4Editor-Engine.dll!UnknownFunction []
[2023.02.26-12.05.43:837][  0]LogWindows: Error: [Callstack] 0x00007ff93ccb2058 UE4Editor-ArenaBattle-0011.dll!AFountain::AFountain() [D:\Github\UnrealPractice\ArenaBattle\Source\ArenaBattle\Private\Fountain.cpp:18]
[2023.02.26-12.05.43:837][  0]LogWindows: Error: [Callstack] 0x00007ff9720b61d3 UE4Editor-CoreUObject.dll!UnknownFunction []
[2023.02.26-12.05.43:837][  0]LogWindows: Error: [Callstack] 0x00007ff9723d8faf UE4Editor-CoreUObject.dll!UnknownFunction []
[2023.02.26-12.05.43:837][  0]LogWindows: Error: [Callstack] 0x00007ff9723b5411 UE4Editor-CoreUObject.dll!UnknownFunction []
[2023.02.26-12.05.43:837][  0]LogWindows: Error: [Callstack] 0x00007ff97227ddc5 UE4Editor-CoreUObject.dll!UnknownFunction []
[2023.02.26-12.05.43:837][  0]LogWindows: Error: [Callstack] 0x00007ff972a91bea UE4Editor-Core.dll!UnknownFunction []
[2023.02.26-12.05.43:837][  0]LogWindows: Error: [Callstack] 0x00007ff972ab15a3 UE4Editor-Core.dll!UnknownFunction []
[2023.02.26-12.05.43:837][  0]LogWindows: Error: [Callstack] 0x00007ff9cad76433 UE4Editor-Projects.dll!UnknownFunction []
[2023.02.26-12.05.43:837][  0]LogWindows: Error: [Callstack] 0x00007ff9cad7674f UE4Editor-Projects.dll!UnknownFunction []
[2023.02.26-12.05.43:837][  0]LogWindows: Error: [Callstack] 0x00007ff766a75642 UE4Editor.exe!UnknownFunction []
[2023.02.26-12.05.43:837][  0]LogWindows: Error: [Callstack] 0x00007ff766a79000 UE4Editor.exe!UnknownFunction []
[2023.02.26-12.05.43:837][  0]LogWindows: Error: [Callstack] 0x00007ff766a70d2c UE4Editor.exe!UnknownFunction []
[2023.02.26-12.05.43:837][  0]LogWindows: Error: [Callstack] 0x00007ff766a710ba UE4Editor.exe!UnknownFunction []
[2023.02.26-12.05.43:837][  0]LogWindows: Error: [Callstack] 0x00007ff766a740dd UE4Editor.exe!UnknownFunction []
[2023.02.26-12.05.43:837][  0]LogWindows: Error: [Callstack] 0x00007ff766a85984 UE4Editor.exe!UnknownFunction []
[2023.02.26-12.05.43:837][  0]LogWindows: Error: [Callstack] 0x00007ff766a8853a UE4Editor.exe!UnknownFunction []
[2023.02.26-12.05.43:837][  0]LogWindows: Error: [Callstack] 0x00007ff9f29226bd KERNEL32.DLL!UnknownFunction []
[2023.02.26-12.05.43:837][  0]LogWindows: Error: [Callstack] 0x00007ff9f354dfb8 ntdll.dll!UnknownFunction []
[2023.02.26-12.05.43:837][  0]LogWindows: Error: 
[2023.02.26-12.05.43:846][  0]LogExit: Executing StaticShutdownAfterError
[2023.02.26-12.05.43:847][  0]LogWindows: FPlatformMisc::RequestExit(1)
[2023.02.26-12.05.43:847][  0]LogWindows: FPlatformMisc::RequestExitWithStatus(1, 3)
[2023.02.26-12.05.43:847][  0]LogCore: Engine exit requested (reason: Win RequestExit)
[2023.02.26-12.05.43:856][  0]Log file closed, 02/26/23 21:05:43
