  Using 'git status' to determine working set for adaptive non-unity build (C:\Users\r283\Desktop\Github\UnrealPractice).
  Parsing headers for ShootingCPPEditor
    Running UnrealHeaderTool "C:\Users\r283\Desktop\Github\UnrealPractice\ShootingCPP\ShootingCPP.uproject" "C:\Users\r283\Desktop\Github\UnrealPractice\ShootingCPP\Intermediate\Build\Win64\ShootingCPPEditor\Development\ShootingCPPEditor.uhtmanifest" -LogCmds="loginit warning, logexit warning, logdatabase error" -Unattended -WarningsAsErrors -abslog="C:\Users\r283\AppData\Local\UnrealBuildTool\Log_UHT.txt" -installed
  LogInit: Display: Loading text-based GConfig....
  Reflection code generated for ShootingCPPEditor in 3.4681766 seconds
  Building ShootingCPPEditor...
  Using Visual Studio 2019 14.29.30147 toolchain (C:\Program Files (x86)\Microsoft Visual Studio\2019\Community\VC\Tools\MSVC\14.29.30133) and Windows 10.0.19041.0 SDK (C:\Program Files (x86)\Windows Kits\10).
  Building 8 actions with 16 processes...
    [1/8] ShootingCPP.init.gen.cpp
    [2/8] EnemyFactory.cpp
    [3/8] Bullet.cpp
    [4/8] EnemyActor.gen.cpp
    [5/8] EnemyActor.cpp
    [6/8] UE4Editor-ShootingCPP-0015.lib
       C:\Users\r283\Desktop\Github\UnrealPractice\ShootingCPP\Intermediate\Build\Win64\UE4Editor\Development\ShootingCPP\UE4Editor-ShootingCPP-0015.lib 라이브러리 및 C:\Users\r283\Desktop\Github\UnrealPractice\ShootingCPP\Intermediate\Build\Win64\UE4Editor\Development\ShootingCPP\UE4Editor-ShootingCPP-0015.exp 개체를 생성하고 있습니다.
    [7/8] UE4Editor-ShootingCPP-0015.dll
       C:\Users\r283\Desktop\Github\UnrealPractice\ShootingCPP\Intermediate\Build\Win64\UE4Editor\Development\ShootingCPP\UE4Editor-ShootingCPP-0015.suppressed.lib 라이브러리 및 C:\Users\r283\Desktop\Github\UnrealPractice\ShootingCPP\Intermediate\Build\Win64\UE4Editor\Development\ShootingCPP\UE4Editor-ShootingCPP-0015.suppressed.exp 개체를 생성하고 있습니다.
    [8/8] ShootingCPPEditor.target
  Total time in Parallel executor: 1.65 seconds
  Total execution time: 6.13 seconds
