  Using 'git status' to determine working set for adaptive non-unity build (D:\Github\UnrealPractice).
  Parsing headers for TPSProjectEditor
    Running UnrealHeaderTool "D:\Github\UnrealPractice\TPSProject\TPSProject.uproject" "D:\Github\UnrealPractice\TPSProject\Intermediate\Build\Win64\TPSProjectEditor\Development\TPSProjectEditor.uhtmanifest" -LogCmds="loginit warning, logexit warning, logdatabase error" -Unattended -WarningsAsErrors -abslog="C:\Users\r283\AppData\Local\UnrealBuildTool\Log_UHT.txt" -installed
  LogInit: Display: Loading text-based GConfig....
  Reflection code generated for TPSProjectEditor in 3.4752927 seconds
  Building TPSProjectEditor...
  Using Visual Studio 2019 14.29.30147 toolchain (C:\Program Files (x86)\Microsoft Visual Studio\2019\Community\VC\Tools\MSVC\14.29.30133) and Windows 10.0.19041.0 SDK (C:\Program Files (x86)\Windows Kits\10).
  Building 14 actions with 16 processes...
    [1/14] TPSProject.init.gen.cpp
    [2/14] TPSPlayer.gen.cpp
    [3/14] PlayerAnim.cpp
    [4/14] PlayerMove.gen.cpp
    [5/14] PlayerFire.gen.cpp
    [6/14] PlayerBaseComponent.gen.cpp
    [7/14] PlayerBaseComponent.cpp
    [8/14] TPSPlayer.cpp
    [9/14] PlayerMove.cpp
    [10/14] EnemyFSM.cpp
    [11/14] PlayerFire.cpp
    [12/14] UE4Editor-TPSProject-0094.lib
       D:\Github\UnrealPractice\TPSProject\Intermediate\Build\Win64\UE4Editor\Development\TPSProject\UE4Editor-TPSProject-0094.lib 라이브러리 및 D:\Github\UnrealPractice\TPSProject\Intermediate\Build\Win64\UE4Editor\Development\TPSProject\UE4Editor-TPSProject-0094.exp 개체를 생성하고 있습니다.
    [13/14] UE4Editor-TPSProject-0094.dll
       D:\Github\UnrealPractice\TPSProject\Intermediate\Build\Win64\UE4Editor\Development\TPSProject\UE4Editor-TPSProject-0094.suppressed.lib 라이브러리 및 D:\Github\UnrealPractice\TPSProject\Intermediate\Build\Win64\UE4Editor\Development\TPSProject\UE4Editor-TPSProject-0094.suppressed.exp 개체를 생성하고 있습니다.
    [14/14] TPSProjectEditor.target
  Total time in Parallel executor: 4.03 seconds
  Total execution time: 8.51 seconds
