  Using 'git status' to determine working set for adaptive non-unity build (D:\Github\UnrealPractice).
  Parsing headers for ArenaBattleEditor
    Running UnrealHeaderTool "D:\Github\UnrealPractice\ArenaBattle\ArenaBattle.uproject" "D:\Github\UnrealPractice\ArenaBattle\Intermediate\Build\Win64\ArenaBattleEditor\Development\ArenaBattleEditor.uhtmanifest" -LogCmds="loginit warning, logexit warning, logdatabase error" -Unattended -WarningsAsErrors -abslog="C:\Users\r283\AppData\Local\UnrealBuildTool\Log_UHT.txt" -installed
  LogInit: Display: Loading text-based GConfig....
  Reflection code generated for ArenaBattleEditor in 3.4940244 seconds
  Building ArenaBattleEditor...
  Using Visual Studio 2019 14.29.30148 toolchain (C:\Program Files (x86)\Microsoft Visual Studio\2019\Community\VC\Tools\MSVC\14.29.30133) and Windows 10.0.19041.0 SDK (C:\Program Files (x86)\Windows Kits\10).
  Building 18 actions with 16 processes...
    [1/18] UE4Editor-ArenaBattleSetting-0008.lib
       D:\Github\UnrealPractice\ArenaBattle\Intermediate\Build\Win64\UE4Editor\Development\ArenaBattleSetting\UE4Editor-ArenaBattleSetting-0008.lib 라이브러리 및 D:\Github\UnrealPractice\ArenaBattle\Intermediate\Build\Win64\UE4Editor\Development\ArenaBattleSetting\UE4Editor-ArenaBattleSetting-0008.exp 개체를 생성하고 있습니다.
    [2/18] UE4Editor-ArenaBattleSetting-0008.dll
       D:\Github\UnrealPractice\ArenaBattle\Intermediate\Build\Win64\UE4Editor\Development\ArenaBattleSetting\UE4Editor-ArenaBattleSetting-0008.suppressed.lib 라이브러리 및 D:\Github\UnrealPractice\ArenaBattle\Intermediate\Build\Win64\UE4Editor\Development\ArenaBattleSetting\UE4Editor-ArenaBattleSetting-0008.suppressed.exp 개체를 생성하고 있습니다.
    [3/18] ArenaBattle.init.gen.cpp
    [4/18] ABCharacter.gen.cpp
    [5/18] ABGameMode.cpp
    [6/18] ABItemBox.cpp
    [7/18] ABSection.cpp
    [8/18] ABAIController.gen.cpp
    [9/18] BTTask_Attack.cpp
    [10/18] ABAIController.cpp
    [11/18] BTDecorator_IsInAttackRange.cpp
    [12/18] BTService_Detect.cpp
    [13/18] BTTask_TurnToTarget.cpp
    [14/18] BTTask_FindPatrolPos.cpp
    [15/18] ABCharacter.cpp
    [16/18] UE4Editor-ArenaBattle-0008.lib
       D:\Github\UnrealPractice\ArenaBattle\Intermediate\Build\Win64\UE4Editor\Development\ArenaBattle\UE4Editor-ArenaBattle-0008.lib 라이브러리 및 D:\Github\UnrealPractice\ArenaBattle\Intermediate\Build\Win64\UE4Editor\Development\ArenaBattle\UE4Editor-ArenaBattle-0008.exp 개체를 생성하고 있습니다.
    [17/18] UE4Editor-ArenaBattle-0008.dll
       D:\Github\UnrealPractice\ArenaBattle\Intermediate\Build\Win64\UE4Editor\Development\ArenaBattle\UE4Editor-ArenaBattle-0008.suppressed.lib 라이브러리 및 D:\Github\UnrealPractice\ArenaBattle\Intermediate\Build\Win64\UE4Editor\Development\ArenaBattle\UE4Editor-ArenaBattle-0008.suppressed.exp 개체를 생성하고 있습니다.
    [18/18] ArenaBattleEditor.target
  Total time in Parallel executor: 10.47 seconds
  Total execution time: 15.23 seconds
